[1.025s] Invoking command in '/home/ghani/my_ws/src/controller_py': PYTHONPATH=/home/ghani/my_ws/install/controller_py/lib/python3.8/site-packages:${PYTHONPATH} /usr/bin/python3 setup.py egg_info --egg-base ../../build/controller_py build --build-base /home/ghani/my_ws/build/controller_py/build install --prefix /home/ghani/my_ws/install/controller_py --record /home/ghani/my_ws/build/controller_py/install.log --single-version-externally-managed
[1.460s] running egg_info
[1.461s] writing ../../build/controller_py/controller_py.egg-info/PKG-INFO
[1.461s] writing dependency_links to ../../build/controller_py/controller_py.egg-info/dependency_links.txt
[1.462s] writing entry points to ../../build/controller_py/controller_py.egg-info/entry_points.txt
[1.463s] writing requirements to ../../build/controller_py/controller_py.egg-info/requires.txt
[1.463s] writing top-level names to ../../build/controller_py/controller_py.egg-info/top_level.txt
[1.532s] reading manifest file '../../build/controller_py/controller_py.egg-info/SOURCES.txt'
[1.536s] writing manifest file '../../build/controller_py/controller_py.egg-info/SOURCES.txt'
[1.537s] running build
[1.537s] running build_py
[1.539s] copying controller_py/action_controller.py -> /home/ghani/my_ws/build/controller_py/build/lib/controller_py
[1.539s] running install
[1.540s] running install_lib
[1.543s] copying /home/ghani/my_ws/build/controller_py/build/lib/controller_py/action_controller.py -> /home/ghani/my_ws/install/controller_py/lib/python3.8/site-packages/controller_py
[1.545s] byte-compiling /home/ghani/my_ws/install/controller_py/lib/python3.8/site-packages/controller_py/action_controller.py to action_controller.cpython-38.pyc
[1.550s] running install_data
[1.553s] running install_egg_info
[1.556s] removing '/home/ghani/my_ws/install/controller_py/lib/python3.8/site-packages/controller_py-0.0.0-py3.8.egg-info' (and everything under it)
[1.557s] Copying ../../build/controller_py/controller_py.egg-info to /home/ghani/my_ws/install/controller_py/lib/python3.8/site-packages/controller_py-0.0.0-py3.8.egg-info
[1.559s] running install_scripts
[1.602s] Installing py_action_controller script to /home/ghani/my_ws/install/controller_py/lib/controller_py
[1.603s] Installing py_controller script to /home/ghani/my_ws/install/controller_py/lib/controller_py
[1.604s] writing list of installed files to '/home/ghani/my_ws/build/controller_py/install.log'
[1.645s] Invoked command in '/home/ghani/my_ws/src/controller_py' returned '0': PYTHONPATH=/home/ghani/my_ws/install/controller_py/lib/python3.8/site-packages:${PYTHONPATH} /usr/bin/python3 setup.py egg_info --egg-base ../../build/controller_py build --build-base /home/ghani/my_ws/build/controller_py/build install --prefix /home/ghani/my_ws/install/controller_py --record /home/ghani/my_ws/build/controller_py/install.log --single-version-externally-managed
