[0.590s] Invoking command in '/home/ghani/my_ws/src/py_package': PYTHONPATH=/home/ghani/my_ws/install/py_package/lib/python3.8/site-packages:${PYTHONPATH} /usr/bin/python3 setup.py egg_info --egg-base ../../build/py_package build --build-base /home/ghani/my_ws/build/py_package/build install --prefix /home/ghani/my_ws/install/py_package --record /home/ghani/my_ws/build/py_package/install.log --single-version-externally-managed
[0.782s] running egg_info
[0.782s] writing ../../build/py_package/py_package.egg-info/PKG-INFO
[0.783s] writing dependency_links to ../../build/py_package/py_package.egg-info/dependency_links.txt
[0.784s] writing entry points to ../../build/py_package/py_package.egg-info/entry_points.txt
[0.785s] writing requirements to ../../build/py_package/py_package.egg-info/requires.txt
[0.785s] writing top-level names to ../../build/py_package/py_package.egg-info/top_level.txt
[0.820s] reading manifest file '../../build/py_package/py_package.egg-info/SOURCES.txt'
[0.821s] writing manifest file '../../build/py_package/py_package.egg-info/SOURCES.txt'
[0.821s] running build
[0.821s] running build_py
[0.822s] running install
[0.822s] running install_lib
[0.825s] byte-compiling /home/ghani/my_ws/install/py_package/lib/python3.8/site-packages/py_package/controller.py to controller.cpython-38.pyc
[0.825s] running install_data
[0.827s] running install_egg_info
[0.827s] Sorry: TabError: inconsistent use of tabs and spaces in indentation (controller.py, line 22)
[0.828s] removing '/home/ghani/my_ws/install/py_package/lib/python3.8/site-packages/py_package-0.0.0-py3.8.egg-info' (and everything under it)
[0.828s] Copying ../../build/py_package/py_package.egg-info to /home/ghani/my_ws/install/py_package/lib/python3.8/site-packages/py_package-0.0.0-py3.8.egg-info
[0.828s] running install_scripts
[0.846s] Installing controller script to /home/ghani/my_ws/install/py_package/lib/py_package
[0.846s] Installing exersice script to /home/ghani/my_ws/install/py_package/lib/py_package
[0.847s] Installing listner script to /home/ghani/my_ws/install/py_package/lib/py_package
[0.847s] Installing talker script to /home/ghani/my_ws/install/py_package/lib/py_package
[0.847s] writing list of installed files to '/home/ghani/my_ws/build/py_package/install.log'
[0.957s] Invoked command in '/home/ghani/my_ws/src/py_package' returned '0': PYTHONPATH=/home/ghani/my_ws/install/py_package/lib/python3.8/site-packages:${PYTHONPATH} /usr/bin/python3 setup.py egg_info --egg-base ../../build/py_package build --build-base /home/ghani/my_ws/build/py_package/build install --prefix /home/ghani/my_ws/install/py_package --record /home/ghani/my_ws/build/py_package/install.log --single-version-externally-managed
