[0.577s] Invoking command in '/home/ghani/my_ws/src/py_srvcli': PYTHONPATH=/home/ghani/my_ws/install/py_srvcli/lib/python3.8/site-packages:${PYTHONPATH} /usr/bin/python3 setup.py egg_info --egg-base ../../build/py_srvcli build --build-base /home/ghani/my_ws/build/py_srvcli/build install --prefix /home/ghani/my_ws/install/py_srvcli --record /home/ghani/my_ws/build/py_srvcli/install.log --single-version-externally-managed
[0.757s] running egg_info
[0.758s] writing ../../build/py_srvcli/py_srvcli.egg-info/PKG-INFO
[0.759s] writing dependency_links to ../../build/py_srvcli/py_srvcli.egg-info/dependency_links.txt
[0.759s] writing entry points to ../../build/py_srvcli/py_srvcli.egg-info/entry_points.txt
[0.759s] writing requirements to ../../build/py_srvcli/py_srvcli.egg-info/requires.txt
[0.759s] writing top-level names to ../../build/py_srvcli/py_srvcli.egg-info/top_level.txt
[0.790s] reading manifest file '../../build/py_srvcli/py_srvcli.egg-info/SOURCES.txt'
[0.791s] writing manifest file '../../build/py_srvcli/py_srvcli.egg-info/SOURCES.txt'
[0.791s] running build
[0.791s] running build_py
[0.792s] running install
[0.792s] running install_lib
[0.793s] running install_data
[0.793s] running install_egg_info
[0.795s] removing '/home/ghani/my_ws/install/py_srvcli/lib/python3.8/site-packages/py_srvcli-0.0.0-py3.8.egg-info' (and everything under it)
[0.795s] Copying ../../build/py_srvcli/py_srvcli.egg-info to /home/ghani/my_ws/install/py_srvcli/lib/python3.8/site-packages/py_srvcli-0.0.0-py3.8.egg-info
[0.796s] running install_scripts
[0.811s] Installing client script to /home/ghani/my_ws/install/py_srvcli/lib/py_srvcli
[0.811s] Installing service script to /home/ghani/my_ws/install/py_srvcli/lib/py_srvcli
[0.812s] writing list of installed files to '/home/ghani/my_ws/build/py_srvcli/install.log'
[0.836s] Invoked command in '/home/ghani/my_ws/src/py_srvcli' returned '0': PYTHONPATH=/home/ghani/my_ws/install/py_srvcli/lib/python3.8/site-packages:${PYTHONPATH} /usr/bin/python3 setup.py egg_info --egg-base ../../build/py_srvcli build --build-base /home/ghani/my_ws/build/py_srvcli/build install --prefix /home/ghani/my_ws/install/py_srvcli --record /home/ghani/my_ws/build/py_srvcli/install.log --single-version-externally-managed
