[0.018s] Invoking command in '/home/ghani/my_ws/build/customized_srv_msg': CMAKE_PREFIX_PATH=/opt/ros/galactic /usr/bin/cmake --build /home/ghani/my_ws/build/customized_srv_msg -- -j6 -l6
[0.050s] -- Found ament_cmake: 1.1.5 (/opt/ros/galactic/share/ament_cmake/cmake)
[0.070s] -- Found PythonInterp: /usr/bin/python3 (found suitable version "3.8.10", minimum required is "3") 
[0.070s] -- Using PYTHON_EXECUTABLE: /usr/bin/python3
[0.128s] -- Found rosidl_default_generators: 1.1.1 (/opt/ros/galactic/share/rosidl_default_generators/cmake)
[0.130s] -- Using all available rosidl_typesupport_c: rosidl_typesupport_fastrtps_c;rosidl_typesupport_introspection_c
[0.133s] -- Found rosidl_adapter: 2.2.1 (/opt/ros/galactic/share/rosidl_adapter/cmake)
[0.261s] -- Using all available rosidl_typesupport_cpp: rosidl_typesupport_fastrtps_cpp;rosidl_typesupport_introspection_cpp
[0.305s] -- Found PythonInterp: /usr/bin/python3 (found version "3.8.10") 
[0.490s] -- Found ament_cmake_ros: 0.9.2 (/opt/ros/galactic/share/ament_cmake_ros/cmake)
[0.608s] -- Using all available rosidl_typesupport_c: rosidl_typesupport_fastrtps_c;rosidl_typesupport_introspection_c
[0.631s] -- Using all available rosidl_typesupport_cpp: rosidl_typesupport_fastrtps_cpp;rosidl_typesupport_introspection_cpp
[0.653s] -- Found PythonInterp: /usr/bin/python3 (found suitable version "3.8.10", minimum required is "3.5") 
[0.654s] -- Found python_cmake_module: 0.8.1 (/opt/ros/galactic/share/python_cmake_module/cmake)
[0.674s] -- Using PYTHON_EXECUTABLE: /usr/bin/python3
[0.674s] -- Using PYTHON_INCLUDE_DIRS: /usr/include/python3.8
[0.674s] -- Using PYTHON_LIBRARIES: /usr/lib/x86_64-linux-gnu/libpython3.8.so
[0.696s] -- Found ament_lint_auto: 0.10.6 (/opt/ros/galactic/share/ament_lint_auto/cmake)
[0.705s] -- Added test 'copyright' to check source files copyright and LICENSE
[0.707s] -- Added test 'lint_cmake' to check CMake code style
[0.707s] -- Added test 'xmllint' to check XML markup files
[0.711s] -- Configuring done
[0.773s] -- Generating done
[0.779s] -- Build files have been written to: /home/ghani/my_ws/build/customized_srv_msg
[0.810s] [  1%] [34m[1mGenerating C code for ROS interfaces[0m
[0.822s] [  3%] [34m[1mGenerating C++ code for ROS interfaces[0m
[1.421s] [35m[1mScanning dependencies of target customized_srv_msg__rosidl_generator_c[0m
[1.438s] [  5%] [32mBuilding C object CMakeFiles/customized_srv_msg__rosidl_generator_c.dir/rosidl_generator_c/customized_srv_msg/msg/detail/num__functions.c.o[0m
[1.443s] [  7%] [32mBuilding C object CMakeFiles/customized_srv_msg__rosidl_generator_c.dir/rosidl_generator_c/customized_srv_msg/srv/detail/add_three_ints__functions.c.o[0m
[1.452s] [  9%] [32mBuilding C object CMakeFiles/customized_srv_msg__rosidl_generator_c.dir/rosidl_generator_c/customized_srv_msg/action/detail/control__functions.c.o[0m
[1.453s] [ 10%] [32mBuilding C object CMakeFiles/customized_srv_msg__rosidl_generator_c.dir/rosidl_generator_c/customized_srv_msg/action/detail/fibonacci__functions.c.o[0m
[1.462s] [ 10%] Built target customized_srv_msg__cpp
[1.478s] [ 12%] [34m[1mGenerating C++ type support dispatch for ROS interfaces[0m
[1.480s] [ 14%] [34m[1mGenerating C++ type support for eProsima Fast-RTPS[0m
[1.489s] [ 16%] [34m[1mGenerating C++ introspection for ROS interfaces[0m
[1.548s] [ 18%] [32m[1mLinking C shared library libcustomized_srv_msg__rosidl_generator_c.so[0m
[1.590s] [ 18%] Built target customized_srv_msg__rosidl_generator_c
[1.604s] [ 21%] [34m[1mGenerating C introspection for ROS interfaces[0m
[1.604s] [ 21%] [34m[1mGenerating C type support dispatch for ROS interfaces[0m
[1.869s] [35m[1mScanning dependencies of target customized_srv_msg__rosidl_typesupport_cpp[0m
[1.886s] [ 25%] [32mBuilding CXX object CMakeFiles/customized_srv_msg__rosidl_typesupport_cpp.dir/rosidl_typesupport_cpp/customized_srv_msg/msg/num__type_support.cpp.o[0m
[1.886s] [ 25%] [32mBuilding CXX object CMakeFiles/customized_srv_msg__rosidl_typesupport_cpp.dir/rosidl_typesupport_cpp/customized_srv_msg/srv/add_three_ints__type_support.cpp.o[0m
[2.001s] [35m[1mScanning dependencies of target customized_srv_msg__rosidl_typesupport_c[0m
[2.005s] [35m[1mScanning dependencies of target customized_srv_msg__rosidl_typesupport_introspection_cpp[0m
[2.017s] [ 27%] [32mBuilding CXX object CMakeFiles/customized_srv_msg__rosidl_typesupport_c.dir/rosidl_typesupport_c/customized_srv_msg/msg/num__type_support.cpp.o[0m
[2.021s] [ 29%] [32mBuilding CXX object CMakeFiles/customized_srv_msg__rosidl_typesupport_introspection_cpp.dir/rosidl_typesupport_introspection_cpp/customized_srv_msg/msg/detail/num__type_support.cpp.o[0m
[2.053s] [ 30%] [32mBuilding CXX object CMakeFiles/customized_srv_msg__rosidl_typesupport_c.dir/rosidl_typesupport_c/customized_srv_msg/srv/add_three_ints__type_support.cpp.o[0m
[2.087s] [ 32%] [32mBuilding CXX object CMakeFiles/customized_srv_msg__rosidl_typesupport_c.dir/rosidl_typesupport_c/customized_srv_msg/action/fibonacci__type_support.cpp.o[0m
[2.134s] [35m[1mScanning dependencies of target customized_srv_msg__rosidl_typesupport_fastrtps_cpp[0m
[2.144s] [ 34%] [32mBuilding CXX object CMakeFiles/customized_srv_msg__rosidl_typesupport_c.dir/rosidl_typesupport_c/customized_srv_msg/action/control__type_support.cpp.o[0m
[2.156s] [ 36%] [32mBuilding CXX object CMakeFiles/customized_srv_msg__rosidl_typesupport_fastrtps_cpp.dir/rosidl_typesupport_fastrtps_cpp/customized_srv_msg/msg/detail/dds_fastrtps/num__type_support.cpp.o[0m
[2.194s] [ 38%] [32m[1mLinking CXX shared library libcustomized_srv_msg__rosidl_typesupport_c.so[0m
[2.200s] [ 40%] [32mBuilding CXX object CMakeFiles/customized_srv_msg__rosidl_typesupport_cpp.dir/rosidl_typesupport_cpp/customized_srv_msg/action/fibonacci__type_support.cpp.o[0m
[2.222s] [35m[1mScanning dependencies of target customized_srv_msg__rosidl_typesupport_introspection_c[0m
[2.224s] [ 41%] [32mBuilding CXX object CMakeFiles/customized_srv_msg__rosidl_typesupport_cpp.dir/rosidl_typesupport_cpp/customized_srv_msg/action/control__type_support.cpp.o[0m
[2.239s] [ 43%] [32mBuilding C object CMakeFiles/customized_srv_msg__rosidl_typesupport_introspection_c.dir/rosidl_typesupport_introspection_c/customized_srv_msg/msg/detail/num__type_support.c.o[0m
[2.245s] [ 43%] Built target customized_srv_msg__rosidl_typesupport_c
[2.257s] [ 45%] [32mBuilding C object CMakeFiles/customized_srv_msg__rosidl_typesupport_introspection_c.dir/rosidl_typesupport_introspection_c/customized_srv_msg/srv/detail/add_three_ints__type_support.c.o[0m
[2.274s] [ 47%] [32mBuilding C object CMakeFiles/customized_srv_msg__rosidl_typesupport_introspection_c.dir/rosidl_typesupport_introspection_c/customized_srv_msg/action/detail/fibonacci__type_support.c.o[0m
[2.299s] [ 49%] [32mBuilding C object CMakeFiles/customized_srv_msg__rosidl_typesupport_introspection_c.dir/rosidl_typesupport_introspection_c/customized_srv_msg/action/detail/control__type_support.c.o[0m
[2.327s] [ 50%] [32mBuilding CXX object CMakeFiles/customized_srv_msg__rosidl_typesupport_fastrtps_cpp.dir/rosidl_typesupport_fastrtps_cpp/customized_srv_msg/srv/detail/dds_fastrtps/add_three_ints__type_support.cpp.o[0m
[2.342s] [ 52%] [32mBuilding CXX object CMakeFiles/customized_srv_msg__rosidl_typesupport_introspection_cpp.dir/rosidl_typesupport_introspection_cpp/customized_srv_msg/srv/detail/add_three_ints__type_support.cpp.o[0m
[2.349s] [ 54%] [32m[1mLinking C shared library libcustomized_srv_msg__rosidl_typesupport_introspection_c.so[0m
[2.386s] [ 54%] Built target customized_srv_msg__rosidl_typesupport_introspection_c
[2.396s] [ 56%] [32mBuilding CXX object CMakeFiles/customized_srv_msg__rosidl_typesupport_introspection_cpp.dir/rosidl_typesupport_introspection_cpp/customized_srv_msg/action/detail/fibonacci__type_support.cpp.o[0m
[3.005s] [ 58%] [32mBuilding CXX object CMakeFiles/customized_srv_msg__rosidl_typesupport_fastrtps_cpp.dir/rosidl_typesupport_fastrtps_cpp/customized_srv_msg/action/detail/dds_fastrtps/fibonacci__type_support.cpp.o[0m
[3.045s] [ 60%] [32mBuilding CXX object CMakeFiles/customized_srv_msg__rosidl_typesupport_introspection_cpp.dir/rosidl_typesupport_introspection_cpp/customized_srv_msg/action/detail/control__type_support.cpp.o[0m
[3.114s] [ 61%] [32mBuilding CXX object CMakeFiles/customized_srv_msg__rosidl_typesupport_fastrtps_cpp.dir/rosidl_typesupport_fastrtps_cpp/customized_srv_msg/action/detail/dds_fastrtps/control__type_support.cpp.o[0m
[3.131s] [ 63%] [32m[1mLinking CXX shared library libcustomized_srv_msg__rosidl_typesupport_cpp.so[0m
[3.184s] [ 63%] Built target customized_srv_msg__rosidl_typesupport_cpp
[3.605s] [ 65%] [32m[1mLinking CXX shared library libcustomized_srv_msg__rosidl_typesupport_introspection_cpp.so[0m
[3.700s] [ 65%] Built target customized_srv_msg__rosidl_typesupport_introspection_cpp
[3.731s] [ 67%] [32m[1mLinking CXX shared library libcustomized_srv_msg__rosidl_typesupport_fastrtps_cpp.so[0m
[3.836s] [ 67%] Built target customized_srv_msg__rosidl_typesupport_fastrtps_cpp
[3.849s] [ 69%] [34m[1mGenerating C type support for eProsima Fast-RTPS[0m
[4.384s] [35m[1mScanning dependencies of target customized_srv_msg__rosidl_typesupport_fastrtps_c[0m
[4.406s] [ 72%] [32mBuilding CXX object CMakeFiles/customized_srv_msg__rosidl_typesupport_fastrtps_c.dir/rosidl_typesupport_fastrtps_c/customized_srv_msg/srv/detail/add_three_ints__type_support_c.cpp.o[0m
[4.406s] [ 72%] [32mBuilding CXX object CMakeFiles/customized_srv_msg__rosidl_typesupport_fastrtps_c.dir/rosidl_typesupport_fastrtps_c/customized_srv_msg/msg/detail/num__type_support_c.cpp.o[0m
[4.406s] [ 74%] [32mBuilding CXX object CMakeFiles/customized_srv_msg__rosidl_typesupport_fastrtps_c.dir/rosidl_typesupport_fastrtps_c/customized_srv_msg/action/detail/fibonacci__type_support_c.cpp.o[0m
[4.406s] [ 76%] [32mBuilding CXX object CMakeFiles/customized_srv_msg__rosidl_typesupport_fastrtps_c.dir/rosidl_typesupport_fastrtps_c/customized_srv_msg/action/detail/control__type_support_c.cpp.o[0m
[4.799s] [ 78%] [32m[1mLinking CXX shared library libcustomized_srv_msg__rosidl_typesupport_fastrtps_c.so[0m
[4.905s] [ 78%] Built target customized_srv_msg__rosidl_typesupport_fastrtps_c
[4.928s] [ 78%] Built target customized_srv_msg
[4.953s] [ 80%] [34m[1mGenerating Python code for ROS interfaces[0m
[6.303s] [ 80%] Built target customized_srv_msg__py
[6.318s] [35m[1mScanning dependencies of target customized_srv_msg__python[0m
[6.339s] [ 81%] [32mBuilding C object CMakeFiles/customized_srv_msg__python.dir/rosidl_generator_py/customized_srv_msg/srv/_add_three_ints_s.c.o[0m
[6.339s] [ 83%] [32mBuilding C object CMakeFiles/customized_srv_msg__python.dir/rosidl_generator_py/customized_srv_msg/msg/_num_s.c.o[0m
[6.339s] [ 85%] [32mBuilding C object CMakeFiles/customized_srv_msg__python.dir/rosidl_generator_py/customized_srv_msg/action/_control_s.c.o[0m
[6.340s] [ 87%] [32mBuilding C object CMakeFiles/customized_srv_msg__python.dir/rosidl_generator_py/customized_srv_msg/action/_fibonacci_s.c.o[0m
[6.482s] [ 89%] [32m[1mLinking C shared library rosidl_generator_py/customized_srv_msg/libcustomized_srv_msg__python.so[0m
[6.529s] [ 89%] Built target customized_srv_msg__python
[6.542s] [35m[1mScanning dependencies of target customized_srv_msg__rosidl_typesupport_introspection_c__pyext[0m
[6.542s] [35m[1mScanning dependencies of target customized_srv_msg__rosidl_typesupport_c__pyext[0m
[6.542s] [35m[1mScanning dependencies of target customized_srv_msg__rosidl_typesupport_fastrtps_c__pyext[0m
[6.559s] [ 90%] [32mBuilding C object CMakeFiles/customized_srv_msg__rosidl_typesupport_c__pyext.dir/rosidl_generator_py/customized_srv_msg/_customized_srv_msg_s.ep.rosidl_typesupport_c.c.o[0m
[6.560s] [ 92%] [32mBuilding C object CMakeFiles/customized_srv_msg__rosidl_typesupport_introspection_c__pyext.dir/rosidl_generator_py/customized_srv_msg/_customized_srv_msg_s.ep.rosidl_typesupport_introspection_c.c.o[0m
[6.561s] [ 94%] [32mBuilding C object CMakeFiles/customized_srv_msg__rosidl_typesupport_fastrtps_c__pyext.dir/rosidl_generator_py/customized_srv_msg/_customized_srv_msg_s.ep.rosidl_typesupport_fastrtps_c.c.o[0m
[6.693s] [ 96%] [32m[1mLinking C shared library rosidl_generator_py/customized_srv_msg/customized_srv_msg_s__rosidl_typesupport_introspection_c.cpython-38-x86_64-linux-gnu.so[0m
[6.696s] [ 98%] [32m[1mLinking C shared library rosidl_generator_py/customized_srv_msg/customized_srv_msg_s__rosidl_typesupport_c.cpython-38-x86_64-linux-gnu.so[0m
[6.701s] [100%] [32m[1mLinking CXX shared library rosidl_generator_py/customized_srv_msg/customized_srv_msg_s__rosidl_typesupport_fastrtps_c.cpython-38-x86_64-linux-gnu.so[0m
[6.737s] [100%] Built target customized_srv_msg__rosidl_typesupport_introspection_c__pyext
[6.738s] [100%] Built target customized_srv_msg__rosidl_typesupport_c__pyext
[6.772s] [100%] Built target customized_srv_msg__rosidl_typesupport_fastrtps_c__pyext
[6.785s] Invoked command in '/home/ghani/my_ws/build/customized_srv_msg' returned '0': CMAKE_PREFIX_PATH=/opt/ros/galactic /usr/bin/cmake --build /home/ghani/my_ws/build/customized_srv_msg -- -j6 -l6
[6.973s] Invoking command in '/home/ghani/my_ws/build/customized_srv_msg': CMAKE_PREFIX_PATH=/opt/ros/galactic /usr/bin/cmake --install /home/ghani/my_ws/build/customized_srv_msg
[6.982s] -- Install configuration: ""
[6.982s] -- Up-to-date: /home/ghani/my_ws/install/customized_srv_msg/share/ament_index/resource_index/rosidl_interfaces/customized_srv_msg
[6.982s] -- Up-to-date: /home/ghani/my_ws/install/customized_srv_msg/include/customized_srv_msg
[6.982s] -- Up-to-date: /home/ghani/my_ws/install/customized_srv_msg/include/customized_srv_msg/srv
[6.983s] -- Installing: /home/ghani/my_ws/install/customized_srv_msg/include/customized_srv_msg/srv/add_three_ints.h
[6.983s] -- Up-to-date: /home/ghani/my_ws/install/customized_srv_msg/include/customized_srv_msg/srv/detail
[6.983s] -- Installing: /home/ghani/my_ws/install/customized_srv_msg/include/customized_srv_msg/srv/detail/add_three_ints__functions.h
[6.983s] -- Installing: /home/ghani/my_ws/install/customized_srv_msg/include/customized_srv_msg/srv/detail/add_three_ints__functions.c
[6.983s] -- Installing: /home/ghani/my_ws/install/customized_srv_msg/include/customized_srv_msg/srv/detail/add_three_ints__type_support.h
[6.984s] -- Installing: /home/ghani/my_ws/install/customized_srv_msg/include/customized_srv_msg/srv/detail/add_three_ints__struct.h
[6.984s] -- Up-to-date: /home/ghani/my_ws/install/customized_srv_msg/include/customized_srv_msg/action
[6.984s] -- Installing: /home/ghani/my_ws/install/customized_srv_msg/include/customized_srv_msg/action/control.h
[6.984s] -- Up-to-date: /home/ghani/my_ws/install/customized_srv_msg/include/customized_srv_msg/action/goal.h
[6.984s] -- Installing: /home/ghani/my_ws/install/customized_srv_msg/include/customized_srv_msg/action/fibonacci.h
[6.984s] -- Up-to-date: /home/ghani/my_ws/install/customized_srv_msg/include/customized_srv_msg/action/detail
[6.985s] -- Up-to-date: /home/ghani/my_ws/install/customized_srv_msg/include/customized_srv_msg/action/detail/goal__functions.h
[6.985s] -- Installing: /home/ghani/my_ws/install/customized_srv_msg/include/customized_srv_msg/action/detail/fibonacci__functions.c
[6.985s] -- Installing: /home/ghani/my_ws/install/customized_srv_msg/include/customized_srv_msg/action/detail/control__functions.c
[6.985s] -- Installing: /home/ghani/my_ws/install/customized_srv_msg/include/customized_srv_msg/action/detail/control__struct.h
[6.985s] -- Installing: /home/ghani/my_ws/install/customized_srv_msg/include/customized_srv_msg/action/detail/fibonacci__type_support.h
[6.986s] -- Up-to-date: /home/ghani/my_ws/install/customized_srv_msg/include/customized_srv_msg/action/detail/goal__functions.c
[6.986s] -- Installing: /home/ghani/my_ws/install/customized_srv_msg/include/customized_srv_msg/action/detail/control__type_support.h
[6.986s] -- Installing: /home/ghani/my_ws/install/customized_srv_msg/include/customized_srv_msg/action/detail/control__functions.h
[6.986s] -- Up-to-date: /home/ghani/my_ws/install/customized_srv_msg/include/customized_srv_msg/action/detail/goal__struct.h
[6.986s] -- Installing: /home/ghani/my_ws/install/customized_srv_msg/include/customized_srv_msg/action/detail/fibonacci__functions.h
[6.987s] -- Installing: /home/ghani/my_ws/install/customized_srv_msg/include/customized_srv_msg/action/detail/fibonacci__struct.h
[6.987s] -- Up-to-date: /home/ghani/my_ws/install/customized_srv_msg/include/customized_srv_msg/action/detail/goal__type_support.h
[6.987s] -- Up-to-date: /home/ghani/my_ws/install/customized_srv_msg/include/customized_srv_msg/msg
[6.987s] -- Up-to-date: /home/ghani/my_ws/install/customized_srv_msg/include/customized_srv_msg/msg/rosidl_generator_c__visibility_control.h
[6.987s] -- Installing: /home/ghani/my_ws/install/customized_srv_msg/include/customized_srv_msg/msg/num.h
[6.987s] -- Up-to-date: /home/ghani/my_ws/install/customized_srv_msg/include/customized_srv_msg/msg/detail
[6.987s] -- Installing: /home/ghani/my_ws/install/customized_srv_msg/include/customized_srv_msg/msg/detail/num__struct.h
[6.987s] -- Installing: /home/ghani/my_ws/install/customized_srv_msg/include/customized_srv_msg/msg/detail/num__type_support.h
[6.988s] -- Installing: /home/ghani/my_ws/install/customized_srv_msg/include/customized_srv_msg/msg/detail/num__functions.c
[6.988s] -- Installing: /home/ghani/my_ws/install/customized_srv_msg/include/customized_srv_msg/msg/detail/num__functions.h
[6.988s] -- Up-to-date: /home/ghani/my_ws/install/customized_srv_msg/share/customized_srv_msg/environment/library_path.sh
[6.988s] -- Installing: /home/ghani/my_ws/install/customized_srv_msg/share/customized_srv_msg/environment/library_path.dsv
[6.988s] -- Installing: /home/ghani/my_ws/install/customized_srv_msg/lib/libcustomized_srv_msg__rosidl_generator_c.so
[6.988s] -- Set runtime path of "/home/ghani/my_ws/install/customized_srv_msg/lib/libcustomized_srv_msg__rosidl_generator_c.so" to ""
[6.988s] -- Up-to-date: /home/ghani/my_ws/install/customized_srv_msg/include/customized_srv_msg
[6.988s] -- Up-to-date: /home/ghani/my_ws/install/customized_srv_msg/include/customized_srv_msg/srv
[6.988s] -- Up-to-date: /home/ghani/my_ws/install/customized_srv_msg/include/customized_srv_msg/srv/detail
[6.988s] -- Installing: /home/ghani/my_ws/install/customized_srv_msg/include/customized_srv_msg/srv/detail/add_three_ints__rosidl_typesupport_fastrtps_c.h
[6.989s] -- Up-to-date: /home/ghani/my_ws/install/customized_srv_msg/include/customized_srv_msg/action
[6.989s] -- Up-to-date: /home/ghani/my_ws/install/customized_srv_msg/include/customized_srv_msg/action/detail
[6.989s] -- Installing: /home/ghani/my_ws/install/customized_srv_msg/include/customized_srv_msg/action/detail/fibonacci__rosidl_typesupport_fastrtps_c.h
[6.989s] -- Installing: /home/ghani/my_ws/install/customized_srv_msg/include/customized_srv_msg/action/detail/control__rosidl_typesupport_fastrtps_c.h
[6.990s] -- Up-to-date: /home/ghani/my_ws/install/customized_srv_msg/include/customized_srv_msg/msg
[6.990s] -- Up-to-date: /home/ghani/my_ws/install/customized_srv_msg/include/customized_srv_msg/msg/rosidl_typesupport_fastrtps_c__visibility_control.h
[6.990s] -- Up-to-date: /home/ghani/my_ws/install/customized_srv_msg/include/customized_srv_msg/msg/detail
[6.990s] -- Installing: /home/ghani/my_ws/install/customized_srv_msg/include/customized_srv_msg/msg/detail/num__rosidl_typesupport_fastrtps_c.h
[6.990s] -- Installing: /home/ghani/my_ws/install/customized_srv_msg/lib/libcustomized_srv_msg__rosidl_typesupport_fastrtps_c.so
[6.990s] -- Set runtime path of "/home/ghani/my_ws/install/customized_srv_msg/lib/libcustomized_srv_msg__rosidl_typesupport_fastrtps_c.so" to ""
[6.991s] -- Up-to-date: /home/ghani/my_ws/install/customized_srv_msg/include/customized_srv_msg
[6.991s] -- Up-to-date: /home/ghani/my_ws/install/customized_srv_msg/include/customized_srv_msg/srv
[6.991s] -- Up-to-date: /home/ghani/my_ws/install/customized_srv_msg/include/customized_srv_msg/srv/detail
[6.991s] -- Up-to-date: /home/ghani/my_ws/install/customized_srv_msg/include/customized_srv_msg/srv/detail/dds_fastrtps
[6.991s] -- Installing: /home/ghani/my_ws/install/customized_srv_msg/include/customized_srv_msg/srv/detail/add_three_ints__rosidl_typesupport_fastrtps_cpp.hpp
[6.991s] -- Up-to-date: /home/ghani/my_ws/install/customized_srv_msg/include/customized_srv_msg/action
[6.991s] -- Up-to-date: /home/ghani/my_ws/install/customized_srv_msg/include/customized_srv_msg/action/detail
[6.991s] -- Up-to-date: /home/ghani/my_ws/install/customized_srv_msg/include/customized_srv_msg/action/detail/dds_fastrtps
[6.991s] -- Up-to-date: /home/ghani/my_ws/install/customized_srv_msg/include/customized_srv_msg/action/detail/goal__rosidl_typesupport_fastrtps_cpp.hpp
[6.992s] -- Installing: /home/ghani/my_ws/install/customized_srv_msg/include/customized_srv_msg/action/detail/fibonacci__rosidl_typesupport_fastrtps_cpp.hpp
[6.992s] -- Installing: /home/ghani/my_ws/install/customized_srv_msg/include/customized_srv_msg/action/detail/control__rosidl_typesupport_fastrtps_cpp.hpp
[6.992s] -- Up-to-date: /home/ghani/my_ws/install/customized_srv_msg/include/customized_srv_msg/msg
[6.992s] -- Up-to-date: /home/ghani/my_ws/install/customized_srv_msg/include/customized_srv_msg/msg/rosidl_typesupport_fastrtps_cpp__visibility_control.h
[6.992s] -- Up-to-date: /home/ghani/my_ws/install/customized_srv_msg/include/customized_srv_msg/msg/detail
[6.993s] -- Installing: /home/ghani/my_ws/install/customized_srv_msg/include/customized_srv_msg/msg/detail/num__rosidl_typesupport_fastrtps_cpp.hpp
[6.993s] -- Up-to-date: /home/ghani/my_ws/install/customized_srv_msg/include/customized_srv_msg/msg/detail/dds_fastrtps
[6.993s] -- Installing: /home/ghani/my_ws/install/customized_srv_msg/lib/libcustomized_srv_msg__rosidl_typesupport_fastrtps_cpp.so
[6.993s] -- Set runtime path of "/home/ghani/my_ws/install/customized_srv_msg/lib/libcustomized_srv_msg__rosidl_typesupport_fastrtps_cpp.so" to ""
[6.993s] -- Up-to-date: /home/ghani/my_ws/install/customized_srv_msg/include/customized_srv_msg
[6.993s] -- Up-to-date: /home/ghani/my_ws/install/customized_srv_msg/include/customized_srv_msg/srv
[6.993s] -- Up-to-date: /home/ghani/my_ws/install/customized_srv_msg/include/customized_srv_msg/srv/detail
[6.994s] -- Installing: /home/ghani/my_ws/install/customized_srv_msg/include/customized_srv_msg/srv/detail/add_three_ints__rosidl_typesupport_introspection_c.h
[6.994s] -- Installing: /home/ghani/my_ws/install/customized_srv_msg/include/customized_srv_msg/srv/detail/add_three_ints__type_support.c
[6.994s] -- Up-to-date: /home/ghani/my_ws/install/customized_srv_msg/include/customized_srv_msg/action
[6.994s] -- Up-to-date: /home/ghani/my_ws/install/customized_srv_msg/include/customized_srv_msg/action/detail
[6.994s] -- Installing: /home/ghani/my_ws/install/customized_srv_msg/include/customized_srv_msg/action/detail/control__type_support.c
[6.995s] -- Up-to-date: /home/ghani/my_ws/install/customized_srv_msg/include/customized_srv_msg/action/detail/goal__rosidl_typesupport_introspection_c.h
[6.995s] -- Up-to-date: /home/ghani/my_ws/install/customized_srv_msg/include/customized_srv_msg/action/detail/goal__type_support.c
[6.995s] -- Installing: /home/ghani/my_ws/install/customized_srv_msg/include/customized_srv_msg/action/detail/control__rosidl_typesupport_introspection_c.h
[6.995s] -- Installing: /home/ghani/my_ws/install/customized_srv_msg/include/customized_srv_msg/action/detail/fibonacci__type_support.c
[6.995s] -- Installing: /home/ghani/my_ws/install/customized_srv_msg/include/customized_srv_msg/action/detail/fibonacci__rosidl_typesupport_introspection_c.h
[6.996s] -- Up-to-date: /home/ghani/my_ws/install/customized_srv_msg/include/customized_srv_msg/msg
[6.996s] -- Up-to-date: /home/ghani/my_ws/install/customized_srv_msg/include/customized_srv_msg/msg/rosidl_typesupport_introspection_c__visibility_control.h
[6.996s] -- Up-to-date: /home/ghani/my_ws/install/customized_srv_msg/include/customized_srv_msg/msg/detail
[6.996s] -- Installing: /home/ghani/my_ws/install/customized_srv_msg/include/customized_srv_msg/msg/detail/num__type_support.c
[6.996s] -- Installing: /home/ghani/my_ws/install/customized_srv_msg/include/customized_srv_msg/msg/detail/num__rosidl_typesupport_introspection_c.h
[6.996s] -- Installing: /home/ghani/my_ws/install/customized_srv_msg/lib/libcustomized_srv_msg__rosidl_typesupport_introspection_c.so
[6.997s] -- Set runtime path of "/home/ghani/my_ws/install/customized_srv_msg/lib/libcustomized_srv_msg__rosidl_typesupport_introspection_c.so" to ""
[6.997s] -- Installing: /home/ghani/my_ws/install/customized_srv_msg/lib/libcustomized_srv_msg__rosidl_typesupport_c.so
[6.997s] -- Set runtime path of "/home/ghani/my_ws/install/customized_srv_msg/lib/libcustomized_srv_msg__rosidl_typesupport_c.so" to ""
[6.997s] -- Up-to-date: /home/ghani/my_ws/install/customized_srv_msg/include/customized_srv_msg
[6.997s] -- Up-to-date: /home/ghani/my_ws/install/customized_srv_msg/include/customized_srv_msg/srv
[6.997s] -- Installing: /home/ghani/my_ws/install/customized_srv_msg/include/customized_srv_msg/srv/add_three_ints.hpp
[6.998s] -- Up-to-date: /home/ghani/my_ws/install/customized_srv_msg/include/customized_srv_msg/srv/detail
[6.998s] -- Installing: /home/ghani/my_ws/install/customized_srv_msg/include/customized_srv_msg/srv/detail/add_three_ints__builder.hpp
[6.998s] -- Installing: /home/ghani/my_ws/install/customized_srv_msg/include/customized_srv_msg/srv/detail/add_three_ints__struct.hpp
[6.998s] -- Installing: /home/ghani/my_ws/install/customized_srv_msg/include/customized_srv_msg/srv/detail/add_three_ints__traits.hpp
[6.998s] -- Up-to-date: /home/ghani/my_ws/install/customized_srv_msg/include/customized_srv_msg/action
[6.998s] -- Installing: /home/ghani/my_ws/install/customized_srv_msg/include/customized_srv_msg/action/fibonacci.hpp
[6.998s] -- Installing: /home/ghani/my_ws/install/customized_srv_msg/include/customized_srv_msg/action/control.hpp
[6.998s] -- Up-to-date: /home/ghani/my_ws/install/customized_srv_msg/include/customized_srv_msg/action/goal.hpp
[6.998s] -- Up-to-date: /home/ghani/my_ws/install/customized_srv_msg/include/customized_srv_msg/action/detail
[6.999s] -- Up-to-date: /home/ghani/my_ws/install/customized_srv_msg/include/customized_srv_msg/action/detail/goal__builder.hpp
[6.999s] -- Up-to-date: /home/ghani/my_ws/install/customized_srv_msg/include/customized_srv_msg/action/detail/goal__traits.hpp
[6.999s] -- Installing: /home/ghani/my_ws/install/customized_srv_msg/include/customized_srv_msg/action/detail/control__traits.hpp
[6.999s] -- Installing: /home/ghani/my_ws/install/customized_srv_msg/include/customized_srv_msg/action/detail/control__builder.hpp
[6.999s] -- Installing: /home/ghani/my_ws/install/customized_srv_msg/include/customized_srv_msg/action/detail/fibonacci__struct.hpp
[6.999s] -- Installing: /home/ghani/my_ws/install/customized_srv_msg/include/customized_srv_msg/action/detail/control__struct.hpp
[6.999s] -- Installing: /home/ghani/my_ws/install/customized_srv_msg/include/customized_srv_msg/action/detail/fibonacci__traits.hpp
[6.999s] -- Installing: /home/ghani/my_ws/install/customized_srv_msg/include/customized_srv_msg/action/detail/fibonacci__builder.hpp
[6.999s] -- Up-to-date: /home/ghani/my_ws/install/customized_srv_msg/include/customized_srv_msg/action/detail/goal__struct.hpp
[7.000s] -- Up-to-date: /home/ghani/my_ws/install/customized_srv_msg/include/customized_srv_msg/msg
[7.000s] -- Installing: /home/ghani/my_ws/install/customized_srv_msg/include/customized_srv_msg/msg/num.hpp
[7.000s] -- Up-to-date: /home/ghani/my_ws/install/customized_srv_msg/include/customized_srv_msg/msg/detail
[7.000s] -- Installing: /home/ghani/my_ws/install/customized_srv_msg/include/customized_srv_msg/msg/detail/num__struct.hpp
[7.000s] -- Installing: /home/ghani/my_ws/install/customized_srv_msg/include/customized_srv_msg/msg/detail/num__builder.hpp
[7.000s] -- Installing: /home/ghani/my_ws/install/customized_srv_msg/include/customized_srv_msg/msg/detail/num__traits.hpp
[7.000s] -- Up-to-date: /home/ghani/my_ws/install/customized_srv_msg/include/customized_srv_msg
[7.000s] -- Up-to-date: /home/ghani/my_ws/install/customized_srv_msg/include/customized_srv_msg/srv
[7.000s] -- Up-to-date: /home/ghani/my_ws/install/customized_srv_msg/include/customized_srv_msg/srv/detail
[7.000s] -- Installing: /home/ghani/my_ws/install/customized_srv_msg/include/customized_srv_msg/srv/detail/add_three_ints__rosidl_typesupport_introspection_cpp.hpp
[7.000s] -- Installing: /home/ghani/my_ws/install/customized_srv_msg/include/customized_srv_msg/srv/detail/add_three_ints__type_support.cpp
[7.000s] -- Up-to-date: /home/ghani/my_ws/install/customized_srv_msg/include/customized_srv_msg/action
[7.000s] -- Up-to-date: /home/ghani/my_ws/install/customized_srv_msg/include/customized_srv_msg/action/detail
[7.000s] -- Installing: /home/ghani/my_ws/install/customized_srv_msg/include/customized_srv_msg/action/detail/control__type_support.cpp
[7.000s] -- Up-to-date: /home/ghani/my_ws/install/customized_srv_msg/include/customized_srv_msg/action/detail/goal__type_support.cpp
[7.000s] -- Installing: /home/ghani/my_ws/install/customized_srv_msg/include/customized_srv_msg/action/detail/control__rosidl_typesupport_introspection_cpp.hpp
[7.000s] -- Installing: /home/ghani/my_ws/install/customized_srv_msg/include/customized_srv_msg/action/detail/fibonacci__type_support.cpp
[7.000s] -- Installing: /home/ghani/my_ws/install/customized_srv_msg/include/customized_srv_msg/action/detail/fibonacci__rosidl_typesupport_introspection_cpp.hpp
[7.000s] -- Up-to-date: /home/ghani/my_ws/install/customized_srv_msg/include/customized_srv_msg/action/detail/goal__rosidl_typesupport_introspection_cpp.hpp
[7.001s] -- Up-to-date: /home/ghani/my_ws/install/customized_srv_msg/include/customized_srv_msg/msg
[7.001s] -- Up-to-date: /home/ghani/my_ws/install/customized_srv_msg/include/customized_srv_msg/msg/detail
[7.001s] -- Installing: /home/ghani/my_ws/install/customized_srv_msg/include/customized_srv_msg/msg/detail/num__type_support.cpp
[7.001s] -- Installing: /home/ghani/my_ws/install/customized_srv_msg/include/customized_srv_msg/msg/detail/num__rosidl_typesupport_introspection_cpp.hpp
[7.001s] -- Installing: /home/ghani/my_ws/install/customized_srv_msg/lib/libcustomized_srv_msg__rosidl_typesupport_introspection_cpp.so
[7.001s] -- Set runtime path of "/home/ghani/my_ws/install/customized_srv_msg/lib/libcustomized_srv_msg__rosidl_typesupport_introspection_cpp.so" to ""
[7.001s] -- Installing: /home/ghani/my_ws/install/customized_srv_msg/lib/libcustomized_srv_msg__rosidl_typesupport_cpp.so
[7.001s] -- Set runtime path of "/home/ghani/my_ws/install/customized_srv_msg/lib/libcustomized_srv_msg__rosidl_typesupport_cpp.so" to ""
[7.001s] -- Up-to-date: /home/ghani/my_ws/install/customized_srv_msg/share/customized_srv_msg/environment/pythonpath.sh
[7.001s] -- Installing: /home/ghani/my_ws/install/customized_srv_msg/share/customized_srv_msg/environment/pythonpath.dsv
[7.001s] -- Installing: /home/ghani/my_ws/install/customized_srv_msg/lib/python3.8/site-packages/customized_srv_msg/__init__.py
[7.025s] Compiling '/home/ghani/my_ws/install/customized_srv_msg/lib/python3.8/site-packages/customized_srv_msg/__init__.py'...
[7.029s] -- Up-to-date: /home/ghani/my_ws/install/customized_srv_msg/lib/python3.8/site-packages/customized_srv_msg/msg
[7.029s] -- Installing: /home/ghani/my_ws/install/customized_srv_msg/lib/python3.8/site-packages/customized_srv_msg/msg/_num_s.c
[7.030s] -- Installing: /home/ghani/my_ws/install/customized_srv_msg/lib/python3.8/site-packages/customized_srv_msg/msg/__init__.py
[7.030s] -- Installing: /home/ghani/my_ws/install/customized_srv_msg/lib/python3.8/site-packages/customized_srv_msg/msg/_num.py
[7.030s] -- Up-to-date: /home/ghani/my_ws/install/customized_srv_msg/lib/python3.8/site-packages/customized_srv_msg/srv
[7.031s] -- Installing: /home/ghani/my_ws/install/customized_srv_msg/lib/python3.8/site-packages/customized_srv_msg/srv/_add_three_ints.py
[7.031s] -- Installing: /home/ghani/my_ws/install/customized_srv_msg/lib/python3.8/site-packages/customized_srv_msg/srv/__init__.py
[7.031s] -- Installing: /home/ghani/my_ws/install/customized_srv_msg/lib/python3.8/site-packages/customized_srv_msg/srv/_add_three_ints_s.c
[7.031s] -- Up-to-date: /home/ghani/my_ws/install/customized_srv_msg/lib/python3.8/site-packages/customized_srv_msg/action
[7.031s] -- Installing: /home/ghani/my_ws/install/customized_srv_msg/lib/python3.8/site-packages/customized_srv_msg/action/_control_s.c
[7.031s] -- Installing: /home/ghani/my_ws/install/customized_srv_msg/lib/python3.8/site-packages/customized_srv_msg/action/__init__.py
[7.031s] -- Installing: /home/ghani/my_ws/install/customized_srv_msg/lib/python3.8/site-packages/customized_srv_msg/action/_fibonacci_s.c
[7.031s] -- Installing: /home/ghani/my_ws/install/customized_srv_msg/lib/python3.8/site-packages/customized_srv_msg/action/_control.py
[7.031s] -- Installing: /home/ghani/my_ws/install/customized_srv_msg/lib/python3.8/site-packages/customized_srv_msg/action/_fibonacci.py
[7.031s] -- Installing: /home/ghani/my_ws/install/customized_srv_msg/lib/python3.8/site-packages/customized_srv_msg/customized_srv_msg_s__rosidl_typesupport_fastrtps_c.cpython-38-x86_64-linux-gnu.so
[7.032s] -- Set runtime path of "/home/ghani/my_ws/install/customized_srv_msg/lib/python3.8/site-packages/customized_srv_msg/customized_srv_msg_s__rosidl_typesupport_fastrtps_c.cpython-38-x86_64-linux-gnu.so" to ""
[7.032s] -- Installing: /home/ghani/my_ws/install/customized_srv_msg/lib/python3.8/site-packages/customized_srv_msg/customized_srv_msg_s__rosidl_typesupport_introspection_c.cpython-38-x86_64-linux-gnu.so
[7.032s] -- Set runtime path of "/home/ghani/my_ws/install/customized_srv_msg/lib/python3.8/site-packages/customized_srv_msg/customized_srv_msg_s__rosidl_typesupport_introspection_c.cpython-38-x86_64-linux-gnu.so" to ""
[7.033s] -- Installing: /home/ghani/my_ws/install/customized_srv_msg/lib/python3.8/site-packages/customized_srv_msg/customized_srv_msg_s__rosidl_typesupport_c.cpython-38-x86_64-linux-gnu.so
[7.033s] -- Set runtime path of "/home/ghani/my_ws/install/customized_srv_msg/lib/python3.8/site-packages/customized_srv_msg/customized_srv_msg_s__rosidl_typesupport_c.cpython-38-x86_64-linux-gnu.so" to ""
[7.034s] -- Installing: /home/ghani/my_ws/install/customized_srv_msg/lib/libcustomized_srv_msg__python.so
[7.034s] -- Set runtime path of "/home/ghani/my_ws/install/customized_srv_msg/lib/libcustomized_srv_msg__python.so" to ""
[7.034s] -- Up-to-date: /home/ghani/my_ws/install/customized_srv_msg/share/customized_srv_msg/msg/Num.idl
[7.035s] -- Up-to-date: /home/ghani/my_ws/install/customized_srv_msg/share/customized_srv_msg/srv/AddThreeInts.idl
[7.035s] -- Up-to-date: /home/ghani/my_ws/install/customized_srv_msg/share/customized_srv_msg/action/Fibonacci.idl
[7.035s] -- Installing: /home/ghani/my_ws/install/customized_srv_msg/share/customized_srv_msg/action/Control.idl
[7.035s] -- Up-to-date: /home/ghani/my_ws/install/customized_srv_msg/share/customized_srv_msg/msg/Num.msg
[7.035s] -- Up-to-date: /home/ghani/my_ws/install/customized_srv_msg/share/customized_srv_msg/srv/AddThreeInts.srv
[7.035s] -- Up-to-date: /home/ghani/my_ws/install/customized_srv_msg/share/customized_srv_msg/srv/AddThreeInts_Request.msg
[7.035s] -- Up-to-date: /home/ghani/my_ws/install/customized_srv_msg/share/customized_srv_msg/srv/AddThreeInts_Response.msg
[7.035s] -- Up-to-date: /home/ghani/my_ws/install/customized_srv_msg/share/customized_srv_msg/action/Fibonacci.action
[7.035s] -- Installing: /home/ghani/my_ws/install/customized_srv_msg/share/customized_srv_msg/action/Control.action
[7.036s] -- Up-to-date: /home/ghani/my_ws/install/customized_srv_msg/share/ament_index/resource_index/package_run_dependencies/customized_srv_msg
[7.036s] -- Up-to-date: /home/ghani/my_ws/install/customized_srv_msg/share/ament_index/resource_index/parent_prefix_path/customized_srv_msg
[7.036s] -- Up-to-date: /home/ghani/my_ws/install/customized_srv_msg/share/customized_srv_msg/environment/ament_prefix_path.sh
[7.036s] -- Installing: /home/ghani/my_ws/install/customized_srv_msg/share/customized_srv_msg/environment/ament_prefix_path.dsv
[7.036s] -- Up-to-date: /home/ghani/my_ws/install/customized_srv_msg/share/customized_srv_msg/environment/path.sh
[7.037s] -- Installing: /home/ghani/my_ws/install/customized_srv_msg/share/customized_srv_msg/environment/path.dsv
[7.037s] -- Up-to-date: /home/ghani/my_ws/install/customized_srv_msg/share/customized_srv_msg/local_setup.bash
[7.037s] -- Up-to-date: /home/ghani/my_ws/install/customized_srv_msg/share/customized_srv_msg/local_setup.sh
[7.037s] -- Up-to-date: /home/ghani/my_ws/install/customized_srv_msg/share/customized_srv_msg/local_setup.zsh
[7.037s] -- Installing: /home/ghani/my_ws/install/customized_srv_msg/share/customized_srv_msg/local_setup.dsv
[7.037s] -- Installing: /home/ghani/my_ws/install/customized_srv_msg/share/customized_srv_msg/package.dsv
[7.038s] -- Up-to-date: /home/ghani/my_ws/install/customized_srv_msg/share/ament_index/resource_index/packages/customized_srv_msg
[7.038s] -- Up-to-date: /home/ghani/my_ws/install/customized_srv_msg/share/customized_srv_msg/cmake/customized_srv_msg__rosidl_generator_cExport.cmake
[7.038s] -- Installing: /home/ghani/my_ws/install/customized_srv_msg/share/customized_srv_msg/cmake/customized_srv_msg__rosidl_generator_cExport-noconfig.cmake
[7.038s] -- Up-to-date: /home/ghani/my_ws/install/customized_srv_msg/share/customized_srv_msg/cmake/customized_srv_msg__rosidl_typesupport_introspection_cExport.cmake
[7.038s] -- Installing: /home/ghani/my_ws/install/customized_srv_msg/share/customized_srv_msg/cmake/customized_srv_msg__rosidl_typesupport_introspection_cExport-noconfig.cmake
[7.038s] -- Up-to-date: /home/ghani/my_ws/install/customized_srv_msg/share/customized_srv_msg/cmake/customized_srv_msg__rosidl_typesupport_cExport.cmake
[7.039s] -- Installing: /home/ghani/my_ws/install/customized_srv_msg/share/customized_srv_msg/cmake/customized_srv_msg__rosidl_typesupport_cExport-noconfig.cmake
[7.039s] -- Up-to-date: /home/ghani/my_ws/install/customized_srv_msg/share/customized_srv_msg/cmake/customized_srv_msg__rosidl_generator_cppExport.cmake
[7.039s] -- Up-to-date: /home/ghani/my_ws/install/customized_srv_msg/share/customized_srv_msg/cmake/customized_srv_msg__rosidl_typesupport_introspection_cppExport.cmake
[7.039s] -- Installing: /home/ghani/my_ws/install/customized_srv_msg/share/customized_srv_msg/cmake/customized_srv_msg__rosidl_typesupport_introspection_cppExport-noconfig.cmake
[7.039s] -- Up-to-date: /home/ghani/my_ws/install/customized_srv_msg/share/customized_srv_msg/cmake/customized_srv_msg__rosidl_typesupport_cppExport.cmake
[7.039s] -- Installing: /home/ghani/my_ws/install/customized_srv_msg/share/customized_srv_msg/cmake/customized_srv_msg__rosidl_typesupport_cppExport-noconfig.cmake
[7.039s] -- Up-to-date: /home/ghani/my_ws/install/customized_srv_msg/share/customized_srv_msg/cmake/rosidl_cmake-extras.cmake
[7.039s] -- Up-to-date: /home/ghani/my_ws/install/customized_srv_msg/share/customized_srv_msg/cmake/ament_cmake_export_dependencies-extras.cmake
[7.040s] -- Up-to-date: /home/ghani/my_ws/install/customized_srv_msg/share/customized_srv_msg/cmake/ament_cmake_export_libraries-extras.cmake
[7.040s] -- Up-to-date: /home/ghani/my_ws/install/customized_srv_msg/share/customized_srv_msg/cmake/ament_cmake_export_targets-extras.cmake
[7.040s] -- Up-to-date: /home/ghani/my_ws/install/customized_srv_msg/share/customized_srv_msg/cmake/ament_cmake_export_include_directories-extras.cmake
[7.040s] -- Up-to-date: /home/ghani/my_ws/install/customized_srv_msg/share/customized_srv_msg/cmake/rosidl_cmake_export_typesupport_libraries-extras.cmake
[7.040s] -- Up-to-date: /home/ghani/my_ws/install/customized_srv_msg/share/customized_srv_msg/cmake/rosidl_cmake_export_typesupport_targets-extras.cmake
[7.040s] -- Up-to-date: /home/ghani/my_ws/install/customized_srv_msg/share/customized_srv_msg/cmake/customized_srv_msgConfig.cmake
[7.040s] -- Up-to-date: /home/ghani/my_ws/install/customized_srv_msg/share/customized_srv_msg/cmake/customized_srv_msgConfig-version.cmake
[7.040s] -- Up-to-date: /home/ghani/my_ws/install/customized_srv_msg/share/customized_srv_msg/package.xml
[7.043s] Invoked command in '/home/ghani/my_ws/build/customized_srv_msg' returned '0': CMAKE_PREFIX_PATH=/opt/ros/galactic /usr/bin/cmake --install /home/ghani/my_ws/build/customized_srv_msg
