[0.023s] Invoking command in '/home/ghani/my_ws/build/cpp_new': AMENT_PREFIX_PATH=/home/ghani/my_ws/install/customized_srv_msg:${AMENT_PREFIX_PATH} CMAKE_PREFIX_PATH=/home/ghani/my_ws/install/customized_srv_msg:/opt/ros/galactic LD_LIBRARY_PATH=/home/ghani/my_ws/install/customized_srv_msg/lib:${LD_LIBRARY_PATH} PYTHONPATH=/home/ghani/my_ws/install/customized_srv_msg/lib/python3.8/site-packages:${PYTHONPATH} /usr/bin/cmake --build /home/ghani/my_ws/build/cpp_new -- -j6 -l6
[0.061s] -- Found ament_cmake: 1.1.5 (/opt/ros/galactic/share/ament_cmake/cmake)
[0.082s] -- Using PYTHON_EXECUTABLE: /usr/bin/python3
[0.145s] -- Found rclcpp: 9.2.0 (/opt/ros/galactic/share/rclcpp/cmake)
[0.209s] -- Using all available rosidl_typesupport_c: rosidl_typesupport_fastrtps_c;rosidl_typesupport_introspection_c
[0.213s] -- Found rosidl_adapter: 2.2.1 (/opt/ros/galactic/share/rosidl_adapter/cmake)
[0.348s] -- Using all available rosidl_typesupport_cpp: rosidl_typesupport_fastrtps_cpp;rosidl_typesupport_introspection_cpp
[0.436s] -- Found rmw_implementation_cmake: 3.3.1 (/opt/ros/galactic/share/rmw_implementation_cmake/cmake)
[0.442s] -- Found rmw_cyclonedds_cpp: 0.22.4 (/opt/ros/galactic/share/rmw_cyclonedds_cpp/cmake)
[0.479s] -- Using RMW implementation 'rmw_cyclonedds_cpp' as default
[0.690s] -- Found customized_srv_msg: 0.0.0 (/home/ghani/my_ws/install/customized_srv_msg/share/customized_srv_msg/cmake)
[0.792s] -- Found ament_lint_auto: 0.10.6 (/opt/ros/galactic/share/ament_lint_auto/cmake)
[0.858s] -- Added test 'copyright' to check source files copyright and LICENSE
[0.862s] -- Added test 'cppcheck' to perform static code analysis on C / C++ code
[0.862s] -- Configured cppcheck include dirs: 
[0.862s] -- Configured cppcheck exclude dirs and/or files: 
[0.862s] -- Added test 'cpplint' to check C / C++ code against the Google style
[0.862s] -- Configured cpplint exclude dirs and/or files: 
[0.863s] -- Added test 'flake8' to check Python code syntax and style conventions
[0.863s] -- Added test 'lint_cmake' to check CMake code style
[0.863s] -- Added test 'pep257' to check Python code against some of the style conventions in PEP 257
[0.864s] -- Added test 'uncrustify' to check C / C++ code style
[0.864s] -- Configured uncrustify additional arguments: 
[0.864s] -- Added test 'xmllint' to check XML markup files
[0.870s] -- Configuring done
[0.890s] -- Generating done
[0.892s] -- Build files have been written to: /home/ghani/my_ws/build/cpp_new
[0.923s] [35m[1mScanning dependencies of target talker[0m
[0.952s] [ 50%] [32mBuilding CXX object CMakeFiles/talker.dir/src/publisher.cpp.o[0m
[3.536s] In file included from [01m[K/opt/ros/galactic/include/rclcpp/client.hpp:40[m[K,
[3.536s]                  from [01m[K/opt/ros/galactic/include/rclcpp/callback_group.hpp:23[m[K,
[3.536s]                  from [01m[K/opt/ros/galactic/include/rclcpp/any_executable.hpp:20[m[K,
[3.536s]                  from [01m[K/opt/ros/galactic/include/rclcpp/memory_strategy.hpp:25[m[K,
[3.536s]                  from [01m[K/opt/ros/galactic/include/rclcpp/memory_strategies.hpp:18[m[K,
[3.536s]                  from [01m[K/opt/ros/galactic/include/rclcpp/executor_options.hpp:20[m[K,
[3.536s]                  from [01m[K/opt/ros/galactic/include/rclcpp/executor.hpp:36[m[K,
[3.536s]                  from [01m[K/opt/ros/galactic/include/rclcpp/executors/multi_threaded_executor.hpp:26[m[K,
[3.536s]                  from [01m[K/opt/ros/galactic/include/rclcpp/executors.hpp:21[m[K,
[3.536s]                  from [01m[K/opt/ros/galactic/include/rclcpp/rclcpp.hpp:156[m[K,
[3.537s]                  from [01m[K/home/ghani/my_ws/src/cpp_new/src/publisher.cpp:6[m[K:
[3.537s] [01m[K/home/ghani/my_ws/src/cpp_new/src/publisher.cpp:[m[K In member function ‘[01m[Kvoid MinimalPublisher::timer_callback()[m[K’:
[3.537s] [01m[K/home/ghani/my_ws/src/cpp_new/src/publisher.cpp:31:39:[m[K [01;35m[Kwarning: [m[Kformat ‘[01m[K%d[m[K’ expects argument of type ‘[01m[Kint[m[K’, but argument 5 has type ‘[01m[Kcustomized_srv_msg::msg::Num_<std::allocator<void> >::_num_type[m[K’ {aka ‘[01m[Klong int[m[K’} [[01;35m[K-Wformat=[m[K]
[3.537s]    31 |       RCLCPP_INFO(this->get_logger(), [01;35m[K"Publishing: '%d'"[m[K, [32m[Kmessage.num[m[K);
[3.537s]       |                                       [01;35m[K^~~~~~~~~~~~~~~~~~[m[K  [32m[K~~~~~~~~~~~[m[K
[3.537s]       |                                                                   [32m[K|[m[K
[3.537s]       |                                                                   [32m[Kcustomized_srv_msg::msg::Num_<std::allocator<void> >::_num_type {aka long int}[m[K
[3.537s] [01m[K/home/ghani/my_ws/src/cpp_new/src/publisher.cpp:31:54:[m[K [01;36m[Knote: [m[Kformat string is defined here
[3.537s]    31 |       RCLCPP_INFO(this->get_logger(), "Publishing: '[01;36m[K%d[m[K'", message.num);
[3.537s]       |                                                     [01;36m[K~^[m[K
[3.537s]       |                                                      [01;36m[K|[m[K
[3.537s]       |                                                      [01;36m[Kint[m[K
[3.537s]       |                                                     [32m[K%ld[m[K
[6.316s] [100%] [32m[1mLinking CXX executable talker[0m
[6.560s] [100%] Built target talker
[6.572s] Invoked command in '/home/ghani/my_ws/build/cpp_new' returned '0': AMENT_PREFIX_PATH=/home/ghani/my_ws/install/customized_srv_msg:${AMENT_PREFIX_PATH} CMAKE_PREFIX_PATH=/home/ghani/my_ws/install/customized_srv_msg:/opt/ros/galactic LD_LIBRARY_PATH=/home/ghani/my_ws/install/customized_srv_msg/lib:${LD_LIBRARY_PATH} PYTHONPATH=/home/ghani/my_ws/install/customized_srv_msg/lib/python3.8/site-packages:${PYTHONPATH} /usr/bin/cmake --build /home/ghani/my_ws/build/cpp_new -- -j6 -l6
[6.611s] Invoking command in '/home/ghani/my_ws/build/cpp_new': AMENT_PREFIX_PATH=/home/ghani/my_ws/install/customized_srv_msg:${AMENT_PREFIX_PATH} CMAKE_PREFIX_PATH=/home/ghani/my_ws/install/customized_srv_msg:/opt/ros/galactic LD_LIBRARY_PATH=/home/ghani/my_ws/install/customized_srv_msg/lib:${LD_LIBRARY_PATH} PYTHONPATH=/home/ghani/my_ws/install/customized_srv_msg/lib/python3.8/site-packages:${PYTHONPATH} /usr/bin/cmake --install /home/ghani/my_ws/build/cpp_new
[6.619s] -- Install configuration: ""
[6.619s] -- Up-to-date: /home/ghani/my_ws/install/cpp_new/share/cpp_new/launch
[6.620s] -- Up-to-date: /home/ghani/my_ws/install/cpp_new/share/cpp_new/launch/__pycache__
[6.621s] -- Up-to-date: /home/ghani/my_ws/install/cpp_new/share/cpp_new/launch/__pycache__/launch_file.cpython-38.pyc
[6.621s] -- Up-to-date: /home/ghani/my_ws/install/cpp_new/share/cpp_new/launch/launch_file.py
[6.624s] -- Installing: /home/ghani/my_ws/install/cpp_new/lib/cpp_new/talker
[6.625s] -- Set runtime path of "/home/ghani/my_ws/install/cpp_new/lib/cpp_new/talker" to ""
[6.626s] -- Up-to-date: /home/ghani/my_ws/install/cpp_new/share/ament_index/resource_index/package_run_dependencies/cpp_new
[6.626s] -- Up-to-date: /home/ghani/my_ws/install/cpp_new/share/ament_index/resource_index/parent_prefix_path/cpp_new
[6.627s] -- Up-to-date: /home/ghani/my_ws/install/cpp_new/share/cpp_new/environment/ament_prefix_path.sh
[6.627s] -- Installing: /home/ghani/my_ws/install/cpp_new/share/cpp_new/environment/ament_prefix_path.dsv
[6.627s] -- Up-to-date: /home/ghani/my_ws/install/cpp_new/share/cpp_new/environment/path.sh
[6.627s] -- Installing: /home/ghani/my_ws/install/cpp_new/share/cpp_new/environment/path.dsv
[6.627s] -- Up-to-date: /home/ghani/my_ws/install/cpp_new/share/cpp_new/local_setup.bash
[6.627s] -- Up-to-date: /home/ghani/my_ws/install/cpp_new/share/cpp_new/local_setup.sh
[6.627s] -- Up-to-date: /home/ghani/my_ws/install/cpp_new/share/cpp_new/local_setup.zsh
[6.627s] -- Installing: /home/ghani/my_ws/install/cpp_new/share/cpp_new/local_setup.dsv
[6.627s] -- Installing: /home/ghani/my_ws/install/cpp_new/share/cpp_new/package.dsv
[6.628s] -- Up-to-date: /home/ghani/my_ws/install/cpp_new/share/ament_index/resource_index/packages/cpp_new
[6.628s] -- Up-to-date: /home/ghani/my_ws/install/cpp_new/share/cpp_new/cmake/cpp_newConfig.cmake
[6.628s] -- Up-to-date: /home/ghani/my_ws/install/cpp_new/share/cpp_new/cmake/cpp_newConfig-version.cmake
[6.629s] -- Up-to-date: /home/ghani/my_ws/install/cpp_new/share/cpp_new/package.xml
[6.632s] Invoked command in '/home/ghani/my_ws/build/cpp_new' returned '0': AMENT_PREFIX_PATH=/home/ghani/my_ws/install/customized_srv_msg:${AMENT_PREFIX_PATH} CMAKE_PREFIX_PATH=/home/ghani/my_ws/install/customized_srv_msg:/opt/ros/galactic LD_LIBRARY_PATH=/home/ghani/my_ws/install/customized_srv_msg/lib:${LD_LIBRARY_PATH} PYTHONPATH=/home/ghani/my_ws/install/customized_srv_msg/lib/python3.8/site-packages:${PYTHONPATH} /usr/bin/cmake --install /home/ghani/my_ws/build/cpp_new
