[0.847s] Invoking command in '/home/ghani/my_ws/src/py_srvcli': PYTHONPATH=/home/ghani/my_ws/install/py_srvcli/lib/python3.8/site-packages:${PYTHONPATH} /usr/bin/python3 setup.py egg_info --egg-base ../../build/py_srvcli build --build-base /home/ghani/my_ws/build/py_srvcli/build install --prefix /home/ghani/my_ws/install/py_srvcli --record /home/ghani/my_ws/build/py_srvcli/install.log --single-version-externally-managed
[1.027s] running egg_info
[1.027s] writing ../../build/py_srvcli/py_srvcli.egg-info/PKG-INFO
[1.028s] writing dependency_links to ../../build/py_srvcli/py_srvcli.egg-info/dependency_links.txt
[1.028s] writing entry points to ../../build/py_srvcli/py_srvcli.egg-info/entry_points.txt
[1.029s] writing requirements to ../../build/py_srvcli/py_srvcli.egg-info/requires.txt
[1.029s] writing top-level names to ../../build/py_srvcli/py_srvcli.egg-info/top_level.txt
[1.064s] reading manifest file '../../build/py_srvcli/py_srvcli.egg-info/SOURCES.txt'
[1.065s] writing manifest file '../../build/py_srvcli/py_srvcli.egg-info/SOURCES.txt'
[1.065s] running build
[1.066s] running build_py
[1.066s] copying py_srvcli/client.py -> /home/ghani/my_ws/build/py_srvcli/build/lib/py_srvcli
[1.066s] running install
[1.066s] running install_lib
[1.067s] copying /home/ghani/my_ws/build/py_srvcli/build/lib/py_srvcli/client.py -> /home/ghani/my_ws/install/py_srvcli/lib/python3.8/site-packages/py_srvcli
[1.068s] byte-compiling /home/ghani/my_ws/install/py_srvcli/lib/python3.8/site-packages/py_srvcli/client.py to client.cpython-38.pyc
[1.069s] running install_data
[1.069s] running install_egg_info
[1.071s] removing '/home/ghani/my_ws/install/py_srvcli/lib/python3.8/site-packages/py_srvcli-0.0.0-py3.8.egg-info' (and everything under it)
[1.071s] Copying ../../build/py_srvcli/py_srvcli.egg-info to /home/ghani/my_ws/install/py_srvcli/lib/python3.8/site-packages/py_srvcli-0.0.0-py3.8.egg-info
[1.078s] running install_scripts
[1.094s] Installing client script to /home/ghani/my_ws/install/py_srvcli/lib/py_srvcli
[1.094s] Installing service script to /home/ghani/my_ws/install/py_srvcli/lib/py_srvcli
[1.095s] writing list of installed files to '/home/ghani/my_ws/build/py_srvcli/install.log'
[1.123s] Invoked command in '/home/ghani/my_ws/src/py_srvcli' returned '0': PYTHONPATH=/home/ghani/my_ws/install/py_srvcli/lib/python3.8/site-packages:${PYTHONPATH} /usr/bin/python3 setup.py egg_info --egg-base ../../build/py_srvcli build --build-base /home/ghani/my_ws/build/py_srvcli/build install --prefix /home/ghani/my_ws/install/py_srvcli --record /home/ghani/my_ws/build/py_srvcli/install.log --single-version-externally-managed
