[1.462s] Invoking command in '/home/ghani/my_ws/src/action_py': PYTHONPATH=/home/ghani/my_ws/install/action_py/lib/python3.8/site-packages:${PYTHONPATH} /usr/bin/python3 setup.py egg_info --egg-base ../../build/action_py build --build-base /home/ghani/my_ws/build/action_py/build install --prefix /home/ghani/my_ws/install/action_py --record /home/ghani/my_ws/build/action_py/install.log --single-version-externally-managed
[1.874s] running egg_info
[1.875s] writing ../../build/action_py/action_py.egg-info/PKG-INFO
[1.876s] writing dependency_links to ../../build/action_py/action_py.egg-info/dependency_links.txt
[1.878s] writing entry points to ../../build/action_py/action_py.egg-info/entry_points.txt
[1.878s] writing requirements to ../../build/action_py/action_py.egg-info/requires.txt
[1.879s] writing top-level names to ../../build/action_py/action_py.egg-info/top_level.txt
[1.947s] reading manifest file '../../build/action_py/action_py.egg-info/SOURCES.txt'
[1.950s] writing manifest file '../../build/action_py/action_py.egg-info/SOURCES.txt'
[1.952s] running build
[1.952s] running build_py
[1.952s] copying action_py/fibonacci_action_server.py -> /home/ghani/my_ws/build/action_py/build/lib/action_py
[1.953s] copying action_py/fibonacci_client.py -> /home/ghani/my_ws/build/action_py/build/lib/action_py
[1.954s] running install
[1.955s] running install_lib
[1.956s] copying /home/ghani/my_ws/build/action_py/build/lib/action_py/fibonacci_action_server.py -> /home/ghani/my_ws/install/action_py/lib/python3.8/site-packages/action_py
[1.957s] copying /home/ghani/my_ws/build/action_py/build/lib/action_py/fibonacci_client.py -> /home/ghani/my_ws/install/action_py/lib/python3.8/site-packages/action_py
[1.958s] byte-compiling /home/ghani/my_ws/install/action_py/lib/python3.8/site-packages/action_py/fibonacci_action_server.py to fibonacci_action_server.cpython-38.pyc
[1.960s] byte-compiling /home/ghani/my_ws/install/action_py/lib/python3.8/site-packages/action_py/fibonacci_client.py to fibonacci_client.cpython-38.pyc
[1.962s] running install_data
[1.963s] running install_egg_info
[1.966s] removing '/home/ghani/my_ws/install/action_py/lib/python3.8/site-packages/action_py-0.0.0-py3.8.egg-info' (and everything under it)
[1.967s] Copying ../../build/action_py/action_py.egg-info to /home/ghani/my_ws/install/action_py/lib/python3.8/site-packages/action_py-0.0.0-py3.8.egg-info
[1.967s] running install_scripts
[1.996s] Installing action_client script to /home/ghani/my_ws/install/action_py/lib/action_py
[1.997s] Installing action_server script to /home/ghani/my_ws/install/action_py/lib/action_py
[1.998s] writing list of installed files to '/home/ghani/my_ws/build/action_py/install.log'
[2.046s] Invoked command in '/home/ghani/my_ws/src/action_py' returned '0': PYTHONPATH=/home/ghani/my_ws/install/action_py/lib/python3.8/site-packages:${PYTHONPATH} /usr/bin/python3 setup.py egg_info --egg-base ../../build/action_py build --build-base /home/ghani/my_ws/build/action_py/build install --prefix /home/ghani/my_ws/install/action_py --record /home/ghani/my_ws/build/action_py/install.log --single-version-externally-managed
