[1.120s] Invoking command in '/home/ghani/my_ws/src/action_py': PYTHONPATH=/home/ghani/my_ws/install/action_py/lib/python3.8/site-packages:${PYTHONPATH} /usr/bin/python3 setup.py egg_info --egg-base ../../build/action_py build --build-base /home/ghani/my_ws/build/action_py/build install --prefix /home/ghani/my_ws/install/action_py --record /home/ghani/my_ws/build/action_py/install.log --single-version-externally-managed
[1.608s] running egg_info
[1.610s] writing ../../build/action_py/action_py.egg-info/PKG-INFO
[1.611s] writing dependency_links to ../../build/action_py/action_py.egg-info/dependency_links.txt
[1.612s] writing entry points to ../../build/action_py/action_py.egg-info/entry_points.txt
[1.612s] writing requirements to ../../build/action_py/action_py.egg-info/requires.txt
[1.613s] writing top-level names to ../../build/action_py/action_py.egg-info/top_level.txt
[1.683s] reading manifest file '../../build/action_py/action_py.egg-info/SOURCES.txt'
[1.686s] writing manifest file '../../build/action_py/action_py.egg-info/SOURCES.txt'
[1.687s] running build
[1.689s] running build_py
[1.690s] copying action_py/fibonacci_client.py -> /home/ghani/my_ws/build/action_py/build/lib/action_py
[1.690s] running install
[1.692s] running install_lib
[1.695s] copying /home/ghani/my_ws/build/action_py/build/lib/action_py/fibonacci_client.py -> /home/ghani/my_ws/install/action_py/lib/python3.8/site-packages/action_py
[1.696s] byte-compiling /home/ghani/my_ws/install/action_py/lib/python3.8/site-packages/action_py/fibonacci_client.py to fibonacci_client.cpython-38.pyc
[1.701s] running install_data
[1.702s] running install_egg_info
[1.707s] removing '/home/ghani/my_ws/install/action_py/lib/python3.8/site-packages/action_py-0.0.0-py3.8.egg-info' (and everything under it)
[1.708s] Copying ../../build/action_py/action_py.egg-info to /home/ghani/my_ws/install/action_py/lib/python3.8/site-packages/action_py-0.0.0-py3.8.egg-info
[1.710s] running install_scripts
[1.761s] Installing action_client script to /home/ghani/my_ws/install/action_py/lib/action_py
[1.762s] Installing action_server script to /home/ghani/my_ws/install/action_py/lib/action_py
[1.764s] writing list of installed files to '/home/ghani/my_ws/build/action_py/install.log'
[1.812s] Invoked command in '/home/ghani/my_ws/src/action_py' returned '0': PYTHONPATH=/home/ghani/my_ws/install/action_py/lib/python3.8/site-packages:${PYTHONPATH} /usr/bin/python3 setup.py egg_info --egg-base ../../build/action_py build --build-base /home/ghani/my_ws/build/action_py/build install --prefix /home/ghani/my_ws/install/action_py --record /home/ghani/my_ws/build/action_py/install.log --single-version-externally-managed
