[0.563s] Invoking command in '/home/ghani/my_ws/src/py_srvcli': PYTHONPATH=/home/ghani/my_ws/install/py_srvcli/lib/python3.8/site-packages:${PYTHONPATH} /usr/bin/python3 setup.py egg_info --egg-base ../../build/py_srvcli build --build-base /home/ghani/my_ws/build/py_srvcli/build install --prefix /home/ghani/my_ws/install/py_srvcli --record /home/ghani/my_ws/build/py_srvcli/install.log --single-version-externally-managed
[0.741s] running egg_info
[0.742s] writing ../../build/py_srvcli/py_srvcli.egg-info/PKG-INFO
[0.742s] writing dependency_links to ../../build/py_srvcli/py_srvcli.egg-info/dependency_links.txt
[0.743s] writing entry points to ../../build/py_srvcli/py_srvcli.egg-info/entry_points.txt
[0.743s] writing requirements to ../../build/py_srvcli/py_srvcli.egg-info/requires.txt
[0.744s] writing top-level names to ../../build/py_srvcli/py_srvcli.egg-info/top_level.txt
[0.775s] reading manifest file '../../build/py_srvcli/py_srvcli.egg-info/SOURCES.txt'
[0.775s] writing manifest file '../../build/py_srvcli/py_srvcli.egg-info/SOURCES.txt'
[0.776s] running build
[0.776s] running build_py
[0.776s] copying py_srvcli/client.py -> /home/ghani/my_ws/build/py_srvcli/build/lib/py_srvcli
[0.776s] running install
[0.777s] running install_lib
[0.777s] copying /home/ghani/my_ws/build/py_srvcli/build/lib/py_srvcli/client.py -> /home/ghani/my_ws/install/py_srvcli/lib/python3.8/site-packages/py_srvcli
[0.784s] byte-compiling /home/ghani/my_ws/install/py_srvcli/lib/python3.8/site-packages/py_srvcli/client.py to client.cpython-38.pyc
[0.785s] running install_data
[0.787s] running install_egg_info
[0.788s] removing '/home/ghani/my_ws/install/py_srvcli/lib/python3.8/site-packages/py_srvcli-0.0.0-py3.8.egg-info' (and everything under it)
[0.788s] Copying ../../build/py_srvcli/py_srvcli.egg-info to /home/ghani/my_ws/install/py_srvcli/lib/python3.8/site-packages/py_srvcli-0.0.0-py3.8.egg-info
[0.788s] running install_scripts
[0.804s] Installing client script to /home/ghani/my_ws/install/py_srvcli/lib/py_srvcli
[0.804s] Installing service script to /home/ghani/my_ws/install/py_srvcli/lib/py_srvcli
[0.804s] writing list of installed files to '/home/ghani/my_ws/build/py_srvcli/install.log'
[0.830s] Invoked command in '/home/ghani/my_ws/src/py_srvcli' returned '0': PYTHONPATH=/home/ghani/my_ws/install/py_srvcli/lib/python3.8/site-packages:${PYTHONPATH} /usr/bin/python3 setup.py egg_info --egg-base ../../build/py_srvcli build --build-base /home/ghani/my_ws/build/py_srvcli/build install --prefix /home/ghani/my_ws/install/py_srvcli --record /home/ghani/my_ws/build/py_srvcli/install.log --single-version-externally-managed
