[1.540s] Invoking command in '/home/ghani/my_ws/src/controller_py': PYTHONPATH=/home/ghani/my_ws/install/controller_py/lib/python3.8/site-packages:${PYTHONPATH} /usr/bin/python3 setup.py egg_info --egg-base ../../build/controller_py build --build-base /home/ghani/my_ws/build/controller_py/build install --prefix /home/ghani/my_ws/install/controller_py --record /home/ghani/my_ws/build/controller_py/install.log --single-version-externally-managed
[1.928s] running egg_info
[1.929s] writing ../../build/controller_py/controller_py.egg-info/PKG-INFO
[1.930s] writing dependency_links to ../../build/controller_py/controller_py.egg-info/dependency_links.txt
[1.931s] writing entry points to ../../build/controller_py/controller_py.egg-info/entry_points.txt
[1.932s] writing requirements to ../../build/controller_py/controller_py.egg-info/requires.txt
[1.932s] writing top-level names to ../../build/controller_py/controller_py.egg-info/top_level.txt
[1.996s] reading manifest file '../../build/controller_py/controller_py.egg-info/SOURCES.txt'
[1.997s] writing manifest file '../../build/controller_py/controller_py.egg-info/SOURCES.txt'
[1.997s] running build
[1.998s] running build_py
[1.998s] copying controller_py/client.py -> /home/ghani/my_ws/build/controller_py/build/lib/controller_py
[1.999s] running install
[2.000s] running install_lib
[2.002s] copying /home/ghani/my_ws/build/controller_py/build/lib/controller_py/client.py -> /home/ghani/my_ws/install/controller_py/lib/python3.8/site-packages/controller_py
[2.003s] byte-compiling /home/ghani/my_ws/install/controller_py/lib/python3.8/site-packages/controller_py/client.py to client.cpython-38.pyc
[2.004s] running install_data
[2.006s] running install_egg_info
[2.010s] removing '/home/ghani/my_ws/install/controller_py/lib/python3.8/site-packages/controller_py-0.0.0-py3.8.egg-info' (and everything under it)
[2.011s] Copying ../../build/controller_py/controller_py.egg-info to /home/ghani/my_ws/install/controller_py/lib/python3.8/site-packages/controller_py-0.0.0-py3.8.egg-info
[2.019s] running install_scripts
[2.056s] Installing py_action_controller script to /home/ghani/my_ws/install/controller_py/lib/controller_py
[2.058s] Installing py_client script to /home/ghani/my_ws/install/controller_py/lib/controller_py
[2.058s] Installing py_controller script to /home/ghani/my_ws/install/controller_py/lib/controller_py
[2.060s] writing list of installed files to '/home/ghani/my_ws/build/controller_py/install.log'
[2.103s] Invoked command in '/home/ghani/my_ws/src/controller_py' returned '0': PYTHONPATH=/home/ghani/my_ws/install/controller_py/lib/python3.8/site-packages:${PYTHONPATH} /usr/bin/python3 setup.py egg_info --egg-base ../../build/controller_py build --build-base /home/ghani/my_ws/build/controller_py/build install --prefix /home/ghani/my_ws/install/controller_py --record /home/ghani/my_ws/build/controller_py/install.log --single-version-externally-managed
