[1.530s] Invoking command in '/home/ghani/my_ws/src/py_package': PYTHONPATH=/home/ghani/my_ws/install/py_package/lib/python3.8/site-packages:${PYTHONPATH} /usr/bin/python3 setup.py egg_info --egg-base ../../build/py_package build --build-base /home/ghani/my_ws/build/py_package/build install --prefix /home/ghani/my_ws/install/py_package --record /home/ghani/my_ws/build/py_package/install.log --single-version-externally-managed
[1.720s] running egg_info
[1.720s] writing ../../build/py_package/py_package.egg-info/PKG-INFO
[1.722s] writing dependency_links to ../../build/py_package/py_package.egg-info/dependency_links.txt
[1.722s] writing entry points to ../../build/py_package/py_package.egg-info/entry_points.txt
[1.722s] writing requirements to ../../build/py_package/py_package.egg-info/requires.txt
[1.723s] writing top-level names to ../../build/py_package/py_package.egg-info/top_level.txt
[1.762s] reading manifest file '../../build/py_package/py_package.egg-info/SOURCES.txt'
[1.763s] writing manifest file '../../build/py_package/py_package.egg-info/SOURCES.txt'
[1.764s] running build
[1.764s] running build_py
[1.766s] running install
[1.767s] running install_lib
[1.770s] byte-compiling /home/ghani/my_ws/install/py_package/lib/python3.8/site-packages/py_package/controller.py to controller.cpython-38.pyc
[1.772s] Sorry: TabError: inconsistent use of tabs and spaces in indentation (controller.py, line 22)
[1.772s] running install_data
[1.773s] running install_egg_info
[1.774s] removing '/home/ghani/my_ws/install/py_package/lib/python3.8/site-packages/py_package-0.0.0-py3.8.egg-info' (and everything under it)
[1.775s] Copying ../../build/py_package/py_package.egg-info to /home/ghani/my_ws/install/py_package/lib/python3.8/site-packages/py_package-0.0.0-py3.8.egg-info
[1.776s] running install_scripts
[1.794s] Installing exersice script to /home/ghani/my_ws/install/py_package/lib/py_package
[1.796s] Installing listner script to /home/ghani/my_ws/install/py_package/lib/py_package
[1.797s] Installing talker script to /home/ghani/my_ws/install/py_package/lib/py_package
[1.797s] writing list of installed files to '/home/ghani/my_ws/build/py_package/install.log'
[1.847s] Invoked command in '/home/ghani/my_ws/src/py_package' returned '0': PYTHONPATH=/home/ghani/my_ws/install/py_package/lib/python3.8/site-packages:${PYTHONPATH} /usr/bin/python3 setup.py egg_info --egg-base ../../build/py_package build --build-base /home/ghani/my_ws/build/py_package/build install --prefix /home/ghani/my_ws/install/py_package --record /home/ghani/my_ws/build/py_package/install.log --single-version-externally-managed
