[0.015s] Invoking command in '/home/ghani/my_ws/build/customized_srv_msg': CMAKE_PREFIX_PATH=/opt/ros/galactic /usr/bin/cmake --build /home/ghani/my_ws/build/customized_srv_msg -- -j6 -l6
[0.046s] -- Found ament_cmake: 1.1.5 (/opt/ros/galactic/share/ament_cmake/cmake)
[0.066s] -- Found PythonInterp: /usr/bin/python3 (found suitable version "3.8.10", minimum required is "3") 
[0.067s] -- Using PYTHON_EXECUTABLE: /usr/bin/python3
[0.124s] -- Found rosidl_default_generators: 1.1.1 (/opt/ros/galactic/share/rosidl_default_generators/cmake)
[0.126s] -- Using all available rosidl_typesupport_c: rosidl_typesupport_fastrtps_c;rosidl_typesupport_introspection_c
[0.129s] -- Found rosidl_adapter: 2.2.1 (/opt/ros/galactic/share/rosidl_adapter/cmake)
[0.256s] -- Using all available rosidl_typesupport_cpp: rosidl_typesupport_fastrtps_cpp;rosidl_typesupport_introspection_cpp
[0.299s] -- Found PythonInterp: /usr/bin/python3 (found version "3.8.10") 
[0.478s] -- Found ament_cmake_ros: 0.9.2 (/opt/ros/galactic/share/ament_cmake_ros/cmake)
[0.600s] -- Using all available rosidl_typesupport_c: rosidl_typesupport_fastrtps_c;rosidl_typesupport_introspection_c
[0.626s] -- Using all available rosidl_typesupport_cpp: rosidl_typesupport_fastrtps_cpp;rosidl_typesupport_introspection_cpp
[0.650s] -- Found PythonInterp: /usr/bin/python3 (found suitable version "3.8.10", minimum required is "3.5") 
[0.650s] -- Found python_cmake_module: 0.8.1 (/opt/ros/galactic/share/python_cmake_module/cmake)
[0.670s] -- Using PYTHON_EXECUTABLE: /usr/bin/python3
[0.670s] -- Using PYTHON_INCLUDE_DIRS: /usr/include/python3.8
[0.670s] -- Using PYTHON_LIBRARIES: /usr/lib/x86_64-linux-gnu/libpython3.8.so
[0.693s] -- Found ament_lint_auto: 0.10.6 (/opt/ros/galactic/share/ament_lint_auto/cmake)
[0.703s] -- Added test 'copyright' to check source files copyright and LICENSE
[0.704s] -- Added test 'lint_cmake' to check CMake code style
[0.705s] -- Added test 'xmllint' to check XML markup files
[0.708s] -- Configuring done
[0.763s] -- Generating done
[0.769s] -- Build files have been written to: /home/ghani/my_ws/build/customized_srv_msg
[0.801s] [  2%] [34m[1mGenerating C code for ROS interfaces[0m
[0.811s] [  4%] [34m[1mGenerating C++ code for ROS interfaces[0m
[1.238s] [35m[1mScanning dependencies of target customized_srv_msg__rosidl_generator_c[0m
[1.253s] [  6%] [32mBuilding C object CMakeFiles/customized_srv_msg__rosidl_generator_c.dir/rosidl_generator_c/customized_srv_msg/msg/detail/num__functions.c.o[0m
[1.261s] [  8%] [32mBuilding C object CMakeFiles/customized_srv_msg__rosidl_generator_c.dir/rosidl_generator_c/customized_srv_msg/srv/detail/add_three_ints__functions.c.o[0m
[1.263s] [ 10%] [32mBuilding C object CMakeFiles/customized_srv_msg__rosidl_generator_c.dir/rosidl_generator_c/customized_srv_msg/action/detail/fibonacci__functions.c.o[0m
[1.271s] [ 10%] Built target customized_srv_msg__cpp
[1.285s] [ 12%] [34m[1mGenerating C++ introspection for ROS interfaces[0m
[1.285s] [ 14%] [34m[1mGenerating C++ type support dispatch for ROS interfaces[0m
[1.285s] [ 17%] [34m[1mGenerating C++ type support for eProsima Fast-RTPS[0m
[1.352s] [ 19%] [32m[1mLinking C shared library libcustomized_srv_msg__rosidl_generator_c.so[0m
[1.396s] [ 19%] Built target customized_srv_msg__rosidl_generator_c
[1.410s] [ 21%] [34m[1mGenerating C introspection for ROS interfaces[0m
[1.411s] [ 23%] [34m[1mGenerating C type support dispatch for ROS interfaces[0m
[1.571s] [35m[1mScanning dependencies of target customized_srv_msg__rosidl_typesupport_cpp[0m
[1.587s] [ 25%] [32mBuilding CXX object CMakeFiles/customized_srv_msg__rosidl_typesupport_cpp.dir/rosidl_typesupport_cpp/customized_srv_msg/msg/num__type_support.cpp.o[0m
[1.587s] [ 27%] [32mBuilding CXX object CMakeFiles/customized_srv_msg__rosidl_typesupport_cpp.dir/rosidl_typesupport_cpp/customized_srv_msg/srv/add_three_ints__type_support.cpp.o[0m
[1.665s] [35m[1mScanning dependencies of target customized_srv_msg__rosidl_typesupport_introspection_cpp[0m
[1.681s] [ 29%] [32mBuilding CXX object CMakeFiles/customized_srv_msg__rosidl_typesupport_introspection_cpp.dir/rosidl_typesupport_introspection_cpp/customized_srv_msg/msg/detail/num__type_support.cpp.o[0m
[1.720s] [35m[1mScanning dependencies of target customized_srv_msg__rosidl_typesupport_c[0m
[1.739s] [ 31%] [32mBuilding CXX object CMakeFiles/customized_srv_msg__rosidl_typesupport_c.dir/rosidl_typesupport_c/customized_srv_msg/msg/num__type_support.cpp.o[0m
[1.765s] [35m[1mScanning dependencies of target customized_srv_msg__rosidl_typesupport_fastrtps_cpp[0m
[1.773s] [ 34%] [32mBuilding CXX object CMakeFiles/customized_srv_msg__rosidl_typesupport_c.dir/rosidl_typesupport_c/customized_srv_msg/srv/add_three_ints__type_support.cpp.o[0m
[1.789s] [ 36%] [32mBuilding CXX object CMakeFiles/customized_srv_msg__rosidl_typesupport_fastrtps_cpp.dir/rosidl_typesupport_fastrtps_cpp/customized_srv_msg/msg/detail/dds_fastrtps/num__type_support.cpp.o[0m
[1.808s] [ 38%] [32mBuilding CXX object CMakeFiles/customized_srv_msg__rosidl_typesupport_c.dir/rosidl_typesupport_c/customized_srv_msg/action/fibonacci__type_support.cpp.o[0m
[1.858s] [ 40%] [32m[1mLinking CXX shared library libcustomized_srv_msg__rosidl_typesupport_c.so[0m
[1.859s] [35m[1mScanning dependencies of target customized_srv_msg__rosidl_typesupport_introspection_c[0m
[1.879s] [ 42%] [32mBuilding C object CMakeFiles/customized_srv_msg__rosidl_typesupport_introspection_c.dir/rosidl_typesupport_introspection_c/customized_srv_msg/msg/detail/num__type_support.c.o[0m
[1.894s] [ 44%] [32mBuilding CXX object CMakeFiles/customized_srv_msg__rosidl_typesupport_cpp.dir/rosidl_typesupport_cpp/customized_srv_msg/action/fibonacci__type_support.cpp.o[0m
[1.905s] [ 44%] Built target customized_srv_msg__rosidl_typesupport_c
[1.915s] [ 46%] [32mBuilding C object CMakeFiles/customized_srv_msg__rosidl_typesupport_introspection_c.dir/rosidl_typesupport_introspection_c/customized_srv_msg/srv/detail/add_three_ints__type_support.c.o[0m
[1.919s] [ 48%] [32mBuilding CXX object CMakeFiles/customized_srv_msg__rosidl_typesupport_introspection_cpp.dir/rosidl_typesupport_introspection_cpp/customized_srv_msg/srv/detail/add_three_ints__type_support.cpp.o[0m
[1.923s] [ 51%] [32mBuilding C object CMakeFiles/customized_srv_msg__rosidl_typesupport_introspection_c.dir/rosidl_typesupport_introspection_c/customized_srv_msg/action/detail/fibonacci__type_support.c.o[0m
[1.958s] [ 53%] [32mBuilding CXX object CMakeFiles/customized_srv_msg__rosidl_typesupport_introspection_cpp.dir/rosidl_typesupport_introspection_cpp/customized_srv_msg/action/detail/fibonacci__type_support.cpp.o[0m
[1.979s] [ 55%] [32m[1mLinking C shared library libcustomized_srv_msg__rosidl_typesupport_introspection_c.so[0m
[1.984s] [ 57%] [32mBuilding CXX object CMakeFiles/customized_srv_msg__rosidl_typesupport_fastrtps_cpp.dir/rosidl_typesupport_fastrtps_cpp/customized_srv_msg/srv/detail/dds_fastrtps/add_three_ints__type_support.cpp.o[0m
[2.018s] [ 57%] Built target customized_srv_msg__rosidl_typesupport_introspection_c
[2.036s] [ 59%] [32mBuilding CXX object CMakeFiles/customized_srv_msg__rosidl_typesupport_fastrtps_cpp.dir/rosidl_typesupport_fastrtps_cpp/customized_srv_msg/action/detail/dds_fastrtps/fibonacci__type_support.cpp.o[0m
[2.433s] [ 61%] [32m[1mLinking CXX shared library libcustomized_srv_msg__rosidl_typesupport_cpp.so[0m
[2.480s] [ 61%] Built target customized_srv_msg__rosidl_typesupport_cpp
[2.535s] [ 63%] [32m[1mLinking CXX shared library libcustomized_srv_msg__rosidl_typesupport_introspection_cpp.so[0m
[2.624s] [ 63%] Built target customized_srv_msg__rosidl_typesupport_introspection_cpp
[2.655s] [ 65%] [32m[1mLinking CXX shared library libcustomized_srv_msg__rosidl_typesupport_fastrtps_cpp.so[0m
[2.755s] [ 65%] Built target customized_srv_msg__rosidl_typesupport_fastrtps_cpp
[2.767s] [ 68%] [34m[1mGenerating C type support for eProsima Fast-RTPS[0m
[3.167s] [35m[1mScanning dependencies of target customized_srv_msg__rosidl_typesupport_fastrtps_c[0m
[3.189s] [ 74%] [32mBuilding CXX object CMakeFiles/customized_srv_msg__rosidl_typesupport_fastrtps_c.dir/rosidl_typesupport_fastrtps_c/customized_srv_msg/srv/detail/add_three_ints__type_support_c.cpp.o[0m
[3.190s] [ 74%] [32mBuilding CXX object CMakeFiles/customized_srv_msg__rosidl_typesupport_fastrtps_c.dir/rosidl_typesupport_fastrtps_c/customized_srv_msg/msg/detail/num__type_support_c.cpp.o[0m
[3.190s] [ 74%] [32mBuilding CXX object CMakeFiles/customized_srv_msg__rosidl_typesupport_fastrtps_c.dir/rosidl_typesupport_fastrtps_c/customized_srv_msg/action/detail/fibonacci__type_support_c.cpp.o[0m
[3.586s] [ 76%] [32m[1mLinking CXX shared library libcustomized_srv_msg__rosidl_typesupport_fastrtps_c.so[0m
[3.691s] [ 76%] Built target customized_srv_msg__rosidl_typesupport_fastrtps_c
[3.714s] [ 76%] Built target customized_srv_msg
[3.739s] [ 78%] [34m[1mGenerating Python code for ROS interfaces[0m
[4.650s] [ 78%] Built target customized_srv_msg__py
[4.663s] [35m[1mScanning dependencies of target customized_srv_msg__python[0m
[4.683s] [ 85%] [32mBuilding C object CMakeFiles/customized_srv_msg__python.dir/rosidl_generator_py/customized_srv_msg/msg/_num_s.c.o[0m
[4.683s] [ 82%] [32mBuilding C object CMakeFiles/customized_srv_msg__python.dir/rosidl_generator_py/customized_srv_msg/action/_fibonacci_s.c.o[0m
[4.683s] [ 85%] [32mBuilding C object CMakeFiles/customized_srv_msg__python.dir/rosidl_generator_py/customized_srv_msg/srv/_add_three_ints_s.c.o[0m
[4.813s] [ 87%] [32m[1mLinking C shared library rosidl_generator_py/customized_srv_msg/libcustomized_srv_msg__python.so[0m
[4.858s] [ 87%] Built target customized_srv_msg__python
[4.871s] [35m[1mScanning dependencies of target customized_srv_msg__rosidl_typesupport_fastrtps_c__pyext[0m
[4.871s] [35m[1mScanning dependencies of target customized_srv_msg__rosidl_typesupport_c__pyext[0m
[4.871s] [35m[1mScanning dependencies of target customized_srv_msg__rosidl_typesupport_introspection_c__pyext[0m
[4.889s] [ 89%] [32mBuilding C object CMakeFiles/customized_srv_msg__rosidl_typesupport_c__pyext.dir/rosidl_generator_py/customized_srv_msg/_customized_srv_msg_s.ep.rosidl_typesupport_c.c.o[0m
[4.889s] [ 91%] [32mBuilding C object CMakeFiles/customized_srv_msg__rosidl_typesupport_introspection_c__pyext.dir/rosidl_generator_py/customized_srv_msg/_customized_srv_msg_s.ep.rosidl_typesupport_introspection_c.c.o[0m
[4.891s] [ 93%] [32mBuilding C object CMakeFiles/customized_srv_msg__rosidl_typesupport_fastrtps_c__pyext.dir/rosidl_generator_py/customized_srv_msg/_customized_srv_msg_s.ep.rosidl_typesupport_fastrtps_c.c.o[0m
[5.001s] [ 97%] [32m[1mLinking C shared library rosidl_generator_py/customized_srv_msg/customized_srv_msg_s__rosidl_typesupport_c.cpython-38-x86_64-linux-gnu.so[0m
[5.002s] [ 97%] [32m[1mLinking C shared library rosidl_generator_py/customized_srv_msg/customized_srv_msg_s__rosidl_typesupport_introspection_c.cpython-38-x86_64-linux-gnu.so[0m
[5.008s] [100%] [32m[1mLinking CXX shared library rosidl_generator_py/customized_srv_msg/customized_srv_msg_s__rosidl_typesupport_fastrtps_c.cpython-38-x86_64-linux-gnu.so[0m
[5.043s] [100%] Built target customized_srv_msg__rosidl_typesupport_c__pyext
[5.043s] [100%] Built target customized_srv_msg__rosidl_typesupport_introspection_c__pyext
[5.076s] [100%] Built target customized_srv_msg__rosidl_typesupport_fastrtps_c__pyext
[5.089s] Invoked command in '/home/ghani/my_ws/build/customized_srv_msg' returned '0': CMAKE_PREFIX_PATH=/opt/ros/galactic /usr/bin/cmake --build /home/ghani/my_ws/build/customized_srv_msg -- -j6 -l6
[5.254s] Invoking command in '/home/ghani/my_ws/build/customized_srv_msg': CMAKE_PREFIX_PATH=/opt/ros/galactic /usr/bin/cmake --install /home/ghani/my_ws/build/customized_srv_msg
[5.263s] -- Install configuration: ""
[5.263s] -- Up-to-date: /home/ghani/my_ws/install/customized_srv_msg/share/ament_index/resource_index/rosidl_interfaces/customized_srv_msg
[5.264s] -- Up-to-date: /home/ghani/my_ws/install/customized_srv_msg/include/customized_srv_msg
[5.264s] -- Up-to-date: /home/ghani/my_ws/install/customized_srv_msg/include/customized_srv_msg/srv
[5.264s] -- Installing: /home/ghani/my_ws/install/customized_srv_msg/include/customized_srv_msg/srv/add_three_ints.h
[5.264s] -- Up-to-date: /home/ghani/my_ws/install/customized_srv_msg/include/customized_srv_msg/srv/detail
[5.264s] -- Installing: /home/ghani/my_ws/install/customized_srv_msg/include/customized_srv_msg/srv/detail/add_three_ints__functions.h
[5.265s] -- Installing: /home/ghani/my_ws/install/customized_srv_msg/include/customized_srv_msg/srv/detail/add_three_ints__functions.c
[5.265s] -- Installing: /home/ghani/my_ws/install/customized_srv_msg/include/customized_srv_msg/srv/detail/add_three_ints__type_support.h
[5.265s] -- Installing: /home/ghani/my_ws/install/customized_srv_msg/include/customized_srv_msg/srv/detail/add_three_ints__struct.h
[5.265s] -- Up-to-date: /home/ghani/my_ws/install/customized_srv_msg/include/customized_srv_msg/action
[5.265s] -- Up-to-date: /home/ghani/my_ws/install/customized_srv_msg/include/customized_srv_msg/action/goal.h
[5.265s] -- Installing: /home/ghani/my_ws/install/customized_srv_msg/include/customized_srv_msg/action/fibonacci.h
[5.265s] -- Up-to-date: /home/ghani/my_ws/install/customized_srv_msg/include/customized_srv_msg/action/detail
[5.266s] -- Up-to-date: /home/ghani/my_ws/install/customized_srv_msg/include/customized_srv_msg/action/detail/goal__functions.h
[5.266s] -- Installing: /home/ghani/my_ws/install/customized_srv_msg/include/customized_srv_msg/action/detail/fibonacci__functions.c
[5.266s] -- Installing: /home/ghani/my_ws/install/customized_srv_msg/include/customized_srv_msg/action/detail/fibonacci__type_support.h
[5.266s] -- Up-to-date: /home/ghani/my_ws/install/customized_srv_msg/include/customized_srv_msg/action/detail/goal__functions.c
[5.267s] -- Up-to-date: /home/ghani/my_ws/install/customized_srv_msg/include/customized_srv_msg/action/detail/goal__struct.h
[5.267s] -- Installing: /home/ghani/my_ws/install/customized_srv_msg/include/customized_srv_msg/action/detail/fibonacci__functions.h
[5.267s] -- Installing: /home/ghani/my_ws/install/customized_srv_msg/include/customized_srv_msg/action/detail/fibonacci__struct.h
[5.267s] -- Up-to-date: /home/ghani/my_ws/install/customized_srv_msg/include/customized_srv_msg/action/detail/goal__type_support.h
[5.267s] -- Up-to-date: /home/ghani/my_ws/install/customized_srv_msg/include/customized_srv_msg/msg
[5.268s] -- Up-to-date: /home/ghani/my_ws/install/customized_srv_msg/include/customized_srv_msg/msg/rosidl_generator_c__visibility_control.h
[5.268s] -- Installing: /home/ghani/my_ws/install/customized_srv_msg/include/customized_srv_msg/msg/num.h
[5.268s] -- Up-to-date: /home/ghani/my_ws/install/customized_srv_msg/include/customized_srv_msg/msg/detail
[5.268s] -- Installing: /home/ghani/my_ws/install/customized_srv_msg/include/customized_srv_msg/msg/detail/num__struct.h
[5.268s] -- Installing: /home/ghani/my_ws/install/customized_srv_msg/include/customized_srv_msg/msg/detail/num__type_support.h
[5.268s] -- Installing: /home/ghani/my_ws/install/customized_srv_msg/include/customized_srv_msg/msg/detail/num__functions.c
[5.268s] -- Installing: /home/ghani/my_ws/install/customized_srv_msg/include/customized_srv_msg/msg/detail/num__functions.h
[5.268s] -- Up-to-date: /home/ghani/my_ws/install/customized_srv_msg/share/customized_srv_msg/environment/library_path.sh
[5.268s] -- Installing: /home/ghani/my_ws/install/customized_srv_msg/share/customized_srv_msg/environment/library_path.dsv
[5.268s] -- Installing: /home/ghani/my_ws/install/customized_srv_msg/lib/libcustomized_srv_msg__rosidl_generator_c.so
[5.268s] -- Set runtime path of "/home/ghani/my_ws/install/customized_srv_msg/lib/libcustomized_srv_msg__rosidl_generator_c.so" to ""
[5.268s] -- Up-to-date: /home/ghani/my_ws/install/customized_srv_msg/include/customized_srv_msg
[5.269s] -- Up-to-date: /home/ghani/my_ws/install/customized_srv_msg/include/customized_srv_msg/srv
[5.269s] -- Up-to-date: /home/ghani/my_ws/install/customized_srv_msg/include/customized_srv_msg/srv/detail
[5.269s] -- Installing: /home/ghani/my_ws/install/customized_srv_msg/include/customized_srv_msg/srv/detail/add_three_ints__rosidl_typesupport_fastrtps_c.h
[5.269s] -- Up-to-date: /home/ghani/my_ws/install/customized_srv_msg/include/customized_srv_msg/action
[5.269s] -- Up-to-date: /home/ghani/my_ws/install/customized_srv_msg/include/customized_srv_msg/action/detail
[5.270s] -- Installing: /home/ghani/my_ws/install/customized_srv_msg/include/customized_srv_msg/action/detail/fibonacci__rosidl_typesupport_fastrtps_c.h
[5.270s] -- Up-to-date: /home/ghani/my_ws/install/customized_srv_msg/include/customized_srv_msg/msg
[5.270s] -- Up-to-date: /home/ghani/my_ws/install/customized_srv_msg/include/customized_srv_msg/msg/rosidl_typesupport_fastrtps_c__visibility_control.h
[5.270s] -- Up-to-date: /home/ghani/my_ws/install/customized_srv_msg/include/customized_srv_msg/msg/detail
[5.270s] -- Installing: /home/ghani/my_ws/install/customized_srv_msg/include/customized_srv_msg/msg/detail/num__rosidl_typesupport_fastrtps_c.h
[5.271s] -- Installing: /home/ghani/my_ws/install/customized_srv_msg/lib/libcustomized_srv_msg__rosidl_typesupport_fastrtps_c.so
[5.271s] -- Set runtime path of "/home/ghani/my_ws/install/customized_srv_msg/lib/libcustomized_srv_msg__rosidl_typesupport_fastrtps_c.so" to ""
[5.271s] -- Up-to-date: /home/ghani/my_ws/install/customized_srv_msg/include/customized_srv_msg
[5.271s] -- Up-to-date: /home/ghani/my_ws/install/customized_srv_msg/include/customized_srv_msg/srv
[5.271s] -- Up-to-date: /home/ghani/my_ws/install/customized_srv_msg/include/customized_srv_msg/srv/detail
[5.271s] -- Up-to-date: /home/ghani/my_ws/install/customized_srv_msg/include/customized_srv_msg/srv/detail/dds_fastrtps
[5.272s] -- Installing: /home/ghani/my_ws/install/customized_srv_msg/include/customized_srv_msg/srv/detail/add_three_ints__rosidl_typesupport_fastrtps_cpp.hpp
[5.272s] -- Up-to-date: /home/ghani/my_ws/install/customized_srv_msg/include/customized_srv_msg/action
[5.272s] -- Up-to-date: /home/ghani/my_ws/install/customized_srv_msg/include/customized_srv_msg/action/detail
[5.272s] -- Up-to-date: /home/ghani/my_ws/install/customized_srv_msg/include/customized_srv_msg/action/detail/dds_fastrtps
[5.272s] -- Up-to-date: /home/ghani/my_ws/install/customized_srv_msg/include/customized_srv_msg/action/detail/goal__rosidl_typesupport_fastrtps_cpp.hpp
[5.272s] -- Installing: /home/ghani/my_ws/install/customized_srv_msg/include/customized_srv_msg/action/detail/fibonacci__rosidl_typesupport_fastrtps_cpp.hpp
[5.272s] -- Up-to-date: /home/ghani/my_ws/install/customized_srv_msg/include/customized_srv_msg/msg
[5.272s] -- Up-to-date: /home/ghani/my_ws/install/customized_srv_msg/include/customized_srv_msg/msg/rosidl_typesupport_fastrtps_cpp__visibility_control.h
[5.272s] -- Up-to-date: /home/ghani/my_ws/install/customized_srv_msg/include/customized_srv_msg/msg/detail
[5.273s] -- Installing: /home/ghani/my_ws/install/customized_srv_msg/include/customized_srv_msg/msg/detail/num__rosidl_typesupport_fastrtps_cpp.hpp
[5.273s] -- Up-to-date: /home/ghani/my_ws/install/customized_srv_msg/include/customized_srv_msg/msg/detail/dds_fastrtps
[5.273s] -- Installing: /home/ghani/my_ws/install/customized_srv_msg/lib/libcustomized_srv_msg__rosidl_typesupport_fastrtps_cpp.so
[5.273s] -- Set runtime path of "/home/ghani/my_ws/install/customized_srv_msg/lib/libcustomized_srv_msg__rosidl_typesupport_fastrtps_cpp.so" to ""
[5.273s] -- Up-to-date: /home/ghani/my_ws/install/customized_srv_msg/include/customized_srv_msg
[5.274s] -- Up-to-date: /home/ghani/my_ws/install/customized_srv_msg/include/customized_srv_msg/srv
[5.274s] -- Up-to-date: /home/ghani/my_ws/install/customized_srv_msg/include/customized_srv_msg/srv/detail
[5.274s] -- Installing: /home/ghani/my_ws/install/customized_srv_msg/include/customized_srv_msg/srv/detail/add_three_ints__rosidl_typesupport_introspection_c.h
[5.274s] -- Installing: /home/ghani/my_ws/install/customized_srv_msg/include/customized_srv_msg/srv/detail/add_three_ints__type_support.c
[5.274s] -- Up-to-date: /home/ghani/my_ws/install/customized_srv_msg/include/customized_srv_msg/action
[5.274s] -- Up-to-date: /home/ghani/my_ws/install/customized_srv_msg/include/customized_srv_msg/action/detail
[5.275s] -- Up-to-date: /home/ghani/my_ws/install/customized_srv_msg/include/customized_srv_msg/action/detail/goal__rosidl_typesupport_introspection_c.h
[5.275s] -- Up-to-date: /home/ghani/my_ws/install/customized_srv_msg/include/customized_srv_msg/action/detail/goal__type_support.c
[5.275s] -- Installing: /home/ghani/my_ws/install/customized_srv_msg/include/customized_srv_msg/action/detail/fibonacci__type_support.c
[5.275s] -- Installing: /home/ghani/my_ws/install/customized_srv_msg/include/customized_srv_msg/action/detail/fibonacci__rosidl_typesupport_introspection_c.h
[5.276s] -- Up-to-date: /home/ghani/my_ws/install/customized_srv_msg/include/customized_srv_msg/msg
[5.276s] -- Up-to-date: /home/ghani/my_ws/install/customized_srv_msg/include/customized_srv_msg/msg/rosidl_typesupport_introspection_c__visibility_control.h
[5.276s] -- Up-to-date: /home/ghani/my_ws/install/customized_srv_msg/include/customized_srv_msg/msg/detail
[5.276s] -- Installing: /home/ghani/my_ws/install/customized_srv_msg/include/customized_srv_msg/msg/detail/num__type_support.c
[5.276s] -- Installing: /home/ghani/my_ws/install/customized_srv_msg/include/customized_srv_msg/msg/detail/num__rosidl_typesupport_introspection_c.h
[5.276s] -- Installing: /home/ghani/my_ws/install/customized_srv_msg/lib/libcustomized_srv_msg__rosidl_typesupport_introspection_c.so
[5.277s] -- Set runtime path of "/home/ghani/my_ws/install/customized_srv_msg/lib/libcustomized_srv_msg__rosidl_typesupport_introspection_c.so" to ""
[5.277s] -- Installing: /home/ghani/my_ws/install/customized_srv_msg/lib/libcustomized_srv_msg__rosidl_typesupport_c.so
[5.277s] -- Set runtime path of "/home/ghani/my_ws/install/customized_srv_msg/lib/libcustomized_srv_msg__rosidl_typesupport_c.so" to ""
[5.277s] -- Up-to-date: /home/ghani/my_ws/install/customized_srv_msg/include/customized_srv_msg
[5.277s] -- Up-to-date: /home/ghani/my_ws/install/customized_srv_msg/include/customized_srv_msg/srv
[5.277s] -- Installing: /home/ghani/my_ws/install/customized_srv_msg/include/customized_srv_msg/srv/add_three_ints.hpp
[5.277s] -- Up-to-date: /home/ghani/my_ws/install/customized_srv_msg/include/customized_srv_msg/srv/detail
[5.277s] -- Installing: /home/ghani/my_ws/install/customized_srv_msg/include/customized_srv_msg/srv/detail/add_three_ints__builder.hpp
[5.277s] -- Installing: /home/ghani/my_ws/install/customized_srv_msg/include/customized_srv_msg/srv/detail/add_three_ints__struct.hpp
[5.278s] -- Installing: /home/ghani/my_ws/install/customized_srv_msg/include/customized_srv_msg/srv/detail/add_three_ints__traits.hpp
[5.278s] -- Up-to-date: /home/ghani/my_ws/install/customized_srv_msg/include/customized_srv_msg/action
[5.278s] -- Installing: /home/ghani/my_ws/install/customized_srv_msg/include/customized_srv_msg/action/fibonacci.hpp
[5.278s] -- Up-to-date: /home/ghani/my_ws/install/customized_srv_msg/include/customized_srv_msg/action/goal.hpp
[5.278s] -- Up-to-date: /home/ghani/my_ws/install/customized_srv_msg/include/customized_srv_msg/action/detail
[5.278s] -- Up-to-date: /home/ghani/my_ws/install/customized_srv_msg/include/customized_srv_msg/action/detail/goal__builder.hpp
[5.278s] -- Up-to-date: /home/ghani/my_ws/install/customized_srv_msg/include/customized_srv_msg/action/detail/goal__traits.hpp
[5.278s] -- Installing: /home/ghani/my_ws/install/customized_srv_msg/include/customized_srv_msg/action/detail/fibonacci__struct.hpp
[5.278s] -- Installing: /home/ghani/my_ws/install/customized_srv_msg/include/customized_srv_msg/action/detail/fibonacci__traits.hpp
[5.278s] -- Installing: /home/ghani/my_ws/install/customized_srv_msg/include/customized_srv_msg/action/detail/fibonacci__builder.hpp
[5.278s] -- Up-to-date: /home/ghani/my_ws/install/customized_srv_msg/include/customized_srv_msg/action/detail/goal__struct.hpp
[5.278s] -- Up-to-date: /home/ghani/my_ws/install/customized_srv_msg/include/customized_srv_msg/msg
[5.278s] -- Installing: /home/ghani/my_ws/install/customized_srv_msg/include/customized_srv_msg/msg/num.hpp
[5.278s] -- Up-to-date: /home/ghani/my_ws/install/customized_srv_msg/include/customized_srv_msg/msg/detail
[5.278s] -- Installing: /home/ghani/my_ws/install/customized_srv_msg/include/customized_srv_msg/msg/detail/num__struct.hpp
[5.278s] -- Installing: /home/ghani/my_ws/install/customized_srv_msg/include/customized_srv_msg/msg/detail/num__builder.hpp
[5.278s] -- Installing: /home/ghani/my_ws/install/customized_srv_msg/include/customized_srv_msg/msg/detail/num__traits.hpp
[5.278s] -- Up-to-date: /home/ghani/my_ws/install/customized_srv_msg/include/customized_srv_msg
[5.279s] -- Up-to-date: /home/ghani/my_ws/install/customized_srv_msg/include/customized_srv_msg/srv
[5.279s] -- Up-to-date: /home/ghani/my_ws/install/customized_srv_msg/include/customized_srv_msg/srv/detail
[5.279s] -- Installing: /home/ghani/my_ws/install/customized_srv_msg/include/customized_srv_msg/srv/detail/add_three_ints__rosidl_typesupport_introspection_cpp.hpp
[5.279s] -- Installing: /home/ghani/my_ws/install/customized_srv_msg/include/customized_srv_msg/srv/detail/add_three_ints__type_support.cpp
[5.279s] -- Up-to-date: /home/ghani/my_ws/install/customized_srv_msg/include/customized_srv_msg/action
[5.279s] -- Up-to-date: /home/ghani/my_ws/install/customized_srv_msg/include/customized_srv_msg/action/detail
[5.279s] -- Up-to-date: /home/ghani/my_ws/install/customized_srv_msg/include/customized_srv_msg/action/detail/goal__type_support.cpp
[5.279s] -- Installing: /home/ghani/my_ws/install/customized_srv_msg/include/customized_srv_msg/action/detail/fibonacci__type_support.cpp
[5.279s] -- Installing: /home/ghani/my_ws/install/customized_srv_msg/include/customized_srv_msg/action/detail/fibonacci__rosidl_typesupport_introspection_cpp.hpp
[5.279s] -- Up-to-date: /home/ghani/my_ws/install/customized_srv_msg/include/customized_srv_msg/action/detail/goal__rosidl_typesupport_introspection_cpp.hpp
[5.279s] -- Up-to-date: /home/ghani/my_ws/install/customized_srv_msg/include/customized_srv_msg/msg
[5.279s] -- Up-to-date: /home/ghani/my_ws/install/customized_srv_msg/include/customized_srv_msg/msg/detail
[5.279s] -- Installing: /home/ghani/my_ws/install/customized_srv_msg/include/customized_srv_msg/msg/detail/num__type_support.cpp
[5.279s] -- Installing: /home/ghani/my_ws/install/customized_srv_msg/include/customized_srv_msg/msg/detail/num__rosidl_typesupport_introspection_cpp.hpp
[5.279s] -- Installing: /home/ghani/my_ws/install/customized_srv_msg/lib/libcustomized_srv_msg__rosidl_typesupport_introspection_cpp.so
[5.279s] -- Set runtime path of "/home/ghani/my_ws/install/customized_srv_msg/lib/libcustomized_srv_msg__rosidl_typesupport_introspection_cpp.so" to ""
[5.279s] -- Installing: /home/ghani/my_ws/install/customized_srv_msg/lib/libcustomized_srv_msg__rosidl_typesupport_cpp.so
[5.279s] -- Set runtime path of "/home/ghani/my_ws/install/customized_srv_msg/lib/libcustomized_srv_msg__rosidl_typesupport_cpp.so" to ""
[5.279s] -- Up-to-date: /home/ghani/my_ws/install/customized_srv_msg/share/customized_srv_msg/environment/pythonpath.sh
[5.279s] -- Installing: /home/ghani/my_ws/install/customized_srv_msg/share/customized_srv_msg/environment/pythonpath.dsv
[5.280s] -- Installing: /home/ghani/my_ws/install/customized_srv_msg/lib/python3.8/site-packages/customized_srv_msg/__init__.py
[5.303s] Compiling '/home/ghani/my_ws/install/customized_srv_msg/lib/python3.8/site-packages/customized_srv_msg/__init__.py'...
[5.307s] -- Up-to-date: /home/ghani/my_ws/install/customized_srv_msg/lib/python3.8/site-packages/customized_srv_msg/msg
[5.308s] -- Installing: /home/ghani/my_ws/install/customized_srv_msg/lib/python3.8/site-packages/customized_srv_msg/msg/_num_s.c
[5.308s] -- Installing: /home/ghani/my_ws/install/customized_srv_msg/lib/python3.8/site-packages/customized_srv_msg/msg/__init__.py
[5.309s] -- Installing: /home/ghani/my_ws/install/customized_srv_msg/lib/python3.8/site-packages/customized_srv_msg/msg/_num.py
[5.309s] -- Up-to-date: /home/ghani/my_ws/install/customized_srv_msg/lib/python3.8/site-packages/customized_srv_msg/srv
[5.309s] -- Installing: /home/ghani/my_ws/install/customized_srv_msg/lib/python3.8/site-packages/customized_srv_msg/srv/_add_three_ints.py
[5.309s] -- Installing: /home/ghani/my_ws/install/customized_srv_msg/lib/python3.8/site-packages/customized_srv_msg/srv/__init__.py
[5.309s] -- Installing: /home/ghani/my_ws/install/customized_srv_msg/lib/python3.8/site-packages/customized_srv_msg/srv/_add_three_ints_s.c
[5.310s] -- Up-to-date: /home/ghani/my_ws/install/customized_srv_msg/lib/python3.8/site-packages/customized_srv_msg/action
[5.310s] -- Installing: /home/ghani/my_ws/install/customized_srv_msg/lib/python3.8/site-packages/customized_srv_msg/action/__init__.py
[5.310s] -- Installing: /home/ghani/my_ws/install/customized_srv_msg/lib/python3.8/site-packages/customized_srv_msg/action/_fibonacci_s.c
[5.310s] -- Installing: /home/ghani/my_ws/install/customized_srv_msg/lib/python3.8/site-packages/customized_srv_msg/action/_fibonacci.py
[5.310s] -- Installing: /home/ghani/my_ws/install/customized_srv_msg/lib/python3.8/site-packages/customized_srv_msg/customized_srv_msg_s__rosidl_typesupport_fastrtps_c.cpython-38-x86_64-linux-gnu.so
[5.310s] -- Set runtime path of "/home/ghani/my_ws/install/customized_srv_msg/lib/python3.8/site-packages/customized_srv_msg/customized_srv_msg_s__rosidl_typesupport_fastrtps_c.cpython-38-x86_64-linux-gnu.so" to ""
[5.311s] -- Installing: /home/ghani/my_ws/install/customized_srv_msg/lib/python3.8/site-packages/customized_srv_msg/customized_srv_msg_s__rosidl_typesupport_introspection_c.cpython-38-x86_64-linux-gnu.so
[5.311s] -- Set runtime path of "/home/ghani/my_ws/install/customized_srv_msg/lib/python3.8/site-packages/customized_srv_msg/customized_srv_msg_s__rosidl_typesupport_introspection_c.cpython-38-x86_64-linux-gnu.so" to ""
[5.312s] -- Installing: /home/ghani/my_ws/install/customized_srv_msg/lib/python3.8/site-packages/customized_srv_msg/customized_srv_msg_s__rosidl_typesupport_c.cpython-38-x86_64-linux-gnu.so
[5.312s] -- Set runtime path of "/home/ghani/my_ws/install/customized_srv_msg/lib/python3.8/site-packages/customized_srv_msg/customized_srv_msg_s__rosidl_typesupport_c.cpython-38-x86_64-linux-gnu.so" to ""
[5.312s] -- Installing: /home/ghani/my_ws/install/customized_srv_msg/lib/libcustomized_srv_msg__python.so
[5.313s] -- Set runtime path of "/home/ghani/my_ws/install/customized_srv_msg/lib/libcustomized_srv_msg__python.so" to ""
[5.313s] -- Up-to-date: /home/ghani/my_ws/install/customized_srv_msg/share/customized_srv_msg/msg/Num.idl
[5.313s] -- Up-to-date: /home/ghani/my_ws/install/customized_srv_msg/share/customized_srv_msg/srv/AddThreeInts.idl
[5.314s] -- Installing: /home/ghani/my_ws/install/customized_srv_msg/share/customized_srv_msg/action/Fibonacci.idl
[5.314s] -- Up-to-date: /home/ghani/my_ws/install/customized_srv_msg/share/customized_srv_msg/msg/Num.msg
[5.314s] -- Up-to-date: /home/ghani/my_ws/install/customized_srv_msg/share/customized_srv_msg/srv/AddThreeInts.srv
[5.314s] -- Up-to-date: /home/ghani/my_ws/install/customized_srv_msg/share/customized_srv_msg/srv/AddThreeInts_Request.msg
[5.314s] -- Up-to-date: /home/ghani/my_ws/install/customized_srv_msg/share/customized_srv_msg/srv/AddThreeInts_Response.msg
[5.315s] -- Installing: /home/ghani/my_ws/install/customized_srv_msg/share/customized_srv_msg/action/Fibonacci.action
[5.315s] -- Up-to-date: /home/ghani/my_ws/install/customized_srv_msg/share/ament_index/resource_index/package_run_dependencies/customized_srv_msg
[5.315s] -- Up-to-date: /home/ghani/my_ws/install/customized_srv_msg/share/ament_index/resource_index/parent_prefix_path/customized_srv_msg
[5.316s] -- Up-to-date: /home/ghani/my_ws/install/customized_srv_msg/share/customized_srv_msg/environment/ament_prefix_path.sh
[5.316s] -- Installing: /home/ghani/my_ws/install/customized_srv_msg/share/customized_srv_msg/environment/ament_prefix_path.dsv
[5.316s] -- Up-to-date: /home/ghani/my_ws/install/customized_srv_msg/share/customized_srv_msg/environment/path.sh
[5.316s] -- Installing: /home/ghani/my_ws/install/customized_srv_msg/share/customized_srv_msg/environment/path.dsv
[5.316s] -- Up-to-date: /home/ghani/my_ws/install/customized_srv_msg/share/customized_srv_msg/local_setup.bash
[5.316s] -- Up-to-date: /home/ghani/my_ws/install/customized_srv_msg/share/customized_srv_msg/local_setup.sh
[5.316s] -- Up-to-date: /home/ghani/my_ws/install/customized_srv_msg/share/customized_srv_msg/local_setup.zsh
[5.316s] -- Installing: /home/ghani/my_ws/install/customized_srv_msg/share/customized_srv_msg/local_setup.dsv
[5.317s] -- Installing: /home/ghani/my_ws/install/customized_srv_msg/share/customized_srv_msg/package.dsv
[5.317s] -- Up-to-date: /home/ghani/my_ws/install/customized_srv_msg/share/ament_index/resource_index/packages/customized_srv_msg
[5.317s] -- Up-to-date: /home/ghani/my_ws/install/customized_srv_msg/share/customized_srv_msg/cmake/customized_srv_msg__rosidl_generator_cExport.cmake
[5.317s] -- Installing: /home/ghani/my_ws/install/customized_srv_msg/share/customized_srv_msg/cmake/customized_srv_msg__rosidl_generator_cExport-noconfig.cmake
[5.317s] -- Up-to-date: /home/ghani/my_ws/install/customized_srv_msg/share/customized_srv_msg/cmake/customized_srv_msg__rosidl_typesupport_introspection_cExport.cmake
[5.317s] -- Installing: /home/ghani/my_ws/install/customized_srv_msg/share/customized_srv_msg/cmake/customized_srv_msg__rosidl_typesupport_introspection_cExport-noconfig.cmake
[5.317s] -- Up-to-date: /home/ghani/my_ws/install/customized_srv_msg/share/customized_srv_msg/cmake/customized_srv_msg__rosidl_typesupport_cExport.cmake
[5.317s] -- Installing: /home/ghani/my_ws/install/customized_srv_msg/share/customized_srv_msg/cmake/customized_srv_msg__rosidl_typesupport_cExport-noconfig.cmake
[5.318s] -- Up-to-date: /home/ghani/my_ws/install/customized_srv_msg/share/customized_srv_msg/cmake/customized_srv_msg__rosidl_generator_cppExport.cmake
[5.318s] -- Up-to-date: /home/ghani/my_ws/install/customized_srv_msg/share/customized_srv_msg/cmake/customized_srv_msg__rosidl_typesupport_introspection_cppExport.cmake
[5.318s] -- Installing: /home/ghani/my_ws/install/customized_srv_msg/share/customized_srv_msg/cmake/customized_srv_msg__rosidl_typesupport_introspection_cppExport-noconfig.cmake
[5.318s] -- Up-to-date: /home/ghani/my_ws/install/customized_srv_msg/share/customized_srv_msg/cmake/customized_srv_msg__rosidl_typesupport_cppExport.cmake
[5.318s] -- Installing: /home/ghani/my_ws/install/customized_srv_msg/share/customized_srv_msg/cmake/customized_srv_msg__rosidl_typesupport_cppExport-noconfig.cmake
[5.318s] -- Up-to-date: /home/ghani/my_ws/install/customized_srv_msg/share/customized_srv_msg/cmake/rosidl_cmake-extras.cmake
[5.318s] -- Up-to-date: /home/ghani/my_ws/install/customized_srv_msg/share/customized_srv_msg/cmake/ament_cmake_export_dependencies-extras.cmake
[5.318s] -- Up-to-date: /home/ghani/my_ws/install/customized_srv_msg/share/customized_srv_msg/cmake/ament_cmake_export_libraries-extras.cmake
[5.318s] -- Up-to-date: /home/ghani/my_ws/install/customized_srv_msg/share/customized_srv_msg/cmake/ament_cmake_export_targets-extras.cmake
[5.318s] -- Up-to-date: /home/ghani/my_ws/install/customized_srv_msg/share/customized_srv_msg/cmake/ament_cmake_export_include_directories-extras.cmake
[5.318s] -- Up-to-date: /home/ghani/my_ws/install/customized_srv_msg/share/customized_srv_msg/cmake/rosidl_cmake_export_typesupport_libraries-extras.cmake
[5.318s] -- Up-to-date: /home/ghani/my_ws/install/customized_srv_msg/share/customized_srv_msg/cmake/rosidl_cmake_export_typesupport_targets-extras.cmake
[5.318s] -- Up-to-date: /home/ghani/my_ws/install/customized_srv_msg/share/customized_srv_msg/cmake/customized_srv_msgConfig.cmake
[5.319s] -- Up-to-date: /home/ghani/my_ws/install/customized_srv_msg/share/customized_srv_msg/cmake/customized_srv_msgConfig-version.cmake
[5.319s] -- Up-to-date: /home/ghani/my_ws/install/customized_srv_msg/share/customized_srv_msg/package.xml
[5.323s] Invoked command in '/home/ghani/my_ws/build/customized_srv_msg' returned '0': CMAKE_PREFIX_PATH=/opt/ros/galactic /usr/bin/cmake --install /home/ghani/my_ws/build/customized_srv_msg
