/home/ghani/my_ws/install/controller_py/lib/python3.8/site-packages/controller_py/controller.py
/home/ghani/my_ws/install/controller_py/lib/python3.8/site-packages/controller_py/__init__.py
/home/ghani/my_ws/install/controller_py/lib/python3.8/site-packages/controller_py/action_controller.py
/home/ghani/my_ws/install/controller_py/lib/python3.8/site-packages/controller_py/client.py
/home/ghani/my_ws/install/controller_py/lib/python3.8/site-packages/controller_py/__pycache__/controller.cpython-38.pyc
/home/ghani/my_ws/install/controller_py/lib/python3.8/site-packages/controller_py/__pycache__/__init__.cpython-38.pyc
/home/ghani/my_ws/install/controller_py/lib/python3.8/site-packages/controller_py/__pycache__/action_controller.cpython-38.pyc
/home/ghani/my_ws/install/controller_py/lib/python3.8/site-packages/controller_py/__pycache__/client.cpython-38.pyc
/home/ghani/my_ws/install/controller_py/share/ament_index/resource_index/packages/controller_py
/home/ghani/my_ws/install/controller_py/share/controller_py/package.xml
/home/ghani/my_ws/install/controller_py/lib/python3.8/site-packages/controller_py-0.0.0-py3.8.egg-info/PKG-INFO
/home/ghani/my_ws/install/controller_py/lib/python3.8/site-packages/controller_py-0.0.0-py3.8.egg-info/SOURCES.txt
/home/ghani/my_ws/install/controller_py/lib/python3.8/site-packages/controller_py-0.0.0-py3.8.egg-info/dependency_links.txt
/home/ghani/my_ws/install/controller_py/lib/python3.8/site-packages/controller_py-0.0.0-py3.8.egg-info/zip-safe
/home/ghani/my_ws/install/controller_py/lib/python3.8/site-packages/controller_py-0.0.0-py3.8.egg-info/top_level.txt
/home/ghani/my_ws/install/controller_py/lib/python3.8/site-packages/controller_py-0.0.0-py3.8.egg-info/requires.txt
/home/ghani/my_ws/install/controller_py/lib/python3.8/site-packages/controller_py-0.0.0-py3.8.egg-info/entry_points.txt
/home/ghani/my_ws/install/controller_py/lib/controller_py/py_action_controller
/home/ghani/my_ws/install/controller_py/lib/controller_py/py_client
/home/ghani/my_ws/install/controller_py/lib/controller_py/py_controller
