[0.557s] Invoking command in '/home/ghani/my_ws/src/py_srvcli': PYTHONPATH=/home/ghani/my_ws/install/py_srvcli/lib/python3.8/site-packages:${PYTHONPATH} /usr/bin/python3 setup.py egg_info --egg-base ../../build/py_srvcli build --build-base /home/ghani/my_ws/build/py_srvcli/build install --prefix /home/ghani/my_ws/install/py_srvcli --record /home/ghani/my_ws/build/py_srvcli/install.log --single-version-externally-managed
[0.735s] running egg_info
[0.736s] writing ../../build/py_srvcli/py_srvcli.egg-info/PKG-INFO
[0.736s] writing dependency_links to ../../build/py_srvcli/py_srvcli.egg-info/dependency_links.txt
[0.737s] writing entry points to ../../build/py_srvcli/py_srvcli.egg-info/entry_points.txt
[0.737s] writing requirements to ../../build/py_srvcli/py_srvcli.egg-info/requires.txt
[0.738s] writing top-level names to ../../build/py_srvcli/py_srvcli.egg-info/top_level.txt
[0.769s] reading manifest file '../../build/py_srvcli/py_srvcli.egg-info/SOURCES.txt'
[0.770s] writing manifest file '../../build/py_srvcli/py_srvcli.egg-info/SOURCES.txt'
[0.770s] running build
[0.770s] running build_py
[0.770s] running install
[0.771s] running install_lib
[0.772s] running install_data
[0.773s] running install_egg_info
[0.775s] removing '/home/ghani/my_ws/install/py_srvcli/lib/python3.8/site-packages/py_srvcli-0.0.0-py3.8.egg-info' (and everything under it)
[0.775s] Copying ../../build/py_srvcli/py_srvcli.egg-info to /home/ghani/my_ws/install/py_srvcli/lib/python3.8/site-packages/py_srvcli-0.0.0-py3.8.egg-info
[0.775s] running install_scripts
[0.791s] Installing client script to /home/ghani/my_ws/install/py_srvcli/lib/py_srvcli
[0.791s] Installing service script to /home/ghani/my_ws/install/py_srvcli/lib/py_srvcli
[0.792s] writing list of installed files to '/home/ghani/my_ws/build/py_srvcli/install.log'
[0.819s] Invoked command in '/home/ghani/my_ws/src/py_srvcli' returned '0': PYTHONPATH=/home/ghani/my_ws/install/py_srvcli/lib/python3.8/site-packages:${PYTHONPATH} /usr/bin/python3 setup.py egg_info --egg-base ../../build/py_srvcli build --build-base /home/ghani/my_ws/build/py_srvcli/build install --prefix /home/ghani/my_ws/install/py_srvcli --record /home/ghani/my_ws/build/py_srvcli/install.log --single-version-externally-managed
