[0.022s] Invoking command in '/home/ghani/my_ws/build/cpp_new': AMENT_PREFIX_PATH=/home/ghani/my_ws/install/customized_srv_msg:${AMENT_PREFIX_PATH} CMAKE_PREFIX_PATH=/home/ghani/my_ws/install/customized_srv_msg:/opt/ros/galactic LD_LIBRARY_PATH=/home/ghani/my_ws/install/customized_srv_msg/lib:${LD_LIBRARY_PATH} PYTHONPATH=/home/ghani/my_ws/install/customized_srv_msg/lib/python3.8/site-packages:${PYTHONPATH} /usr/bin/cmake --build /home/ghani/my_ws/build/cpp_new -- -j6 -l6
[0.048s] -- Found ament_cmake: 1.1.5 (/opt/ros/galactic/share/ament_cmake/cmake)
[0.080s] -- Using PYTHON_EXECUTABLE: /usr/bin/python3
[0.176s] -- Found rclcpp: 9.2.0 (/opt/ros/galactic/share/rclcpp/cmake)
[0.207s] -- Using all available rosidl_typesupport_c: rosidl_typesupport_fastrtps_c;rosidl_typesupport_introspection_c
[0.210s] -- Found rosidl_adapter: 2.2.1 (/opt/ros/galactic/share/rosidl_adapter/cmake)
[0.322s] -- Using all available rosidl_typesupport_cpp: rosidl_typesupport_fastrtps_cpp;rosidl_typesupport_introspection_cpp
[0.372s] -- Found rmw_implementation_cmake: 3.3.1 (/opt/ros/galactic/share/rmw_implementation_cmake/cmake)
[0.373s] -- Found rmw_cyclonedds_cpp: 0.22.4 (/opt/ros/galactic/share/rmw_cyclonedds_cpp/cmake)
[0.390s] -- Using RMW implementation 'rmw_cyclonedds_cpp' as default
[0.520s] -- Found customized_srv_msg: 0.0.0 (/home/ghani/my_ws/install/customized_srv_msg/share/customized_srv_msg/cmake)
[0.528s] -- Found ament_lint_auto: 0.10.6 (/opt/ros/galactic/share/ament_lint_auto/cmake)
[0.632s] -- Added test 'copyright' to check source files copyright and LICENSE
[0.632s] -- Added test 'cppcheck' to perform static code analysis on C / C++ code
[0.632s] -- Configured cppcheck include dirs: 
[0.633s] -- Configured cppcheck exclude dirs and/or files: 
[0.633s] -- Added test 'cpplint' to check C / C++ code against the Google style
[0.633s] -- Configured cpplint exclude dirs and/or files: 
[0.634s] -- Added test 'flake8' to check Python code syntax and style conventions
[0.634s] -- Added test 'lint_cmake' to check CMake code style
[0.634s] -- Added test 'pep257' to check Python code against some of the style conventions in PEP 257
[0.635s] -- Added test 'uncrustify' to check C / C++ code style
[0.635s] -- Configured uncrustify additional arguments: 
[0.635s] -- Added test 'xmllint' to check XML markup files
[0.637s] -- Configuring done
[0.646s] -- Generating done
[0.648s] -- Build files have been written to: /home/ghani/my_ws/build/cpp_new
[0.692s] [100%] Built target talker
[0.705s] Invoked command in '/home/ghani/my_ws/build/cpp_new' returned '0': AMENT_PREFIX_PATH=/home/ghani/my_ws/install/customized_srv_msg:${AMENT_PREFIX_PATH} CMAKE_PREFIX_PATH=/home/ghani/my_ws/install/customized_srv_msg:/opt/ros/galactic LD_LIBRARY_PATH=/home/ghani/my_ws/install/customized_srv_msg/lib:${LD_LIBRARY_PATH} PYTHONPATH=/home/ghani/my_ws/install/customized_srv_msg/lib/python3.8/site-packages:${PYTHONPATH} /usr/bin/cmake --build /home/ghani/my_ws/build/cpp_new -- -j6 -l6
[0.751s] Invoking command in '/home/ghani/my_ws/build/cpp_new': AMENT_PREFIX_PATH=/home/ghani/my_ws/install/customized_srv_msg:${AMENT_PREFIX_PATH} CMAKE_PREFIX_PATH=/home/ghani/my_ws/install/customized_srv_msg:/opt/ros/galactic LD_LIBRARY_PATH=/home/ghani/my_ws/install/customized_srv_msg/lib:${LD_LIBRARY_PATH} PYTHONPATH=/home/ghani/my_ws/install/customized_srv_msg/lib/python3.8/site-packages:${PYTHONPATH} /usr/bin/cmake --install /home/ghani/my_ws/build/cpp_new
[0.760s] -- Install configuration: ""
[0.760s] -- Up-to-date: /home/ghani/my_ws/install/cpp_new/share/cpp_new/launch
[0.760s] -- Up-to-date: /home/ghani/my_ws/install/cpp_new/share/cpp_new/launch/launch_file.py
[0.761s] -- Up-to-date: /home/ghani/my_ws/install/cpp_new/lib/cpp_new/talker
[0.761s] -- Up-to-date: /home/ghani/my_ws/install/cpp_new/share/ament_index/resource_index/package_run_dependencies/cpp_new
[0.761s] -- Up-to-date: /home/ghani/my_ws/install/cpp_new/share/ament_index/resource_index/parent_prefix_path/cpp_new
[0.761s] -- Up-to-date: /home/ghani/my_ws/install/cpp_new/share/cpp_new/environment/ament_prefix_path.sh
[0.761s] -- Installing: /home/ghani/my_ws/install/cpp_new/share/cpp_new/environment/ament_prefix_path.dsv
[0.761s] -- Up-to-date: /home/ghani/my_ws/install/cpp_new/share/cpp_new/environment/path.sh
[0.762s] -- Installing: /home/ghani/my_ws/install/cpp_new/share/cpp_new/environment/path.dsv
[0.762s] -- Up-to-date: /home/ghani/my_ws/install/cpp_new/share/cpp_new/local_setup.bash
[0.762s] -- Up-to-date: /home/ghani/my_ws/install/cpp_new/share/cpp_new/local_setup.sh
[0.762s] -- Up-to-date: /home/ghani/my_ws/install/cpp_new/share/cpp_new/local_setup.zsh
[0.762s] -- Installing: /home/ghani/my_ws/install/cpp_new/share/cpp_new/local_setup.dsv
[0.762s] -- Installing: /home/ghani/my_ws/install/cpp_new/share/cpp_new/package.dsv
[0.762s] -- Up-to-date: /home/ghani/my_ws/install/cpp_new/share/ament_index/resource_index/packages/cpp_new
[0.762s] -- Up-to-date: /home/ghani/my_ws/install/cpp_new/share/cpp_new/cmake/cpp_newConfig.cmake
[0.762s] -- Up-to-date: /home/ghani/my_ws/install/cpp_new/share/cpp_new/cmake/cpp_newConfig-version.cmake
[0.762s] -- Up-to-date: /home/ghani/my_ws/install/cpp_new/share/cpp_new/package.xml
[0.765s] Invoked command in '/home/ghani/my_ws/build/cpp_new' returned '0': AMENT_PREFIX_PATH=/home/ghani/my_ws/install/customized_srv_msg:${AMENT_PREFIX_PATH} CMAKE_PREFIX_PATH=/home/ghani/my_ws/install/customized_srv_msg:/opt/ros/galactic LD_LIBRARY_PATH=/home/ghani/my_ws/install/customized_srv_msg/lib:${LD_LIBRARY_PATH} PYTHONPATH=/home/ghani/my_ws/install/customized_srv_msg/lib/python3.8/site-packages:${PYTHONPATH} /usr/bin/cmake --install /home/ghani/my_ws/build/cpp_new
