[0.567s] Invoking command in '/home/ghani/my_ws/src/py_package': PYTHONPATH=/home/ghani/my_ws/install/py_package/lib/python3.8/site-packages:${PYTHONPATH} /usr/bin/python3 setup.py egg_info --egg-base ../../build/py_package build --build-base /home/ghani/my_ws/build/py_package/build install --prefix /home/ghani/my_ws/install/py_package --record /home/ghani/my_ws/build/py_package/install.log --single-version-externally-managed
[0.745s] running egg_info
[0.746s] writing ../../build/py_package/py_package.egg-info/PKG-INFO
[0.747s] writing dependency_links to ../../build/py_package/py_package.egg-info/dependency_links.txt
[0.747s] writing entry points to ../../build/py_package/py_package.egg-info/entry_points.txt
[0.747s] writing requirements to ../../build/py_package/py_package.egg-info/requires.txt
[0.747s] writing top-level names to ../../build/py_package/py_package.egg-info/top_level.txt
[0.777s] reading manifest file '../../build/py_package/py_package.egg-info/SOURCES.txt'
[0.778s] writing manifest file '../../build/py_package/py_package.egg-info/SOURCES.txt'
[0.779s] running build
[0.779s] running build_py
[0.779s] copying py_package/controller.py -> /home/ghani/my_ws/build/py_package/build/lib/py_package
[0.779s] running install
[0.780s] running install_lib
[0.781s] copying /home/ghani/my_ws/build/py_package/build/lib/py_package/controller.py -> /home/ghani/my_ws/install/py_package/lib/python3.8/site-packages/py_package
[0.782s] byte-compiling /home/ghani/my_ws/install/py_package/lib/python3.8/site-packages/py_package/controller.py to controller.cpython-38.pyc
[0.783s] running install_data
[0.784s] running install_egg_info
[0.786s] removing '/home/ghani/my_ws/install/py_package/lib/python3.8/site-packages/py_package-0.0.0-py3.8.egg-info' (and everything under it)
[0.786s] Copying ../../build/py_package/py_package.egg-info to /home/ghani/my_ws/install/py_package/lib/python3.8/site-packages/py_package-0.0.0-py3.8.egg-info
[0.787s] running install_scripts
[0.802s] Installing controller script to /home/ghani/my_ws/install/py_package/lib/py_package
[0.802s] Installing listner script to /home/ghani/my_ws/install/py_package/lib/py_package
[0.803s] Installing talker script to /home/ghani/my_ws/install/py_package/lib/py_package
[0.804s] writing list of installed files to '/home/ghani/my_ws/build/py_package/install.log'
[0.830s] Invoked command in '/home/ghani/my_ws/src/py_package' returned '0': PYTHONPATH=/home/ghani/my_ws/install/py_package/lib/python3.8/site-packages:${PYTHONPATH} /usr/bin/python3 setup.py egg_info --egg-base ../../build/py_package build --build-base /home/ghani/my_ws/build/py_package/build install --prefix /home/ghani/my_ws/install/py_package --record /home/ghani/my_ws/build/py_package/install.log --single-version-externally-managed
