[0.061s] Invoking command in '/home/ghani/my_ws/build/cpp__package': CMAKE_PREFIX_PATH=/opt/ros/galactic /usr/bin/cmake --build /home/ghani/my_ws/build/cpp__package -- -j6 -l6
[0.520s] Invoked command in '/home/ghani/my_ws/build/cpp__package' returned '0': CMAKE_PREFIX_PATH=/opt/ros/galactic /usr/bin/cmake --build /home/ghani/my_ws/build/cpp__package -- -j6 -l6
[0.615s] Invoking command in '/home/ghani/my_ws/build/cpp__package': CMAKE_PREFIX_PATH=/opt/ros/galactic /usr/bin/cmake --install /home/ghani/my_ws/build/cpp__package
[0.644s] -- Install configuration: ""
[0.645s] -- Up-to-date: /home/ghani/my_ws/install/cpp__package/share/ament_index/resource_index/package_run_dependencies/cpp__package
[0.645s] -- Up-to-date: /home/ghani/my_ws/install/cpp__package/share/ament_index/resource_index/parent_prefix_path/cpp__package
[0.645s] -- Up-to-date: /home/ghani/my_ws/install/cpp__package/share/cpp__package/environment/ament_prefix_path.sh
[0.646s] -- Up-to-date: /home/ghani/my_ws/install/cpp__package/share/cpp__package/environment/ament_prefix_path.dsv
[0.647s] -- Up-to-date: /home/ghani/my_ws/install/cpp__package/share/cpp__package/environment/path.sh
[0.647s] -- Up-to-date: /home/ghani/my_ws/install/cpp__package/share/cpp__package/environment/path.dsv
[0.648s] -- Up-to-date: /home/ghani/my_ws/install/cpp__package/share/cpp__package/local_setup.bash
[0.648s] -- Up-to-date: /home/ghani/my_ws/install/cpp__package/share/cpp__package/local_setup.sh
[0.649s] -- Up-to-date: /home/ghani/my_ws/install/cpp__package/share/cpp__package/local_setup.zsh
[0.649s] -- Up-to-date: /home/ghani/my_ws/install/cpp__package/share/cpp__package/local_setup.dsv
[0.650s] -- Installing: /home/ghani/my_ws/install/cpp__package/share/cpp__package/package.dsv
[0.651s] -- Up-to-date: /home/ghani/my_ws/install/cpp__package/share/ament_index/resource_index/packages/cpp__package
[0.651s] -- Up-to-date: /home/ghani/my_ws/install/cpp__package/share/cpp__package/cmake/cpp__packageConfig.cmake
[0.651s] -- Up-to-date: /home/ghani/my_ws/install/cpp__package/share/cpp__package/cmake/cpp__packageConfig-version.cmake
[0.651s] -- Up-to-date: /home/ghani/my_ws/install/cpp__package/share/cpp__package/package.xml
[0.659s] Invoked command in '/home/ghani/my_ws/build/cpp__package' returned '0': CMAKE_PREFIX_PATH=/opt/ros/galactic /usr/bin/cmake --install /home/ghani/my_ws/build/cpp__package
