[0.565s] Invoking command in '/home/ghani/my_ws/src/controller_py': PYTHONPATH=/home/ghani/my_ws/install/controller_py/lib/python3.8/site-packages:${PYTHONPATH} /usr/bin/python3 setup.py egg_info --egg-base ../../build/controller_py build --build-base /home/ghani/my_ws/build/controller_py/build install --prefix /home/ghani/my_ws/install/controller_py --record /home/ghani/my_ws/build/controller_py/install.log --single-version-externally-managed
[0.742s] running egg_info
[0.742s] writing ../../build/controller_py/controller_py.egg-info/PKG-INFO
[0.743s] writing dependency_links to ../../build/controller_py/controller_py.egg-info/dependency_links.txt
[0.743s] writing entry points to ../../build/controller_py/controller_py.egg-info/entry_points.txt
[0.744s] writing requirements to ../../build/controller_py/controller_py.egg-info/requires.txt
[0.744s] writing top-level names to ../../build/controller_py/controller_py.egg-info/top_level.txt
[0.775s] reading manifest file '../../build/controller_py/controller_py.egg-info/SOURCES.txt'
[0.776s] writing manifest file '../../build/controller_py/controller_py.egg-info/SOURCES.txt'
[0.776s] running build
[0.776s] running build_py
[0.776s] copying controller_py/client.py -> /home/ghani/my_ws/build/controller_py/build/lib/controller_py
[0.776s] running install
[0.777s] running install_lib
[0.778s] copying /home/ghani/my_ws/build/controller_py/build/lib/controller_py/client.py -> /home/ghani/my_ws/install/controller_py/lib/python3.8/site-packages/controller_py
[0.778s] byte-compiling /home/ghani/my_ws/install/controller_py/lib/python3.8/site-packages/controller_py/client.py to client.cpython-38.pyc
[0.780s] Sorry: TabError: inconsistent use of tabs and spaces in indentation (client.py, line 13)
[0.780s] running install_data
[0.780s] running install_egg_info
[0.782s] removing '/home/ghani/my_ws/install/controller_py/lib/python3.8/site-packages/controller_py-0.0.0-py3.8.egg-info' (and everything under it)
[0.782s] Copying ../../build/controller_py/controller_py.egg-info to /home/ghani/my_ws/install/controller_py/lib/python3.8/site-packages/controller_py-0.0.0-py3.8.egg-info
[0.783s] running install_scripts
[0.801s] Installing py_action_controller script to /home/ghani/my_ws/install/controller_py/lib/controller_py
[0.801s] Installing py_client script to /home/ghani/my_ws/install/controller_py/lib/controller_py
[0.801s] Installing py_controller script to /home/ghani/my_ws/install/controller_py/lib/controller_py
[0.802s] writing list of installed files to '/home/ghani/my_ws/build/controller_py/install.log'
[0.829s] Invoked command in '/home/ghani/my_ws/src/controller_py' returned '0': PYTHONPATH=/home/ghani/my_ws/install/controller_py/lib/python3.8/site-packages:${PYTHONPATH} /usr/bin/python3 setup.py egg_info --egg-base ../../build/controller_py build --build-base /home/ghani/my_ws/build/controller_py/build install --prefix /home/ghani/my_ws/install/controller_py --record /home/ghani/my_ws/build/controller_py/install.log --single-version-externally-managed
