running egg_info
writing ../../build/py_param/py_param.egg-info/PKG-INFO
writing dependency_links to ../../build/py_param/py_param.egg-info/dependency_links.txt
writing entry points to ../../build/py_param/py_param.egg-info/entry_points.txt
writing requirements to ../../build/py_param/py_param.egg-info/requires.txt
writing top-level names to ../../build/py_param/py_param.egg-info/top_level.txt
reading manifest file '../../build/py_param/py_param.egg-info/SOURCES.txt'
writing manifest file '../../build/py_param/py_param.egg-info/SOURCES.txt'
running build
running build_py
running install
running install_lib
byte-compiling /home/ghani/my_ws/install/py_param/lib/python3.8/site-packages/py_param/parameter.py to parameter.cpython-38.pyc
running install_data
Sorry: TabError: inconsistent use of tabs and spaces in indentation (parameter.py, line 19)
running install_egg_info
removing '/home/ghani/my_ws/install/py_param/lib/python3.8/site-packages/py_param-0.0.0-py3.8.egg-info' (and everything under it)
Copying ../../build/py_param/py_param.egg-info to /home/ghani/my_ws/install/py_param/lib/python3.8/site-packages/py_param-0.0.0-py3.8.egg-info
running install_scripts
Installing parameter script to /home/ghani/my_ws/install/py_param/lib/py_param
Installing talker script to /home/ghani/my_ws/install/py_param/lib/py_param
writing list of installed files to '/home/ghani/my_ws/build/py_param/install.log'
