[0.026s] Invoking command in '/home/ghani/my_ws/build/cpp_new': AMENT_PREFIX_PATH=/home/ghani/my_ws/install/customized_srv_msg:${AMENT_PREFIX_PATH} CMAKE_PREFIX_PATH=/home/ghani/my_ws/install/customized_srv_msg:/opt/ros/galactic LD_LIBRARY_PATH=/home/ghani/my_ws/install/customized_srv_msg/lib:${LD_LIBRARY_PATH} PYTHONPATH=/home/ghani/my_ws/install/customized_srv_msg/lib/python3.8/site-packages:${PYTHONPATH} /usr/bin/cmake --build /home/ghani/my_ws/build/cpp_new -- -j6 -l6
[0.099s] -- Found ament_cmake: 1.1.5 (/opt/ros/galactic/share/ament_cmake/cmake)
[0.170s] -- Using PYTHON_EXECUTABLE: /usr/bin/python3
[0.312s] -- Found rclcpp: 9.2.0 (/opt/ros/galactic/share/rclcpp/cmake)
[0.392s] -- Using all available rosidl_typesupport_c: rosidl_typesupport_fastrtps_c;rosidl_typesupport_introspection_c
[0.402s] -- Found rosidl_adapter: 2.2.1 (/opt/ros/galactic/share/rosidl_adapter/cmake)
[0.589s] -- Using all available rosidl_typesupport_cpp: rosidl_typesupport_fastrtps_cpp;rosidl_typesupport_introspection_cpp
[0.707s] -- Found rmw_implementation_cmake: 3.3.1 (/opt/ros/galactic/share/rmw_implementation_cmake/cmake)
[0.718s] -- Found rmw_cyclonedds_cpp: 0.22.4 (/opt/ros/galactic/share/rmw_cyclonedds_cpp/cmake)
[0.765s] -- Using RMW implementation 'rmw_cyclonedds_cpp' as default
[0.964s] -- Found customized_srv_msg: 0.0.0 (/home/ghani/my_ws/install/customized_srv_msg/share/customized_srv_msg/cmake)
[0.983s] -- Found ament_lint_auto: 0.10.6 (/opt/ros/galactic/share/ament_lint_auto/cmake)
[1.113s] -- Added test 'copyright' to check source files copyright and LICENSE
[1.115s] -- Added test 'cppcheck' to perform static code analysis on C / C++ code
[1.115s] -- Configured cppcheck include dirs: 
[1.115s] -- Configured cppcheck exclude dirs and/or files: 
[1.117s] -- Added test 'cpplint' to check C / C++ code against the Google style
[1.117s] -- Configured cpplint exclude dirs and/or files: 
[1.118s] -- Added test 'flake8' to check Python code syntax and style conventions
[1.119s] -- Added test 'lint_cmake' to check CMake code style
[1.119s] -- Added test 'pep257' to check Python code against some of the style conventions in PEP 257
[1.121s] -- Added test 'uncrustify' to check C / C++ code style
[1.121s] -- Configured uncrustify additional arguments: 
[1.122s] -- Added test 'xmllint' to check XML markup files
[1.129s] -- Configuring done
[1.152s] -- Generating done
[1.154s] -- Build files have been written to: /home/ghani/my_ws/build/cpp_new
[1.197s] [100%] Built target talker
[1.210s] Invoked command in '/home/ghani/my_ws/build/cpp_new' returned '0': AMENT_PREFIX_PATH=/home/ghani/my_ws/install/customized_srv_msg:${AMENT_PREFIX_PATH} CMAKE_PREFIX_PATH=/home/ghani/my_ws/install/customized_srv_msg:/opt/ros/galactic LD_LIBRARY_PATH=/home/ghani/my_ws/install/customized_srv_msg/lib:${LD_LIBRARY_PATH} PYTHONPATH=/home/ghani/my_ws/install/customized_srv_msg/lib/python3.8/site-packages:${PYTHONPATH} /usr/bin/cmake --build /home/ghani/my_ws/build/cpp_new -- -j6 -l6
[1.254s] Invoking command in '/home/ghani/my_ws/build/cpp_new': AMENT_PREFIX_PATH=/home/ghani/my_ws/install/customized_srv_msg:${AMENT_PREFIX_PATH} CMAKE_PREFIX_PATH=/home/ghani/my_ws/install/customized_srv_msg:/opt/ros/galactic LD_LIBRARY_PATH=/home/ghani/my_ws/install/customized_srv_msg/lib:${LD_LIBRARY_PATH} PYTHONPATH=/home/ghani/my_ws/install/customized_srv_msg/lib/python3.8/site-packages:${PYTHONPATH} /usr/bin/cmake --install /home/ghani/my_ws/build/cpp_new
[1.262s] -- Install configuration: ""
[1.263s] -- Up-to-date: /home/ghani/my_ws/install/cpp_new/share/cpp_new/launch
[1.263s] -- Up-to-date: /home/ghani/my_ws/install/cpp_new/share/cpp_new/launch/launch_file.py
[1.263s] -- Up-to-date: /home/ghani/my_ws/install/cpp_new/lib/cpp_new/talker
[1.263s] -- Installing: /home/ghani/my_ws/install/cpp_new/share/ament_index/resource_index/package_run_dependencies/cpp_new
[1.263s] -- Up-to-date: /home/ghani/my_ws/install/cpp_new/share/ament_index/resource_index/parent_prefix_path/cpp_new
[1.263s] -- Up-to-date: /home/ghani/my_ws/install/cpp_new/share/cpp_new/environment/ament_prefix_path.sh
[1.263s] -- Installing: /home/ghani/my_ws/install/cpp_new/share/cpp_new/environment/ament_prefix_path.dsv
[1.264s] -- Up-to-date: /home/ghani/my_ws/install/cpp_new/share/cpp_new/environment/path.sh
[1.264s] -- Installing: /home/ghani/my_ws/install/cpp_new/share/cpp_new/environment/path.dsv
[1.264s] -- Up-to-date: /home/ghani/my_ws/install/cpp_new/share/cpp_new/local_setup.bash
[1.264s] -- Up-to-date: /home/ghani/my_ws/install/cpp_new/share/cpp_new/local_setup.sh
[1.264s] -- Up-to-date: /home/ghani/my_ws/install/cpp_new/share/cpp_new/local_setup.zsh
[1.264s] -- Installing: /home/ghani/my_ws/install/cpp_new/share/cpp_new/local_setup.dsv
[1.264s] -- Installing: /home/ghani/my_ws/install/cpp_new/share/cpp_new/package.dsv
[1.264s] -- Up-to-date: /home/ghani/my_ws/install/cpp_new/share/ament_index/resource_index/packages/cpp_new
[1.264s] -- Up-to-date: /home/ghani/my_ws/install/cpp_new/share/cpp_new/cmake/cpp_newConfig.cmake
[1.264s] -- Up-to-date: /home/ghani/my_ws/install/cpp_new/share/cpp_new/cmake/cpp_newConfig-version.cmake
[1.264s] -- Installing: /home/ghani/my_ws/install/cpp_new/share/cpp_new/package.xml
[1.268s] Invoked command in '/home/ghani/my_ws/build/cpp_new' returned '0': AMENT_PREFIX_PATH=/home/ghani/my_ws/install/customized_srv_msg:${AMENT_PREFIX_PATH} CMAKE_PREFIX_PATH=/home/ghani/my_ws/install/customized_srv_msg:/opt/ros/galactic LD_LIBRARY_PATH=/home/ghani/my_ws/install/customized_srv_msg/lib:${LD_LIBRARY_PATH} PYTHONPATH=/home/ghani/my_ws/install/customized_srv_msg/lib/python3.8/site-packages:${PYTHONPATH} /usr/bin/cmake --install /home/ghani/my_ws/build/cpp_new
