running egg_info
writing ../../build/srevices_exercise/srevices_exercise.egg-info/PKG-INFO
writing dependency_links to ../../build/srevices_exercise/srevices_exercise.egg-info/dependency_links.txt
writing entry points to ../../build/srevices_exercise/srevices_exercise.egg-info/entry_points.txt
writing requirements to ../../build/srevices_exercise/srevices_exercise.egg-info/requires.txt
writing top-level names to ../../build/srevices_exercise/srevices_exercise.egg-info/top_level.txt
reading manifest file '../../build/srevices_exercise/srevices_exercise.egg-info/SOURCES.txt'
writing manifest file '../../build/srevices_exercise/srevices_exercise.egg-info/SOURCES.txt'
running build
running build_py
running install
running install_lib
running install_data
running install_egg_info
removing '/home/ghani/my_ws/install/srevices_exercise/lib/python3.8/site-packages/srevices_exercise-0.0.0-py3.8.egg-info' (and everything under it)
Copying ../../build/srevices_exercise/srevices_exercise.egg-info to /home/ghani/my_ws/install/srevices_exercise/lib/python3.8/site-packages/srevices_exercise-0.0.0-py3.8.egg-info
running install_scripts
Installing kill_client script to /home/ghani/my_ws/install/srevices_exercise/lib/srevices_exercise
Installing spawn_client script to /home/ghani/my_ws/install/srevices_exercise/lib/srevices_exercise
writing list of installed files to '/home/ghani/my_ws/build/srevices_exercise/install.log'
