[1.109s] Invoking command in '/home/ghani/my_ws/src/srevices_exercise': PYTHONPATH=/home/ghani/my_ws/install/srevices_exercise/lib/python3.8/site-packages:${PYTHONPATH} /usr/bin/python3 setup.py egg_info --egg-base ../../build/srevices_exercise build --build-base /home/ghani/my_ws/build/srevices_exercise/build install --prefix /home/ghani/my_ws/install/srevices_exercise --record /home/ghani/my_ws/build/srevices_exercise/install.log --single-version-externally-managed
[1.517s] running egg_info
[1.519s] writing ../../build/srevices_exercise/srevices_exercise.egg-info/PKG-INFO
[1.520s] writing dependency_links to ../../build/srevices_exercise/srevices_exercise.egg-info/dependency_links.txt
[1.521s] writing entry points to ../../build/srevices_exercise/srevices_exercise.egg-info/entry_points.txt
[1.522s] writing requirements to ../../build/srevices_exercise/srevices_exercise.egg-info/requires.txt
[1.523s] writing top-level names to ../../build/srevices_exercise/srevices_exercise.egg-info/top_level.txt
[1.579s] reading manifest file '../../build/srevices_exercise/srevices_exercise.egg-info/SOURCES.txt'
[1.581s] writing manifest file '../../build/srevices_exercise/srevices_exercise.egg-info/SOURCES.txt'
[1.582s] running build
[1.583s] running build_py
[1.583s] running install
[1.583s] running install_lib
[1.586s] running install_data
[1.587s] running install_egg_info
[1.589s] removing '/home/ghani/my_ws/install/srevices_exercise/lib/python3.8/site-packages/srevices_exercise-0.0.0-py3.8.egg-info' (and everything under it)
[1.590s] Copying ../../build/srevices_exercise/srevices_exercise.egg-info to /home/ghani/my_ws/install/srevices_exercise/lib/python3.8/site-packages/srevices_exercise-0.0.0-py3.8.egg-info
[1.592s] running install_scripts
[1.619s] Installing kill_client script to /home/ghani/my_ws/install/srevices_exercise/lib/srevices_exercise
[1.620s] Installing spawn_client script to /home/ghani/my_ws/install/srevices_exercise/lib/srevices_exercise
[1.621s] writing list of installed files to '/home/ghani/my_ws/build/srevices_exercise/install.log'
[1.658s] Invoked command in '/home/ghani/my_ws/src/srevices_exercise' returned '0': PYTHONPATH=/home/ghani/my_ws/install/srevices_exercise/lib/python3.8/site-packages:${PYTHONPATH} /usr/bin/python3 setup.py egg_info --egg-base ../../build/srevices_exercise build --build-base /home/ghani/my_ws/build/srevices_exercise/build install --prefix /home/ghani/my_ws/install/srevices_exercise --record /home/ghani/my_ws/build/srevices_exercise/install.log --single-version-externally-managed
