[0.554s] Invoking command in '/home/ghani/my_ws/src/py_param': PYTHONPATH=/home/ghani/my_ws/install/py_param/lib/python3.8/site-packages:${PYTHONPATH} /usr/bin/python3 setup.py egg_info --egg-base ../../build/py_param build --build-base /home/ghani/my_ws/build/py_param/build install --prefix /home/ghani/my_ws/install/py_param --record /home/ghani/my_ws/build/py_param/install.log --single-version-externally-managed
[0.740s] running egg_info
[0.741s] writing ../../build/py_param/py_param.egg-info/PKG-INFO
[0.742s] writing dependency_links to ../../build/py_param/py_param.egg-info/dependency_links.txt
[0.742s] writing entry points to ../../build/py_param/py_param.egg-info/entry_points.txt
[0.743s] writing requirements to ../../build/py_param/py_param.egg-info/requires.txt
[0.743s] writing top-level names to ../../build/py_param/py_param.egg-info/top_level.txt
[0.776s] reading manifest file '../../build/py_param/py_param.egg-info/SOURCES.txt'
[0.776s] writing manifest file '../../build/py_param/py_param.egg-info/SOURCES.txt'
[0.776s] running build
[0.776s] running build_py
[0.777s] copying py_param/publisher.py -> /home/ghani/my_ws/build/py_param/build/lib/py_param
[0.777s] running install
[0.778s] running install_lib
[0.779s] copying /home/ghani/my_ws/build/py_param/build/lib/py_param/publisher.py -> /home/ghani/my_ws/install/py_param/lib/python3.8/site-packages/py_param
[0.779s] byte-compiling /home/ghani/my_ws/install/py_param/lib/python3.8/site-packages/py_param/publisher.py to publisher.cpython-38.pyc
[0.781s] running install_data
[0.781s] running install_egg_info
[0.783s] removing '/home/ghani/my_ws/install/py_param/lib/python3.8/site-packages/py_param-0.0.0-py3.8.egg-info' (and everything under it)
[0.783s] Copying ../../build/py_param/py_param.egg-info to /home/ghani/my_ws/install/py_param/lib/python3.8/site-packages/py_param-0.0.0-py3.8.egg-info
[0.784s] running install_scripts
[0.800s] Installing parameter script to /home/ghani/my_ws/install/py_param/lib/py_param
[0.801s] Installing talker script to /home/ghani/my_ws/install/py_param/lib/py_param
[0.802s] writing list of installed files to '/home/ghani/my_ws/build/py_param/install.log'
[0.828s] Invoked command in '/home/ghani/my_ws/src/py_param' returned '0': PYTHONPATH=/home/ghani/my_ws/install/py_param/lib/python3.8/site-packages:${PYTHONPATH} /usr/bin/python3 setup.py egg_info --egg-base ../../build/py_param build --build-base /home/ghani/my_ws/build/py_param/build install --prefix /home/ghani/my_ws/install/py_param --record /home/ghani/my_ws/build/py_param/install.log --single-version-externally-managed
