[1.389s] Invoking command in '/home/ghani/my_ws/src/py_package': PYTHONPATH=/home/ghani/my_ws/install/py_package/lib/python3.8/site-packages:${PYTHONPATH} /usr/bin/python3 setup.py egg_info --egg-base ../../build/py_package build --build-base /home/ghani/my_ws/build/py_package/build install --prefix /home/ghani/my_ws/install/py_package --record /home/ghani/my_ws/build/py_package/install.log --single-version-externally-managed
[1.948s] running egg_info
[1.951s] writing ../../build/py_package/py_package.egg-info/PKG-INFO
[1.953s] writing dependency_links to ../../build/py_package/py_package.egg-info/dependency_links.txt
[1.955s] writing entry points to ../../build/py_package/py_package.egg-info/entry_points.txt
[1.957s] writing requirements to ../../build/py_package/py_package.egg-info/requires.txt
[1.958s] writing top-level names to ../../build/py_package/py_package.egg-info/top_level.txt
[2.037s] reading manifest file '../../build/py_package/py_package.egg-info/SOURCES.txt'
[2.039s] writing manifest file '../../build/py_package/py_package.egg-info/SOURCES.txt'
[2.039s] running build
[2.039s] running build_py
[2.040s] running install
[2.042s] running install_lib
[2.052s] running install_data
[2.053s] running install_egg_info
[2.053s] removing '/home/ghani/my_ws/install/py_package/lib/python3.8/site-packages/py_package-0.0.0-py3.8.egg-info' (and everything under it)
[2.054s] Copying ../../build/py_package/py_package.egg-info to /home/ghani/my_ws/install/py_package/lib/python3.8/site-packages/py_package-0.0.0-py3.8.egg-info
[2.056s] running install_scripts
[2.105s] writing list of installed files to '/home/ghani/my_ws/build/py_package/install.log'
[2.164s] Invoked command in '/home/ghani/my_ws/src/py_package' returned '0': PYTHONPATH=/home/ghani/my_ws/install/py_package/lib/python3.8/site-packages:${PYTHONPATH} /usr/bin/python3 setup.py egg_info --egg-base ../../build/py_package build --build-base /home/ghani/my_ws/build/py_package/build install --prefix /home/ghani/my_ws/install/py_package --record /home/ghani/my_ws/build/py_package/install.log --single-version-externally-managed
