[0.138s] DEBUG:colcon:Command line arguments: ['/usr/bin/colcon', 'build', '--packages-select', 'customized_srv_msg']
[0.138s] DEBUG:colcon:Parsed command line arguments: Namespace(allow_overriding=[], ament_cmake_args=None, base_paths=['.'], build_base='build', catkin_cmake_args=None, catkin_skip_building_tests=False, cmake_args=None, cmake_clean_cache=False, cmake_clean_first=False, cmake_force_configure=False, cmake_target=None, cmake_target_skip_unavailable=False, continue_on_error=False, event_handlers=None, executor='parallel', ignore_user_meta=False, install_base='install', log_base=None, log_level=None, main=<bound method BuildVerb.main of <colcon_core.verb.build.BuildVerb object at 0x7fd357fb54c0>>, merge_install=False, metas=['./colcon.meta'], packages_above=None, packages_above_and_dependencies=None, packages_above_depth=None, packages_end=None, packages_ignore=None, packages_ignore_regex=None, packages_select=['customized_srv_msg'], packages_select_build_failed=False, packages_select_by_dep=None, packages_select_regex=None, packages_select_test_failures=False, packages_skip=None, packages_skip_build_finished=False, packages_skip_by_dep=None, packages_skip_regex=None, packages_skip_test_passed=False, packages_skip_up_to=None, packages_start=None, packages_up_to=None, packages_up_to_regex=None, parallel_workers=6, paths=None, symlink_install=False, test_result_base=None, verb_extension=<colcon_core.verb.build.BuildVerb object at 0x7fd357fb54c0>, verb_name='build', verb_parser=<colcon_defaults.argument_parser.defaults.DefaultArgumentsDecorator object at 0x7fd357fb5a00>)
[0.166s] Level 1:colcon.colcon_core.package_discovery:discover_packages(colcon_meta) check parameters
[0.166s] Level 1:colcon.colcon_core.package_discovery:discover_packages(recursive) check parameters
[0.167s] Level 1:colcon.colcon_core.package_discovery:discover_packages(ignore) check parameters
[0.167s] Level 1:colcon.colcon_core.package_discovery:discover_packages(path) check parameters
[0.167s] Level 1:colcon.colcon_core.package_discovery:discover_packages(colcon_meta) discover
[0.167s] Level 1:colcon.colcon_core.package_discovery:discover_packages(recursive) discover
[0.167s] INFO:colcon.colcon_core.package_discovery:Crawling recursively for packages in '/home/ghani/my_ws'
[0.167s] Level 1:colcon.colcon_core.package_identification:_identify(.) by extensions ['ignore', 'ignore_ament_install']
[0.167s] Level 1:colcon.colcon_core.package_identification:_identify(.) by extension 'ignore'
[0.167s] Level 1:colcon.colcon_core.package_identification:_identify(.) by extension 'ignore_ament_install'
[0.167s] Level 1:colcon.colcon_core.package_identification:_identify(.) by extensions ['colcon_pkg']
[0.167s] Level 1:colcon.colcon_core.package_identification:_identify(.) by extension 'colcon_pkg'
[0.167s] Level 1:colcon.colcon_core.package_identification:_identify(.) by extensions ['colcon_meta']
[0.167s] Level 1:colcon.colcon_core.package_identification:_identify(.) by extension 'colcon_meta'
[0.167s] Level 1:colcon.colcon_core.package_identification:_identify(.) by extensions ['ros']
[0.167s] Level 1:colcon.colcon_core.package_identification:_identify(.) by extension 'ros'
[0.193s] Level 1:colcon.colcon_core.package_identification:_identify(.) by extensions ['cmake', 'python']
[0.193s] Level 1:colcon.colcon_core.package_identification:_identify(.) by extension 'cmake'
[0.193s] Level 1:colcon.colcon_core.package_identification:_identify(.) by extension 'python'
[0.193s] Level 1:colcon.colcon_core.package_identification:_identify(.) by extensions ['python_setup_py']
[0.193s] Level 1:colcon.colcon_core.package_identification:_identify(.) by extension 'python_setup_py'
[0.193s] Level 1:colcon.colcon_core.package_identification:_identify(build) by extensions ['ignore', 'ignore_ament_install']
[0.193s] Level 1:colcon.colcon_core.package_identification:_identify(build) by extension 'ignore'
[0.193s] Level 1:colcon.colcon_core.package_identification:_identify(build) ignored
[0.194s] Level 1:colcon.colcon_core.package_identification:_identify(install) by extensions ['ignore', 'ignore_ament_install']
[0.194s] Level 1:colcon.colcon_core.package_identification:_identify(install) by extension 'ignore'
[0.194s] Level 1:colcon.colcon_core.package_identification:_identify(install) ignored
[0.194s] Level 1:colcon.colcon_core.package_identification:_identify(log) by extensions ['ignore', 'ignore_ament_install']
[0.194s] Level 1:colcon.colcon_core.package_identification:_identify(log) by extension 'ignore'
[0.194s] Level 1:colcon.colcon_core.package_identification:_identify(log) ignored
[0.194s] Level 1:colcon.colcon_core.package_identification:_identify(src) by extensions ['ignore', 'ignore_ament_install']
[0.194s] Level 1:colcon.colcon_core.package_identification:_identify(src) by extension 'ignore'
[0.195s] Level 1:colcon.colcon_core.package_identification:_identify(src) by extension 'ignore_ament_install'
[0.195s] Level 1:colcon.colcon_core.package_identification:_identify(src) by extensions ['colcon_pkg']
[0.195s] Level 1:colcon.colcon_core.package_identification:_identify(src) by extension 'colcon_pkg'
[0.195s] Level 1:colcon.colcon_core.package_identification:_identify(src) by extensions ['colcon_meta']
[0.195s] Level 1:colcon.colcon_core.package_identification:_identify(src) by extension 'colcon_meta'
[0.195s] Level 1:colcon.colcon_core.package_identification:_identify(src) by extensions ['ros']
[0.195s] Level 1:colcon.colcon_core.package_identification:_identify(src) by extension 'ros'
[0.195s] Level 1:colcon.colcon_core.package_identification:_identify(src) by extensions ['cmake', 'python']
[0.195s] Level 1:colcon.colcon_core.package_identification:_identify(src) by extension 'cmake'
[0.195s] Level 1:colcon.colcon_core.package_identification:_identify(src) by extension 'python'
[0.195s] Level 1:colcon.colcon_core.package_identification:_identify(src) by extensions ['python_setup_py']
[0.195s] Level 1:colcon.colcon_core.package_identification:_identify(src) by extension 'python_setup_py'
[0.196s] Level 1:colcon.colcon_core.package_identification:_identify(src/cpp_package) by extensions ['ignore', 'ignore_ament_install']
[0.197s] Level 1:colcon.colcon_core.package_identification:_identify(src/cpp_package) by extension 'ignore'
[0.197s] Level 1:colcon.colcon_core.package_identification:_identify(src/cpp_package) by extension 'ignore_ament_install'
[0.197s] Level 1:colcon.colcon_core.package_identification:_identify(src/cpp_package) by extensions ['colcon_pkg']
[0.197s] Level 1:colcon.colcon_core.package_identification:_identify(src/cpp_package) by extension 'colcon_pkg'
[0.197s] Level 1:colcon.colcon_core.package_identification:_identify(src/cpp_package) by extensions ['colcon_meta']
[0.197s] Level 1:colcon.colcon_core.package_identification:_identify(src/cpp_package) by extension 'colcon_meta'
[0.197s] Level 1:colcon.colcon_core.package_identification:_identify(src/cpp_package) by extensions ['ros']
[0.197s] Level 1:colcon.colcon_core.package_identification:_identify(src/cpp_package) by extension 'ros'
[0.204s] DEBUG:colcon.colcon_core.package_identification:Package 'src/cpp_package' with type 'ros.ament_cmake' and name 'cpp_package'
[0.204s] Level 1:colcon.colcon_core.package_identification:_identify(src/customized_srv_msg) by extensions ['ignore', 'ignore_ament_install']
[0.204s] Level 1:colcon.colcon_core.package_identification:_identify(src/customized_srv_msg) by extension 'ignore'
[0.204s] Level 1:colcon.colcon_core.package_identification:_identify(src/customized_srv_msg) by extension 'ignore_ament_install'
[0.204s] Level 1:colcon.colcon_core.package_identification:_identify(src/customized_srv_msg) by extensions ['colcon_pkg']
[0.204s] Level 1:colcon.colcon_core.package_identification:_identify(src/customized_srv_msg) by extension 'colcon_pkg'
[0.204s] Level 1:colcon.colcon_core.package_identification:_identify(src/customized_srv_msg) by extensions ['colcon_meta']
[0.204s] Level 1:colcon.colcon_core.package_identification:_identify(src/customized_srv_msg) by extension 'colcon_meta'
[0.204s] Level 1:colcon.colcon_core.package_identification:_identify(src/customized_srv_msg) by extensions ['ros']
[0.204s] Level 1:colcon.colcon_core.package_identification:_identify(src/customized_srv_msg) by extension 'ros'
[0.205s] DEBUG:colcon.colcon_core.package_identification:Package 'src/customized_srv_msg' with type 'ros.ament_cmake' and name 'customized_srv_msg'
[0.206s] Level 1:colcon.colcon_core.package_identification:_identify(src/final_package) by extensions ['ignore', 'ignore_ament_install']
[0.206s] Level 1:colcon.colcon_core.package_identification:_identify(src/final_package) by extension 'ignore'
[0.207s] Level 1:colcon.colcon_core.package_identification:_identify(src/final_package) by extension 'ignore_ament_install'
[0.207s] Level 1:colcon.colcon_core.package_identification:_identify(src/final_package) by extensions ['colcon_pkg']
[0.207s] Level 1:colcon.colcon_core.package_identification:_identify(src/final_package) by extension 'colcon_pkg'
[0.207s] Level 1:colcon.colcon_core.package_identification:_identify(src/final_package) by extensions ['colcon_meta']
[0.207s] Level 1:colcon.colcon_core.package_identification:_identify(src/final_package) by extension 'colcon_meta'
[0.207s] Level 1:colcon.colcon_core.package_identification:_identify(src/final_package) by extensions ['ros']
[0.207s] Level 1:colcon.colcon_core.package_identification:_identify(src/final_package) by extension 'ros'
[0.208s] DEBUG:colcon.colcon_core.package_identification:Package 'src/final_package' with type 'ros.ament_cmake' and name 'final_package'
[0.209s] Level 1:colcon.colcon_core.package_identification:_identify(src/py_package) by extensions ['ignore', 'ignore_ament_install']
[0.209s] Level 1:colcon.colcon_core.package_identification:_identify(src/py_package) by extension 'ignore'
[0.210s] Level 1:colcon.colcon_core.package_identification:_identify(src/py_package) by extension 'ignore_ament_install'
[0.210s] Level 1:colcon.colcon_core.package_identification:_identify(src/py_package) by extensions ['colcon_pkg']
[0.210s] Level 1:colcon.colcon_core.package_identification:_identify(src/py_package) by extension 'colcon_pkg'
[0.210s] Level 1:colcon.colcon_core.package_identification:_identify(src/py_package) by extensions ['colcon_meta']
[0.210s] Level 1:colcon.colcon_core.package_identification:_identify(src/py_package) by extension 'colcon_meta'
[0.210s] Level 1:colcon.colcon_core.package_identification:_identify(src/py_package) by extensions ['ros']
[0.210s] Level 1:colcon.colcon_core.package_identification:_identify(src/py_package) by extension 'ros'
[0.211s] DEBUG:colcon.colcon_core.package_identification:Package 'src/py_package' with type 'ros.ament_python' and name 'py_package'
[0.211s] Level 1:colcon.colcon_core.package_identification:_identify(src/py_srvcli) by extensions ['ignore', 'ignore_ament_install']
[0.211s] Level 1:colcon.colcon_core.package_identification:_identify(src/py_srvcli) by extension 'ignore'
[0.211s] Level 1:colcon.colcon_core.package_identification:_identify(src/py_srvcli) by extension 'ignore_ament_install'
[0.211s] Level 1:colcon.colcon_core.package_identification:_identify(src/py_srvcli) by extensions ['colcon_pkg']
[0.211s] Level 1:colcon.colcon_core.package_identification:_identify(src/py_srvcli) by extension 'colcon_pkg'
[0.211s] Level 1:colcon.colcon_core.package_identification:_identify(src/py_srvcli) by extensions ['colcon_meta']
[0.211s] Level 1:colcon.colcon_core.package_identification:_identify(src/py_srvcli) by extension 'colcon_meta'
[0.211s] Level 1:colcon.colcon_core.package_identification:_identify(src/py_srvcli) by extensions ['ros']
[0.211s] Level 1:colcon.colcon_core.package_identification:_identify(src/py_srvcli) by extension 'ros'
[0.213s] DEBUG:colcon.colcon_core.package_identification:Package 'src/py_srvcli' with type 'ros.ament_python' and name 'py_srvcli'
[0.213s] Level 1:colcon.colcon_core.package_identification:_identify(src/srevices_exercise) by extensions ['ignore', 'ignore_ament_install']
[0.213s] Level 1:colcon.colcon_core.package_identification:_identify(src/srevices_exercise) by extension 'ignore'
[0.213s] Level 1:colcon.colcon_core.package_identification:_identify(src/srevices_exercise) by extension 'ignore_ament_install'
[0.213s] Level 1:colcon.colcon_core.package_identification:_identify(src/srevices_exercise) by extensions ['colcon_pkg']
[0.213s] Level 1:colcon.colcon_core.package_identification:_identify(src/srevices_exercise) by extension 'colcon_pkg'
[0.213s] Level 1:colcon.colcon_core.package_identification:_identify(src/srevices_exercise) by extensions ['colcon_meta']
[0.213s] Level 1:colcon.colcon_core.package_identification:_identify(src/srevices_exercise) by extension 'colcon_meta'
[0.213s] Level 1:colcon.colcon_core.package_identification:_identify(src/srevices_exercise) by extensions ['ros']
[0.213s] Level 1:colcon.colcon_core.package_identification:_identify(src/srevices_exercise) by extension 'ros'
[0.215s] DEBUG:colcon.colcon_core.package_identification:Package 'src/srevices_exercise' with type 'ros.ament_python' and name 'srevices_exercise'
[0.215s] Level 1:colcon.colcon_core.package_discovery:discover_packages(recursive) using defaults
[0.215s] Level 1:colcon.colcon_core.package_discovery:discover_packages(ignore) discover
[0.215s] Level 1:colcon.colcon_core.package_discovery:discover_packages(ignore) using defaults
[0.215s] Level 1:colcon.colcon_core.package_discovery:discover_packages(path) discover
[0.215s] Level 1:colcon.colcon_core.package_discovery:discover_packages(path) using defaults
[0.261s] INFO:colcon.colcon_core.package_selection:Skipping not selected package 'cpp_package' in 'src/cpp_package'
[0.261s] INFO:colcon.colcon_core.package_selection:Skipping not selected package 'final_package' in 'src/final_package'
[0.261s] INFO:colcon.colcon_core.package_selection:Skipping not selected package 'py_package' in 'src/py_package'
[0.261s] INFO:colcon.colcon_core.package_selection:Skipping not selected package 'py_srvcli' in 'src/py_srvcli'
[0.261s] INFO:colcon.colcon_core.package_selection:Skipping not selected package 'srevices_exercise' in 'src/srevices_exercise'
[0.262s] Level 5:colcon.colcon_core.verb:set package 'customized_srv_msg' build argument 'cmake_args' from command line to 'None'
[0.262s] Level 5:colcon.colcon_core.verb:set package 'customized_srv_msg' build argument 'cmake_target' from command line to 'None'
[0.262s] Level 5:colcon.colcon_core.verb:set package 'customized_srv_msg' build argument 'cmake_target_skip_unavailable' from command line to 'False'
[0.262s] Level 5:colcon.colcon_core.verb:set package 'customized_srv_msg' build argument 'cmake_clean_cache' from command line to 'False'
[0.262s] Level 5:colcon.colcon_core.verb:set package 'customized_srv_msg' build argument 'cmake_clean_first' from command line to 'False'
[0.262s] Level 5:colcon.colcon_core.verb:set package 'customized_srv_msg' build argument 'cmake_force_configure' from command line to 'False'
[0.262s] Level 5:colcon.colcon_core.verb:set package 'customized_srv_msg' build argument 'ament_cmake_args' from command line to 'None'
[0.262s] Level 5:colcon.colcon_core.verb:set package 'customized_srv_msg' build argument 'catkin_cmake_args' from command line to 'None'
[0.262s] Level 5:colcon.colcon_core.verb:set package 'customized_srv_msg' build argument 'catkin_skip_building_tests' from command line to 'False'
[0.262s] DEBUG:colcon.colcon_core.verb:Building package 'customized_srv_msg' with the following arguments: {'ament_cmake_args': None, 'build_base': '/home/ghani/my_ws/build/customized_srv_msg', 'catkin_cmake_args': None, 'catkin_skip_building_tests': False, 'cmake_args': None, 'cmake_clean_cache': False, 'cmake_clean_first': False, 'cmake_force_configure': False, 'cmake_target': None, 'cmake_target_skip_unavailable': False, 'install_base': '/home/ghani/my_ws/install/customized_srv_msg', 'merge_install': False, 'path': '/home/ghani/my_ws/src/customized_srv_msg', 'symlink_install': False, 'test_result_base': None}
[0.272s] INFO:colcon.colcon_core.executor:Executing jobs using 'parallel' executor
[0.274s] DEBUG:colcon.colcon_parallel_executor.executor.parallel:run_until_complete
[0.275s] INFO:colcon.colcon_ros.task.ament_cmake.build:Building ROS package in '/home/ghani/my_ws/src/customized_srv_msg' with build type 'ament_cmake'
[0.275s] INFO:colcon.colcon_cmake.task.cmake.build:Building CMake package in '/home/ghani/my_ws/src/customized_srv_msg'
[0.292s] INFO:colcon.colcon_core.plugin_system:Skipping extension 'colcon_core.shell.bat': Not used on non-Windows systems
[0.292s] INFO:colcon.colcon_core.shell:Skip shell extension 'powershell' for command environment: Not usable outside of PowerShell
[0.292s] DEBUG:colcon.colcon_core.shell:Skip shell extension 'dsv' for command environment
[0.310s] DEBUG:colcon.colcon_core.event_handler.log_command:Invoking command in '/home/ghani/my_ws/build/customized_srv_msg': CMAKE_PREFIX_PATH=/opt/ros/galactic /usr/bin/cmake /home/ghani/my_ws/src/customized_srv_msg -DCMAKE_INSTALL_PREFIX=/home/ghani/my_ws/install/customized_srv_msg
[3.028s] DEBUG:colcon.colcon_core.event_handler.log_command:Invoked command in '/home/ghani/my_ws/build/customized_srv_msg' returned '0': CMAKE_PREFIX_PATH=/opt/ros/galactic /usr/bin/cmake /home/ghani/my_ws/src/customized_srv_msg -DCMAKE_INSTALL_PREFIX=/home/ghani/my_ws/install/customized_srv_msg
[3.029s] DEBUG:colcon.colcon_core.event_handler.log_command:Invoking command in '/home/ghani/my_ws/build/customized_srv_msg': CMAKE_PREFIX_PATH=/opt/ros/galactic /usr/bin/cmake --build /home/ghani/my_ws/build/customized_srv_msg -- -j6 -l6
[6.516s] DEBUG:colcon.colcon_core.event_handler.log_command:Invoked command in '/home/ghani/my_ws/build/customized_srv_msg' returned '0': CMAKE_PREFIX_PATH=/opt/ros/galactic /usr/bin/cmake --build /home/ghani/my_ws/build/customized_srv_msg -- -j6 -l6
[6.650s] DEBUG:colcon.colcon_core.event_handler.log_command:Invoking command in '/home/ghani/my_ws/build/customized_srv_msg': CMAKE_PREFIX_PATH=/opt/ros/galactic /usr/bin/cmake --install /home/ghani/my_ws/build/customized_srv_msg
[6.719s] Level 1:colcon.colcon_core.environment:create_environment_scripts_only(customized_srv_msg)
[6.720s] DEBUG:colcon.colcon_core.event_handler.log_command:Invoked command in '/home/ghani/my_ws/build/customized_srv_msg' returned '0': CMAKE_PREFIX_PATH=/opt/ros/galactic /usr/bin/cmake --install /home/ghani/my_ws/build/customized_srv_msg
[6.736s] Level 1:colcon.colcon_core.environment:checking '/home/ghani/my_ws/install/customized_srv_msg' for CMake module files
[6.737s] Level 1:colcon.colcon_core.environment:checking '/home/ghani/my_ws/install/customized_srv_msg' for CMake config files
[6.737s] Level 1:colcon.colcon_core.shell:create_environment_hook('customized_srv_msg', 'cmake_prefix_path')
[6.738s] INFO:colcon.colcon_core.shell:Creating environment hook '/home/ghani/my_ws/install/customized_srv_msg/share/customized_srv_msg/hook/cmake_prefix_path.ps1'
[6.740s] INFO:colcon.colcon_core.shell:Creating environment descriptor '/home/ghani/my_ws/install/customized_srv_msg/share/customized_srv_msg/hook/cmake_prefix_path.dsv'
[6.741s] INFO:colcon.colcon_core.shell:Creating environment hook '/home/ghani/my_ws/install/customized_srv_msg/share/customized_srv_msg/hook/cmake_prefix_path.sh'
[6.744s] Level 1:colcon.colcon_core.environment:checking '/home/ghani/my_ws/install/customized_srv_msg/lib'
[6.744s] Level 1:colcon.colcon_core.shell:create_environment_hook('customized_srv_msg', 'ld_library_path_lib')
[6.744s] INFO:colcon.colcon_core.shell:Creating environment hook '/home/ghani/my_ws/install/customized_srv_msg/share/customized_srv_msg/hook/ld_library_path_lib.ps1'
[6.745s] INFO:colcon.colcon_core.shell:Creating environment descriptor '/home/ghani/my_ws/install/customized_srv_msg/share/customized_srv_msg/hook/ld_library_path_lib.dsv'
[6.745s] INFO:colcon.colcon_core.shell:Creating environment hook '/home/ghani/my_ws/install/customized_srv_msg/share/customized_srv_msg/hook/ld_library_path_lib.sh'
[6.745s] Level 1:colcon.colcon_core.environment:checking '/home/ghani/my_ws/install/customized_srv_msg/bin'
[6.745s] Level 1:colcon.colcon_core.environment:checking '/home/ghani/my_ws/install/customized_srv_msg/lib/pkgconfig/customized_srv_msg.pc'
[6.745s] Level 1:colcon.colcon_core.environment:checking '/home/ghani/my_ws/install/customized_srv_msg/lib/python3.8/site-packages'
[6.745s] Level 1:colcon.colcon_core.shell:create_environment_hook('customized_srv_msg', 'pythonpath')
[6.746s] INFO:colcon.colcon_core.shell:Creating environment hook '/home/ghani/my_ws/install/customized_srv_msg/share/customized_srv_msg/hook/pythonpath.ps1'
[6.746s] INFO:colcon.colcon_core.shell:Creating environment descriptor '/home/ghani/my_ws/install/customized_srv_msg/share/customized_srv_msg/hook/pythonpath.dsv'
[6.746s] INFO:colcon.colcon_core.shell:Creating environment hook '/home/ghani/my_ws/install/customized_srv_msg/share/customized_srv_msg/hook/pythonpath.sh'
[6.747s] INFO:colcon.colcon_core.shell:Creating package script '/home/ghani/my_ws/install/customized_srv_msg/share/customized_srv_msg/package.ps1'
[6.749s] INFO:colcon.colcon_core.shell:Creating package descriptor '/home/ghani/my_ws/install/customized_srv_msg/share/customized_srv_msg/package.dsv'
[6.750s] INFO:colcon.colcon_core.shell:Creating package script '/home/ghani/my_ws/install/customized_srv_msg/share/customized_srv_msg/package.sh'
[6.752s] INFO:colcon.colcon_core.shell:Creating package script '/home/ghani/my_ws/install/customized_srv_msg/share/customized_srv_msg/package.bash'
[6.754s] INFO:colcon.colcon_core.shell:Creating package script '/home/ghani/my_ws/install/customized_srv_msg/share/customized_srv_msg/package.zsh'
[6.756s] Level 1:colcon.colcon_core.environment:create_file_with_runtime_dependencies(/home/ghani/my_ws/install/customized_srv_msg/share/colcon-core/packages/customized_srv_msg)
[6.883s] Level 1:colcon.colcon_core.environment:create_environment_scripts_only(customized_srv_msg)
[6.884s] Level 1:colcon.colcon_core.environment:checking '/home/ghani/my_ws/install/customized_srv_msg' for CMake module files
[6.885s] Level 1:colcon.colcon_core.environment:checking '/home/ghani/my_ws/install/customized_srv_msg' for CMake config files
[6.885s] Level 1:colcon.colcon_core.shell:create_environment_hook('customized_srv_msg', 'cmake_prefix_path')
[6.886s] INFO:colcon.colcon_core.shell:Creating environment hook '/home/ghani/my_ws/install/customized_srv_msg/share/customized_srv_msg/hook/cmake_prefix_path.ps1'
[6.887s] INFO:colcon.colcon_core.shell:Creating environment descriptor '/home/ghani/my_ws/install/customized_srv_msg/share/customized_srv_msg/hook/cmake_prefix_path.dsv'
[6.888s] INFO:colcon.colcon_core.shell:Creating environment hook '/home/ghani/my_ws/install/customized_srv_msg/share/customized_srv_msg/hook/cmake_prefix_path.sh'
[6.888s] Level 1:colcon.colcon_core.environment:checking '/home/ghani/my_ws/install/customized_srv_msg/lib'
[6.889s] Level 1:colcon.colcon_core.shell:create_environment_hook('customized_srv_msg', 'ld_library_path_lib')
[6.889s] INFO:colcon.colcon_core.shell:Creating environment hook '/home/ghani/my_ws/install/customized_srv_msg/share/customized_srv_msg/hook/ld_library_path_lib.ps1'
[6.889s] INFO:colcon.colcon_core.shell:Creating environment descriptor '/home/ghani/my_ws/install/customized_srv_msg/share/customized_srv_msg/hook/ld_library_path_lib.dsv'
[6.890s] INFO:colcon.colcon_core.shell:Creating environment hook '/home/ghani/my_ws/install/customized_srv_msg/share/customized_srv_msg/hook/ld_library_path_lib.sh'
[6.890s] Level 1:colcon.colcon_core.environment:checking '/home/ghani/my_ws/install/customized_srv_msg/bin'
[6.891s] Level 1:colcon.colcon_core.environment:checking '/home/ghani/my_ws/install/customized_srv_msg/lib/pkgconfig/customized_srv_msg.pc'
[6.891s] Level 1:colcon.colcon_core.environment:checking '/home/ghani/my_ws/install/customized_srv_msg/lib/python3.8/site-packages'
[6.891s] Level 1:colcon.colcon_core.shell:create_environment_hook('customized_srv_msg', 'pythonpath')
[6.891s] INFO:colcon.colcon_core.shell:Creating environment hook '/home/ghani/my_ws/install/customized_srv_msg/share/customized_srv_msg/hook/pythonpath.ps1'
[6.892s] INFO:colcon.colcon_core.shell:Creating environment descriptor '/home/ghani/my_ws/install/customized_srv_msg/share/customized_srv_msg/hook/pythonpath.dsv'
[6.893s] INFO:colcon.colcon_core.shell:Creating environment hook '/home/ghani/my_ws/install/customized_srv_msg/share/customized_srv_msg/hook/pythonpath.sh'
[6.894s] INFO:colcon.colcon_core.shell:Creating package script '/home/ghani/my_ws/install/customized_srv_msg/share/customized_srv_msg/package.ps1'
[6.895s] INFO:colcon.colcon_core.shell:Creating package descriptor '/home/ghani/my_ws/install/customized_srv_msg/share/customized_srv_msg/package.dsv'
[6.895s] INFO:colcon.colcon_core.shell:Creating package script '/home/ghani/my_ws/install/customized_srv_msg/share/customized_srv_msg/package.sh'
[6.896s] INFO:colcon.colcon_core.shell:Creating package script '/home/ghani/my_ws/install/customized_srv_msg/share/customized_srv_msg/package.bash'
[6.897s] INFO:colcon.colcon_core.shell:Creating package script '/home/ghani/my_ws/install/customized_srv_msg/share/customized_srv_msg/package.zsh'
[6.897s] Level 1:colcon.colcon_core.environment:create_file_with_runtime_dependencies(/home/ghani/my_ws/install/customized_srv_msg/share/colcon-core/packages/customized_srv_msg)
[6.898s] DEBUG:colcon.colcon_parallel_executor.executor.parallel:closing loop
[6.899s] DEBUG:colcon.colcon_parallel_executor.executor.parallel:loop closed
[6.899s] DEBUG:colcon.colcon_parallel_executor.executor.parallel:run_until_complete finished with '0'
[6.899s] DEBUG:colcon.colcon_core.event_reactor:joining thread
[6.912s] INFO:colcon.colcon_core.plugin_system:Skipping extension 'colcon_notification.desktop_notification.terminal_notifier': Not used on non-Darwin systems
[6.913s] INFO:colcon.colcon_core.plugin_system:Skipping extension 'colcon_notification.desktop_notification.win32': Not used on non-Windows systems
[6.913s] INFO:colcon.colcon_notification.desktop_notification:Sending desktop notification using 'notify2'
[6.937s] DEBUG:colcon.colcon_core.event_reactor:joined thread
[6.938s] INFO:colcon.colcon_core.shell:Creating prefix script '/home/ghani/my_ws/install/local_setup.ps1'
[6.940s] INFO:colcon.colcon_core.shell:Creating prefix util module '/home/ghani/my_ws/install/_local_setup_util_ps1.py'
[6.942s] INFO:colcon.colcon_core.shell:Creating prefix chain script '/home/ghani/my_ws/install/setup.ps1'
[6.945s] INFO:colcon.colcon_core.shell:Creating prefix script '/home/ghani/my_ws/install/local_setup.sh'
[6.947s] INFO:colcon.colcon_core.shell:Creating prefix util module '/home/ghani/my_ws/install/_local_setup_util_sh.py'
[6.947s] INFO:colcon.colcon_core.shell:Creating prefix chain script '/home/ghani/my_ws/install/setup.sh'
[6.950s] INFO:colcon.colcon_core.shell:Creating prefix script '/home/ghani/my_ws/install/local_setup.bash'
[6.951s] INFO:colcon.colcon_core.shell:Creating prefix chain script '/home/ghani/my_ws/install/setup.bash'
[6.953s] INFO:colcon.colcon_core.shell:Creating prefix script '/home/ghani/my_ws/install/local_setup.zsh'
[6.955s] INFO:colcon.colcon_core.shell:Creating prefix chain script '/home/ghani/my_ws/install/setup.zsh'
