[0.019s] Invoking command in '/home/ghani/my_ws/build/customized_srv_msg': CMAKE_PREFIX_PATH=/opt/ros/galactic /usr/bin/cmake --build /home/ghani/my_ws/build/customized_srv_msg -- -j6 -l6
[0.046s] -- Found ament_cmake: 1.1.5 (/opt/ros/galactic/share/ament_cmake/cmake)
[0.066s] -- Found PythonInterp: /usr/bin/python3 (found suitable version "3.8.10", minimum required is "3") 
[0.066s] -- Using PYTHON_EXECUTABLE: /usr/bin/python3
[0.122s] -- Found rosidl_default_generators: 1.1.1 (/opt/ros/galactic/share/rosidl_default_generators/cmake)
[0.124s] -- Using all available rosidl_typesupport_c: rosidl_typesupport_fastrtps_c;rosidl_typesupport_introspection_c
[0.127s] -- Found rosidl_adapter: 2.2.1 (/opt/ros/galactic/share/rosidl_adapter/cmake)
[0.256s] -- Using all available rosidl_typesupport_cpp: rosidl_typesupport_fastrtps_cpp;rosidl_typesupport_introspection_cpp
[0.297s] -- Found PythonInterp: /usr/bin/python3 (found version "3.8.10") 
[0.487s] -- Found ament_cmake_ros: 0.9.2 (/opt/ros/galactic/share/ament_cmake_ros/cmake)
[0.606s] -- Using all available rosidl_typesupport_c: rosidl_typesupport_fastrtps_c;rosidl_typesupport_introspection_c
[0.627s] -- Using all available rosidl_typesupport_cpp: rosidl_typesupport_fastrtps_cpp;rosidl_typesupport_introspection_cpp
[0.651s] -- Found PythonInterp: /usr/bin/python3 (found suitable version "3.8.10", minimum required is "3.5") 
[0.651s] -- Found python_cmake_module: 0.8.1 (/opt/ros/galactic/share/python_cmake_module/cmake)
[0.674s] -- Using PYTHON_EXECUTABLE: /usr/bin/python3
[0.674s] -- Using PYTHON_INCLUDE_DIRS: /usr/include/python3.8
[0.674s] -- Using PYTHON_LIBRARIES: /usr/lib/x86_64-linux-gnu/libpython3.8.so
[0.697s] -- Found ament_lint_auto: 0.10.6 (/opt/ros/galactic/share/ament_lint_auto/cmake)
[0.708s] -- Added test 'copyright' to check source files copyright and LICENSE
[0.709s] -- Added test 'lint_cmake' to check CMake code style
[0.710s] -- Added test 'xmllint' to check XML markup files
[0.714s] -- Configuring done
[0.768s] -- Generating done
[0.774s] -- Build files have been written to: /home/ghani/my_ws/build/customized_srv_msg
[0.805s] [  1%] [34m[1mGenerating C code for ROS interfaces[0m
[0.816s] [  3%] [34m[1mGenerating C++ code for ROS interfaces[0m
[1.399s] [35m[1mScanning dependencies of target customized_srv_msg__rosidl_generator_c[0m
[1.415s] [  5%] [32mBuilding C object CMakeFiles/customized_srv_msg__rosidl_generator_c.dir/rosidl_generator_c/customized_srv_msg/msg/detail/num__functions.c.o[0m
[1.416s] [  7%] [32mBuilding C object CMakeFiles/customized_srv_msg__rosidl_generator_c.dir/rosidl_generator_c/customized_srv_msg/srv/detail/add_three_ints__functions.c.o[0m
[1.434s] [  9%] [32mBuilding C object CMakeFiles/customized_srv_msg__rosidl_generator_c.dir/rosidl_generator_c/customized_srv_msg/action/detail/fibonacci__functions.c.o[0m
[1.438s] [ 10%] [32mBuilding C object CMakeFiles/customized_srv_msg__rosidl_generator_c.dir/rosidl_generator_c/customized_srv_msg/action/detail/goal__functions.c.o[0m
[1.446s] [ 10%] Built target customized_srv_msg__cpp
[1.460s] [ 16%] [34m[1mGenerating C++ type support dispatch for ROS interfaces[0m
[1.460s] [ 16%] [34m[1mGenerating C++ type support for eProsima Fast-RTPS[0m
[1.460s] [ 16%] [34m[1mGenerating C++ introspection for ROS interfaces[0m
[1.529s] [ 18%] [32m[1mLinking C shared library libcustomized_srv_msg__rosidl_generator_c.so[0m
[1.572s] [ 18%] Built target customized_srv_msg__rosidl_generator_c
[1.584s] [ 20%] [34m[1mGenerating C type support dispatch for ROS interfaces[0m
[1.584s] [ 21%] [34m[1mGenerating C introspection for ROS interfaces[0m
[1.843s] [35m[1mScanning dependencies of target customized_srv_msg__rosidl_typesupport_cpp[0m
[1.861s] [ 23%] [32mBuilding CXX object CMakeFiles/customized_srv_msg__rosidl_typesupport_cpp.dir/rosidl_typesupport_cpp/customized_srv_msg/srv/add_three_ints__type_support.cpp.o[0m
[1.861s] [ 25%] [32mBuilding CXX object CMakeFiles/customized_srv_msg__rosidl_typesupport_cpp.dir/rosidl_typesupport_cpp/customized_srv_msg/msg/num__type_support.cpp.o[0m
[1.964s] [35m[1mScanning dependencies of target customized_srv_msg__rosidl_typesupport_c[0m
[1.975s] [35m[1mScanning dependencies of target customized_srv_msg__rosidl_typesupport_introspection_cpp[0m
[1.980s] [ 27%] [32mBuilding CXX object CMakeFiles/customized_srv_msg__rosidl_typesupport_c.dir/rosidl_typesupport_c/customized_srv_msg/msg/num__type_support.cpp.o[0m
[1.992s] [ 29%] [32mBuilding CXX object CMakeFiles/customized_srv_msg__rosidl_typesupport_introspection_cpp.dir/rosidl_typesupport_introspection_cpp/customized_srv_msg/msg/detail/num__type_support.cpp.o[0m
[2.013s] [ 30%] [32mBuilding CXX object CMakeFiles/customized_srv_msg__rosidl_typesupport_c.dir/rosidl_typesupport_c/customized_srv_msg/srv/add_three_ints__type_support.cpp.o[0m
[2.053s] [ 32%] [32mBuilding CXX object CMakeFiles/customized_srv_msg__rosidl_typesupport_c.dir/rosidl_typesupport_c/customized_srv_msg/action/fibonacci__type_support.cpp.o[0m
[2.096s] [35m[1mScanning dependencies of target customized_srv_msg__rosidl_typesupport_fastrtps_cpp[0m
[2.113s] [ 34%] [32mBuilding CXX object CMakeFiles/customized_srv_msg__rosidl_typesupport_c.dir/rosidl_typesupport_c/customized_srv_msg/action/goal__type_support.cpp.o[0m
[2.118s] [ 36%] [32mBuilding CXX object CMakeFiles/customized_srv_msg__rosidl_typesupport_fastrtps_cpp.dir/rosidl_typesupport_fastrtps_cpp/customized_srv_msg/msg/detail/dds_fastrtps/num__type_support.cpp.o[0m
[2.168s] [ 38%] [32mBuilding CXX object CMakeFiles/customized_srv_msg__rosidl_typesupport_cpp.dir/rosidl_typesupport_cpp/customized_srv_msg/action/fibonacci__type_support.cpp.o[0m
[2.168s] [ 40%] [32m[1mLinking CXX shared library libcustomized_srv_msg__rosidl_typesupport_c.so[0m
[2.182s] [35m[1mScanning dependencies of target customized_srv_msg__rosidl_typesupport_introspection_c[0m
[2.197s] [ 41%] [32mBuilding CXX object CMakeFiles/customized_srv_msg__rosidl_typesupport_cpp.dir/rosidl_typesupport_cpp/customized_srv_msg/action/goal__type_support.cpp.o[0m
[2.199s] [ 43%] [32mBuilding C object CMakeFiles/customized_srv_msg__rosidl_typesupport_introspection_c.dir/rosidl_typesupport_introspection_c/customized_srv_msg/msg/detail/num__type_support.c.o[0m
[2.216s] [ 43%] Built target customized_srv_msg__rosidl_typesupport_c
[2.227s] [ 45%] [32mBuilding C object CMakeFiles/customized_srv_msg__rosidl_typesupport_introspection_c.dir/rosidl_typesupport_introspection_c/customized_srv_msg/srv/detail/add_three_ints__type_support.c.o[0m
[2.236s] [ 47%] [32mBuilding C object CMakeFiles/customized_srv_msg__rosidl_typesupport_introspection_c.dir/rosidl_typesupport_introspection_c/customized_srv_msg/action/detail/fibonacci__type_support.c.o[0m
[2.267s] [ 49%] [32mBuilding C object CMakeFiles/customized_srv_msg__rosidl_typesupport_introspection_c.dir/rosidl_typesupport_introspection_c/customized_srv_msg/action/detail/goal__type_support.c.o[0m
[2.293s] [ 50%] [32mBuilding CXX object CMakeFiles/customized_srv_msg__rosidl_typesupport_introspection_cpp.dir/rosidl_typesupport_introspection_cpp/customized_srv_msg/srv/detail/add_three_ints__type_support.cpp.o[0m
[2.316s] [ 52%] [32mBuilding CXX object CMakeFiles/customized_srv_msg__rosidl_typesupport_introspection_cpp.dir/rosidl_typesupport_introspection_cpp/customized_srv_msg/action/detail/fibonacci__type_support.cpp.o[0m
[2.325s] [ 54%] [32m[1mLinking C shared library libcustomized_srv_msg__rosidl_typesupport_introspection_c.so[0m
[2.370s] [ 54%] Built target customized_srv_msg__rosidl_typesupport_introspection_c
[2.381s] [ 56%] [32mBuilding CXX object CMakeFiles/customized_srv_msg__rosidl_typesupport_introspection_cpp.dir/rosidl_typesupport_introspection_cpp/customized_srv_msg/action/detail/goal__type_support.cpp.o[0m
[2.584s] [ 58%] [32mBuilding CXX object CMakeFiles/customized_srv_msg__rosidl_typesupport_fastrtps_cpp.dir/rosidl_typesupport_fastrtps_cpp/customized_srv_msg/srv/detail/dds_fastrtps/add_three_ints__type_support.cpp.o[0m
[2.613s] [ 60%] [32mBuilding CXX object CMakeFiles/customized_srv_msg__rosidl_typesupport_fastrtps_cpp.dir/rosidl_typesupport_fastrtps_cpp/customized_srv_msg/action/detail/dds_fastrtps/fibonacci__type_support.cpp.o[0m
[2.656s] In file included from [01m[K/home/ghani/my_ws/build/customized_srv_msg/rosidl_typesupport_cpp/customized_srv_msg/action/goal__type_support.cpp:7[m[K:
[2.656s] [01m[K/home/ghani/my_ws/build/customized_srv_msg/rosidl_generator_cpp/customized_srv_msg/action/detail/goal__struct.hpp:1018:53:[m[K [01;31m[Kerror: [m[KISO C++ forbids nested type ‘[01m[KGoal[m[K’ with same name as enclosing class [[01;31m[K-fpermissive[m[K]
[2.656s]  1018 |   using Goal = customized_srv_msg::action::Goal_Goal[01;31m[K;[m[K
[2.656s]       |                                                     [01;31m[K^[m[K
[2.657s] [01m[K/home/ghani/my_ws/build/customized_srv_msg/rosidl_generator_cpp/customized_srv_msg/action/detail/goal__struct.hpp:1018:53:[m[K [01;31m[Kerror: [m[K‘[01m[Kusing Goal = using Goal_Goal = struct customized_srv_msg::action::Goal_Goal_<std::allocator<void> >[m[K’ has the same name as the class in which it is declared
[2.724s] [ 61%] [32mBuilding CXX object CMakeFiles/customized_srv_msg__rosidl_typesupport_fastrtps_cpp.dir/rosidl_typesupport_fastrtps_cpp/customized_srv_msg/action/detail/dds_fastrtps/goal__type_support.cpp.o[0m
[2.730s] make[2]: *** [CMakeFiles/customized_srv_msg__rosidl_typesupport_cpp.dir/build.make:131: CMakeFiles/customized_srv_msg__rosidl_typesupport_cpp.dir/rosidl_typesupport_cpp/customized_srv_msg/action/goal__type_support.cpp.o] Error 1
[2.731s] make[1]: *** [CMakeFiles/Makefile2:526: CMakeFiles/customized_srv_msg__rosidl_typesupport_cpp.dir/all] Error 2
[2.731s] make[1]: *** Waiting for unfinished jobs....
[2.824s] In file included from [01m[K/home/ghani/my_ws/build/customized_srv_msg/rosidl_typesupport_introspection_cpp/customized_srv_msg/action/detail/goal__type_support.cpp:12[m[K:
[2.824s] [01m[K/home/ghani/my_ws/build/customized_srv_msg/rosidl_generator_cpp/customized_srv_msg/action/detail/goal__struct.hpp:1018:53:[m[K [01;31m[Kerror: [m[KISO C++ forbids nested type ‘[01m[KGoal[m[K’ with same name as enclosing class [[01;31m[K-fpermissive[m[K]
[2.824s]  1018 |   using Goal = customized_srv_msg::action::Goal_Goal[01;31m[K;[m[K
[2.824s]       |                                                     [01;31m[K^[m[K
[2.824s] [01m[K/home/ghani/my_ws/build/customized_srv_msg/rosidl_generator_cpp/customized_srv_msg/action/detail/goal__struct.hpp:1018:53:[m[K [01;31m[Kerror: [m[K‘[01m[Kusing Goal = using Goal_Goal = struct customized_srv_msg::action::Goal_Goal_<std::allocator<void> >[m[K’ has the same name as the class in which it is declared
[2.912s] make[2]: *** [CMakeFiles/customized_srv_msg__rosidl_typesupport_introspection_cpp.dir/build.make:145: CMakeFiles/customized_srv_msg__rosidl_typesupport_introspection_cpp.dir/rosidl_typesupport_introspection_cpp/customized_srv_msg/action/detail/goal__type_support.cpp.o] Error 1
[2.912s] make[2]: *** Waiting for unfinished jobs....
[2.922s] make[1]: *** [CMakeFiles/Makefile2:499: CMakeFiles/customized_srv_msg__rosidl_typesupport_introspection_cpp.dir/all] Error 2
[3.139s] In file included from [01m[K/home/ghani/my_ws/build/customized_srv_msg/rosidl_typesupport_fastrtps_cpp/customized_srv_msg/action/detail/goal__rosidl_typesupport_fastrtps_cpp.hpp:11[m[K,
[3.139s]                  from [01m[K/home/ghani/my_ws/build/customized_srv_msg/rosidl_typesupport_fastrtps_cpp/customized_srv_msg/action/detail/dds_fastrtps/goal__type_support.cpp:4[m[K:
[3.139s] [01m[K/home/ghani/my_ws/build/customized_srv_msg/rosidl_generator_cpp/customized_srv_msg/action/detail/goal__struct.hpp:1018:53:[m[K [01;31m[Kerror: [m[KISO C++ forbids nested type ‘[01m[KGoal[m[K’ with same name as enclosing class [[01;31m[K-fpermissive[m[K]
[3.139s]  1018 |   using Goal = customized_srv_msg::action::Goal_Goal[01;31m[K;[m[K
[3.139s]       |                                                     [01;31m[K^[m[K
[3.139s] [01m[K/home/ghani/my_ws/build/customized_srv_msg/rosidl_generator_cpp/customized_srv_msg/action/detail/goal__struct.hpp:1018:53:[m[K [01;31m[Kerror: [m[K‘[01m[Kusing Goal = using Goal_Goal = struct customized_srv_msg::action::Goal_Goal_<std::allocator<void> >[m[K’ has the same name as the class in which it is declared
[3.257s] make[2]: *** [CMakeFiles/customized_srv_msg__rosidl_typesupport_fastrtps_cpp.dir/build.make:145: CMakeFiles/customized_srv_msg__rosidl_typesupport_fastrtps_cpp.dir/rosidl_typesupport_fastrtps_cpp/customized_srv_msg/action/detail/dds_fastrtps/goal__type_support.cpp.o] Error 1
[3.258s] make[1]: *** [CMakeFiles/Makefile2:380: CMakeFiles/customized_srv_msg__rosidl_typesupport_fastrtps_cpp.dir/all] Error 2
[3.258s] make: *** [Makefile:141: all] Error 2
[3.260s] Invoked command in '/home/ghani/my_ws/build/customized_srv_msg' returned '2': CMAKE_PREFIX_PATH=/opt/ros/galactic /usr/bin/cmake --build /home/ghani/my_ws/build/customized_srv_msg -- -j6 -l6
