-- Found ament_cmake: 1.1.5 (/opt/ros/galactic/share/ament_cmake/cmake)
-- Found PythonInterp: /usr/bin/python3 (found suitable version "3.8.10", minimum required is "3") 
-- Using PYTHON_EXECUTABLE: /usr/bin/python3
-- Found rosidl_default_generators: 1.1.1 (/opt/ros/galactic/share/rosidl_default_generators/cmake)
-- Using all available rosidl_typesupport_c: rosidl_typesupport_fastrtps_c;rosidl_typesupport_introspection_c
-- Found rosidl_adapter: 2.2.1 (/opt/ros/galactic/share/rosidl_adapter/cmake)
-- Using all available rosidl_typesupport_cpp: rosidl_typesupport_fastrtps_cpp;rosidl_typesupport_introspection_cpp
-- Found PythonInterp: /usr/bin/python3 (found version "3.8.10") 
-- Found ament_cmake_ros: 0.9.2 (/opt/ros/galactic/share/ament_cmake_ros/cmake)
-- Using all available rosidl_typesupport_c: rosidl_typesupport_fastrtps_c;rosidl_typesupport_introspection_c
-- Using all available rosidl_typesupport_cpp: rosidl_typesupport_fastrtps_cpp;rosidl_typesupport_introspection_cpp
-- Found PythonInterp: /usr/bin/python3 (found suitable version "3.8.10", minimum required is "3.5") 
-- Found python_cmake_module: 0.8.1 (/opt/ros/galactic/share/python_cmake_module/cmake)
-- Using PYTHON_EXECUTABLE: /usr/bin/python3
-- Using PYTHON_INCLUDE_DIRS: /usr/include/python3.8
-- Using PYTHON_LIBRARIES: /usr/lib/x86_64-linux-gnu/libpython3.8.so
-- Found ament_lint_auto: 0.10.6 (/opt/ros/galactic/share/ament_lint_auto/cmake)
-- Added test 'copyright' to check source files copyright and LICENSE
-- Added test 'lint_cmake' to check CMake code style
-- Added test 'xmllint' to check XML markup files
-- Configuring done
-- Generating done
-- Build files have been written to: /home/ghani/my_ws/build/customized_srv_msg
[  2%] Built target customized_srv_msg__cpp
[ 12%] Built target customized_srv_msg__rosidl_generator_c
[ 23%] Built target customized_srv_msg__rosidl_typesupport_cpp
[ 34%] Built target customized_srv_msg__rosidl_typesupport_introspection_cpp
[ 44%] Built target customized_srv_msg__rosidl_typesupport_introspection_c
[ 55%] Built target customized_srv_msg__rosidl_typesupport_c
[ 65%] Built target customized_srv_msg__rosidl_typesupport_fastrtps_cpp
[ 76%] Built target customized_srv_msg__rosidl_typesupport_fastrtps_c
[ 76%] Built target customized_srv_msg
[ 78%] Built target customized_srv_msg__py
[ 87%] Built target customized_srv_msg__python
[ 91%] Built target customized_srv_msg__rosidl_typesupport_c__pyext
[ 95%] Built target customized_srv_msg__rosidl_typesupport_fastrtps_c__pyext
[100%] Built target customized_srv_msg__rosidl_typesupport_introspection_c__pyext
-- Install configuration: ""
-- Up-to-date: /home/ghani/my_ws/install/customized_srv_msg/share/ament_index/resource_index/rosidl_interfaces/customized_srv_msg
-- Up-to-date: /home/ghani/my_ws/install/customized_srv_msg/include/customized_srv_msg
-- Up-to-date: /home/ghani/my_ws/install/customized_srv_msg/include/customized_srv_msg/srv
-- Up-to-date: /home/ghani/my_ws/install/customized_srv_msg/include/customized_srv_msg/srv/add_three_ints.h
-- Up-to-date: /home/ghani/my_ws/install/customized_srv_msg/include/customized_srv_msg/srv/detail
-- Up-to-date: /home/ghani/my_ws/install/customized_srv_msg/include/customized_srv_msg/srv/detail/add_three_ints__functions.h
-- Up-to-date: /home/ghani/my_ws/install/customized_srv_msg/include/customized_srv_msg/srv/detail/add_three_ints__functions.c
-- Up-to-date: /home/ghani/my_ws/install/customized_srv_msg/include/customized_srv_msg/srv/detail/add_three_ints__type_support.h
-- Up-to-date: /home/ghani/my_ws/install/customized_srv_msg/include/customized_srv_msg/srv/detail/add_three_ints__struct.h
-- Up-to-date: /home/ghani/my_ws/install/customized_srv_msg/include/customized_srv_msg/action
-- Up-to-date: /home/ghani/my_ws/install/customized_srv_msg/include/customized_srv_msg/action/fibonacci.h
-- Up-to-date: /home/ghani/my_ws/install/customized_srv_msg/include/customized_srv_msg/action/detail
-- Up-to-date: /home/ghani/my_ws/install/customized_srv_msg/include/customized_srv_msg/action/detail/fibonacci__functions.c
-- Up-to-date: /home/ghani/my_ws/install/customized_srv_msg/include/customized_srv_msg/action/detail/fibonacci__type_support.h
-- Up-to-date: /home/ghani/my_ws/install/customized_srv_msg/include/customized_srv_msg/action/detail/fibonacci__functions.h
-- Up-to-date: /home/ghani/my_ws/install/customized_srv_msg/include/customized_srv_msg/action/detail/fibonacci__struct.h
-- Up-to-date: /home/ghani/my_ws/install/customized_srv_msg/include/customized_srv_msg/msg
-- Up-to-date: /home/ghani/my_ws/install/customized_srv_msg/include/customized_srv_msg/msg/rosidl_generator_c__visibility_control.h
-- Up-to-date: /home/ghani/my_ws/install/customized_srv_msg/include/customized_srv_msg/msg/num.h
-- Up-to-date: /home/ghani/my_ws/install/customized_srv_msg/include/customized_srv_msg/msg/detail
-- Up-to-date: /home/ghani/my_ws/install/customized_srv_msg/include/customized_srv_msg/msg/detail/num__struct.h
-- Up-to-date: /home/ghani/my_ws/install/customized_srv_msg/include/customized_srv_msg/msg/detail/num__type_support.h
-- Up-to-date: /home/ghani/my_ws/install/customized_srv_msg/include/customized_srv_msg/msg/detail/num__functions.c
-- Up-to-date: /home/ghani/my_ws/install/customized_srv_msg/include/customized_srv_msg/msg/detail/num__functions.h
-- Up-to-date: /home/ghani/my_ws/install/customized_srv_msg/share/customized_srv_msg/environment/library_path.sh
-- Installing: /home/ghani/my_ws/install/customized_srv_msg/share/customized_srv_msg/environment/library_path.dsv
-- Up-to-date: /home/ghani/my_ws/install/customized_srv_msg/lib/libcustomized_srv_msg__rosidl_generator_c.so
-- Up-to-date: /home/ghani/my_ws/install/customized_srv_msg/include/customized_srv_msg
-- Up-to-date: /home/ghani/my_ws/install/customized_srv_msg/include/customized_srv_msg/srv
-- Up-to-date: /home/ghani/my_ws/install/customized_srv_msg/include/customized_srv_msg/srv/detail
-- Up-to-date: /home/ghani/my_ws/install/customized_srv_msg/include/customized_srv_msg/srv/detail/add_three_ints__rosidl_typesupport_fastrtps_c.h
-- Up-to-date: /home/ghani/my_ws/install/customized_srv_msg/include/customized_srv_msg/action
-- Up-to-date: /home/ghani/my_ws/install/customized_srv_msg/include/customized_srv_msg/action/detail
-- Up-to-date: /home/ghani/my_ws/install/customized_srv_msg/include/customized_srv_msg/action/detail/fibonacci__rosidl_typesupport_fastrtps_c.h
-- Up-to-date: /home/ghani/my_ws/install/customized_srv_msg/include/customized_srv_msg/msg
-- Up-to-date: /home/ghani/my_ws/install/customized_srv_msg/include/customized_srv_msg/msg/rosidl_typesupport_fastrtps_c__visibility_control.h
-- Up-to-date: /home/ghani/my_ws/install/customized_srv_msg/include/customized_srv_msg/msg/detail
-- Up-to-date: /home/ghani/my_ws/install/customized_srv_msg/include/customized_srv_msg/msg/detail/num__rosidl_typesupport_fastrtps_c.h
-- Up-to-date: /home/ghani/my_ws/install/customized_srv_msg/lib/libcustomized_srv_msg__rosidl_typesupport_fastrtps_c.so
-- Up-to-date: /home/ghani/my_ws/install/customized_srv_msg/include/customized_srv_msg
-- Up-to-date: /home/ghani/my_ws/install/customized_srv_msg/include/customized_srv_msg/srv
-- Up-to-date: /home/ghani/my_ws/install/customized_srv_msg/include/customized_srv_msg/srv/detail
-- Up-to-date: /home/ghani/my_ws/install/customized_srv_msg/include/customized_srv_msg/srv/detail/dds_fastrtps
-- Up-to-date: /home/ghani/my_ws/install/customized_srv_msg/include/customized_srv_msg/srv/detail/add_three_ints__rosidl_typesupport_fastrtps_cpp.hpp
-- Up-to-date: /home/ghani/my_ws/install/customized_srv_msg/include/customized_srv_msg/action
-- Up-to-date: /home/ghani/my_ws/install/customized_srv_msg/include/customized_srv_msg/action/detail
-- Up-to-date: /home/ghani/my_ws/install/customized_srv_msg/include/customized_srv_msg/action/detail/dds_fastrtps
-- Up-to-date: /home/ghani/my_ws/install/customized_srv_msg/include/customized_srv_msg/action/detail/fibonacci__rosidl_typesupport_fastrtps_cpp.hpp
-- Up-to-date: /home/ghani/my_ws/install/customized_srv_msg/include/customized_srv_msg/msg
-- Up-to-date: /home/ghani/my_ws/install/customized_srv_msg/include/customized_srv_msg/msg/rosidl_typesupport_fastrtps_cpp__visibility_control.h
-- Up-to-date: /home/ghani/my_ws/install/customized_srv_msg/include/customized_srv_msg/msg/detail
-- Up-to-date: /home/ghani/my_ws/install/customized_srv_msg/include/customized_srv_msg/msg/detail/num__rosidl_typesupport_fastrtps_cpp.hpp
-- Up-to-date: /home/ghani/my_ws/install/customized_srv_msg/include/customized_srv_msg/msg/detail/dds_fastrtps
-- Up-to-date: /home/ghani/my_ws/install/customized_srv_msg/lib/libcustomized_srv_msg__rosidl_typesupport_fastrtps_cpp.so
-- Up-to-date: /home/ghani/my_ws/install/customized_srv_msg/include/customized_srv_msg
-- Up-to-date: /home/ghani/my_ws/install/customized_srv_msg/include/customized_srv_msg/srv
-- Up-to-date: /home/ghani/my_ws/install/customized_srv_msg/include/customized_srv_msg/srv/detail
-- Up-to-date: /home/ghani/my_ws/install/customized_srv_msg/include/customized_srv_msg/srv/detail/add_three_ints__rosidl_typesupport_introspection_c.h
-- Up-to-date: /home/ghani/my_ws/install/customized_srv_msg/include/customized_srv_msg/srv/detail/add_three_ints__type_support.c
-- Up-to-date: /home/ghani/my_ws/install/customized_srv_msg/include/customized_srv_msg/action
-- Up-to-date: /home/ghani/my_ws/install/customized_srv_msg/include/customized_srv_msg/action/detail
-- Up-to-date: /home/ghani/my_ws/install/customized_srv_msg/include/customized_srv_msg/action/detail/fibonacci__type_support.c
-- Up-to-date: /home/ghani/my_ws/install/customized_srv_msg/include/customized_srv_msg/action/detail/fibonacci__rosidl_typesupport_introspection_c.h
-- Up-to-date: /home/ghani/my_ws/install/customized_srv_msg/include/customized_srv_msg/msg
-- Up-to-date: /home/ghani/my_ws/install/customized_srv_msg/include/customized_srv_msg/msg/rosidl_typesupport_introspection_c__visibility_control.h
-- Up-to-date: /home/ghani/my_ws/install/customized_srv_msg/include/customized_srv_msg/msg/detail
-- Up-to-date: /home/ghani/my_ws/install/customized_srv_msg/include/customized_srv_msg/msg/detail/num__type_support.c
-- Up-to-date: /home/ghani/my_ws/install/customized_srv_msg/include/customized_srv_msg/msg/detail/num__rosidl_typesupport_introspection_c.h
-- Up-to-date: /home/ghani/my_ws/install/customized_srv_msg/lib/libcustomized_srv_msg__rosidl_typesupport_introspection_c.so
-- Up-to-date: /home/ghani/my_ws/install/customized_srv_msg/lib/libcustomized_srv_msg__rosidl_typesupport_c.so
-- Up-to-date: /home/ghani/my_ws/install/customized_srv_msg/include/customized_srv_msg
-- Up-to-date: /home/ghani/my_ws/install/customized_srv_msg/include/customized_srv_msg/srv
-- Up-to-date: /home/ghani/my_ws/install/customized_srv_msg/include/customized_srv_msg/srv/add_three_ints.hpp
-- Up-to-date: /home/ghani/my_ws/install/customized_srv_msg/include/customized_srv_msg/srv/detail
-- Up-to-date: /home/ghani/my_ws/install/customized_srv_msg/include/customized_srv_msg/srv/detail/add_three_ints__builder.hpp
-- Up-to-date: /home/ghani/my_ws/install/customized_srv_msg/include/customized_srv_msg/srv/detail/add_three_ints__struct.hpp
-- Up-to-date: /home/ghani/my_ws/install/customized_srv_msg/include/customized_srv_msg/srv/detail/add_three_ints__traits.hpp
-- Up-to-date: /home/ghani/my_ws/install/customized_srv_msg/include/customized_srv_msg/action
-- Up-to-date: /home/ghani/my_ws/install/customized_srv_msg/include/customized_srv_msg/action/fibonacci.hpp
-- Up-to-date: /home/ghani/my_ws/install/customized_srv_msg/include/customized_srv_msg/action/detail
-- Up-to-date: /home/ghani/my_ws/install/customized_srv_msg/include/customized_srv_msg/action/detail/fibonacci__struct.hpp
-- Up-to-date: /home/ghani/my_ws/install/customized_srv_msg/include/customized_srv_msg/action/detail/fibonacci__traits.hpp
-- Up-to-date: /home/ghani/my_ws/install/customized_srv_msg/include/customized_srv_msg/action/detail/fibonacci__builder.hpp
-- Up-to-date: /home/ghani/my_ws/install/customized_srv_msg/include/customized_srv_msg/msg
-- Up-to-date: /home/ghani/my_ws/install/customized_srv_msg/include/customized_srv_msg/msg/num.hpp
-- Up-to-date: /home/ghani/my_ws/install/customized_srv_msg/include/customized_srv_msg/msg/detail
-- Up-to-date: /home/ghani/my_ws/install/customized_srv_msg/include/customized_srv_msg/msg/detail/num__struct.hpp
-- Up-to-date: /home/ghani/my_ws/install/customized_srv_msg/include/customized_srv_msg/msg/detail/num__builder.hpp
-- Up-to-date: /home/ghani/my_ws/install/customized_srv_msg/include/customized_srv_msg/msg/detail/num__traits.hpp
-- Up-to-date: /home/ghani/my_ws/install/customized_srv_msg/include/customized_srv_msg
-- Up-to-date: /home/ghani/my_ws/install/customized_srv_msg/include/customized_srv_msg/srv
-- Up-to-date: /home/ghani/my_ws/install/customized_srv_msg/include/customized_srv_msg/srv/detail
-- Up-to-date: /home/ghani/my_ws/install/customized_srv_msg/include/customized_srv_msg/srv/detail/add_three_ints__rosidl_typesupport_introspection_cpp.hpp
-- Up-to-date: /home/ghani/my_ws/install/customized_srv_msg/include/customized_srv_msg/srv/detail/add_three_ints__type_support.cpp
-- Up-to-date: /home/ghani/my_ws/install/customized_srv_msg/include/customized_srv_msg/action
-- Up-to-date: /home/ghani/my_ws/install/customized_srv_msg/include/customized_srv_msg/action/detail
-- Up-to-date: /home/ghani/my_ws/install/customized_srv_msg/include/customized_srv_msg/action/detail/fibonacci__type_support.cpp
-- Up-to-date: /home/ghani/my_ws/install/customized_srv_msg/include/customized_srv_msg/action/detail/fibonacci__rosidl_typesupport_introspection_cpp.hpp
-- Up-to-date: /home/ghani/my_ws/install/customized_srv_msg/include/customized_srv_msg/msg
-- Up-to-date: /home/ghani/my_ws/install/customized_srv_msg/include/customized_srv_msg/msg/detail
-- Up-to-date: /home/ghani/my_ws/install/customized_srv_msg/include/customized_srv_msg/msg/detail/num__type_support.cpp
-- Up-to-date: /home/ghani/my_ws/install/customized_srv_msg/include/customized_srv_msg/msg/detail/num__rosidl_typesupport_introspection_cpp.hpp
-- Up-to-date: /home/ghani/my_ws/install/customized_srv_msg/lib/libcustomized_srv_msg__rosidl_typesupport_introspection_cpp.so
-- Up-to-date: /home/ghani/my_ws/install/customized_srv_msg/lib/libcustomized_srv_msg__rosidl_typesupport_cpp.so
-- Up-to-date: /home/ghani/my_ws/install/customized_srv_msg/share/customized_srv_msg/environment/pythonpath.sh
-- Installing: /home/ghani/my_ws/install/customized_srv_msg/share/customized_srv_msg/environment/pythonpath.dsv
-- Installing: /home/ghani/my_ws/install/customized_srv_msg/lib/python3.8/site-packages/customized_srv_msg/__init__.py
Compiling '/home/ghani/my_ws/install/customized_srv_msg/lib/python3.8/site-packages/customized_srv_msg/__init__.py'...
-- Up-to-date: /home/ghani/my_ws/install/customized_srv_msg/lib/python3.8/site-packages/customized_srv_msg/msg
-- Up-to-date: /home/ghani/my_ws/install/customized_srv_msg/lib/python3.8/site-packages/customized_srv_msg/msg/_num_s.c
-- Up-to-date: /home/ghani/my_ws/install/customized_srv_msg/lib/python3.8/site-packages/customized_srv_msg/msg/__init__.py
-- Up-to-date: /home/ghani/my_ws/install/customized_srv_msg/lib/python3.8/site-packages/customized_srv_msg/msg/_num.py
-- Up-to-date: /home/ghani/my_ws/install/customized_srv_msg/lib/python3.8/site-packages/customized_srv_msg/srv
-- Up-to-date: /home/ghani/my_ws/install/customized_srv_msg/lib/python3.8/site-packages/customized_srv_msg/srv/_add_three_ints.py
-- Up-to-date: /home/ghani/my_ws/install/customized_srv_msg/lib/python3.8/site-packages/customized_srv_msg/srv/__init__.py
-- Up-to-date: /home/ghani/my_ws/install/customized_srv_msg/lib/python3.8/site-packages/customized_srv_msg/srv/_add_three_ints_s.c
-- Up-to-date: /home/ghani/my_ws/install/customized_srv_msg/lib/python3.8/site-packages/customized_srv_msg/action
-- Up-to-date: /home/ghani/my_ws/install/customized_srv_msg/lib/python3.8/site-packages/customized_srv_msg/action/__init__.py
-- Up-to-date: /home/ghani/my_ws/install/customized_srv_msg/lib/python3.8/site-packages/customized_srv_msg/action/_fibonacci_s.c
-- Up-to-date: /home/ghani/my_ws/install/customized_srv_msg/lib/python3.8/site-packages/customized_srv_msg/action/_fibonacci.py
-- Up-to-date: /home/ghani/my_ws/install/customized_srv_msg/lib/python3.8/site-packages/customized_srv_msg/customized_srv_msg_s__rosidl_typesupport_fastrtps_c.cpython-38-x86_64-linux-gnu.so
-- Up-to-date: /home/ghani/my_ws/install/customized_srv_msg/lib/python3.8/site-packages/customized_srv_msg/customized_srv_msg_s__rosidl_typesupport_introspection_c.cpython-38-x86_64-linux-gnu.so
-- Up-to-date: /home/ghani/my_ws/install/customized_srv_msg/lib/python3.8/site-packages/customized_srv_msg/customized_srv_msg_s__rosidl_typesupport_c.cpython-38-x86_64-linux-gnu.so
-- Up-to-date: /home/ghani/my_ws/install/customized_srv_msg/lib/libcustomized_srv_msg__python.so
-- Up-to-date: /home/ghani/my_ws/install/customized_srv_msg/share/customized_srv_msg/msg/Num.idl
-- Up-to-date: /home/ghani/my_ws/install/customized_srv_msg/share/customized_srv_msg/srv/AddThreeInts.idl
-- Up-to-date: /home/ghani/my_ws/install/customized_srv_msg/share/customized_srv_msg/action/Fibonacci.idl
-- Up-to-date: /home/ghani/my_ws/install/customized_srv_msg/share/customized_srv_msg/msg/Num.msg
-- Up-to-date: /home/ghani/my_ws/install/customized_srv_msg/share/customized_srv_msg/srv/AddThreeInts.srv
-- Up-to-date: /home/ghani/my_ws/install/customized_srv_msg/share/customized_srv_msg/srv/AddThreeInts_Request.msg
-- Up-to-date: /home/ghani/my_ws/install/customized_srv_msg/share/customized_srv_msg/srv/AddThreeInts_Response.msg
-- Up-to-date: /home/ghani/my_ws/install/customized_srv_msg/share/customized_srv_msg/action/Fibonacci.action
-- Up-to-date: /home/ghani/my_ws/install/customized_srv_msg/share/ament_index/resource_index/package_run_dependencies/customized_srv_msg
-- Installing: /home/ghani/my_ws/install/customized_srv_msg/share/ament_index/resource_index/parent_prefix_path/customized_srv_msg
-- Up-to-date: /home/ghani/my_ws/install/customized_srv_msg/share/customized_srv_msg/environment/ament_prefix_path.sh
-- Installing: /home/ghani/my_ws/install/customized_srv_msg/share/customized_srv_msg/environment/ament_prefix_path.dsv
-- Up-to-date: /home/ghani/my_ws/install/customized_srv_msg/share/customized_srv_msg/environment/path.sh
-- Installing: /home/ghani/my_ws/install/customized_srv_msg/share/customized_srv_msg/environment/path.dsv
-- Up-to-date: /home/ghani/my_ws/install/customized_srv_msg/share/customized_srv_msg/local_setup.bash
-- Up-to-date: /home/ghani/my_ws/install/customized_srv_msg/share/customized_srv_msg/local_setup.sh
-- Up-to-date: /home/ghani/my_ws/install/customized_srv_msg/share/customized_srv_msg/local_setup.zsh
-- Installing: /home/ghani/my_ws/install/customized_srv_msg/share/customized_srv_msg/local_setup.dsv
-- Installing: /home/ghani/my_ws/install/customized_srv_msg/share/customized_srv_msg/package.dsv
-- Up-to-date: /home/ghani/my_ws/install/customized_srv_msg/share/ament_index/resource_index/packages/customized_srv_msg
-- Up-to-date: /home/ghani/my_ws/install/customized_srv_msg/share/customized_srv_msg/cmake/customized_srv_msg__rosidl_generator_cExport.cmake
-- Installing: /home/ghani/my_ws/install/customized_srv_msg/share/customized_srv_msg/cmake/customized_srv_msg__rosidl_generator_cExport-noconfig.cmake
-- Up-to-date: /home/ghani/my_ws/install/customized_srv_msg/share/customized_srv_msg/cmake/customized_srv_msg__rosidl_typesupport_introspection_cExport.cmake
-- Installing: /home/ghani/my_ws/install/customized_srv_msg/share/customized_srv_msg/cmake/customized_srv_msg__rosidl_typesupport_introspection_cExport-noconfig.cmake
-- Up-to-date: /home/ghani/my_ws/install/customized_srv_msg/share/customized_srv_msg/cmake/customized_srv_msg__rosidl_typesupport_cExport.cmake
-- Installing: /home/ghani/my_ws/install/customized_srv_msg/share/customized_srv_msg/cmake/customized_srv_msg__rosidl_typesupport_cExport-noconfig.cmake
-- Up-to-date: /home/ghani/my_ws/install/customized_srv_msg/share/customized_srv_msg/cmake/customized_srv_msg__rosidl_generator_cppExport.cmake
-- Up-to-date: /home/ghani/my_ws/install/customized_srv_msg/share/customized_srv_msg/cmake/customized_srv_msg__rosidl_typesupport_introspection_cppExport.cmake
-- Installing: /home/ghani/my_ws/install/customized_srv_msg/share/customized_srv_msg/cmake/customized_srv_msg__rosidl_typesupport_introspection_cppExport-noconfig.cmake
-- Up-to-date: /home/ghani/my_ws/install/customized_srv_msg/share/customized_srv_msg/cmake/customized_srv_msg__rosidl_typesupport_cppExport.cmake
-- Installing: /home/ghani/my_ws/install/customized_srv_msg/share/customized_srv_msg/cmake/customized_srv_msg__rosidl_typesupport_cppExport-noconfig.cmake
-- Up-to-date: /home/ghani/my_ws/install/customized_srv_msg/share/customized_srv_msg/cmake/rosidl_cmake-extras.cmake
-- Up-to-date: /home/ghani/my_ws/install/customized_srv_msg/share/customized_srv_msg/cmake/ament_cmake_export_dependencies-extras.cmake
-- Up-to-date: /home/ghani/my_ws/install/customized_srv_msg/share/customized_srv_msg/cmake/ament_cmake_export_libraries-extras.cmake
-- Up-to-date: /home/ghani/my_ws/install/customized_srv_msg/share/customized_srv_msg/cmake/ament_cmake_export_targets-extras.cmake
-- Up-to-date: /home/ghani/my_ws/install/customized_srv_msg/share/customized_srv_msg/cmake/ament_cmake_export_include_directories-extras.cmake
-- Up-to-date: /home/ghani/my_ws/install/customized_srv_msg/share/customized_srv_msg/cmake/rosidl_cmake_export_typesupport_libraries-extras.cmake
-- Up-to-date: /home/ghani/my_ws/install/customized_srv_msg/share/customized_srv_msg/cmake/rosidl_cmake_export_typesupport_targets-extras.cmake
-- Up-to-date: /home/ghani/my_ws/install/customized_srv_msg/share/customized_srv_msg/cmake/customized_srv_msgConfig.cmake
-- Up-to-date: /home/ghani/my_ws/install/customized_srv_msg/share/customized_srv_msg/cmake/customized_srv_msgConfig-version.cmake
-- Up-to-date: /home/ghani/my_ws/install/customized_srv_msg/share/customized_srv_msg/package.xml
