[100%] Built target talker
-- Install configuration: ""
-- Up-to-date: /home/ghani/my_ws/install/cpp_new/share/cpp_new/launch
-- Up-to-date: /home/ghani/my_ws/install/cpp_new/share/cpp_new/launch/__pycache__
-- Up-to-date: /home/ghani/my_ws/install/cpp_new/share/cpp_new/launch/__pycache__/launch_file.cpython-38.pyc
-- Installing: /home/ghani/my_ws/install/cpp_new/share/cpp_new/launch/launch_file.py
-- Up-to-date: /home/ghani/my_ws/install/cpp_new/lib/cpp_new/talker
-- Up-to-date: /home/ghani/my_ws/install/cpp_new/share/ament_index/resource_index/package_run_dependencies/cpp_new
-- Up-to-date: /home/ghani/my_ws/install/cpp_new/share/ament_index/resource_index/parent_prefix_path/cpp_new
-- Up-to-date: /home/ghani/my_ws/install/cpp_new/share/cpp_new/environment/ament_prefix_path.sh
-- Up-to-date: /home/ghani/my_ws/install/cpp_new/share/cpp_new/environment/ament_prefix_path.dsv
-- Up-to-date: /home/ghani/my_ws/install/cpp_new/share/cpp_new/environment/path.sh
-- Up-to-date: /home/ghani/my_ws/install/cpp_new/share/cpp_new/environment/path.dsv
-- Up-to-date: /home/ghani/my_ws/install/cpp_new/share/cpp_new/local_setup.bash
-- Up-to-date: /home/ghani/my_ws/install/cpp_new/share/cpp_new/local_setup.sh
-- Up-to-date: /home/ghani/my_ws/install/cpp_new/share/cpp_new/local_setup.zsh
-- Up-to-date: /home/ghani/my_ws/install/cpp_new/share/cpp_new/local_setup.dsv
-- Installing: /home/ghani/my_ws/install/cpp_new/share/cpp_new/package.dsv
-- Up-to-date: /home/ghani/my_ws/install/cpp_new/share/ament_index/resource_index/packages/cpp_new
-- Up-to-date: /home/ghani/my_ws/install/cpp_new/share/cpp_new/cmake/cpp_newConfig.cmake
-- Up-to-date: /home/ghani/my_ws/install/cpp_new/share/cpp_new/cmake/cpp_newConfig-version.cmake
-- Up-to-date: /home/ghani/my_ws/install/cpp_new/share/cpp_new/package.xml
