[0.627s] Invoking command in '/home/ghani/my_ws/src/py_package': PYTHONPATH=/home/ghani/my_ws/install/py_package/lib/python3.8/site-packages:${PYTHONPATH} /usr/bin/python3 setup.py egg_info --egg-base ../../build/py_package build --build-base /home/ghani/my_ws/build/py_package/build install --prefix /home/ghani/my_ws/install/py_package --record /home/ghani/my_ws/build/py_package/install.log --single-version-externally-managed
[0.814s] running egg_info
[0.815s] writing ../../build/py_package/py_package.egg-info/PKG-INFO
[0.815s] writing dependency_links to ../../build/py_package/py_package.egg-info/dependency_links.txt
[0.816s] writing entry points to ../../build/py_package/py_package.egg-info/entry_points.txt
[0.816s] writing requirements to ../../build/py_package/py_package.egg-info/requires.txt
[0.816s] writing top-level names to ../../build/py_package/py_package.egg-info/top_level.txt
[0.846s] reading manifest file '../../build/py_package/py_package.egg-info/SOURCES.txt'
[0.847s] writing manifest file '../../build/py_package/py_package.egg-info/SOURCES.txt'
[0.847s] running build
[0.848s] running build_py
[0.848s] copying py_package/controller.py -> /home/ghani/my_ws/build/py_package/build/lib/py_package
[0.848s] running install
[0.849s] running install_lib
[0.850s] copying /home/ghani/my_ws/build/py_package/build/lib/py_package/controller.py -> /home/ghani/my_ws/install/py_package/lib/python3.8/site-packages/py_package
[0.850s] byte-compiling /home/ghani/my_ws/install/py_package/lib/python3.8/site-packages/py_package/controller.py to controller.cpython-38.pyc
[0.851s]   File "/home/ghani/my_ws/install/py_package/lib/python3.8/site-packages/py_package/controller.py", line 21
[0.852s]     self.get_logger().info('I heard: "%s","%s"' % msg.x, %msg.y)
[0.852s]                                                          ^
[0.852s] SyntaxError: invalid syntax
[0.852s] 
[0.852s] running install_data
[0.852s] running install_egg_info
[0.853s] removing '/home/ghani/my_ws/install/py_package/lib/python3.8/site-packages/py_package-0.0.0-py3.8.egg-info' (and everything under it)
[0.853s] Copying ../../build/py_package/py_package.egg-info to /home/ghani/my_ws/install/py_package/lib/python3.8/site-packages/py_package-0.0.0-py3.8.egg-info
[0.855s] running install_scripts
[0.872s] Installing LISTNER script to /home/ghani/my_ws/install/py_package/lib/py_package
[0.872s] Installing controller script to /home/ghani/my_ws/install/py_package/lib/py_package
[0.872s] Installing talker script to /home/ghani/my_ws/install/py_package/lib/py_package
[0.872s] writing list of installed files to '/home/ghani/my_ws/build/py_package/install.log'
[0.899s] Invoked command in '/home/ghani/my_ws/src/py_package' returned '0': PYTHONPATH=/home/ghani/my_ws/install/py_package/lib/python3.8/site-packages:${PYTHONPATH} /usr/bin/python3 setup.py egg_info --egg-base ../../build/py_package build --build-base /home/ghani/my_ws/build/py_package/build install --prefix /home/ghani/my_ws/install/py_package --record /home/ghani/my_ws/build/py_package/install.log --single-version-externally-managed
