[0.015s] Invoking command in '/home/ghani/my_ws/build/final_package': CMAKE_PREFIX_PATH=/opt/ros/galactic /usr/bin/cmake --build /home/ghani/my_ws/build/final_package -- -j6 -l6
[0.062s] [35m[1mScanning dependencies of target controllercpp[0m
[0.087s] [ 50%] [32mBuilding CXX object CMakeFiles/controllercpp.dir/src/controller.cpp.o[0m
[2.079s] [01m[K/home/ghani/my_ws/src/final_package/src/controller.cpp:[m[K In member function ‘[01m[Kvoid MinimalSubscriber::topic_callback(turtlesim::msg::Pose_<std::allocator<void> >::SharedPtr) const[m[K’:
[2.079s] [01m[K/home/ghani/my_ws/src/final_package/src/controller.cpp:49:15:[m[K [01;35m[Kwarning: [m[Kunused variable ‘[01m[Kh[m[K’ [[01;35m[K-Wunused-variable[m[K]
[2.079s]    49 |        double [01;35m[Kh[m[K =getDistanceToWaypoint();
[2.079s]       |               [01;35m[K^[m[K
[2.079s] [01m[K/home/ghani/my_ws/src/final_package/src/controller.cpp:44:63:[m[K [01;35m[Kwarning: [m[Kunused parameter ‘[01m[Kcurrent[m[K’ [[01;35m[K-Wunused-parameter[m[K]
[2.079s]    44 |     void topic_callback([01;35m[Kconst turtlesim::msg::Pose::SharedPtr current[m[K) const
[2.079s]       |                         [01;35m[K~~~~~~~~~~~~~~~~~~~~~~~~~~~~~~~~~~~~~~^~~~~~~[m[K
[7.471s] [100%] [32m[1mLinking CXX executable controllercpp[0m
[7.818s] [100%] Built target controllercpp
[7.831s] Invoked command in '/home/ghani/my_ws/build/final_package' returned '0': CMAKE_PREFIX_PATH=/opt/ros/galactic /usr/bin/cmake --build /home/ghani/my_ws/build/final_package -- -j6 -l6
[7.878s] Invoking command in '/home/ghani/my_ws/build/final_package': CMAKE_PREFIX_PATH=/opt/ros/galactic /usr/bin/cmake --install /home/ghani/my_ws/build/final_package
[7.887s] -- Install configuration: ""
[7.887s] -- Installing: /home/ghani/my_ws/install/final_package/lib/final_package/controllercpp
[7.890s] -- Set runtime path of "/home/ghani/my_ws/install/final_package/lib/final_package/controllercpp" to ""
[7.890s] -- Up-to-date: /home/ghani/my_ws/install/final_package/share/ament_index/resource_index/package_run_dependencies/final_package
[7.891s] -- Up-to-date: /home/ghani/my_ws/install/final_package/share/ament_index/resource_index/parent_prefix_path/final_package
[7.891s] -- Up-to-date: /home/ghani/my_ws/install/final_package/share/final_package/environment/ament_prefix_path.sh
[7.891s] -- Up-to-date: /home/ghani/my_ws/install/final_package/share/final_package/environment/ament_prefix_path.dsv
[7.891s] -- Up-to-date: /home/ghani/my_ws/install/final_package/share/final_package/environment/path.sh
[7.891s] -- Up-to-date: /home/ghani/my_ws/install/final_package/share/final_package/environment/path.dsv
[7.891s] -- Up-to-date: /home/ghani/my_ws/install/final_package/share/final_package/local_setup.bash
[7.891s] -- Up-to-date: /home/ghani/my_ws/install/final_package/share/final_package/local_setup.sh
[7.891s] -- Up-to-date: /home/ghani/my_ws/install/final_package/share/final_package/local_setup.zsh
[7.892s] -- Up-to-date: /home/ghani/my_ws/install/final_package/share/final_package/local_setup.dsv
[7.892s] -- Installing: /home/ghani/my_ws/install/final_package/share/final_package/package.dsv
[7.892s] -- Up-to-date: /home/ghani/my_ws/install/final_package/share/ament_index/resource_index/packages/final_package
[7.892s] -- Up-to-date: /home/ghani/my_ws/install/final_package/share/final_package/cmake/final_packageConfig.cmake
[7.893s] -- Up-to-date: /home/ghani/my_ws/install/final_package/share/final_package/cmake/final_packageConfig-version.cmake
[7.893s] -- Up-to-date: /home/ghani/my_ws/install/final_package/share/final_package/package.xml
[7.895s] Invoked command in '/home/ghani/my_ws/build/final_package' returned '0': CMAKE_PREFIX_PATH=/opt/ros/galactic /usr/bin/cmake --install /home/ghani/my_ws/build/final_package
