[0.664s] Invoking command in '/home/ghani/my_ws/src/controller_py': PYTHONPATH=/home/ghani/my_ws/install/controller_py/lib/python3.8/site-packages:${PYTHONPATH} /usr/bin/python3 setup.py egg_info --egg-base ../../build/controller_py build --build-base /home/ghani/my_ws/build/controller_py/build install --prefix /home/ghani/my_ws/install/controller_py --record /home/ghani/my_ws/build/controller_py/install.log --single-version-externally-managed
[0.844s] running egg_info
[0.844s] writing ../../build/controller_py/controller_py.egg-info/PKG-INFO
[0.845s] writing dependency_links to ../../build/controller_py/controller_py.egg-info/dependency_links.txt
[0.845s] writing entry points to ../../build/controller_py/controller_py.egg-info/entry_points.txt
[0.846s] writing requirements to ../../build/controller_py/controller_py.egg-info/requires.txt
[0.847s] writing top-level names to ../../build/controller_py/controller_py.egg-info/top_level.txt
[0.884s] reading manifest file '../../build/controller_py/controller_py.egg-info/SOURCES.txt'
[0.885s] writing manifest file '../../build/controller_py/controller_py.egg-info/SOURCES.txt'
[0.885s] running build
[0.885s] running build_py
[0.886s] running install
[0.886s] running install_lib
[0.888s] running install_data
[0.888s] running install_egg_info
[0.889s] removing '/home/ghani/my_ws/install/controller_py/lib/python3.8/site-packages/controller_py-0.0.0-py3.8.egg-info' (and everything under it)
[0.890s] Copying ../../build/controller_py/controller_py.egg-info to /home/ghani/my_ws/install/controller_py/lib/python3.8/site-packages/controller_py-0.0.0-py3.8.egg-info
[0.890s] running install_scripts
[0.906s] Installing py_action_controller script to /home/ghani/my_ws/install/controller_py/lib/controller_py
[0.906s] Installing py_controller script to /home/ghani/my_ws/install/controller_py/lib/controller_py
[0.907s] writing list of installed files to '/home/ghani/my_ws/build/controller_py/install.log'
[0.935s] Invoked command in '/home/ghani/my_ws/src/controller_py' returned '0': PYTHONPATH=/home/ghani/my_ws/install/controller_py/lib/python3.8/site-packages:${PYTHONPATH} /usr/bin/python3 setup.py egg_info --egg-base ../../build/controller_py build --build-base /home/ghani/my_ws/build/controller_py/build install --prefix /home/ghani/my_ws/install/controller_py --record /home/ghani/my_ws/build/controller_py/install.log --single-version-externally-managed
