[0.562s] Invoking command in '/home/ghani/my_ws/src/py_package': PYTHONPATH=/home/ghani/my_ws/install/py_package/lib/python3.8/site-packages:${PYTHONPATH} /usr/bin/python3 setup.py egg_info --egg-base ../../build/py_package build --build-base /home/ghani/my_ws/build/py_package/build install --prefix /home/ghani/my_ws/install/py_package --record /home/ghani/my_ws/build/py_package/install.log --single-version-externally-managed
[0.739s] running egg_info
[0.740s] writing ../../build/py_package/py_package.egg-info/PKG-INFO
[0.740s] writing dependency_links to ../../build/py_package/py_package.egg-info/dependency_links.txt
[0.740s] writing entry points to ../../build/py_package/py_package.egg-info/entry_points.txt
[0.741s] writing requirements to ../../build/py_package/py_package.egg-info/requires.txt
[0.741s] writing top-level names to ../../build/py_package/py_package.egg-info/top_level.txt
[0.771s] reading manifest file '../../build/py_package/py_package.egg-info/SOURCES.txt'
[0.772s] writing manifest file '../../build/py_package/py_package.egg-info/SOURCES.txt'
[0.772s] running build
[0.772s] running build_py
[0.772s] copying py_package/publisher_member_function.py -> /home/ghani/my_ws/build/py_package/build/lib/py_package
[0.772s] running install
[0.773s] running install_lib
[0.774s] copying /home/ghani/my_ws/build/py_package/build/lib/py_package/publisher_member_function.py -> /home/ghani/my_ws/install/py_package/lib/python3.8/site-packages/py_package
[0.775s] byte-compiling /home/ghani/my_ws/install/py_package/lib/python3.8/site-packages/py_package/controller.py to controller.cpython-38.pyc
[0.776s] Sorry: TabError: inconsistent use of tabs and spaces in indentation (controller.py, line 23)
[0.776s] byte-compiling /home/ghani/my_ws/install/py_package/lib/python3.8/site-packages/py_package/publisher_member_function.py to publisher_member_function.cpython-38.pyc
[0.777s] running install_data
[0.777s] running install_egg_info
[0.779s] removing '/home/ghani/my_ws/install/py_package/lib/python3.8/site-packages/py_package-0.0.0-py3.8.egg-info' (and everything under it)
[0.779s] Copying ../../build/py_package/py_package.egg-info to /home/ghani/my_ws/install/py_package/lib/python3.8/site-packages/py_package-0.0.0-py3.8.egg-info
[0.779s] running install_scripts
[0.794s] Installing controller script to /home/ghani/my_ws/install/py_package/lib/py_package
[0.794s] Installing listner script to /home/ghani/my_ws/install/py_package/lib/py_package
[0.795s] Installing talker script to /home/ghani/my_ws/install/py_package/lib/py_package
[0.796s] writing list of installed files to '/home/ghani/my_ws/build/py_package/install.log'
[0.820s] Invoked command in '/home/ghani/my_ws/src/py_package' returned '0': PYTHONPATH=/home/ghani/my_ws/install/py_package/lib/python3.8/site-packages:${PYTHONPATH} /usr/bin/python3 setup.py egg_info --egg-base ../../build/py_package build --build-base /home/ghani/my_ws/build/py_package/build install --prefix /home/ghani/my_ws/install/py_package --record /home/ghani/my_ws/build/py_package/install.log --single-version-externally-managed
