[1.041s] Invoking command in '/home/ghani/my_ws/src/py_package': PYTHONPATH=/home/ghani/my_ws/install/py_package/lib/python3.8/site-packages:${PYTHONPATH} /usr/bin/python3 setup.py egg_info --egg-base ../../build/py_package build --build-base /home/ghani/my_ws/build/py_package/build install --prefix /home/ghani/my_ws/install/py_package --record /home/ghani/my_ws/build/py_package/install.log --single-version-externally-managed
[1.225s] running egg_info
[1.226s] writing ../../build/py_package/py_package.egg-info/PKG-INFO
[1.226s] writing dependency_links to ../../build/py_package/py_package.egg-info/dependency_links.txt
[1.227s] writing entry points to ../../build/py_package/py_package.egg-info/entry_points.txt
[1.227s] writing requirements to ../../build/py_package/py_package.egg-info/requires.txt
[1.227s] writing top-level names to ../../build/py_package/py_package.egg-info/top_level.txt
[1.258s] reading manifest file '../../build/py_package/py_package.egg-info/SOURCES.txt'
[1.259s] writing manifest file '../../build/py_package/py_package.egg-info/SOURCES.txt'
[1.259s] running build
[1.259s] running build_py
[1.260s] running install
[1.261s] running install_lib
[1.262s] byte-compiling /home/ghani/my_ws/install/py_package/lib/python3.8/site-packages/py_package/controller.py to controller.cpython-38.pyc
[1.263s] running install_data
[1.264s] Sorry: TabError: inconsistent use of tabs and spaces in indentation (controller.py, line 22)
[1.264s] running install_egg_info
[1.265s] removing '/home/ghani/my_ws/install/py_package/lib/python3.8/site-packages/py_package-0.0.0-py3.8.egg-info' (and everything under it)
[1.265s] Copying ../../build/py_package/py_package.egg-info to /home/ghani/my_ws/install/py_package/lib/python3.8/site-packages/py_package-0.0.0-py3.8.egg-info
[1.266s] running install_scripts
[1.281s] Installing exersice script to /home/ghani/my_ws/install/py_package/lib/py_package
[1.282s] Installing listner script to /home/ghani/my_ws/install/py_package/lib/py_package
[1.282s] Installing talker script to /home/ghani/my_ws/install/py_package/lib/py_package
[1.283s] writing list of installed files to '/home/ghani/my_ws/build/py_package/install.log'
[1.312s] Invoked command in '/home/ghani/my_ws/src/py_package' returned '0': PYTHONPATH=/home/ghani/my_ws/install/py_package/lib/python3.8/site-packages:${PYTHONPATH} /usr/bin/python3 setup.py egg_info --egg-base ../../build/py_package build --build-base /home/ghani/my_ws/build/py_package/build install --prefix /home/ghani/my_ws/install/py_package --record /home/ghani/my_ws/build/py_package/install.log --single-version-externally-managed
