[0.026s] Invoking command in '/home/ghani/my_ws/build/cpp_package': CMAKE_PREFIX_PATH=/opt/ros/galactic /usr/bin/cmake --build /home/ghani/my_ws/build/cpp_package -- -j6 -l6
[0.053s] -- Found ament_cmake: 1.1.5 (/opt/ros/galactic/share/ament_cmake/cmake)
[0.073s] -- Using PYTHON_EXECUTABLE: /usr/bin/python3
[0.130s] -- Found rclcpp: 9.2.0 (/opt/ros/galactic/share/rclcpp/cmake)
[0.163s] -- Using all available rosidl_typesupport_c: rosidl_typesupport_fastrtps_c;rosidl_typesupport_introspection_c
[0.166s] -- Found rosidl_adapter: 2.2.1 (/opt/ros/galactic/share/rosidl_adapter/cmake)
[0.276s] -- Using all available rosidl_typesupport_cpp: rosidl_typesupport_fastrtps_cpp;rosidl_typesupport_introspection_cpp
[0.327s] -- Found rmw_implementation_cmake: 3.3.1 (/opt/ros/galactic/share/rmw_implementation_cmake/cmake)
[0.328s] -- Found rmw_cyclonedds_cpp: 0.22.4 (/opt/ros/galactic/share/rmw_cyclonedds_cpp/cmake)
[0.346s] -- Using RMW implementation 'rmw_cyclonedds_cpp' as default
[0.478s] -- Found geometry_msgs: 2.2.4 (/opt/ros/galactic/share/geometry_msgs/cmake)
[0.517s] -- Found turtlesim: 1.3.3 (/opt/ros/galactic/share/turtlesim/cmake)
[0.660s] CMake Error at /opt/ros/galactic/share/ament_cmake_target_dependencies/cmake/ament_target_dependencies.cmake:77 (message):
[0.661s]   ament_target_dependencies() the passed package name 'listnercpp' was not
[0.661s]   found before
[0.661s] Call Stack (most recent call first):
[0.661s]   CMakeLists.txt:17 (ament_target_dependencies)
[0.661s] 
[0.661s] 
[0.662s] -- Configuring incomplete, errors occurred!
[0.662s] See also "/home/ghani/my_ws/build/cpp_package/CMakeFiles/CMakeOutput.log".
[0.662s] See also "/home/ghani/my_ws/build/cpp_package/CMakeFiles/CMakeError.log".
[0.669s] make: *** [Makefile:266: cmake_check_build_system] Error 1
[0.670s] Invoked command in '/home/ghani/my_ws/build/cpp_package' returned '2': CMAKE_PREFIX_PATH=/opt/ros/galactic /usr/bin/cmake --build /home/ghani/my_ws/build/cpp_package -- -j6 -l6
