[0.676s] Invoking command in '/home/ghani/my_ws/py_package': PYTHONPATH=/home/ghani/my_ws/install/py_package/lib/python3.8/site-packages:${PYTHONPATH} /usr/bin/python3 setup.py egg_info --egg-base ../build/py_package build --build-base /home/ghani/my_ws/build/py_package/build install --prefix /home/ghani/my_ws/install/py_package --record /home/ghani/my_ws/build/py_package/install.log --single-version-externally-managed
[0.864s] running egg_info
[0.864s] writing ../build/py_package/py_package.egg-info/PKG-INFO
[0.865s] writing dependency_links to ../build/py_package/py_package.egg-info/dependency_links.txt
[0.865s] writing entry points to ../build/py_package/py_package.egg-info/entry_points.txt
[0.865s] writing requirements to ../build/py_package/py_package.egg-info/requires.txt
[0.866s] writing top-level names to ../build/py_package/py_package.egg-info/top_level.txt
[0.898s] reading manifest file '../build/py_package/py_package.egg-info/SOURCES.txt'
[0.898s] writing manifest file '../build/py_package/py_package.egg-info/SOURCES.txt'
[0.899s] running build
[0.899s] running build_py
[0.899s] running install
[0.900s] running install_lib
[0.902s] running install_data
[0.902s] running install_egg_info
[0.904s] removing '/home/ghani/my_ws/install/py_package/lib/python3.8/site-packages/py_package-0.0.0-py3.8.egg-info' (and everything under it)
[0.904s] Copying ../build/py_package/py_package.egg-info to /home/ghani/my_ws/install/py_package/lib/python3.8/site-packages/py_package-0.0.0-py3.8.egg-info
[0.905s] running install_scripts
[0.921s] writing list of installed files to '/home/ghani/my_ws/build/py_package/install.log'
[0.949s] Invoked command in '/home/ghani/my_ws/py_package' returned '0': PYTHONPATH=/home/ghani/my_ws/install/py_package/lib/python3.8/site-packages:${PYTHONPATH} /usr/bin/python3 setup.py egg_info --egg-base ../build/py_package build --build-base /home/ghani/my_ws/build/py_package/build install --prefix /home/ghani/my_ws/install/py_package --record /home/ghani/my_ws/build/py_package/install.log --single-version-externally-managed
