[1.692s] Invoking command in '/home/ghani/my_ws/src/py_package': PYTHONPATH=/home/ghani/my_ws/install/py_package/lib/python3.8/site-packages:${PYTHONPATH} /usr/bin/python3 setup.py egg_info --egg-base ../../build/py_package build --build-base /home/ghani/my_ws/build/py_package/build install --prefix /home/ghani/my_ws/install/py_package --record /home/ghani/my_ws/build/py_package/install.log --single-version-externally-managed
[2.300s] running egg_info
[2.302s] writing ../../build/py_package/py_package.egg-info/PKG-INFO
[2.304s] writing dependency_links to ../../build/py_package/py_package.egg-info/dependency_links.txt
[2.305s] writing entry points to ../../build/py_package/py_package.egg-info/entry_points.txt
[2.306s] writing requirements to ../../build/py_package/py_package.egg-info/requires.txt
[2.307s] writing top-level names to ../../build/py_package/py_package.egg-info/top_level.txt
[2.413s] reading manifest file '../../build/py_package/py_package.egg-info/SOURCES.txt'
[2.416s] writing manifest file '../../build/py_package/py_package.egg-info/SOURCES.txt'
[2.416s] running build
[2.417s] running build_py
[2.418s] copying py_package/publisher_member_function.py -> /home/ghani/my_ws/build/py_package/build/lib/py_package
[2.418s] running install
[2.420s] running install_lib
[2.423s] copying /home/ghani/my_ws/build/py_package/build/lib/py_package/publisher_member_function.py -> /home/ghani/my_ws/install/py_package/lib/python3.8/site-packages/py_package
[2.425s] byte-compiling /home/ghani/my_ws/install/py_package/lib/python3.8/site-packages/py_package/publisher_member_function.py to publisher_member_function.cpython-38.pyc
[2.429s] running install_data
[2.430s] copying package.xml -> /home/ghani/my_ws/install/py_package/share/py_package
[2.430s] running install_egg_info
[2.436s] removing '/home/ghani/my_ws/install/py_package/lib/python3.8/site-packages/py_package-0.0.0-py3.8.egg-info' (and everything under it)
[2.436s] Copying ../../build/py_package/py_package.egg-info to /home/ghani/my_ws/install/py_package/lib/python3.8/site-packages/py_package-0.0.0-py3.8.egg-info
[2.439s] running install_scripts
[2.468s] writing list of installed files to '/home/ghani/my_ws/build/py_package/install.log'
[2.514s] Invoked command in '/home/ghani/my_ws/src/py_package' returned '0': PYTHONPATH=/home/ghani/my_ws/install/py_package/lib/python3.8/site-packages:${PYTHONPATH} /usr/bin/python3 setup.py egg_info --egg-base ../../build/py_package build --build-base /home/ghani/my_ws/build/py_package/build install --prefix /home/ghani/my_ws/install/py_package --record /home/ghani/my_ws/build/py_package/install.log --single-version-externally-managed
