-- Found ament_cmake: 1.1.5 (/opt/ros/galactic/share/ament_cmake/cmake)
-- Using PYTHON_EXECUTABLE: /usr/bin/python3
-- Found ament_lint_auto: 0.10.6 (/opt/ros/galactic/share/ament_lint_auto/cmake)
-- Added test 'copyright' to check source files copyright and LICENSE
-- Added test 'lint_cmake' to check CMake code style
-- Added test 'xmllint' to check XML markup files
-- Configuring done
-- Generating done
-- Build files have been written to: /home/ghani/my_ws/build/cpp_package
-- Install configuration: ""
-- Installing: /home/ghani/my_ws/install/cpp_package/share/ament_index/resource_index/package_run_dependencies/cpp_package
-- Installing: /home/ghani/my_ws/install/cpp_package/share/ament_index/resource_index/parent_prefix_path/cpp_package
-- Up-to-date: /home/ghani/my_ws/install/cpp_package/share/cpp_package/environment/ament_prefix_path.sh
-- Installing: /home/ghani/my_ws/install/cpp_package/share/cpp_package/environment/ament_prefix_path.dsv
-- Up-to-date: /home/ghani/my_ws/install/cpp_package/share/cpp_package/environment/path.sh
-- Installing: /home/ghani/my_ws/install/cpp_package/share/cpp_package/environment/path.dsv
-- Up-to-date: /home/ghani/my_ws/install/cpp_package/share/cpp_package/local_setup.bash
-- Up-to-date: /home/ghani/my_ws/install/cpp_package/share/cpp_package/local_setup.sh
-- Up-to-date: /home/ghani/my_ws/install/cpp_package/share/cpp_package/local_setup.zsh
-- Installing: /home/ghani/my_ws/install/cpp_package/share/cpp_package/local_setup.dsv
-- Installing: /home/ghani/my_ws/install/cpp_package/share/cpp_package/package.dsv
-- Up-to-date: /home/ghani/my_ws/install/cpp_package/share/ament_index/resource_index/packages/cpp_package
-- Up-to-date: /home/ghani/my_ws/install/cpp_package/share/cpp_package/cmake/cpp_packageConfig.cmake
-- Up-to-date: /home/ghani/my_ws/install/cpp_package/share/cpp_package/cmake/cpp_packageConfig-version.cmake
-- Installing: /home/ghani/my_ws/install/cpp_package/share/cpp_package/package.xml
