[0.016s] Invoking command in '/home/ghani/my_ws/build/cpp_package': CMAKE_PREFIX_PATH=${CMAKE_PREFIX_PATH}:/home/ghani/my_ws/install/srevices_exercise:/home/ghani/my_ws/install/py_srvcli:/home/ghani/my_ws/install/py_package:/opt/ros/galactic /usr/bin/cmake --build /home/ghani/my_ws/build/cpp_package -- -j6 -l6
[0.049s] -- Found ament_cmake: 1.1.5 (/opt/ros/galactic/share/ament_cmake/cmake)
[0.069s] -- Using PYTHON_EXECUTABLE: /usr/bin/python3
[0.131s] -- Found ament_lint_auto: 0.10.6 (/opt/ros/galactic/share/ament_lint_auto/cmake)
[0.194s] -- Added test 'copyright' to check source files copyright and LICENSE
[0.195s] -- Added test 'lint_cmake' to check CMake code style
[0.196s] -- Added test 'xmllint' to check XML markup files
[0.200s] -- Configuring done
[0.208s] -- Generating done
[0.211s] -- Build files have been written to: /home/ghani/my_ws/build/cpp_package
[0.234s] Invoked command in '/home/ghani/my_ws/build/cpp_package' returned '0': CMAKE_PREFIX_PATH=${CMAKE_PREFIX_PATH}:/home/ghani/my_ws/install/srevices_exercise:/home/ghani/my_ws/install/py_srvcli:/home/ghani/my_ws/install/py_package:/opt/ros/galactic /usr/bin/cmake --build /home/ghani/my_ws/build/cpp_package -- -j6 -l6
[0.280s] Invoking command in '/home/ghani/my_ws/build/cpp_package': CMAKE_PREFIX_PATH=${CMAKE_PREFIX_PATH}:/home/ghani/my_ws/install/srevices_exercise:/home/ghani/my_ws/install/py_srvcli:/home/ghani/my_ws/install/py_package:/opt/ros/galactic /usr/bin/cmake --install /home/ghani/my_ws/build/cpp_package
[0.288s] -- Install configuration: ""
[0.288s] -- Installing: /home/ghani/my_ws/install/cpp_package/share/ament_index/resource_index/package_run_dependencies/cpp_package
[0.288s] -- Installing: /home/ghani/my_ws/install/cpp_package/share/ament_index/resource_index/parent_prefix_path/cpp_package
[0.288s] -- Up-to-date: /home/ghani/my_ws/install/cpp_package/share/cpp_package/environment/ament_prefix_path.sh
[0.288s] -- Installing: /home/ghani/my_ws/install/cpp_package/share/cpp_package/environment/ament_prefix_path.dsv
[0.289s] -- Up-to-date: /home/ghani/my_ws/install/cpp_package/share/cpp_package/environment/path.sh
[0.289s] -- Installing: /home/ghani/my_ws/install/cpp_package/share/cpp_package/environment/path.dsv
[0.289s] -- Up-to-date: /home/ghani/my_ws/install/cpp_package/share/cpp_package/local_setup.bash
[0.289s] -- Up-to-date: /home/ghani/my_ws/install/cpp_package/share/cpp_package/local_setup.sh
[0.289s] -- Up-to-date: /home/ghani/my_ws/install/cpp_package/share/cpp_package/local_setup.zsh
[0.289s] -- Installing: /home/ghani/my_ws/install/cpp_package/share/cpp_package/local_setup.dsv
[0.289s] -- Installing: /home/ghani/my_ws/install/cpp_package/share/cpp_package/package.dsv
[0.290s] -- Up-to-date: /home/ghani/my_ws/install/cpp_package/share/ament_index/resource_index/packages/cpp_package
[0.290s] -- Up-to-date: /home/ghani/my_ws/install/cpp_package/share/cpp_package/cmake/cpp_packageConfig.cmake
[0.290s] -- Up-to-date: /home/ghani/my_ws/install/cpp_package/share/cpp_package/cmake/cpp_packageConfig-version.cmake
[0.290s] -- Installing: /home/ghani/my_ws/install/cpp_package/share/cpp_package/package.xml
[0.292s] Invoked command in '/home/ghani/my_ws/build/cpp_package' returned '0': CMAKE_PREFIX_PATH=${CMAKE_PREFIX_PATH}:/home/ghani/my_ws/install/srevices_exercise:/home/ghani/my_ws/install/py_srvcli:/home/ghani/my_ws/install/py_package:/opt/ros/galactic /usr/bin/cmake --install /home/ghani/my_ws/build/cpp_package
