[0.028s] Invoking command in '/home/ghani/my_ws/build/cpp_package': CMAKE_PREFIX_PATH=${CMAKE_PREFIX_PATH}:/home/ghani/my_ws/install/py_package:/opt/ros/galactic /usr/bin/cmake --build /home/ghani/my_ws/build/cpp_package -- -j6 -l6
[0.056s] -- Found ament_cmake: 1.1.5 (/opt/ros/galactic/share/ament_cmake/cmake)
[0.080s] -- Using PYTHON_EXECUTABLE: /usr/bin/python3
[0.149s] -- Found rclcpp: 9.2.0 (/opt/ros/galactic/share/rclcpp/cmake)
[0.193s] -- Using all available rosidl_typesupport_c: rosidl_typesupport_fastrtps_c;rosidl_typesupport_introspection_c
[0.199s] -- Found rosidl_adapter: 2.2.1 (/opt/ros/galactic/share/rosidl_adapter/cmake)
[0.313s] -- Found OpenSSL: /usr/lib/x86_64-linux-gnu/libcrypto.so (found version "1.1.1f")  
[0.345s] -- Found FastRTPS: /opt/ros/galactic/include  
[0.422s] -- Using all available rosidl_typesupport_cpp: rosidl_typesupport_fastrtps_cpp;rosidl_typesupport_introspection_cpp
[0.482s] -- Found rmw_implementation_cmake: 3.3.1 (/opt/ros/galactic/share/rmw_implementation_cmake/cmake)
[0.485s] -- Found rmw_cyclonedds_cpp: 0.22.4 (/opt/ros/galactic/share/rmw_cyclonedds_cpp/cmake)
[0.504s] -- Using RMW implementation 'rmw_cyclonedds_cpp' as default
[0.505s] -- Looking for pthread.h
[0.614s] -- Looking for pthread.h - found
[0.615s] -- Performing Test CMAKE_HAVE_LIBC_PTHREAD
[0.697s] -- Performing Test CMAKE_HAVE_LIBC_PTHREAD - Failed
[0.697s] -- Looking for pthread_create in pthreads
[0.766s] -- Looking for pthread_create in pthreads - not found
[0.766s] -- Looking for pthread_create in pthread
[0.842s] -- Looking for pthread_create in pthread - found
[0.843s] -- Found Threads: TRUE  
[0.985s] CMake Error at /opt/ros/galactic/share/ament_cmake_target_dependencies/cmake/ament_target_dependencies.cmake:42 (message):
[0.985s]   ament_target_dependencies() the first argument must be a valid target name
[0.985s] Call Stack (most recent call first):
[0.985s]   CMakeLists.txt:14 (ament_target_dependencies)
[0.985s] 
[0.985s] 
[0.986s] -- Configuring incomplete, errors occurred!
[0.986s] See also "/home/ghani/my_ws/build/cpp_package/CMakeFiles/CMakeOutput.log".
[0.986s] See also "/home/ghani/my_ws/build/cpp_package/CMakeFiles/CMakeError.log".
[0.992s] make: *** [Makefile:222: cmake_check_build_system] Error 1
[0.993s] Invoked command in '/home/ghani/my_ws/build/cpp_package' returned '2': CMAKE_PREFIX_PATH=${CMAKE_PREFIX_PATH}:/home/ghani/my_ws/install/py_package:/opt/ros/galactic /usr/bin/cmake --build /home/ghani/my_ws/build/cpp_package -- -j6 -l6
