[0.059s] Invoking command in '/home/ghani/my_ws/build/newcpppackage': CMAKE_PREFIX_PATH=${CMAKE_PREFIX_PATH}:/home/ghani/my_ws/install/py_package:/opt/ros/galactic /usr/bin/cmake --build /home/ghani/my_ws/build/newcpppackage -- -j6 -l6
[0.412s] [100%] Built target listnercpp
[0.628s] Invoked command in '/home/ghani/my_ws/build/newcpppackage' returned '0': CMAKE_PREFIX_PATH=${CMAKE_PREFIX_PATH}:/home/ghani/my_ws/install/py_package:/opt/ros/galactic /usr/bin/cmake --build /home/ghani/my_ws/build/newcpppackage -- -j6 -l6
[0.668s] Invoking command in '/home/ghani/my_ws/build/newcpppackage': CMAKE_PREFIX_PATH=${CMAKE_PREFIX_PATH}:/home/ghani/my_ws/install/py_package:/opt/ros/galactic /usr/bin/cmake --install /home/ghani/my_ws/build/newcpppackage
[0.680s] -- Install configuration: ""
[0.684s] -- Up-to-date: /home/ghani/my_ws/install/newcpppackage/lib/newcpppackage/listnercpp
[0.684s] -- Up-to-date: /home/ghani/my_ws/install/newcpppackage/share/ament_index/resource_index/package_run_dependencies/newcpppackage
[0.686s] -- Up-to-date: /home/ghani/my_ws/install/newcpppackage/share/ament_index/resource_index/parent_prefix_path/newcpppackage
[0.686s] -- Up-to-date: /home/ghani/my_ws/install/newcpppackage/share/newcpppackage/environment/ament_prefix_path.sh
[0.686s] -- Up-to-date: /home/ghani/my_ws/install/newcpppackage/share/newcpppackage/environment/ament_prefix_path.dsv
[0.686s] -- Up-to-date: /home/ghani/my_ws/install/newcpppackage/share/newcpppackage/environment/path.sh
[0.686s] -- Up-to-date: /home/ghani/my_ws/install/newcpppackage/share/newcpppackage/environment/path.dsv
[0.687s] -- Up-to-date: /home/ghani/my_ws/install/newcpppackage/share/newcpppackage/local_setup.bash
[0.688s] -- Up-to-date: /home/ghani/my_ws/install/newcpppackage/share/newcpppackage/local_setup.sh
[0.688s] -- Up-to-date: /home/ghani/my_ws/install/newcpppackage/share/newcpppackage/local_setup.zsh
[0.688s] -- Up-to-date: /home/ghani/my_ws/install/newcpppackage/share/newcpppackage/local_setup.dsv
[0.688s] -- Installing: /home/ghani/my_ws/install/newcpppackage/share/newcpppackage/package.dsv
[0.689s] -- Up-to-date: /home/ghani/my_ws/install/newcpppackage/share/ament_index/resource_index/packages/newcpppackage
[0.689s] -- Up-to-date: /home/ghani/my_ws/install/newcpppackage/share/newcpppackage/cmake/newcpppackageConfig.cmake
[0.689s] -- Up-to-date: /home/ghani/my_ws/install/newcpppackage/share/newcpppackage/cmake/newcpppackageConfig-version.cmake
[0.689s] -- Up-to-date: /home/ghani/my_ws/install/newcpppackage/share/newcpppackage/package.xml
[0.734s] Invoked command in '/home/ghani/my_ws/build/newcpppackage' returned '0': CMAKE_PREFIX_PATH=${CMAKE_PREFIX_PATH}:/home/ghani/my_ws/install/py_package:/opt/ros/galactic /usr/bin/cmake --install /home/ghani/my_ws/build/newcpppackage
