[0.954s] Invoking command in '/home/ghani/my_ws/src/py_package': PYTHONPATH=/home/ghani/my_ws/install/py_package/lib/python3.8/site-packages:${PYTHONPATH} /usr/bin/python3 setup.py egg_info --egg-base ../../build/py_package build --build-base /home/ghani/my_ws/build/py_package/build install --prefix /home/ghani/my_ws/install/py_package --record /home/ghani/my_ws/build/py_package/install.log --single-version-externally-managed
[1.131s] running egg_info
[1.131s] writing ../../build/py_package/py_package.egg-info/PKG-INFO
[1.133s] writing dependency_links to ../../build/py_package/py_package.egg-info/dependency_links.txt
[1.133s] writing entry points to ../../build/py_package/py_package.egg-info/entry_points.txt
[1.134s] writing requirements to ../../build/py_package/py_package.egg-info/requires.txt
[1.134s] writing top-level names to ../../build/py_package/py_package.egg-info/top_level.txt
[1.170s] reading manifest file '../../build/py_package/py_package.egg-info/SOURCES.txt'
[1.172s] writing manifest file '../../build/py_package/py_package.egg-info/SOURCES.txt'
[1.172s] running build
[1.172s] running build_py
[1.174s] copying py_package/exercise.py -> /home/ghani/my_ws/build/py_package/build/lib/py_package
[1.175s] copying py_package/publisher_member_function.py -> /home/ghani/my_ws/build/py_package/build/lib/py_package
[1.175s] running install
[1.176s] running install_lib
[1.178s] copying /home/ghani/my_ws/build/py_package/build/lib/py_package/exercise.py -> /home/ghani/my_ws/install/py_package/lib/python3.8/site-packages/py_package
[1.178s] copying /home/ghani/my_ws/build/py_package/build/lib/py_package/publisher_member_function.py -> /home/ghani/my_ws/install/py_package/lib/python3.8/site-packages/py_package
[1.179s] byte-compiling /home/ghani/my_ws/install/py_package/lib/python3.8/site-packages/py_package/exercise.py to exercise.cpython-38.pyc
[1.181s] byte-compiling /home/ghani/my_ws/install/py_package/lib/python3.8/site-packages/py_package/publisher_member_function.py to publisher_member_function.cpython-38.pyc
[1.182s] running install_data
[1.184s] running install_egg_info
[1.186s] removing '/home/ghani/my_ws/install/py_package/lib/python3.8/site-packages/py_package-0.0.0-py3.8.egg-info' (and everything under it)
[1.186s] Copying ../../build/py_package/py_package.egg-info to /home/ghani/my_ws/install/py_package/lib/python3.8/site-packages/py_package-0.0.0-py3.8.egg-info
[1.187s] running install_scripts
[1.202s] Installing controller script to /home/ghani/my_ws/install/py_package/lib/py_package
[1.204s] Installing exersice script to /home/ghani/my_ws/install/py_package/lib/py_package
[1.204s] Installing listner script to /home/ghani/my_ws/install/py_package/lib/py_package
[1.204s] Installing talker script to /home/ghani/my_ws/install/py_package/lib/py_package
[1.205s] writing list of installed files to '/home/ghani/my_ws/build/py_package/install.log'
[1.231s] Invoked command in '/home/ghani/my_ws/src/py_package' returned '0': PYTHONPATH=/home/ghani/my_ws/install/py_package/lib/python3.8/site-packages:${PYTHONPATH} /usr/bin/python3 setup.py egg_info --egg-base ../../build/py_package build --build-base /home/ghani/my_ws/build/py_package/build install --prefix /home/ghani/my_ws/install/py_package --record /home/ghani/my_ws/build/py_package/install.log --single-version-externally-managed
