[0.663s] Invoking command in '/home/ghani/my_ws/src/py_package': PYTHONPATH=/home/ghani/my_ws/install/py_package/lib/python3.8/site-packages:${PYTHONPATH} /usr/bin/python3 setup.py egg_info --egg-base ../../build/py_package build --build-base /home/ghani/my_ws/build/py_package/build install --prefix /home/ghani/my_ws/install/py_package --record /home/ghani/my_ws/build/py_package/install.log --single-version-externally-managed
[0.839s] running egg_info
[0.839s] writing ../../build/py_package/py_package.egg-info/PKG-INFO
[0.840s] writing dependency_links to ../../build/py_package/py_package.egg-info/dependency_links.txt
[0.840s] writing entry points to ../../build/py_package/py_package.egg-info/entry_points.txt
[0.840s] writing requirements to ../../build/py_package/py_package.egg-info/requires.txt
[0.841s] writing top-level names to ../../build/py_package/py_package.egg-info/top_level.txt
[0.871s] reading manifest file '../../build/py_package/py_package.egg-info/SOURCES.txt'
[0.871s] writing manifest file '../../build/py_package/py_package.egg-info/SOURCES.txt'
[0.871s] running build
[0.871s] running build_py
[0.872s] copying py_package/controller.py -> /home/ghani/my_ws/build/py_package/build/lib/py_package
[0.872s] running install
[0.873s] running install_lib
[0.874s] copying /home/ghani/my_ws/build/py_package/build/lib/py_package/controller.py -> /home/ghani/my_ws/install/py_package/lib/python3.8/site-packages/py_package
[0.874s] byte-compiling /home/ghani/my_ws/install/py_package/lib/python3.8/site-packages/py_package/controller.py to controller.cpython-38.pyc
[0.876s] Sorry: TabError: inconsistent use of tabs and spaces in indentation (controller.py, line 22)
[0.876s] running install_data
[0.876s] running install_egg_info
[0.877s] removing '/home/ghani/my_ws/install/py_package/lib/python3.8/site-packages/py_package-0.0.0-py3.8.egg-info' (and everything under it)
[0.877s] Copying ../../build/py_package/py_package.egg-info to /home/ghani/my_ws/install/py_package/lib/python3.8/site-packages/py_package-0.0.0-py3.8.egg-info
[0.878s] running install_scripts
[0.894s] Installing controller script to /home/ghani/my_ws/install/py_package/lib/py_package
[0.894s] Installing exersice script to /home/ghani/my_ws/install/py_package/lib/py_package
[0.895s] Installing listner script to /home/ghani/my_ws/install/py_package/lib/py_package
[0.895s] Installing talker script to /home/ghani/my_ws/install/py_package/lib/py_package
[0.895s] writing list of installed files to '/home/ghani/my_ws/build/py_package/install.log'
[0.921s] Invoked command in '/home/ghani/my_ws/src/py_package' returned '0': PYTHONPATH=/home/ghani/my_ws/install/py_package/lib/python3.8/site-packages:${PYTHONPATH} /usr/bin/python3 setup.py egg_info --egg-base ../../build/py_package build --build-base /home/ghani/my_ws/build/py_package/build install --prefix /home/ghani/my_ws/install/py_package --record /home/ghani/my_ws/build/py_package/install.log --single-version-externally-managed
