[1.503s] Invoking command in '/home/ghani/my_ws/src/py_param': PYTHONPATH=/home/ghani/my_ws/install/py_param/lib/python3.8/site-packages:${PYTHONPATH} /usr/bin/python3 setup.py egg_info --egg-base ../../build/py_param build --build-base /home/ghani/my_ws/build/py_param/build install --prefix /home/ghani/my_ws/install/py_param --record /home/ghani/my_ws/build/py_param/install.log --single-version-externally-managed
[1.694s] running egg_info
[1.694s] writing ../../build/py_param/py_param.egg-info/PKG-INFO
[1.696s] writing dependency_links to ../../build/py_param/py_param.egg-info/dependency_links.txt
[1.696s] writing entry points to ../../build/py_param/py_param.egg-info/entry_points.txt
[1.697s] writing requirements to ../../build/py_param/py_param.egg-info/requires.txt
[1.697s] writing top-level names to ../../build/py_param/py_param.egg-info/top_level.txt
[1.739s] reading manifest file '../../build/py_param/py_param.egg-info/SOURCES.txt'
[1.740s] writing manifest file '../../build/py_param/py_param.egg-info/SOURCES.txt'
[1.741s] running build
[1.741s] running build_py
[1.743s] running install
[1.744s] running install_lib
[1.747s] running install_data
[1.748s] running install_egg_info
[1.749s] removing '/home/ghani/my_ws/install/py_param/lib/python3.8/site-packages/py_param-0.0.0-py3.8.egg-info' (and everything under it)
[1.750s] Copying ../../build/py_param/py_param.egg-info to /home/ghani/my_ws/install/py_param/lib/python3.8/site-packages/py_param-0.0.0-py3.8.egg-info
[1.751s] running install_scripts
[1.771s] Installing parameter script to /home/ghani/my_ws/install/py_param/lib/py_param
[1.772s] Installing talker script to /home/ghani/my_ws/install/py_param/lib/py_param
[1.772s] writing list of installed files to '/home/ghani/my_ws/build/py_param/install.log'
[1.807s] Invoked command in '/home/ghani/my_ws/src/py_param' returned '0': PYTHONPATH=/home/ghani/my_ws/install/py_param/lib/python3.8/site-packages:${PYTHONPATH} /usr/bin/python3 setup.py egg_info --egg-base ../../build/py_param build --build-base /home/ghani/my_ws/build/py_param/build install --prefix /home/ghani/my_ws/install/py_param --record /home/ghani/my_ws/build/py_param/install.log --single-version-externally-managed
