-- Found ament_cmake: 1.1.5 (/opt/ros/galactic/share/ament_cmake/cmake)
-- Using PYTHON_EXECUTABLE: /usr/bin/python3
-- Found rclcpp: 9.2.0 (/opt/ros/galactic/share/rclcpp/cmake)
-- Using all available rosidl_typesupport_c: rosidl_typesupport_fastrtps_c;rosidl_typesupport_introspection_c
-- Found rosidl_adapter: 2.2.1 (/opt/ros/galactic/share/rosidl_adapter/cmake)
-- Using all available rosidl_typesupport_cpp: rosidl_typesupport_fastrtps_cpp;rosidl_typesupport_introspection_cpp
-- Found rmw_implementation_cmake: 3.3.1 (/opt/ros/galactic/share/rmw_implementation_cmake/cmake)
-- Found rmw_cyclonedds_cpp: 0.22.4 (/opt/ros/galactic/share/rmw_cyclonedds_cpp/cmake)
-- Using RMW implementation 'rmw_cyclonedds_cpp' as default
-- Found turtlesim: 1.3.3 (/opt/ros/galactic/share/turtlesim/cmake)
-- Found geometry_msgs: 2.2.4 (/opt/ros/galactic/share/geometry_msgs/cmake)
-- Found ament_lint_auto: 0.10.6 (/opt/ros/galactic/share/ament_lint_auto/cmake)
-- Added test 'copyright' to check source files copyright and LICENSE
-- Added test 'cppcheck' to perform static code analysis on C / C++ code
-- Configured cppcheck include dirs: 
-- Configured cppcheck exclude dirs and/or files: 
-- Added test 'cpplint' to check C / C++ code against the Google style
-- Configured cpplint exclude dirs and/or files: 
-- Added test 'lint_cmake' to check CMake code style
-- Added test 'uncrustify' to check C / C++ code style
-- Configured uncrustify additional arguments: 
-- Added test 'xmllint' to check XML markup files
-- Configuring done
-- Generating done
-- Build files have been written to: /home/ghani/my_ws/build/final_package
[ 50%] [32m[1mLinking CXX executable controllercpp[0m
[100%] Built target controllercpp
-- Install configuration: ""
-- Installing: /home/ghani/my_ws/install/final_package/lib/final_package/controllercpp
-- Set runtime path of "/home/ghani/my_ws/install/final_package/lib/final_package/controllercpp" to ""
-- Installing: /home/ghani/my_ws/install/final_package/share/ament_index/resource_index/package_run_dependencies/final_package
-- Up-to-date: /home/ghani/my_ws/install/final_package/share/ament_index/resource_index/parent_prefix_path/final_package
-- Up-to-date: /home/ghani/my_ws/install/final_package/share/final_package/environment/ament_prefix_path.sh
-- Installing: /home/ghani/my_ws/install/final_package/share/final_package/environment/ament_prefix_path.dsv
-- Up-to-date: /home/ghani/my_ws/install/final_package/share/final_package/environment/path.sh
-- Installing: /home/ghani/my_ws/install/final_package/share/final_package/environment/path.dsv
-- Up-to-date: /home/ghani/my_ws/install/final_package/share/final_package/local_setup.bash
-- Up-to-date: /home/ghani/my_ws/install/final_package/share/final_package/local_setup.sh
-- Up-to-date: /home/ghani/my_ws/install/final_package/share/final_package/local_setup.zsh
-- Installing: /home/ghani/my_ws/install/final_package/share/final_package/local_setup.dsv
-- Installing: /home/ghani/my_ws/install/final_package/share/final_package/package.dsv
-- Up-to-date: /home/ghani/my_ws/install/final_package/share/ament_index/resource_index/packages/final_package
-- Up-to-date: /home/ghani/my_ws/install/final_package/share/final_package/cmake/final_packageConfig.cmake
-- Up-to-date: /home/ghani/my_ws/install/final_package/share/final_package/cmake/final_packageConfig-version.cmake
-- Installing: /home/ghani/my_ws/install/final_package/share/final_package/package.xml
