[0.018s] Invoking command in '/home/ghani/my_ws/build/final_package': CMAKE_PREFIX_PATH=/opt/ros/galactic /usr/bin/cmake --build /home/ghani/my_ws/build/final_package -- -j6 -l6
[0.043s] -- Found ament_cmake: 1.1.5 (/opt/ros/galactic/share/ament_cmake/cmake)
[0.063s] -- Using PYTHON_EXECUTABLE: /usr/bin/python3
[0.119s] -- Found rclcpp: 9.2.0 (/opt/ros/galactic/share/rclcpp/cmake)
[0.153s] -- Using all available rosidl_typesupport_c: rosidl_typesupport_fastrtps_c;rosidl_typesupport_introspection_c
[0.155s] -- Found rosidl_adapter: 2.2.1 (/opt/ros/galactic/share/rosidl_adapter/cmake)
[0.267s] -- Using all available rosidl_typesupport_cpp: rosidl_typesupport_fastrtps_cpp;rosidl_typesupport_introspection_cpp
[0.316s] -- Found rmw_implementation_cmake: 3.3.1 (/opt/ros/galactic/share/rmw_implementation_cmake/cmake)
[0.318s] -- Found rmw_cyclonedds_cpp: 0.22.4 (/opt/ros/galactic/share/rmw_cyclonedds_cpp/cmake)
[0.336s] -- Using RMW implementation 'rmw_cyclonedds_cpp' as default
[0.463s] -- Found turtlesim: 1.3.3 (/opt/ros/galactic/share/turtlesim/cmake)
[0.559s] -- Found geometry_msgs: 2.2.4 (/opt/ros/galactic/share/geometry_msgs/cmake)
[0.591s] -- Found ament_lint_auto: 0.10.6 (/opt/ros/galactic/share/ament_lint_auto/cmake)
[0.646s] -- Added test 'copyright' to check source files copyright and LICENSE
[0.647s] -- Added test 'cppcheck' to perform static code analysis on C / C++ code
[0.647s] -- Configured cppcheck include dirs: 
[0.647s] -- Configured cppcheck exclude dirs and/or files: 
[0.648s] -- Added test 'cpplint' to check C / C++ code against the Google style
[0.648s] -- Configured cpplint exclude dirs and/or files: 
[0.648s] -- Added test 'lint_cmake' to check CMake code style
[0.649s] -- Added test 'uncrustify' to check C / C++ code style
[0.649s] -- Configured uncrustify additional arguments: 
[0.649s] -- Added test 'xmllint' to check XML markup files
[0.651s] -- Configuring done
[0.664s] -- Generating done
[0.666s] -- Build files have been written to: /home/ghani/my_ws/build/final_package
[0.711s] [ 50%] [32m[1mLinking CXX executable controllercpp[0m
[1.048s] [100%] Built target controllercpp
[1.060s] Invoked command in '/home/ghani/my_ws/build/final_package' returned '0': CMAKE_PREFIX_PATH=/opt/ros/galactic /usr/bin/cmake --build /home/ghani/my_ws/build/final_package -- -j6 -l6
[1.107s] Invoking command in '/home/ghani/my_ws/build/final_package': CMAKE_PREFIX_PATH=/opt/ros/galactic /usr/bin/cmake --install /home/ghani/my_ws/build/final_package
[1.115s] -- Install configuration: ""
[1.115s] -- Installing: /home/ghani/my_ws/install/final_package/lib/final_package/controllercpp
[1.118s] -- Set runtime path of "/home/ghani/my_ws/install/final_package/lib/final_package/controllercpp" to ""
[1.118s] -- Installing: /home/ghani/my_ws/install/final_package/share/ament_index/resource_index/package_run_dependencies/final_package
[1.118s] -- Up-to-date: /home/ghani/my_ws/install/final_package/share/ament_index/resource_index/parent_prefix_path/final_package
[1.118s] -- Up-to-date: /home/ghani/my_ws/install/final_package/share/final_package/environment/ament_prefix_path.sh
[1.118s] -- Installing: /home/ghani/my_ws/install/final_package/share/final_package/environment/ament_prefix_path.dsv
[1.119s] -- Up-to-date: /home/ghani/my_ws/install/final_package/share/final_package/environment/path.sh
[1.119s] -- Installing: /home/ghani/my_ws/install/final_package/share/final_package/environment/path.dsv
[1.119s] -- Up-to-date: /home/ghani/my_ws/install/final_package/share/final_package/local_setup.bash
[1.119s] -- Up-to-date: /home/ghani/my_ws/install/final_package/share/final_package/local_setup.sh
[1.119s] -- Up-to-date: /home/ghani/my_ws/install/final_package/share/final_package/local_setup.zsh
[1.119s] -- Installing: /home/ghani/my_ws/install/final_package/share/final_package/local_setup.dsv
[1.119s] -- Installing: /home/ghani/my_ws/install/final_package/share/final_package/package.dsv
[1.119s] -- Up-to-date: /home/ghani/my_ws/install/final_package/share/ament_index/resource_index/packages/final_package
[1.119s] -- Up-to-date: /home/ghani/my_ws/install/final_package/share/final_package/cmake/final_packageConfig.cmake
[1.119s] -- Up-to-date: /home/ghani/my_ws/install/final_package/share/final_package/cmake/final_packageConfig-version.cmake
[1.119s] -- Installing: /home/ghani/my_ws/install/final_package/share/final_package/package.xml
[1.121s] Invoked command in '/home/ghani/my_ws/build/final_package' returned '0': CMAKE_PREFIX_PATH=/opt/ros/galactic /usr/bin/cmake --install /home/ghani/my_ws/build/final_package
