[35m[1mScanning dependencies of target controllercpp[0m
[ 50%] [32mBuilding CXX object CMakeFiles/controllercpp.dir/src/controller.cpp.o[0m
[100%] [32m[1mLinking CXX executable controllercpp[0m
[100%] Built target controllercpp
-- Install configuration: ""
-- Installing: /home/ghani/my_ws/install/final_package/lib/final_package/controllercpp
-- Set runtime path of "/home/ghani/my_ws/install/final_package/lib/final_package/controllercpp" to ""
-- Up-to-date: /home/ghani/my_ws/install/final_package/share/ament_index/resource_index/package_run_dependencies/final_package
-- Up-to-date: /home/ghani/my_ws/install/final_package/share/ament_index/resource_index/parent_prefix_path/final_package
-- Up-to-date: /home/ghani/my_ws/install/final_package/share/final_package/environment/ament_prefix_path.sh
-- Up-to-date: /home/ghani/my_ws/install/final_package/share/final_package/environment/ament_prefix_path.dsv
-- Up-to-date: /home/ghani/my_ws/install/final_package/share/final_package/environment/path.sh
-- Up-to-date: /home/ghani/my_ws/install/final_package/share/final_package/environment/path.dsv
-- Up-to-date: /home/ghani/my_ws/install/final_package/share/final_package/local_setup.bash
-- Up-to-date: /home/ghani/my_ws/install/final_package/share/final_package/local_setup.sh
-- Up-to-date: /home/ghani/my_ws/install/final_package/share/final_package/local_setup.zsh
-- Up-to-date: /home/ghani/my_ws/install/final_package/share/final_package/local_setup.dsv
-- Up-to-date: /home/ghani/my_ws/install/final_package/share/final_package/package.dsv
-- Up-to-date: /home/ghani/my_ws/install/final_package/share/ament_index/resource_index/packages/final_package
-- Up-to-date: /home/ghani/my_ws/install/final_package/share/final_package/cmake/final_packageConfig.cmake
-- Up-to-date: /home/ghani/my_ws/install/final_package/share/final_package/cmake/final_packageConfig-version.cmake
-- Up-to-date: /home/ghani/my_ws/install/final_package/share/final_package/package.xml
