[1.190s] Invoking command in '/home/ghani/my_ws/src/controller_py': PYTHONPATH=/home/ghani/my_ws/install/controller_py/lib/python3.8/site-packages:${PYTHONPATH} /usr/bin/python3 setup.py egg_info --egg-base ../../build/controller_py build --build-base /home/ghani/my_ws/build/controller_py/build install --prefix /home/ghani/my_ws/install/controller_py --record /home/ghani/my_ws/build/controller_py/install.log --single-version-externally-managed
[1.671s] running egg_info
[1.671s] writing ../../build/controller_py/controller_py.egg-info/PKG-INFO
[1.673s] writing dependency_links to ../../build/controller_py/controller_py.egg-info/dependency_links.txt
[1.673s] writing entry points to ../../build/controller_py/controller_py.egg-info/entry_points.txt
[1.674s] writing requirements to ../../build/controller_py/controller_py.egg-info/requires.txt
[1.676s] writing top-level names to ../../build/controller_py/controller_py.egg-info/top_level.txt
[1.777s] reading manifest file '../../build/controller_py/controller_py.egg-info/SOURCES.txt'
[1.780s] writing manifest file '../../build/controller_py/controller_py.egg-info/SOURCES.txt'
[1.780s] running build
[1.780s] running build_py
[1.782s] running install
[1.784s] running install_lib
[1.788s] running install_data
[1.789s] running install_egg_info
[1.794s] removing '/home/ghani/my_ws/install/controller_py/lib/python3.8/site-packages/controller_py-0.0.0-py3.8.egg-info' (and everything under it)
[1.795s] Copying ../../build/controller_py/controller_py.egg-info to /home/ghani/my_ws/install/controller_py/lib/python3.8/site-packages/controller_py-0.0.0-py3.8.egg-info
[1.797s] running install_scripts
[1.842s] Installing py_action_controller script to /home/ghani/my_ws/install/controller_py/lib/controller_py
[1.844s] Installing py_client script to /home/ghani/my_ws/install/controller_py/lib/controller_py
[1.845s] Installing py_controller script to /home/ghani/my_ws/install/controller_py/lib/controller_py
[1.848s] writing list of installed files to '/home/ghani/my_ws/build/controller_py/install.log'
[1.898s] Invoked command in '/home/ghani/my_ws/src/controller_py' returned '0': PYTHONPATH=/home/ghani/my_ws/install/controller_py/lib/python3.8/site-packages:${PYTHONPATH} /usr/bin/python3 setup.py egg_info --egg-base ../../build/controller_py build --build-base /home/ghani/my_ws/build/controller_py/build install --prefix /home/ghani/my_ws/install/controller_py --record /home/ghani/my_ws/build/controller_py/install.log --single-version-externally-managed
