[  2%] Built target customized_srv_msg__cpp
[ 12%] Built target customized_srv_msg__rosidl_generator_c
[ 23%] Built target customized_srv_msg__rosidl_typesupport_cpp
[ 34%] Built target customized_srv_msg__rosidl_typesupport_fastrtps_cpp
[ 44%] Built target customized_srv_msg__rosidl_typesupport_c
[ 55%] Built target customized_srv_msg__rosidl_typesupport_introspection_cpp
[ 65%] Built target customized_srv_msg__rosidl_typesupport_introspection_c
[ 76%] Built target customized_srv_msg__rosidl_typesupport_fastrtps_c
[ 76%] Built target customized_srv_msg
[ 78%] Built target customized_srv_msg__py
[ 87%] Built target customized_srv_msg__python
[ 95%] Built target customized_srv_msg__rosidl_typesupport_introspection_c__pyext
[ 95%] Built target customized_srv_msg__rosidl_typesupport_c__pyext
[100%] Built target customized_srv_msg__rosidl_typesupport_fastrtps_c__pyext
-- Install configuration: ""
-- Up-to-date: /home/ghani/my_ws/install/customized_srv_msg/share/ament_index/resource_index/rosidl_interfaces/customized_srv_msg
-- Up-to-date: /home/ghani/my_ws/install/customized_srv_msg/include/customized_srv_msg
-- Up-to-date: /home/ghani/my_ws/install/customized_srv_msg/include/customized_srv_msg/srv
-- Up-to-date: /home/ghani/my_ws/install/customized_srv_msg/include/customized_srv_msg/srv/add_three_ints.h
-- Up-to-date: /home/ghani/my_ws/install/customized_srv_msg/include/customized_srv_msg/srv/detail
-- Up-to-date: /home/ghani/my_ws/install/customized_srv_msg/include/customized_srv_msg/srv/detail/add_three_ints__functions.h
-- Up-to-date: /home/ghani/my_ws/install/customized_srv_msg/include/customized_srv_msg/srv/detail/add_three_ints__functions.c
-- Up-to-date: /home/ghani/my_ws/install/customized_srv_msg/include/customized_srv_msg/srv/detail/add_three_ints__type_support.h
-- Up-to-date: /home/ghani/my_ws/install/customized_srv_msg/include/customized_srv_msg/srv/detail/add_three_ints__struct.h
-- Up-to-date: /home/ghani/my_ws/install/customized_srv_msg/include/customized_srv_msg/action
-- Up-to-date: /home/ghani/my_ws/install/customized_srv_msg/include/customized_srv_msg/action/fibonacci.h
-- Up-to-date: /home/ghani/my_ws/install/customized_srv_msg/include/customized_srv_msg/action/detail
-- Up-to-date: /home/ghani/my_ws/install/customized_srv_msg/include/customized_srv_msg/action/detail/fibonacci__functions.c
-- Up-to-date: /home/ghani/my_ws/install/customized_srv_msg/include/customized_srv_msg/action/detail/fibonacci__type_support.h
-- Up-to-date: /home/ghani/my_ws/install/customized_srv_msg/include/customized_srv_msg/action/detail/fibonacci__functions.h
-- Up-to-date: /home/ghani/my_ws/install/customized_srv_msg/include/customized_srv_msg/action/detail/fibonacci__struct.h
-- Up-to-date: /home/ghani/my_ws/install/customized_srv_msg/include/customized_srv_msg/msg
-- Up-to-date: /home/ghani/my_ws/install/customized_srv_msg/include/customized_srv_msg/msg/rosidl_generator_c__visibility_control.h
-- Up-to-date: /home/ghani/my_ws/install/customized_srv_msg/include/customized_srv_msg/msg/num.h
-- Up-to-date: /home/ghani/my_ws/install/customized_srv_msg/include/customized_srv_msg/msg/detail
-- Up-to-date: /home/ghani/my_ws/install/customized_srv_msg/include/customized_srv_msg/msg/detail/num__struct.h
-- Up-to-date: /home/ghani/my_ws/install/customized_srv_msg/include/customized_srv_msg/msg/detail/num__type_support.h
-- Up-to-date: /home/ghani/my_ws/install/customized_srv_msg/include/customized_srv_msg/msg/detail/num__functions.c
-- Up-to-date: /home/ghani/my_ws/install/customized_srv_msg/include/customized_srv_msg/msg/detail/num__functions.h
-- Up-to-date: /home/ghani/my_ws/install/customized_srv_msg/share/customized_srv_msg/environment/library_path.sh
-- Up-to-date: /home/ghani/my_ws/install/customized_srv_msg/share/customized_srv_msg/environment/library_path.dsv
-- Up-to-date: /home/ghani/my_ws/install/customized_srv_msg/lib/libcustomized_srv_msg__rosidl_generator_c.so
-- Up-to-date: /home/ghani/my_ws/install/customized_srv_msg/include/customized_srv_msg
-- Up-to-date: /home/ghani/my_ws/install/customized_srv_msg/include/customized_srv_msg/srv
-- Up-to-date: /home/ghani/my_ws/install/customized_srv_msg/include/customized_srv_msg/srv/detail
-- Up-to-date: /home/ghani/my_ws/install/customized_srv_msg/include/customized_srv_msg/srv/detail/add_three_ints__rosidl_typesupport_fastrtps_c.h
-- Up-to-date: /home/ghani/my_ws/install/customized_srv_msg/include/customized_srv_msg/action
-- Up-to-date: /home/ghani/my_ws/install/customized_srv_msg/include/customized_srv_msg/action/detail
-- Up-to-date: /home/ghani/my_ws/install/customized_srv_msg/include/customized_srv_msg/action/detail/fibonacci__rosidl_typesupport_fastrtps_c.h
-- Up-to-date: /home/ghani/my_ws/install/customized_srv_msg/include/customized_srv_msg/msg
-- Up-to-date: /home/ghani/my_ws/install/customized_srv_msg/include/customized_srv_msg/msg/rosidl_typesupport_fastrtps_c__visibility_control.h
-- Up-to-date: /home/ghani/my_ws/install/customized_srv_msg/include/customized_srv_msg/msg/detail
-- Up-to-date: /home/ghani/my_ws/install/customized_srv_msg/include/customized_srv_msg/msg/detail/num__rosidl_typesupport_fastrtps_c.h
-- Up-to-date: /home/ghani/my_ws/install/customized_srv_msg/lib/libcustomized_srv_msg__rosidl_typesupport_fastrtps_c.so
-- Up-to-date: /home/ghani/my_ws/install/customized_srv_msg/include/customized_srv_msg
-- Up-to-date: /home/ghani/my_ws/install/customized_srv_msg/include/customized_srv_msg/srv
-- Up-to-date: /home/ghani/my_ws/install/customized_srv_msg/include/customized_srv_msg/srv/detail
-- Up-to-date: /home/ghani/my_ws/install/customized_srv_msg/include/customized_srv_msg/srv/detail/dds_fastrtps
-- Up-to-date: /home/ghani/my_ws/install/customized_srv_msg/include/customized_srv_msg/srv/detail/add_three_ints__rosidl_typesupport_fastrtps_cpp.hpp
-- Up-to-date: /home/ghani/my_ws/install/customized_srv_msg/include/customized_srv_msg/action
-- Up-to-date: /home/ghani/my_ws/install/customized_srv_msg/include/customized_srv_msg/action/detail
-- Up-to-date: /home/ghani/my_ws/install/customized_srv_msg/include/customized_srv_msg/action/detail/dds_fastrtps
-- Up-to-date: /home/ghani/my_ws/install/customized_srv_msg/include/customized_srv_msg/action/detail/fibonacci__rosidl_typesupport_fastrtps_cpp.hpp
-- Up-to-date: /home/ghani/my_ws/install/customized_srv_msg/include/customized_srv_msg/msg
-- Up-to-date: /home/ghani/my_ws/install/customized_srv_msg/include/customized_srv_msg/msg/rosidl_typesupport_fastrtps_cpp__visibility_control.h
-- Up-to-date: /home/ghani/my_ws/install/customized_srv_msg/include/customized_srv_msg/msg/detail
-- Up-to-date: /home/ghani/my_ws/install/customized_srv_msg/include/customized_srv_msg/msg/detail/num__rosidl_typesupport_fastrtps_cpp.hpp
-- Up-to-date: /home/ghani/my_ws/install/customized_srv_msg/include/customized_srv_msg/msg/detail/dds_fastrtps
-- Up-to-date: /home/ghani/my_ws/install/customized_srv_msg/lib/libcustomized_srv_msg__rosidl_typesupport_fastrtps_cpp.so
-- Up-to-date: /home/ghani/my_ws/install/customized_srv_msg/include/customized_srv_msg
-- Up-to-date: /home/ghani/my_ws/install/customized_srv_msg/include/customized_srv_msg/srv
-- Up-to-date: /home/ghani/my_ws/install/customized_srv_msg/include/customized_srv_msg/srv/detail
-- Up-to-date: /home/ghani/my_ws/install/customized_srv_msg/include/customized_srv_msg/srv/detail/add_three_ints__rosidl_typesupport_introspection_c.h
-- Up-to-date: /home/ghani/my_ws/install/customized_srv_msg/include/customized_srv_msg/srv/detail/add_three_ints__type_support.c
-- Up-to-date: /home/ghani/my_ws/install/customized_srv_msg/include/customized_srv_msg/action
-- Up-to-date: /home/ghani/my_ws/install/customized_srv_msg/include/customized_srv_msg/action/detail
-- Up-to-date: /home/ghani/my_ws/install/customized_srv_msg/include/customized_srv_msg/action/detail/fibonacci__type_support.c
-- Up-to-date: /home/ghani/my_ws/install/customized_srv_msg/include/customized_srv_msg/action/detail/fibonacci__rosidl_typesupport_introspection_c.h
-- Up-to-date: /home/ghani/my_ws/install/customized_srv_msg/include/customized_srv_msg/msg
-- Up-to-date: /home/ghani/my_ws/install/customized_srv_msg/include/customized_srv_msg/msg/rosidl_typesupport_introspection_c__visibility_control.h
-- Up-to-date: /home/ghani/my_ws/install/customized_srv_msg/include/customized_srv_msg/msg/detail
-- Up-to-date: /home/ghani/my_ws/install/customized_srv_msg/include/customized_srv_msg/msg/detail/num__type_support.c
-- Up-to-date: /home/ghani/my_ws/install/customized_srv_msg/include/customized_srv_msg/msg/detail/num__rosidl_typesupport_introspection_c.h
-- Up-to-date: /home/ghani/my_ws/install/customized_srv_msg/lib/libcustomized_srv_msg__rosidl_typesupport_introspection_c.so
-- Up-to-date: /home/ghani/my_ws/install/customized_srv_msg/lib/libcustomized_srv_msg__rosidl_typesupport_c.so
-- Up-to-date: /home/ghani/my_ws/install/customized_srv_msg/include/customized_srv_msg
-- Up-to-date: /home/ghani/my_ws/install/customized_srv_msg/include/customized_srv_msg/srv
-- Up-to-date: /home/ghani/my_ws/install/customized_srv_msg/include/customized_srv_msg/srv/add_three_ints.hpp
-- Up-to-date: /home/ghani/my_ws/install/customized_srv_msg/include/customized_srv_msg/srv/detail
-- Up-to-date: /home/ghani/my_ws/install/customized_srv_msg/include/customized_srv_msg/srv/detail/add_three_ints__builder.hpp
-- Up-to-date: /home/ghani/my_ws/install/customized_srv_msg/include/customized_srv_msg/srv/detail/add_three_ints__struct.hpp
-- Up-to-date: /home/ghani/my_ws/install/customized_srv_msg/include/customized_srv_msg/srv/detail/add_three_ints__traits.hpp
-- Up-to-date: /home/ghani/my_ws/install/customized_srv_msg/include/customized_srv_msg/action
-- Up-to-date: /home/ghani/my_ws/install/customized_srv_msg/include/customized_srv_msg/action/fibonacci.hpp
-- Up-to-date: /home/ghani/my_ws/install/customized_srv_msg/include/customized_srv_msg/action/detail
-- Up-to-date: /home/ghani/my_ws/install/customized_srv_msg/include/customized_srv_msg/action/detail/fibonacci__struct.hpp
-- Up-to-date: /home/ghani/my_ws/install/customized_srv_msg/include/customized_srv_msg/action/detail/fibonacci__traits.hpp
-- Up-to-date: /home/ghani/my_ws/install/customized_srv_msg/include/customized_srv_msg/action/detail/fibonacci__builder.hpp
-- Up-to-date: /home/ghani/my_ws/install/customized_srv_msg/include/customized_srv_msg/msg
-- Up-to-date: /home/ghani/my_ws/install/customized_srv_msg/include/customized_srv_msg/msg/num.hpp
-- Up-to-date: /home/ghani/my_ws/install/customized_srv_msg/include/customized_srv_msg/msg/detail
-- Up-to-date: /home/ghani/my_ws/install/customized_srv_msg/include/customized_srv_msg/msg/detail/num__struct.hpp
-- Up-to-date: /home/ghani/my_ws/install/customized_srv_msg/include/customized_srv_msg/msg/detail/num__builder.hpp
-- Up-to-date: /home/ghani/my_ws/install/customized_srv_msg/include/customized_srv_msg/msg/detail/num__traits.hpp
-- Up-to-date: /home/ghani/my_ws/install/customized_srv_msg/include/customized_srv_msg
-- Up-to-date: /home/ghani/my_ws/install/customized_srv_msg/include/customized_srv_msg/srv
-- Up-to-date: /home/ghani/my_ws/install/customized_srv_msg/include/customized_srv_msg/srv/detail
-- Up-to-date: /home/ghani/my_ws/install/customized_srv_msg/include/customized_srv_msg/srv/detail/add_three_ints__rosidl_typesupport_introspection_cpp.hpp
-- Up-to-date: /home/ghani/my_ws/install/customized_srv_msg/include/customized_srv_msg/srv/detail/add_three_ints__type_support.cpp
-- Up-to-date: /home/ghani/my_ws/install/customized_srv_msg/include/customized_srv_msg/action
-- Up-to-date: /home/ghani/my_ws/install/customized_srv_msg/include/customized_srv_msg/action/detail
-- Up-to-date: /home/ghani/my_ws/install/customized_srv_msg/include/customized_srv_msg/action/detail/fibonacci__type_support.cpp
-- Up-to-date: /home/ghani/my_ws/install/customized_srv_msg/include/customized_srv_msg/action/detail/fibonacci__rosidl_typesupport_introspection_cpp.hpp
-- Up-to-date: /home/ghani/my_ws/install/customized_srv_msg/include/customized_srv_msg/msg
-- Up-to-date: /home/ghani/my_ws/install/customized_srv_msg/include/customized_srv_msg/msg/detail
-- Up-to-date: /home/ghani/my_ws/install/customized_srv_msg/include/customized_srv_msg/msg/detail/num__type_support.cpp
-- Up-to-date: /home/ghani/my_ws/install/customized_srv_msg/include/customized_srv_msg/msg/detail/num__rosidl_typesupport_introspection_cpp.hpp
-- Up-to-date: /home/ghani/my_ws/install/customized_srv_msg/lib/libcustomized_srv_msg__rosidl_typesupport_introspection_cpp.so
-- Up-to-date: /home/ghani/my_ws/install/customized_srv_msg/lib/libcustomized_srv_msg__rosidl_typesupport_cpp.so
-- Up-to-date: /home/ghani/my_ws/install/customized_srv_msg/share/customized_srv_msg/environment/pythonpath.sh
-- Up-to-date: /home/ghani/my_ws/install/customized_srv_msg/share/customized_srv_msg/environment/pythonpath.dsv
-- Up-to-date: /home/ghani/my_ws/install/customized_srv_msg/lib/python3.8/site-packages/customized_srv_msg/__init__.py
-- Up-to-date: /home/ghani/my_ws/install/customized_srv_msg/lib/python3.8/site-packages/customized_srv_msg/msg
-- Up-to-date: /home/ghani/my_ws/install/customized_srv_msg/lib/python3.8/site-packages/customized_srv_msg/msg/_num_s.c
-- Up-to-date: /home/ghani/my_ws/install/customized_srv_msg/lib/python3.8/site-packages/customized_srv_msg/msg/__init__.py
-- Up-to-date: /home/ghani/my_ws/install/customized_srv_msg/lib/python3.8/site-packages/customized_srv_msg/msg/_num.py
-- Up-to-date: /home/ghani/my_ws/install/customized_srv_msg/lib/python3.8/site-packages/customized_srv_msg/srv
-- Up-to-date: /home/ghani/my_ws/install/customized_srv_msg/lib/python3.8/site-packages/customized_srv_msg/srv/_add_three_ints.py
-- Up-to-date: /home/ghani/my_ws/install/customized_srv_msg/lib/python3.8/site-packages/customized_srv_msg/srv/__init__.py
-- Up-to-date: /home/ghani/my_ws/install/customized_srv_msg/lib/python3.8/site-packages/customized_srv_msg/srv/_add_three_ints_s.c
-- Up-to-date: /home/ghani/my_ws/install/customized_srv_msg/lib/python3.8/site-packages/customized_srv_msg/action
-- Up-to-date: /home/ghani/my_ws/install/customized_srv_msg/lib/python3.8/site-packages/customized_srv_msg/action/__init__.py
-- Up-to-date: /home/ghani/my_ws/install/customized_srv_msg/lib/python3.8/site-packages/customized_srv_msg/action/_fibonacci_s.c
-- Up-to-date: /home/ghani/my_ws/install/customized_srv_msg/lib/python3.8/site-packages/customized_srv_msg/action/_fibonacci.py
-- Up-to-date: /home/ghani/my_ws/install/customized_srv_msg/lib/python3.8/site-packages/customized_srv_msg/customized_srv_msg_s__rosidl_typesupport_fastrtps_c.cpython-38-x86_64-linux-gnu.so
-- Up-to-date: /home/ghani/my_ws/install/customized_srv_msg/lib/python3.8/site-packages/customized_srv_msg/customized_srv_msg_s__rosidl_typesupport_introspection_c.cpython-38-x86_64-linux-gnu.so
-- Up-to-date: /home/ghani/my_ws/install/customized_srv_msg/lib/python3.8/site-packages/customized_srv_msg/customized_srv_msg_s__rosidl_typesupport_c.cpython-38-x86_64-linux-gnu.so
-- Up-to-date: /home/ghani/my_ws/install/customized_srv_msg/lib/libcustomized_srv_msg__python.so
-- Up-to-date: /home/ghani/my_ws/install/customized_srv_msg/share/customized_srv_msg/msg/Num.idl
-- Up-to-date: /home/ghani/my_ws/install/customized_srv_msg/share/customized_srv_msg/srv/AddThreeInts.idl
-- Up-to-date: /home/ghani/my_ws/install/customized_srv_msg/share/customized_srv_msg/action/Fibonacci.idl
-- Up-to-date: /home/ghani/my_ws/install/customized_srv_msg/share/customized_srv_msg/msg/Num.msg
-- Up-to-date: /home/ghani/my_ws/install/customized_srv_msg/share/customized_srv_msg/srv/AddThreeInts.srv
-- Up-to-date: /home/ghani/my_ws/install/customized_srv_msg/share/customized_srv_msg/srv/AddThreeInts_Request.msg
-- Up-to-date: /home/ghani/my_ws/install/customized_srv_msg/share/customized_srv_msg/srv/AddThreeInts_Response.msg
-- Up-to-date: /home/ghani/my_ws/install/customized_srv_msg/share/customized_srv_msg/action/Fibonacci.action
-- Up-to-date: /home/ghani/my_ws/install/customized_srv_msg/share/ament_index/resource_index/package_run_dependencies/customized_srv_msg
-- Up-to-date: /home/ghani/my_ws/install/customized_srv_msg/share/ament_index/resource_index/parent_prefix_path/customized_srv_msg
-- Up-to-date: /home/ghani/my_ws/install/customized_srv_msg/share/customized_srv_msg/environment/ament_prefix_path.sh
-- Up-to-date: /home/ghani/my_ws/install/customized_srv_msg/share/customized_srv_msg/environment/ament_prefix_path.dsv
-- Up-to-date: /home/ghani/my_ws/install/customized_srv_msg/share/customized_srv_msg/environment/path.sh
-- Up-to-date: /home/ghani/my_ws/install/customized_srv_msg/share/customized_srv_msg/environment/path.dsv
-- Up-to-date: /home/ghani/my_ws/install/customized_srv_msg/share/customized_srv_msg/local_setup.bash
-- Up-to-date: /home/ghani/my_ws/install/customized_srv_msg/share/customized_srv_msg/local_setup.sh
-- Up-to-date: /home/ghani/my_ws/install/customized_srv_msg/share/customized_srv_msg/local_setup.zsh
-- Up-to-date: /home/ghani/my_ws/install/customized_srv_msg/share/customized_srv_msg/local_setup.dsv
-- Installing: /home/ghani/my_ws/install/customized_srv_msg/share/customized_srv_msg/package.dsv
-- Up-to-date: /home/ghani/my_ws/install/customized_srv_msg/share/ament_index/resource_index/packages/customized_srv_msg
-- Up-to-date: /home/ghani/my_ws/install/customized_srv_msg/share/customized_srv_msg/cmake/customized_srv_msg__rosidl_generator_cExport.cmake
-- Up-to-date: /home/ghani/my_ws/install/customized_srv_msg/share/customized_srv_msg/cmake/customized_srv_msg__rosidl_generator_cExport-noconfig.cmake
-- Up-to-date: /home/ghani/my_ws/install/customized_srv_msg/share/customized_srv_msg/cmake/customized_srv_msg__rosidl_typesupport_introspection_cExport.cmake
-- Up-to-date: /home/ghani/my_ws/install/customized_srv_msg/share/customized_srv_msg/cmake/customized_srv_msg__rosidl_typesupport_introspection_cExport-noconfig.cmake
-- Up-to-date: /home/ghani/my_ws/install/customized_srv_msg/share/customized_srv_msg/cmake/customized_srv_msg__rosidl_typesupport_cExport.cmake
-- Up-to-date: /home/ghani/my_ws/install/customized_srv_msg/share/customized_srv_msg/cmake/customized_srv_msg__rosidl_typesupport_cExport-noconfig.cmake
-- Up-to-date: /home/ghani/my_ws/install/customized_srv_msg/share/customized_srv_msg/cmake/customized_srv_msg__rosidl_generator_cppExport.cmake
-- Up-to-date: /home/ghani/my_ws/install/customized_srv_msg/share/customized_srv_msg/cmake/customized_srv_msg__rosidl_typesupport_introspection_cppExport.cmake
-- Up-to-date: /home/ghani/my_ws/install/customized_srv_msg/share/customized_srv_msg/cmake/customized_srv_msg__rosidl_typesupport_introspection_cppExport-noconfig.cmake
-- Up-to-date: /home/ghani/my_ws/install/customized_srv_msg/share/customized_srv_msg/cmake/customized_srv_msg__rosidl_typesupport_cppExport.cmake
-- Up-to-date: /home/ghani/my_ws/install/customized_srv_msg/share/customized_srv_msg/cmake/customized_srv_msg__rosidl_typesupport_cppExport-noconfig.cmake
-- Up-to-date: /home/ghani/my_ws/install/customized_srv_msg/share/customized_srv_msg/cmake/rosidl_cmake-extras.cmake
-- Up-to-date: /home/ghani/my_ws/install/customized_srv_msg/share/customized_srv_msg/cmake/ament_cmake_export_dependencies-extras.cmake
-- Up-to-date: /home/ghani/my_ws/install/customized_srv_msg/share/customized_srv_msg/cmake/ament_cmake_export_libraries-extras.cmake
-- Up-to-date: /home/ghani/my_ws/install/customized_srv_msg/share/customized_srv_msg/cmake/ament_cmake_export_targets-extras.cmake
-- Up-to-date: /home/ghani/my_ws/install/customized_srv_msg/share/customized_srv_msg/cmake/ament_cmake_export_include_directories-extras.cmake
-- Up-to-date: /home/ghani/my_ws/install/customized_srv_msg/share/customized_srv_msg/cmake/rosidl_cmake_export_typesupport_libraries-extras.cmake
-- Up-to-date: /home/ghani/my_ws/install/customized_srv_msg/share/customized_srv_msg/cmake/rosidl_cmake_export_typesupport_targets-extras.cmake
-- Up-to-date: /home/ghani/my_ws/install/customized_srv_msg/share/customized_srv_msg/cmake/customized_srv_msgConfig.cmake
-- Up-to-date: /home/ghani/my_ws/install/customized_srv_msg/share/customized_srv_msg/cmake/customized_srv_msgConfig-version.cmake
-- Up-to-date: /home/ghani/my_ws/install/customized_srv_msg/share/customized_srv_msg/package.xml
