[0.018s] Invoking command in '/home/ghani/my_ws/build/customized_srv_msg': CMAKE_PREFIX_PATH=/opt/ros/galactic /usr/bin/cmake --build /home/ghani/my_ws/build/customized_srv_msg -- -j6 -l6
[0.045s] -- Found ament_cmake: 1.1.5 (/opt/ros/galactic/share/ament_cmake/cmake)
[0.066s] -- Found PythonInterp: /usr/bin/python3 (found suitable version "3.8.10", minimum required is "3") 
[0.066s] -- Using PYTHON_EXECUTABLE: /usr/bin/python3
[0.124s] -- Found rosidl_default_generators: 1.1.1 (/opt/ros/galactic/share/rosidl_default_generators/cmake)
[0.125s] -- Using all available rosidl_typesupport_c: rosidl_typesupport_fastrtps_c;rosidl_typesupport_introspection_c
[0.129s] -- Found rosidl_adapter: 2.2.1 (/opt/ros/galactic/share/rosidl_adapter/cmake)
[0.257s] -- Using all available rosidl_typesupport_cpp: rosidl_typesupport_fastrtps_cpp;rosidl_typesupport_introspection_cpp
[0.298s] -- Found PythonInterp: /usr/bin/python3 (found version "3.8.10") 
[0.489s] -- Found ament_cmake_ros: 0.9.2 (/opt/ros/galactic/share/ament_cmake_ros/cmake)
[0.609s] -- Using all available rosidl_typesupport_c: rosidl_typesupport_fastrtps_c;rosidl_typesupport_introspection_c
[0.631s] -- Using all available rosidl_typesupport_cpp: rosidl_typesupport_fastrtps_cpp;rosidl_typesupport_introspection_cpp
[0.655s] -- Found PythonInterp: /usr/bin/python3 (found suitable version "3.8.10", minimum required is "3.5") 
[0.655s] -- Found python_cmake_module: 0.8.1 (/opt/ros/galactic/share/python_cmake_module/cmake)
[0.676s] -- Using PYTHON_EXECUTABLE: /usr/bin/python3
[0.677s] -- Using PYTHON_INCLUDE_DIRS: /usr/include/python3.8
[0.677s] -- Using PYTHON_LIBRARIES: /usr/lib/x86_64-linux-gnu/libpython3.8.so
[0.699s] -- Found ament_lint_auto: 0.10.6 (/opt/ros/galactic/share/ament_lint_auto/cmake)
[0.708s] -- Added test 'copyright' to check source files copyright and LICENSE
[0.710s] -- Added test 'lint_cmake' to check CMake code style
[0.711s] -- Added test 'xmllint' to check XML markup files
[0.715s] -- Configuring done
[0.782s] -- Generating done
[0.790s] -- Build files have been written to: /home/ghani/my_ws/build/customized_srv_msg
[0.821s] [35m[1mScanning dependencies of target customized_srv_msg__cpp[0m
[0.821s] [  1%] [34m[1mGenerating C code for ROS interfaces[0m
[0.833s] [  3%] [34m[1mGenerating C++ code for ROS interfaces[0m
[1.424s] [35m[1mScanning dependencies of target customized_srv_msg__rosidl_generator_c[0m
[1.440s] [  5%] [32mBuilding C object CMakeFiles/customized_srv_msg__rosidl_generator_c.dir/rosidl_generator_c/customized_srv_msg/msg/detail/num__functions.c.o[0m
[1.456s] [  9%] [32mBuilding C object CMakeFiles/customized_srv_msg__rosidl_generator_c.dir/rosidl_generator_c/customized_srv_msg/srv/detail/add_three_ints__functions.c.o[0m
[1.457s] [  9%] [32mBuilding C object CMakeFiles/customized_srv_msg__rosidl_generator_c.dir/rosidl_generator_c/customized_srv_msg/action/detail/control__functions.c.o[0m
[1.457s] [ 10%] [32mBuilding C object CMakeFiles/customized_srv_msg__rosidl_generator_c.dir/rosidl_generator_c/customized_srv_msg/action/detail/fibonacci__functions.c.o[0m
[1.459s] [ 10%] Built target customized_srv_msg__cpp
[1.475s] [ 14%] [34m[1mGenerating C++ type support dispatch for ROS interfaces[0m
[1.475s] [ 14%] [34m[1mGenerating C++ type support for eProsima Fast-RTPS[0m
[1.487s] [ 16%] [34m[1mGenerating C++ introspection for ROS interfaces[0m
[1.553s] [ 18%] [32m[1mLinking C shared library libcustomized_srv_msg__rosidl_generator_c.so[0m
[1.595s] [ 18%] Built target customized_srv_msg__rosidl_generator_c
[1.607s] [ 20%] [34m[1mGenerating C introspection for ROS interfaces[0m
[1.607s] [ 21%] [34m[1mGenerating C type support dispatch for ROS interfaces[0m
[1.871s] [35m[1mScanning dependencies of target customized_srv_msg__rosidl_typesupport_cpp[0m
[1.887s] [ 23%] [32mBuilding CXX object CMakeFiles/customized_srv_msg__rosidl_typesupport_cpp.dir/rosidl_typesupport_cpp/customized_srv_msg/msg/num__type_support.cpp.o[0m
[1.888s] [ 25%] [32mBuilding CXX object CMakeFiles/customized_srv_msg__rosidl_typesupport_cpp.dir/rosidl_typesupport_cpp/customized_srv_msg/srv/add_three_ints__type_support.cpp.o[0m
[1.987s] [35m[1mScanning dependencies of target customized_srv_msg__rosidl_typesupport_c[0m
[2.002s] [ 27%] [32mBuilding CXX object CMakeFiles/customized_srv_msg__rosidl_typesupport_c.dir/rosidl_typesupport_c/customized_srv_msg/msg/num__type_support.cpp.o[0m
[2.025s] [35m[1mScanning dependencies of target customized_srv_msg__rosidl_typesupport_introspection_cpp[0m
[2.035s] [ 29%] [32mBuilding CXX object CMakeFiles/customized_srv_msg__rosidl_typesupport_c.dir/rosidl_typesupport_c/customized_srv_msg/srv/add_three_ints__type_support.cpp.o[0m
[2.044s] [ 30%] [32mBuilding CXX object CMakeFiles/customized_srv_msg__rosidl_typesupport_introspection_cpp.dir/rosidl_typesupport_introspection_cpp/customized_srv_msg/msg/detail/num__type_support.cpp.o[0m
[2.075s] [ 32%] [32mBuilding CXX object CMakeFiles/customized_srv_msg__rosidl_typesupport_c.dir/rosidl_typesupport_c/customized_srv_msg/action/fibonacci__type_support.cpp.o[0m
[2.133s] [ 34%] [32mBuilding CXX object CMakeFiles/customized_srv_msg__rosidl_typesupport_c.dir/rosidl_typesupport_c/customized_srv_msg/action/control__type_support.cpp.o[0m
[2.158s] [35m[1mScanning dependencies of target customized_srv_msg__rosidl_typesupport_fastrtps_cpp[0m
[2.179s] [ 36%] [32mBuilding CXX object CMakeFiles/customized_srv_msg__rosidl_typesupport_fastrtps_cpp.dir/rosidl_typesupport_fastrtps_cpp/customized_srv_msg/msg/detail/dds_fastrtps/num__type_support.cpp.o[0m
[2.189s] [ 38%] [32m[1mLinking CXX shared library libcustomized_srv_msg__rosidl_typesupport_c.so[0m
[2.201s] [35m[1mScanning dependencies of target customized_srv_msg__rosidl_typesupport_introspection_c[0m
[2.207s] [ 40%] [32mBuilding CXX object CMakeFiles/customized_srv_msg__rosidl_typesupport_cpp.dir/rosidl_typesupport_cpp/customized_srv_msg/action/fibonacci__type_support.cpp.o[0m
[2.219s] [ 41%] [32mBuilding C object CMakeFiles/customized_srv_msg__rosidl_typesupport_introspection_c.dir/rosidl_typesupport_introspection_c/customized_srv_msg/msg/detail/num__type_support.c.o[0m
[2.225s] [ 43%] [32mBuilding CXX object CMakeFiles/customized_srv_msg__rosidl_typesupport_cpp.dir/rosidl_typesupport_cpp/customized_srv_msg/action/control__type_support.cpp.o[0m
[2.240s] [ 43%] Built target customized_srv_msg__rosidl_typesupport_c
[2.252s] [ 45%] [32mBuilding CXX object CMakeFiles/customized_srv_msg__rosidl_typesupport_fastrtps_cpp.dir/rosidl_typesupport_fastrtps_cpp/customized_srv_msg/srv/detail/dds_fastrtps/add_three_ints__type_support.cpp.o[0m
[2.256s] [ 47%] [32mBuilding C object CMakeFiles/customized_srv_msg__rosidl_typesupport_introspection_c.dir/rosidl_typesupport_introspection_c/customized_srv_msg/srv/detail/add_three_ints__type_support.c.o[0m
[2.294s] [ 49%] [32mBuilding C object CMakeFiles/customized_srv_msg__rosidl_typesupport_introspection_c.dir/rosidl_typesupport_introspection_c/customized_srv_msg/action/detail/fibonacci__type_support.c.o[0m
[2.345s] [ 50%] [32mBuilding C object CMakeFiles/customized_srv_msg__rosidl_typesupport_introspection_c.dir/rosidl_typesupport_introspection_c/customized_srv_msg/action/detail/control__type_support.c.o[0m
[2.352s] [ 52%] [32mBuilding CXX object CMakeFiles/customized_srv_msg__rosidl_typesupport_introspection_cpp.dir/rosidl_typesupport_introspection_cpp/customized_srv_msg/srv/detail/add_three_ints__type_support.cpp.o[0m
[2.404s] [ 54%] [32m[1mLinking C shared library libcustomized_srv_msg__rosidl_typesupport_introspection_c.so[0m
[2.447s] [ 54%] Built target customized_srv_msg__rosidl_typesupport_introspection_c
[2.458s] [ 56%] [32mBuilding CXX object CMakeFiles/customized_srv_msg__rosidl_typesupport_introspection_cpp.dir/rosidl_typesupport_introspection_cpp/customized_srv_msg/action/detail/fibonacci__type_support.cpp.o[0m
[2.631s] [ 58%] [32mBuilding CXX object CMakeFiles/customized_srv_msg__rosidl_typesupport_fastrtps_cpp.dir/rosidl_typesupport_fastrtps_cpp/customized_srv_msg/action/detail/dds_fastrtps/fibonacci__type_support.cpp.o[0m
[2.677s] [ 60%] [32mBuilding CXX object CMakeFiles/customized_srv_msg__rosidl_typesupport_introspection_cpp.dir/rosidl_typesupport_introspection_cpp/customized_srv_msg/action/detail/control__type_support.cpp.o[0m
[2.746s] [ 61%] [32mBuilding CXX object CMakeFiles/customized_srv_msg__rosidl_typesupport_fastrtps_cpp.dir/rosidl_typesupport_fastrtps_cpp/customized_srv_msg/action/detail/dds_fastrtps/control__type_support.cpp.o[0m
[2.780s] [ 63%] [32m[1mLinking CXX shared library libcustomized_srv_msg__rosidl_typesupport_cpp.so[0m
[2.838s] [ 63%] Built target customized_srv_msg__rosidl_typesupport_cpp
[3.226s] [ 65%] [32m[1mLinking CXX shared library libcustomized_srv_msg__rosidl_typesupport_introspection_cpp.so[0m
[3.319s] [ 65%] Built target customized_srv_msg__rosidl_typesupport_introspection_cpp
[3.370s] [ 67%] [32m[1mLinking CXX shared library libcustomized_srv_msg__rosidl_typesupport_fastrtps_cpp.so[0m
[3.473s] [ 67%] Built target customized_srv_msg__rosidl_typesupport_fastrtps_cpp
[3.486s] [ 69%] [34m[1mGenerating C type support for eProsima Fast-RTPS[0m
[4.016s] [35m[1mScanning dependencies of target customized_srv_msg__rosidl_typesupport_fastrtps_c[0m
[4.037s] [ 70%] [32mBuilding CXX object CMakeFiles/customized_srv_msg__rosidl_typesupport_fastrtps_c.dir/rosidl_typesupport_fastrtps_c/customized_srv_msg/msg/detail/num__type_support_c.cpp.o[0m
[4.039s] [ 74%] [32mBuilding CXX object CMakeFiles/customized_srv_msg__rosidl_typesupport_fastrtps_c.dir/rosidl_typesupport_fastrtps_c/customized_srv_msg/action/detail/fibonacci__type_support_c.cpp.o[0m
[4.039s] [ 74%] [32mBuilding CXX object CMakeFiles/customized_srv_msg__rosidl_typesupport_fastrtps_c.dir/rosidl_typesupport_fastrtps_c/customized_srv_msg/srv/detail/add_three_ints__type_support_c.cpp.o[0m
[4.039s] [ 76%] [32mBuilding CXX object CMakeFiles/customized_srv_msg__rosidl_typesupport_fastrtps_c.dir/rosidl_typesupport_fastrtps_c/customized_srv_msg/action/detail/control__type_support_c.cpp.o[0m
[4.436s] [ 78%] [32m[1mLinking CXX shared library libcustomized_srv_msg__rosidl_typesupport_fastrtps_c.so[0m
[4.541s] [ 78%] Built target customized_srv_msg__rosidl_typesupport_fastrtps_c
[4.564s] [ 78%] Built target customized_srv_msg
[4.577s] [35m[1mScanning dependencies of target customized_srv_msg__py[0m
[4.590s] [ 80%] [34m[1mGenerating Python code for ROS interfaces[0m
[5.913s] [ 80%] Built target customized_srv_msg__py
[5.926s] [35m[1mScanning dependencies of target customized_srv_msg__python[0m
[5.946s] [ 83%] [32mBuilding C object CMakeFiles/customized_srv_msg__python.dir/rosidl_generator_py/customized_srv_msg/msg/_num_s.c.o[0m
[5.946s] [ 83%] [32mBuilding C object CMakeFiles/customized_srv_msg__python.dir/rosidl_generator_py/customized_srv_msg/srv/_add_three_ints_s.c.o[0m
[5.948s] [ 87%] [32mBuilding C object CMakeFiles/customized_srv_msg__python.dir/rosidl_generator_py/customized_srv_msg/action/_fibonacci_s.c.o[0m
[5.948s] [ 87%] [32mBuilding C object CMakeFiles/customized_srv_msg__python.dir/rosidl_generator_py/customized_srv_msg/action/_control_s.c.o[0m
[6.090s] [ 89%] [32m[1mLinking C shared library rosidl_generator_py/customized_srv_msg/libcustomized_srv_msg__python.so[0m
[6.136s] [ 89%] Built target customized_srv_msg__python
[6.149s] [35m[1mScanning dependencies of target customized_srv_msg__rosidl_typesupport_introspection_c__pyext[0m
[6.149s] [35m[1mScanning dependencies of target customized_srv_msg__rosidl_typesupport_c__pyext[0m
[6.149s] [35m[1mScanning dependencies of target customized_srv_msg__rosidl_typesupport_fastrtps_c__pyext[0m
[6.165s] [ 90%] [32mBuilding C object CMakeFiles/customized_srv_msg__rosidl_typesupport_introspection_c__pyext.dir/rosidl_generator_py/customized_srv_msg/_customized_srv_msg_s.ep.rosidl_typesupport_introspection_c.c.o[0m
[6.165s] [ 92%] [32mBuilding C object CMakeFiles/customized_srv_msg__rosidl_typesupport_c__pyext.dir/rosidl_generator_py/customized_srv_msg/_customized_srv_msg_s.ep.rosidl_typesupport_c.c.o[0m
[6.166s] [ 94%] [32mBuilding C object CMakeFiles/customized_srv_msg__rosidl_typesupport_fastrtps_c__pyext.dir/rosidl_generator_py/customized_srv_msg/_customized_srv_msg_s.ep.rosidl_typesupport_fastrtps_c.c.o[0m
[6.301s] [ 98%] [32m[1mLinking C shared library rosidl_generator_py/customized_srv_msg/customized_srv_msg_s__rosidl_typesupport_introspection_c.cpython-38-x86_64-linux-gnu.so[0m
[6.301s] [ 98%] [32m[1mLinking C shared library rosidl_generator_py/customized_srv_msg/customized_srv_msg_s__rosidl_typesupport_c.cpython-38-x86_64-linux-gnu.so[0m
[6.307s] [100%] [32m[1mLinking CXX shared library rosidl_generator_py/customized_srv_msg/customized_srv_msg_s__rosidl_typesupport_fastrtps_c.cpython-38-x86_64-linux-gnu.so[0m
[6.342s] [100%] Built target customized_srv_msg__rosidl_typesupport_c__pyext
[6.342s] [100%] Built target customized_srv_msg__rosidl_typesupport_introspection_c__pyext
[6.377s] [100%] Built target customized_srv_msg__rosidl_typesupport_fastrtps_c__pyext
[6.394s] Invoked command in '/home/ghani/my_ws/build/customized_srv_msg' returned '0': CMAKE_PREFIX_PATH=/opt/ros/galactic /usr/bin/cmake --build /home/ghani/my_ws/build/customized_srv_msg -- -j6 -l6
[6.598s] Invoking command in '/home/ghani/my_ws/build/customized_srv_msg': CMAKE_PREFIX_PATH=/opt/ros/galactic /usr/bin/cmake --install /home/ghani/my_ws/build/customized_srv_msg
[6.608s] -- Install configuration: ""
[6.608s] -- Installing: /home/ghani/my_ws/install/customized_srv_msg/share/ament_index/resource_index/rosidl_interfaces/customized_srv_msg
[6.609s] -- Up-to-date: /home/ghani/my_ws/install/customized_srv_msg/include/customized_srv_msg
[6.609s] -- Up-to-date: /home/ghani/my_ws/install/customized_srv_msg/include/customized_srv_msg/srv
[6.610s] -- Installing: /home/ghani/my_ws/install/customized_srv_msg/include/customized_srv_msg/srv/add_three_ints.h
[6.610s] -- Up-to-date: /home/ghani/my_ws/install/customized_srv_msg/include/customized_srv_msg/srv/detail
[6.610s] -- Installing: /home/ghani/my_ws/install/customized_srv_msg/include/customized_srv_msg/srv/detail/add_three_ints__functions.h
[6.610s] -- Installing: /home/ghani/my_ws/install/customized_srv_msg/include/customized_srv_msg/srv/detail/add_three_ints__functions.c
[6.611s] -- Installing: /home/ghani/my_ws/install/customized_srv_msg/include/customized_srv_msg/srv/detail/add_three_ints__type_support.h
[6.611s] -- Installing: /home/ghani/my_ws/install/customized_srv_msg/include/customized_srv_msg/srv/detail/add_three_ints__struct.h
[6.611s] -- Up-to-date: /home/ghani/my_ws/install/customized_srv_msg/include/customized_srv_msg/action
[6.611s] -- Installing: /home/ghani/my_ws/install/customized_srv_msg/include/customized_srv_msg/action/control.h
[6.611s] -- Installing: /home/ghani/my_ws/install/customized_srv_msg/include/customized_srv_msg/action/goal.h
[6.611s] -- Installing: /home/ghani/my_ws/install/customized_srv_msg/include/customized_srv_msg/action/fibonacci.h
[6.611s] -- Up-to-date: /home/ghani/my_ws/install/customized_srv_msg/include/customized_srv_msg/action/detail
[6.611s] -- Installing: /home/ghani/my_ws/install/customized_srv_msg/include/customized_srv_msg/action/detail/goal__functions.h
[6.612s] -- Installing: /home/ghani/my_ws/install/customized_srv_msg/include/customized_srv_msg/action/detail/fibonacci__functions.c
[6.612s] -- Installing: /home/ghani/my_ws/install/customized_srv_msg/include/customized_srv_msg/action/detail/control__functions.c
[6.612s] -- Installing: /home/ghani/my_ws/install/customized_srv_msg/include/customized_srv_msg/action/detail/control__struct.h
[6.612s] -- Installing: /home/ghani/my_ws/install/customized_srv_msg/include/customized_srv_msg/action/detail/fibonacci__type_support.h
[6.612s] -- Installing: /home/ghani/my_ws/install/customized_srv_msg/include/customized_srv_msg/action/detail/goal__functions.c
[6.612s] -- Installing: /home/ghani/my_ws/install/customized_srv_msg/include/customized_srv_msg/action/detail/control__type_support.h
[6.613s] -- Installing: /home/ghani/my_ws/install/customized_srv_msg/include/customized_srv_msg/action/detail/control__functions.h
[6.613s] -- Installing: /home/ghani/my_ws/install/customized_srv_msg/include/customized_srv_msg/action/detail/goal__struct.h
[6.613s] -- Installing: /home/ghani/my_ws/install/customized_srv_msg/include/customized_srv_msg/action/detail/fibonacci__functions.h
[6.613s] -- Installing: /home/ghani/my_ws/install/customized_srv_msg/include/customized_srv_msg/action/detail/fibonacci__struct.h
[6.613s] -- Installing: /home/ghani/my_ws/install/customized_srv_msg/include/customized_srv_msg/action/detail/goal__type_support.h
[6.613s] -- Up-to-date: /home/ghani/my_ws/install/customized_srv_msg/include/customized_srv_msg/msg
[6.613s] -- Up-to-date: /home/ghani/my_ws/install/customized_srv_msg/include/customized_srv_msg/msg/rosidl_generator_c__visibility_control.h
[6.613s] -- Installing: /home/ghani/my_ws/install/customized_srv_msg/include/customized_srv_msg/msg/num.h
[6.614s] -- Up-to-date: /home/ghani/my_ws/install/customized_srv_msg/include/customized_srv_msg/msg/detail
[6.614s] -- Installing: /home/ghani/my_ws/install/customized_srv_msg/include/customized_srv_msg/msg/detail/num__struct.h
[6.614s] -- Installing: /home/ghani/my_ws/install/customized_srv_msg/include/customized_srv_msg/msg/detail/num__type_support.h
[6.614s] -- Installing: /home/ghani/my_ws/install/customized_srv_msg/include/customized_srv_msg/msg/detail/num__functions.c
[6.614s] -- Installing: /home/ghani/my_ws/install/customized_srv_msg/include/customized_srv_msg/msg/detail/num__functions.h
[6.614s] -- Up-to-date: /home/ghani/my_ws/install/customized_srv_msg/share/customized_srv_msg/environment/library_path.sh
[6.615s] -- Installing: /home/ghani/my_ws/install/customized_srv_msg/share/customized_srv_msg/environment/library_path.dsv
[6.615s] -- Installing: /home/ghani/my_ws/install/customized_srv_msg/lib/libcustomized_srv_msg__rosidl_generator_c.so
[6.615s] -- Set runtime path of "/home/ghani/my_ws/install/customized_srv_msg/lib/libcustomized_srv_msg__rosidl_generator_c.so" to ""
[6.615s] -- Up-to-date: /home/ghani/my_ws/install/customized_srv_msg/include/customized_srv_msg
[6.615s] -- Up-to-date: /home/ghani/my_ws/install/customized_srv_msg/include/customized_srv_msg/srv
[6.615s] -- Up-to-date: /home/ghani/my_ws/install/customized_srv_msg/include/customized_srv_msg/srv/detail
[6.615s] -- Installing: /home/ghani/my_ws/install/customized_srv_msg/include/customized_srv_msg/srv/detail/add_three_ints__rosidl_typesupport_fastrtps_c.h
[6.616s] -- Up-to-date: /home/ghani/my_ws/install/customized_srv_msg/include/customized_srv_msg/action
[6.616s] -- Up-to-date: /home/ghani/my_ws/install/customized_srv_msg/include/customized_srv_msg/action/detail
[6.616s] -- Installing: /home/ghani/my_ws/install/customized_srv_msg/include/customized_srv_msg/action/detail/fibonacci__rosidl_typesupport_fastrtps_c.h
[6.616s] -- Installing: /home/ghani/my_ws/install/customized_srv_msg/include/customized_srv_msg/action/detail/control__rosidl_typesupport_fastrtps_c.h
[6.616s] -- Up-to-date: /home/ghani/my_ws/install/customized_srv_msg/include/customized_srv_msg/msg
[6.616s] -- Up-to-date: /home/ghani/my_ws/install/customized_srv_msg/include/customized_srv_msg/msg/rosidl_typesupport_fastrtps_c__visibility_control.h
[6.617s] -- Up-to-date: /home/ghani/my_ws/install/customized_srv_msg/include/customized_srv_msg/msg/detail
[6.617s] -- Installing: /home/ghani/my_ws/install/customized_srv_msg/include/customized_srv_msg/msg/detail/num__rosidl_typesupport_fastrtps_c.h
[6.617s] -- Installing: /home/ghani/my_ws/install/customized_srv_msg/lib/libcustomized_srv_msg__rosidl_typesupport_fastrtps_c.so
[6.617s] -- Set runtime path of "/home/ghani/my_ws/install/customized_srv_msg/lib/libcustomized_srv_msg__rosidl_typesupport_fastrtps_c.so" to ""
[6.617s] -- Up-to-date: /home/ghani/my_ws/install/customized_srv_msg/include/customized_srv_msg
[6.617s] -- Up-to-date: /home/ghani/my_ws/install/customized_srv_msg/include/customized_srv_msg/srv
[6.617s] -- Up-to-date: /home/ghani/my_ws/install/customized_srv_msg/include/customized_srv_msg/srv/detail
[6.617s] -- Up-to-date: /home/ghani/my_ws/install/customized_srv_msg/include/customized_srv_msg/srv/detail/dds_fastrtps
[6.617s] -- Installing: /home/ghani/my_ws/install/customized_srv_msg/include/customized_srv_msg/srv/detail/add_three_ints__rosidl_typesupport_fastrtps_cpp.hpp
[6.617s] -- Up-to-date: /home/ghani/my_ws/install/customized_srv_msg/include/customized_srv_msg/action
[6.617s] -- Up-to-date: /home/ghani/my_ws/install/customized_srv_msg/include/customized_srv_msg/action/detail
[6.617s] -- Up-to-date: /home/ghani/my_ws/install/customized_srv_msg/include/customized_srv_msg/action/detail/dds_fastrtps
[6.617s] -- Installing: /home/ghani/my_ws/install/customized_srv_msg/include/customized_srv_msg/action/detail/goal__rosidl_typesupport_fastrtps_cpp.hpp
[6.618s] -- Installing: /home/ghani/my_ws/install/customized_srv_msg/include/customized_srv_msg/action/detail/fibonacci__rosidl_typesupport_fastrtps_cpp.hpp
[6.618s] -- Installing: /home/ghani/my_ws/install/customized_srv_msg/include/customized_srv_msg/action/detail/control__rosidl_typesupport_fastrtps_cpp.hpp
[6.618s] -- Up-to-date: /home/ghani/my_ws/install/customized_srv_msg/include/customized_srv_msg/msg
[6.618s] -- Up-to-date: /home/ghani/my_ws/install/customized_srv_msg/include/customized_srv_msg/msg/rosidl_typesupport_fastrtps_cpp__visibility_control.h
[6.618s] -- Up-to-date: /home/ghani/my_ws/install/customized_srv_msg/include/customized_srv_msg/msg/detail
[6.618s] -- Installing: /home/ghani/my_ws/install/customized_srv_msg/include/customized_srv_msg/msg/detail/num__rosidl_typesupport_fastrtps_cpp.hpp
[6.618s] -- Up-to-date: /home/ghani/my_ws/install/customized_srv_msg/include/customized_srv_msg/msg/detail/dds_fastrtps
[6.618s] -- Installing: /home/ghani/my_ws/install/customized_srv_msg/lib/libcustomized_srv_msg__rosidl_typesupport_fastrtps_cpp.so
[6.619s] -- Set runtime path of "/home/ghani/my_ws/install/customized_srv_msg/lib/libcustomized_srv_msg__rosidl_typesupport_fastrtps_cpp.so" to ""
[6.619s] -- Up-to-date: /home/ghani/my_ws/install/customized_srv_msg/include/customized_srv_msg
[6.619s] -- Up-to-date: /home/ghani/my_ws/install/customized_srv_msg/include/customized_srv_msg/srv
[6.619s] -- Up-to-date: /home/ghani/my_ws/install/customized_srv_msg/include/customized_srv_msg/srv/detail
[6.619s] -- Installing: /home/ghani/my_ws/install/customized_srv_msg/include/customized_srv_msg/srv/detail/add_three_ints__rosidl_typesupport_introspection_c.h
[6.619s] -- Installing: /home/ghani/my_ws/install/customized_srv_msg/include/customized_srv_msg/srv/detail/add_three_ints__type_support.c
[6.620s] -- Up-to-date: /home/ghani/my_ws/install/customized_srv_msg/include/customized_srv_msg/action
[6.620s] -- Up-to-date: /home/ghani/my_ws/install/customized_srv_msg/include/customized_srv_msg/action/detail
[6.620s] -- Installing: /home/ghani/my_ws/install/customized_srv_msg/include/customized_srv_msg/action/detail/control__type_support.c
[6.620s] -- Installing: /home/ghani/my_ws/install/customized_srv_msg/include/customized_srv_msg/action/detail/goal__rosidl_typesupport_introspection_c.h
[6.620s] -- Installing: /home/ghani/my_ws/install/customized_srv_msg/include/customized_srv_msg/action/detail/goal__type_support.c
[6.620s] -- Installing: /home/ghani/my_ws/install/customized_srv_msg/include/customized_srv_msg/action/detail/control__rosidl_typesupport_introspection_c.h
[6.620s] -- Installing: /home/ghani/my_ws/install/customized_srv_msg/include/customized_srv_msg/action/detail/fibonacci__type_support.c
[6.620s] -- Installing: /home/ghani/my_ws/install/customized_srv_msg/include/customized_srv_msg/action/detail/fibonacci__rosidl_typesupport_introspection_c.h
[6.621s] -- Up-to-date: /home/ghani/my_ws/install/customized_srv_msg/include/customized_srv_msg/msg
[6.621s] -- Up-to-date: /home/ghani/my_ws/install/customized_srv_msg/include/customized_srv_msg/msg/rosidl_typesupport_introspection_c__visibility_control.h
[6.621s] -- Up-to-date: /home/ghani/my_ws/install/customized_srv_msg/include/customized_srv_msg/msg/detail
[6.621s] -- Installing: /home/ghani/my_ws/install/customized_srv_msg/include/customized_srv_msg/msg/detail/num__type_support.c
[6.621s] -- Installing: /home/ghani/my_ws/install/customized_srv_msg/include/customized_srv_msg/msg/detail/num__rosidl_typesupport_introspection_c.h
[6.621s] -- Installing: /home/ghani/my_ws/install/customized_srv_msg/lib/libcustomized_srv_msg__rosidl_typesupport_introspection_c.so
[6.622s] -- Set runtime path of "/home/ghani/my_ws/install/customized_srv_msg/lib/libcustomized_srv_msg__rosidl_typesupport_introspection_c.so" to ""
[6.622s] -- Installing: /home/ghani/my_ws/install/customized_srv_msg/lib/libcustomized_srv_msg__rosidl_typesupport_c.so
[6.622s] -- Set runtime path of "/home/ghani/my_ws/install/customized_srv_msg/lib/libcustomized_srv_msg__rosidl_typesupport_c.so" to ""
[6.622s] -- Up-to-date: /home/ghani/my_ws/install/customized_srv_msg/include/customized_srv_msg
[6.622s] -- Up-to-date: /home/ghani/my_ws/install/customized_srv_msg/include/customized_srv_msg/srv
[6.622s] -- Installing: /home/ghani/my_ws/install/customized_srv_msg/include/customized_srv_msg/srv/add_three_ints.hpp
[6.622s] -- Up-to-date: /home/ghani/my_ws/install/customized_srv_msg/include/customized_srv_msg/srv/detail
[6.622s] -- Installing: /home/ghani/my_ws/install/customized_srv_msg/include/customized_srv_msg/srv/detail/add_three_ints__builder.hpp
[6.622s] -- Installing: /home/ghani/my_ws/install/customized_srv_msg/include/customized_srv_msg/srv/detail/add_three_ints__struct.hpp
[6.623s] -- Installing: /home/ghani/my_ws/install/customized_srv_msg/include/customized_srv_msg/srv/detail/add_three_ints__traits.hpp
[6.623s] -- Up-to-date: /home/ghani/my_ws/install/customized_srv_msg/include/customized_srv_msg/action
[6.623s] -- Installing: /home/ghani/my_ws/install/customized_srv_msg/include/customized_srv_msg/action/fibonacci.hpp
[6.623s] -- Installing: /home/ghani/my_ws/install/customized_srv_msg/include/customized_srv_msg/action/control.hpp
[6.623s] -- Installing: /home/ghani/my_ws/install/customized_srv_msg/include/customized_srv_msg/action/goal.hpp
[6.623s] -- Up-to-date: /home/ghani/my_ws/install/customized_srv_msg/include/customized_srv_msg/action/detail
[6.623s] -- Installing: /home/ghani/my_ws/install/customized_srv_msg/include/customized_srv_msg/action/detail/goal__builder.hpp
[6.623s] -- Installing: /home/ghani/my_ws/install/customized_srv_msg/include/customized_srv_msg/action/detail/goal__traits.hpp
[6.624s] -- Installing: /home/ghani/my_ws/install/customized_srv_msg/include/customized_srv_msg/action/detail/control__traits.hpp
[6.624s] -- Installing: /home/ghani/my_ws/install/customized_srv_msg/include/customized_srv_msg/action/detail/control__builder.hpp
[6.624s] -- Installing: /home/ghani/my_ws/install/customized_srv_msg/include/customized_srv_msg/action/detail/fibonacci__struct.hpp
[6.624s] -- Installing: /home/ghani/my_ws/install/customized_srv_msg/include/customized_srv_msg/action/detail/control__struct.hpp
[6.624s] -- Installing: /home/ghani/my_ws/install/customized_srv_msg/include/customized_srv_msg/action/detail/fibonacci__traits.hpp
[6.624s] -- Installing: /home/ghani/my_ws/install/customized_srv_msg/include/customized_srv_msg/action/detail/fibonacci__builder.hpp
[6.624s] -- Installing: /home/ghani/my_ws/install/customized_srv_msg/include/customized_srv_msg/action/detail/goal__struct.hpp
[6.624s] -- Up-to-date: /home/ghani/my_ws/install/customized_srv_msg/include/customized_srv_msg/msg
[6.624s] -- Installing: /home/ghani/my_ws/install/customized_srv_msg/include/customized_srv_msg/msg/num.hpp
[6.624s] -- Up-to-date: /home/ghani/my_ws/install/customized_srv_msg/include/customized_srv_msg/msg/detail
[6.624s] -- Installing: /home/ghani/my_ws/install/customized_srv_msg/include/customized_srv_msg/msg/detail/num__struct.hpp
[6.624s] -- Installing: /home/ghani/my_ws/install/customized_srv_msg/include/customized_srv_msg/msg/detail/num__builder.hpp
[6.624s] -- Installing: /home/ghani/my_ws/install/customized_srv_msg/include/customized_srv_msg/msg/detail/num__traits.hpp
[6.625s] -- Up-to-date: /home/ghani/my_ws/install/customized_srv_msg/include/customized_srv_msg
[6.625s] -- Up-to-date: /home/ghani/my_ws/install/customized_srv_msg/include/customized_srv_msg/srv
[6.625s] -- Up-to-date: /home/ghani/my_ws/install/customized_srv_msg/include/customized_srv_msg/srv/detail
[6.625s] -- Installing: /home/ghani/my_ws/install/customized_srv_msg/include/customized_srv_msg/srv/detail/add_three_ints__rosidl_typesupport_introspection_cpp.hpp
[6.625s] -- Installing: /home/ghani/my_ws/install/customized_srv_msg/include/customized_srv_msg/srv/detail/add_three_ints__type_support.cpp
[6.625s] -- Up-to-date: /home/ghani/my_ws/install/customized_srv_msg/include/customized_srv_msg/action
[6.625s] -- Up-to-date: /home/ghani/my_ws/install/customized_srv_msg/include/customized_srv_msg/action/detail
[6.625s] -- Installing: /home/ghani/my_ws/install/customized_srv_msg/include/customized_srv_msg/action/detail/control__type_support.cpp
[6.625s] -- Installing: /home/ghani/my_ws/install/customized_srv_msg/include/customized_srv_msg/action/detail/goal__type_support.cpp
[6.625s] -- Installing: /home/ghani/my_ws/install/customized_srv_msg/include/customized_srv_msg/action/detail/control__rosidl_typesupport_introspection_cpp.hpp
[6.625s] -- Installing: /home/ghani/my_ws/install/customized_srv_msg/include/customized_srv_msg/action/detail/fibonacci__type_support.cpp
[6.625s] -- Installing: /home/ghani/my_ws/install/customized_srv_msg/include/customized_srv_msg/action/detail/fibonacci__rosidl_typesupport_introspection_cpp.hpp
[6.625s] -- Installing: /home/ghani/my_ws/install/customized_srv_msg/include/customized_srv_msg/action/detail/goal__rosidl_typesupport_introspection_cpp.hpp
[6.625s] -- Up-to-date: /home/ghani/my_ws/install/customized_srv_msg/include/customized_srv_msg/msg
[6.625s] -- Up-to-date: /home/ghani/my_ws/install/customized_srv_msg/include/customized_srv_msg/msg/detail
[6.625s] -- Installing: /home/ghani/my_ws/install/customized_srv_msg/include/customized_srv_msg/msg/detail/num__type_support.cpp
[6.625s] -- Installing: /home/ghani/my_ws/install/customized_srv_msg/include/customized_srv_msg/msg/detail/num__rosidl_typesupport_introspection_cpp.hpp
[6.625s] -- Installing: /home/ghani/my_ws/install/customized_srv_msg/lib/libcustomized_srv_msg__rosidl_typesupport_introspection_cpp.so
[6.625s] -- Set runtime path of "/home/ghani/my_ws/install/customized_srv_msg/lib/libcustomized_srv_msg__rosidl_typesupport_introspection_cpp.so" to ""
[6.625s] -- Installing: /home/ghani/my_ws/install/customized_srv_msg/lib/libcustomized_srv_msg__rosidl_typesupport_cpp.so
[6.626s] -- Set runtime path of "/home/ghani/my_ws/install/customized_srv_msg/lib/libcustomized_srv_msg__rosidl_typesupport_cpp.so" to ""
[6.626s] -- Up-to-date: /home/ghani/my_ws/install/customized_srv_msg/share/customized_srv_msg/environment/pythonpath.sh
[6.626s] -- Installing: /home/ghani/my_ws/install/customized_srv_msg/share/customized_srv_msg/environment/pythonpath.dsv
[6.626s] -- Installing: /home/ghani/my_ws/install/customized_srv_msg/lib/python3.8/site-packages/customized_srv_msg/__init__.py
[6.651s] Compiling '/home/ghani/my_ws/install/customized_srv_msg/lib/python3.8/site-packages/customized_srv_msg/__init__.py'...
[6.655s] -- Up-to-date: /home/ghani/my_ws/install/customized_srv_msg/lib/python3.8/site-packages/customized_srv_msg/msg
[6.656s] -- Installing: /home/ghani/my_ws/install/customized_srv_msg/lib/python3.8/site-packages/customized_srv_msg/msg/_num_s.c
[6.656s] -- Installing: /home/ghani/my_ws/install/customized_srv_msg/lib/python3.8/site-packages/customized_srv_msg/msg/__init__.py
[6.657s] -- Installing: /home/ghani/my_ws/install/customized_srv_msg/lib/python3.8/site-packages/customized_srv_msg/msg/_num.py
[6.657s] -- Up-to-date: /home/ghani/my_ws/install/customized_srv_msg/lib/python3.8/site-packages/customized_srv_msg/srv
[6.657s] -- Installing: /home/ghani/my_ws/install/customized_srv_msg/lib/python3.8/site-packages/customized_srv_msg/srv/_add_three_ints.py
[6.657s] -- Installing: /home/ghani/my_ws/install/customized_srv_msg/lib/python3.8/site-packages/customized_srv_msg/srv/__init__.py
[6.657s] -- Installing: /home/ghani/my_ws/install/customized_srv_msg/lib/python3.8/site-packages/customized_srv_msg/srv/_add_three_ints_s.c
[6.657s] -- Up-to-date: /home/ghani/my_ws/install/customized_srv_msg/lib/python3.8/site-packages/customized_srv_msg/action
[6.657s] -- Installing: /home/ghani/my_ws/install/customized_srv_msg/lib/python3.8/site-packages/customized_srv_msg/action/_control_s.c
[6.658s] -- Installing: /home/ghani/my_ws/install/customized_srv_msg/lib/python3.8/site-packages/customized_srv_msg/action/__init__.py
[6.658s] -- Installing: /home/ghani/my_ws/install/customized_srv_msg/lib/python3.8/site-packages/customized_srv_msg/action/_fibonacci_s.c
[6.658s] -- Installing: /home/ghani/my_ws/install/customized_srv_msg/lib/python3.8/site-packages/customized_srv_msg/action/_control.py
[6.658s] -- Installing: /home/ghani/my_ws/install/customized_srv_msg/lib/python3.8/site-packages/customized_srv_msg/action/_fibonacci.py
[6.658s] -- Installing: /home/ghani/my_ws/install/customized_srv_msg/lib/python3.8/site-packages/customized_srv_msg/customized_srv_msg_s__rosidl_typesupport_fastrtps_c.cpython-38-x86_64-linux-gnu.so
[6.658s] -- Set runtime path of "/home/ghani/my_ws/install/customized_srv_msg/lib/python3.8/site-packages/customized_srv_msg/customized_srv_msg_s__rosidl_typesupport_fastrtps_c.cpython-38-x86_64-linux-gnu.so" to ""
[6.658s] -- Installing: /home/ghani/my_ws/install/customized_srv_msg/lib/python3.8/site-packages/customized_srv_msg/customized_srv_msg_s__rosidl_typesupport_introspection_c.cpython-38-x86_64-linux-gnu.so
[6.658s] -- Set runtime path of "/home/ghani/my_ws/install/customized_srv_msg/lib/python3.8/site-packages/customized_srv_msg/customized_srv_msg_s__rosidl_typesupport_introspection_c.cpython-38-x86_64-linux-gnu.so" to ""
[6.659s] -- Installing: /home/ghani/my_ws/install/customized_srv_msg/lib/python3.8/site-packages/customized_srv_msg/customized_srv_msg_s__rosidl_typesupport_c.cpython-38-x86_64-linux-gnu.so
[6.659s] -- Set runtime path of "/home/ghani/my_ws/install/customized_srv_msg/lib/python3.8/site-packages/customized_srv_msg/customized_srv_msg_s__rosidl_typesupport_c.cpython-38-x86_64-linux-gnu.so" to ""
[6.659s] -- Installing: /home/ghani/my_ws/install/customized_srv_msg/lib/libcustomized_srv_msg__python.so
[6.660s] -- Set runtime path of "/home/ghani/my_ws/install/customized_srv_msg/lib/libcustomized_srv_msg__python.so" to ""
[6.660s] -- Up-to-date: /home/ghani/my_ws/install/customized_srv_msg/share/customized_srv_msg/msg/Num.idl
[6.660s] -- Up-to-date: /home/ghani/my_ws/install/customized_srv_msg/share/customized_srv_msg/srv/AddThreeInts.idl
[6.660s] -- Installing: /home/ghani/my_ws/install/customized_srv_msg/share/customized_srv_msg/action/Fibonacci.idl
[6.660s] -- Installing: /home/ghani/my_ws/install/customized_srv_msg/share/customized_srv_msg/action/Control.idl
[6.661s] -- Up-to-date: /home/ghani/my_ws/install/customized_srv_msg/share/customized_srv_msg/msg/Num.msg
[6.661s] -- Up-to-date: /home/ghani/my_ws/install/customized_srv_msg/share/customized_srv_msg/srv/AddThreeInts.srv
[6.661s] -- Up-to-date: /home/ghani/my_ws/install/customized_srv_msg/share/customized_srv_msg/srv/AddThreeInts_Request.msg
[6.661s] -- Up-to-date: /home/ghani/my_ws/install/customized_srv_msg/share/customized_srv_msg/srv/AddThreeInts_Response.msg
[6.661s] -- Installing: /home/ghani/my_ws/install/customized_srv_msg/share/customized_srv_msg/action/Fibonacci.action
[6.661s] -- Installing: /home/ghani/my_ws/install/customized_srv_msg/share/customized_srv_msg/action/Control.action
[6.661s] -- Up-to-date: /home/ghani/my_ws/install/customized_srv_msg/share/ament_index/resource_index/package_run_dependencies/customized_srv_msg
[6.662s] -- Up-to-date: /home/ghani/my_ws/install/customized_srv_msg/share/ament_index/resource_index/parent_prefix_path/customized_srv_msg
[6.662s] -- Up-to-date: /home/ghani/my_ws/install/customized_srv_msg/share/customized_srv_msg/environment/ament_prefix_path.sh
[6.662s] -- Installing: /home/ghani/my_ws/install/customized_srv_msg/share/customized_srv_msg/environment/ament_prefix_path.dsv
[6.662s] -- Up-to-date: /home/ghani/my_ws/install/customized_srv_msg/share/customized_srv_msg/environment/path.sh
[6.662s] -- Installing: /home/ghani/my_ws/install/customized_srv_msg/share/customized_srv_msg/environment/path.dsv
[6.662s] -- Up-to-date: /home/ghani/my_ws/install/customized_srv_msg/share/customized_srv_msg/local_setup.bash
[6.662s] -- Up-to-date: /home/ghani/my_ws/install/customized_srv_msg/share/customized_srv_msg/local_setup.sh
[6.662s] -- Up-to-date: /home/ghani/my_ws/install/customized_srv_msg/share/customized_srv_msg/local_setup.zsh
[6.663s] -- Installing: /home/ghani/my_ws/install/customized_srv_msg/share/customized_srv_msg/local_setup.dsv
[6.663s] -- Installing: /home/ghani/my_ws/install/customized_srv_msg/share/customized_srv_msg/package.dsv
[6.663s] -- Up-to-date: /home/ghani/my_ws/install/customized_srv_msg/share/ament_index/resource_index/packages/customized_srv_msg
[6.663s] -- Up-to-date: /home/ghani/my_ws/install/customized_srv_msg/share/customized_srv_msg/cmake/customized_srv_msg__rosidl_generator_cExport.cmake
[6.663s] -- Installing: /home/ghani/my_ws/install/customized_srv_msg/share/customized_srv_msg/cmake/customized_srv_msg__rosidl_generator_cExport-noconfig.cmake
[6.663s] -- Up-to-date: /home/ghani/my_ws/install/customized_srv_msg/share/customized_srv_msg/cmake/customized_srv_msg__rosidl_typesupport_introspection_cExport.cmake
[6.663s] -- Installing: /home/ghani/my_ws/install/customized_srv_msg/share/customized_srv_msg/cmake/customized_srv_msg__rosidl_typesupport_introspection_cExport-noconfig.cmake
[6.663s] -- Up-to-date: /home/ghani/my_ws/install/customized_srv_msg/share/customized_srv_msg/cmake/customized_srv_msg__rosidl_typesupport_cExport.cmake
[6.664s] -- Installing: /home/ghani/my_ws/install/customized_srv_msg/share/customized_srv_msg/cmake/customized_srv_msg__rosidl_typesupport_cExport-noconfig.cmake
[6.664s] -- Up-to-date: /home/ghani/my_ws/install/customized_srv_msg/share/customized_srv_msg/cmake/customized_srv_msg__rosidl_generator_cppExport.cmake
[6.664s] -- Up-to-date: /home/ghani/my_ws/install/customized_srv_msg/share/customized_srv_msg/cmake/customized_srv_msg__rosidl_typesupport_introspection_cppExport.cmake
[6.664s] -- Installing: /home/ghani/my_ws/install/customized_srv_msg/share/customized_srv_msg/cmake/customized_srv_msg__rosidl_typesupport_introspection_cppExport-noconfig.cmake
[6.664s] -- Up-to-date: /home/ghani/my_ws/install/customized_srv_msg/share/customized_srv_msg/cmake/customized_srv_msg__rosidl_typesupport_cppExport.cmake
[6.664s] -- Installing: /home/ghani/my_ws/install/customized_srv_msg/share/customized_srv_msg/cmake/customized_srv_msg__rosidl_typesupport_cppExport-noconfig.cmake
[6.665s] -- Installing: /home/ghani/my_ws/install/customized_srv_msg/share/customized_srv_msg/cmake/rosidl_cmake-extras.cmake
[6.665s] -- Up-to-date: /home/ghani/my_ws/install/customized_srv_msg/share/customized_srv_msg/cmake/ament_cmake_export_dependencies-extras.cmake
[6.665s] -- Up-to-date: /home/ghani/my_ws/install/customized_srv_msg/share/customized_srv_msg/cmake/ament_cmake_export_libraries-extras.cmake
[6.665s] -- Up-to-date: /home/ghani/my_ws/install/customized_srv_msg/share/customized_srv_msg/cmake/ament_cmake_export_targets-extras.cmake
[6.665s] -- Up-to-date: /home/ghani/my_ws/install/customized_srv_msg/share/customized_srv_msg/cmake/ament_cmake_export_include_directories-extras.cmake
[6.665s] -- Up-to-date: /home/ghani/my_ws/install/customized_srv_msg/share/customized_srv_msg/cmake/rosidl_cmake_export_typesupport_libraries-extras.cmake
[6.665s] -- Up-to-date: /home/ghani/my_ws/install/customized_srv_msg/share/customized_srv_msg/cmake/rosidl_cmake_export_typesupport_targets-extras.cmake
[6.665s] -- Up-to-date: /home/ghani/my_ws/install/customized_srv_msg/share/customized_srv_msg/cmake/customized_srv_msgConfig.cmake
[6.665s] -- Up-to-date: /home/ghani/my_ws/install/customized_srv_msg/share/customized_srv_msg/cmake/customized_srv_msgConfig-version.cmake
[6.665s] -- Up-to-date: /home/ghani/my_ws/install/customized_srv_msg/share/customized_srv_msg/package.xml
[6.669s] Invoked command in '/home/ghani/my_ws/build/customized_srv_msg' returned '0': CMAKE_PREFIX_PATH=/opt/ros/galactic /usr/bin/cmake --install /home/ghani/my_ws/build/customized_srv_msg
