[0.022s] Invoking command in '/home/ghani/my_ws/build/cpp_new': AMENT_PREFIX_PATH=/home/ghani/my_ws/install/customized_srv_msg:${AMENT_PREFIX_PATH} CMAKE_PREFIX_PATH=/home/ghani/my_ws/install/customized_srv_msg:/opt/ros/galactic LD_LIBRARY_PATH=/home/ghani/my_ws/install/customized_srv_msg/lib:${LD_LIBRARY_PATH} PYTHONPATH=/home/ghani/my_ws/install/customized_srv_msg/lib/python3.8/site-packages:${PYTHONPATH} /usr/bin/cmake --build /home/ghani/my_ws/build/cpp_new -- -j6 -l6
[0.051s] -- Found ament_cmake: 1.1.5 (/opt/ros/galactic/share/ament_cmake/cmake)
[0.072s] -- Using PYTHON_EXECUTABLE: /usr/bin/python3
[0.131s] -- Found rclcpp: 9.2.0 (/opt/ros/galactic/share/rclcpp/cmake)
[0.164s] -- Using all available rosidl_typesupport_c: rosidl_typesupport_fastrtps_c;rosidl_typesupport_introspection_c
[0.167s] -- Found rosidl_adapter: 2.2.1 (/opt/ros/galactic/share/rosidl_adapter/cmake)
[0.283s] -- Using all available rosidl_typesupport_cpp: rosidl_typesupport_fastrtps_cpp;rosidl_typesupport_introspection_cpp
[0.331s] -- Found rmw_implementation_cmake: 3.3.1 (/opt/ros/galactic/share/rmw_implementation_cmake/cmake)
[0.333s] -- Found rmw_cyclonedds_cpp: 0.22.4 (/opt/ros/galactic/share/rmw_cyclonedds_cpp/cmake)
[0.350s] -- Using RMW implementation 'rmw_cyclonedds_cpp' as default
[0.481s] -- Found customized_srv_msg: 0.0.0 (/home/ghani/my_ws/install/customized_srv_msg/share/customized_srv_msg/cmake)
[0.488s] -- Found ament_lint_auto: 0.10.6 (/opt/ros/galactic/share/ament_lint_auto/cmake)
[0.546s] -- Added test 'copyright' to check source files copyright and LICENSE
[0.547s] -- Added test 'cppcheck' to perform static code analysis on C / C++ code
[0.547s] -- Configured cppcheck include dirs: 
[0.547s] -- Configured cppcheck exclude dirs and/or files: 
[0.548s] -- Added test 'cpplint' to check C / C++ code against the Google style
[0.548s] -- Configured cpplint exclude dirs and/or files: 
[0.548s] -- Added test 'flake8' to check Python code syntax and style conventions
[0.549s] -- Added test 'lint_cmake' to check CMake code style
[0.549s] -- Added test 'pep257' to check Python code against some of the style conventions in PEP 257
[0.550s] -- Added test 'uncrustify' to check C / C++ code style
[0.550s] -- Configured uncrustify additional arguments: 
[0.550s] -- Added test 'xmllint' to check XML markup files
[0.553s] -- Configuring done
[0.562s] -- Generating done
[0.564s] -- Build files have been written to: /home/ghani/my_ws/build/cpp_new
[0.610s] [100%] Built target talker
[0.624s] Invoked command in '/home/ghani/my_ws/build/cpp_new' returned '0': AMENT_PREFIX_PATH=/home/ghani/my_ws/install/customized_srv_msg:${AMENT_PREFIX_PATH} CMAKE_PREFIX_PATH=/home/ghani/my_ws/install/customized_srv_msg:/opt/ros/galactic LD_LIBRARY_PATH=/home/ghani/my_ws/install/customized_srv_msg/lib:${LD_LIBRARY_PATH} PYTHONPATH=/home/ghani/my_ws/install/customized_srv_msg/lib/python3.8/site-packages:${PYTHONPATH} /usr/bin/cmake --build /home/ghani/my_ws/build/cpp_new -- -j6 -l6
[0.672s] Invoking command in '/home/ghani/my_ws/build/cpp_new': AMENT_PREFIX_PATH=/home/ghani/my_ws/install/customized_srv_msg:${AMENT_PREFIX_PATH} CMAKE_PREFIX_PATH=/home/ghani/my_ws/install/customized_srv_msg:/opt/ros/galactic LD_LIBRARY_PATH=/home/ghani/my_ws/install/customized_srv_msg/lib:${LD_LIBRARY_PATH} PYTHONPATH=/home/ghani/my_ws/install/customized_srv_msg/lib/python3.8/site-packages:${PYTHONPATH} /usr/bin/cmake --install /home/ghani/my_ws/build/cpp_new
[0.680s] -- Install configuration: ""
[0.680s] -- Installing: /home/ghani/my_ws/install/cpp_new/share/cpp_new/launch
[0.680s] -- Installing: /home/ghani/my_ws/install/cpp_new/share/cpp_new/launch/launch_file.py
[0.681s] -- Up-to-date: /home/ghani/my_ws/install/cpp_new/lib/cpp_new/talker
[0.681s] -- Up-to-date: /home/ghani/my_ws/install/cpp_new/share/ament_index/resource_index/package_run_dependencies/cpp_new
[0.681s] -- Up-to-date: /home/ghani/my_ws/install/cpp_new/share/ament_index/resource_index/parent_prefix_path/cpp_new
[0.681s] -- Up-to-date: /home/ghani/my_ws/install/cpp_new/share/cpp_new/environment/ament_prefix_path.sh
[0.681s] -- Installing: /home/ghani/my_ws/install/cpp_new/share/cpp_new/environment/ament_prefix_path.dsv
[0.682s] -- Up-to-date: /home/ghani/my_ws/install/cpp_new/share/cpp_new/environment/path.sh
[0.682s] -- Installing: /home/ghani/my_ws/install/cpp_new/share/cpp_new/environment/path.dsv
[0.682s] -- Up-to-date: /home/ghani/my_ws/install/cpp_new/share/cpp_new/local_setup.bash
[0.682s] -- Up-to-date: /home/ghani/my_ws/install/cpp_new/share/cpp_new/local_setup.sh
[0.682s] -- Up-to-date: /home/ghani/my_ws/install/cpp_new/share/cpp_new/local_setup.zsh
[0.682s] -- Installing: /home/ghani/my_ws/install/cpp_new/share/cpp_new/local_setup.dsv
[0.682s] -- Installing: /home/ghani/my_ws/install/cpp_new/share/cpp_new/package.dsv
[0.682s] -- Up-to-date: /home/ghani/my_ws/install/cpp_new/share/ament_index/resource_index/packages/cpp_new
[0.682s] -- Up-to-date: /home/ghani/my_ws/install/cpp_new/share/cpp_new/cmake/cpp_newConfig.cmake
[0.683s] -- Up-to-date: /home/ghani/my_ws/install/cpp_new/share/cpp_new/cmake/cpp_newConfig-version.cmake
[0.683s] -- Up-to-date: /home/ghani/my_ws/install/cpp_new/share/cpp_new/package.xml
[0.686s] Invoked command in '/home/ghani/my_ws/build/cpp_new' returned '0': AMENT_PREFIX_PATH=/home/ghani/my_ws/install/customized_srv_msg:${AMENT_PREFIX_PATH} CMAKE_PREFIX_PATH=/home/ghani/my_ws/install/customized_srv_msg:/opt/ros/galactic LD_LIBRARY_PATH=/home/ghani/my_ws/install/customized_srv_msg/lib:${LD_LIBRARY_PATH} PYTHONPATH=/home/ghani/my_ws/install/customized_srv_msg/lib/python3.8/site-packages:${PYTHONPATH} /usr/bin/cmake --install /home/ghani/my_ws/build/cpp_new
