-- Found ament_cmake: 1.1.5 (/opt/ros/galactic/share/ament_cmake/cmake)
-- Found PythonInterp: /usr/bin/python3 (found suitable version "3.8.10", minimum required is "3") 
-- Using PYTHON_EXECUTABLE: /usr/bin/python3
-- Found rosidl_default_generators: 1.1.1 (/opt/ros/galactic/share/rosidl_default_generators/cmake)
-- Using all available rosidl_typesupport_c: rosidl_typesupport_fastrtps_c;rosidl_typesupport_introspection_c
-- Found rosidl_adapter: 2.2.1 (/opt/ros/galactic/share/rosidl_adapter/cmake)
-- Using all available rosidl_typesupport_cpp: rosidl_typesupport_fastrtps_cpp;rosidl_typesupport_introspection_cpp
-- Found PythonInterp: /usr/bin/python3 (found version "3.8.10") 
-- Found ament_cmake_ros: 0.9.2 (/opt/ros/galactic/share/ament_cmake_ros/cmake)
-- Using all available rosidl_typesupport_c: rosidl_typesupport_fastrtps_c;rosidl_typesupport_introspection_c
-- Using all available rosidl_typesupport_cpp: rosidl_typesupport_fastrtps_cpp;rosidl_typesupport_introspection_cpp
-- Found PythonInterp: /usr/bin/python3 (found suitable version "3.8.10", minimum required is "3.5") 
-- Found python_cmake_module: 0.8.1 (/opt/ros/galactic/share/python_cmake_module/cmake)
-- Using PYTHON_EXECUTABLE: /usr/bin/python3
-- Using PYTHON_INCLUDE_DIRS: /usr/include/python3.8
-- Using PYTHON_LIBRARIES: /usr/lib/x86_64-linux-gnu/libpython3.8.so
-- Found ament_lint_auto: 0.10.6 (/opt/ros/galactic/share/ament_lint_auto/cmake)
-- Added test 'copyright' to check source files copyright and LICENSE
-- Added test 'lint_cmake' to check CMake code style
-- Added test 'xmllint' to check XML markup files
-- Configuring done
-- Generating done
-- Build files have been written to: /home/ghani/my_ws/build/customized_srv_msg
[  1%] [34m[1mGenerating C code for ROS interfaces[0m
[35m[1mScanning dependencies of target customized_srv_msg__cpp[0m
[  3%] [34m[1mGenerating C++ code for ROS interfaces[0m
[35m[1mScanning dependencies of target customized_srv_msg__rosidl_generator_c[0m
[  9%] [32mBuilding C object CMakeFiles/customized_srv_msg__rosidl_generator_c.dir/rosidl_generator_c/customized_srv_msg/msg/detail/num__functions.c.o[0m
[  9%] [32mBuilding C object CMakeFiles/customized_srv_msg__rosidl_generator_c.dir/rosidl_generator_c/customized_srv_msg/action/detail/goal__functions.c.o[0m
[  9%] [32mBuilding C object CMakeFiles/customized_srv_msg__rosidl_generator_c.dir/rosidl_generator_c/customized_srv_msg/srv/detail/add_three_ints__functions.c.o[0m
[ 10%] [32mBuilding C object CMakeFiles/customized_srv_msg__rosidl_generator_c.dir/rosidl_generator_c/customized_srv_msg/action/detail/fibonacci__functions.c.o[0m
[ 10%] Built target customized_srv_msg__cpp
[ 12%] [34m[1mGenerating C++ type support for eProsima Fast-RTPS[0m
[ 14%] [34m[1mGenerating C++ type support dispatch for ROS interfaces[0m
[ 16%] [34m[1mGenerating C++ introspection for ROS interfaces[0m
[ 18%] [32m[1mLinking C shared library libcustomized_srv_msg__rosidl_generator_c.so[0m
[ 18%] Built target customized_srv_msg__rosidl_generator_c
[ 20%] [34m[1mGenerating C type support dispatch for ROS interfaces[0m
[ 21%] [34m[1mGenerating C introspection for ROS interfaces[0m
[35m[1mScanning dependencies of target customized_srv_msg__rosidl_typesupport_cpp[0m
[ 23%] [32mBuilding CXX object CMakeFiles/customized_srv_msg__rosidl_typesupport_cpp.dir/rosidl_typesupport_cpp/customized_srv_msg/msg/num__type_support.cpp.o[0m
[ 25%] [32mBuilding CXX object CMakeFiles/customized_srv_msg__rosidl_typesupport_cpp.dir/rosidl_typesupport_cpp/customized_srv_msg/srv/add_three_ints__type_support.cpp.o[0m
[35m[1mScanning dependencies of target customized_srv_msg__rosidl_typesupport_c[0m
[ 27%] [32mBuilding CXX object CMakeFiles/customized_srv_msg__rosidl_typesupport_c.dir/rosidl_typesupport_c/customized_srv_msg/msg/num__type_support.cpp.o[0m
[35m[1mScanning dependencies of target customized_srv_msg__rosidl_typesupport_introspection_cpp[0m
[ 29%] [32mBuilding CXX object CMakeFiles/customized_srv_msg__rosidl_typesupport_introspection_cpp.dir/rosidl_typesupport_introspection_cpp/customized_srv_msg/msg/detail/num__type_support.cpp.o[0m
[35m[1mScanning dependencies of target customized_srv_msg__rosidl_typesupport_fastrtps_cpp[0m
[ 30%] [32mBuilding CXX object CMakeFiles/customized_srv_msg__rosidl_typesupport_c.dir/rosidl_typesupport_c/customized_srv_msg/srv/add_three_ints__type_support.cpp.o[0m
[ 32%] [32mBuilding CXX object CMakeFiles/customized_srv_msg__rosidl_typesupport_fastrtps_cpp.dir/rosidl_typesupport_fastrtps_cpp/customized_srv_msg/msg/detail/dds_fastrtps/num__type_support.cpp.o[0m
[ 34%] [32mBuilding CXX object CMakeFiles/customized_srv_msg__rosidl_typesupport_c.dir/rosidl_typesupport_c/customized_srv_msg/action/fibonacci__type_support.cpp.o[0m
[ 36%] [32mBuilding CXX object CMakeFiles/customized_srv_msg__rosidl_typesupport_cpp.dir/rosidl_typesupport_cpp/customized_srv_msg/action/fibonacci__type_support.cpp.o[0m
[ 38%] [32mBuilding CXX object CMakeFiles/customized_srv_msg__rosidl_typesupport_cpp.dir/rosidl_typesupport_cpp/customized_srv_msg/action/goal__type_support.cpp.o[0m
[ 40%] [32mBuilding CXX object CMakeFiles/customized_srv_msg__rosidl_typesupport_c.dir/rosidl_typesupport_c/customized_srv_msg/action/goal__type_support.cpp.o[0m
[35m[1mScanning dependencies of target customized_srv_msg__rosidl_typesupport_introspection_c[0m
[ 41%] [32mBuilding C object CMakeFiles/customized_srv_msg__rosidl_typesupport_introspection_c.dir/rosidl_typesupport_introspection_c/customized_srv_msg/msg/detail/num__type_support.c.o[0m
[ 43%] [32m[1mLinking CXX shared library libcustomized_srv_msg__rosidl_typesupport_c.so[0m
[ 45%] [32mBuilding C object CMakeFiles/customized_srv_msg__rosidl_typesupport_introspection_c.dir/rosidl_typesupport_introspection_c/customized_srv_msg/srv/detail/add_three_ints__type_support.c.o[0m
[ 47%] [32mBuilding C object CMakeFiles/customized_srv_msg__rosidl_typesupport_introspection_c.dir/rosidl_typesupport_introspection_c/customized_srv_msg/action/detail/fibonacci__type_support.c.o[0m
[ 47%] Built target customized_srv_msg__rosidl_typesupport_c
[ 49%] [32mBuilding C object CMakeFiles/customized_srv_msg__rosidl_typesupport_introspection_c.dir/rosidl_typesupport_introspection_c/customized_srv_msg/action/detail/goal__type_support.c.o[0m
[ 52%] [32mBuilding CXX object CMakeFiles/customized_srv_msg__rosidl_typesupport_fastrtps_cpp.dir/rosidl_typesupport_fastrtps_cpp/customized_srv_msg/srv/detail/dds_fastrtps/add_three_ints__type_support.cpp.o[0m
[ 52%] [32m[1mLinking C shared library libcustomized_srv_msg__rosidl_typesupport_introspection_c.so[0m
[ 52%] Built target customized_srv_msg__rosidl_typesupport_introspection_c
[ 54%] [32mBuilding CXX object CMakeFiles/customized_srv_msg__rosidl_typesupport_introspection_cpp.dir/rosidl_typesupport_introspection_cpp/customized_srv_msg/srv/detail/add_three_ints__type_support.cpp.o[0m
[ 56%] [32mBuilding CXX object CMakeFiles/customized_srv_msg__rosidl_typesupport_introspection_cpp.dir/rosidl_typesupport_introspection_cpp/customized_srv_msg/action/detail/fibonacci__type_support.cpp.o[0m
[ 58%] [32mBuilding CXX object CMakeFiles/customized_srv_msg__rosidl_typesupport_fastrtps_cpp.dir/rosidl_typesupport_fastrtps_cpp/customized_srv_msg/action/detail/dds_fastrtps/fibonacci__type_support.cpp.o[0m
[ 60%] [32mBuilding CXX object CMakeFiles/customized_srv_msg__rosidl_typesupport_fastrtps_cpp.dir/rosidl_typesupport_fastrtps_cpp/customized_srv_msg/action/detail/dds_fastrtps/goal__type_support.cpp.o[0m
[ 61%] [32mBuilding CXX object CMakeFiles/customized_srv_msg__rosidl_typesupport_introspection_cpp.dir/rosidl_typesupport_introspection_cpp/customized_srv_msg/action/detail/goal__type_support.cpp.o[0m
