[0.018s] Invoking command in '/home/ghani/my_ws/build/customized_srv_msg': CMAKE_PREFIX_PATH=/opt/ros/galactic /usr/bin/cmake --build /home/ghani/my_ws/build/customized_srv_msg -- -j6 -l6
[0.045s] -- Found ament_cmake: 1.1.5 (/opt/ros/galactic/share/ament_cmake/cmake)
[0.064s] -- Found PythonInterp: /usr/bin/python3 (found suitable version "3.8.10", minimum required is "3") 
[0.064s] -- Using PYTHON_EXECUTABLE: /usr/bin/python3
[0.118s] -- Found rosidl_default_generators: 1.1.1 (/opt/ros/galactic/share/rosidl_default_generators/cmake)
[0.119s] -- Using all available rosidl_typesupport_c: rosidl_typesupport_fastrtps_c;rosidl_typesupport_introspection_c
[0.122s] -- Found rosidl_adapter: 2.2.1 (/opt/ros/galactic/share/rosidl_adapter/cmake)
[0.250s] -- Using all available rosidl_typesupport_cpp: rosidl_typesupport_fastrtps_cpp;rosidl_typesupport_introspection_cpp
[0.296s] -- Found PythonInterp: /usr/bin/python3 (found version "3.8.10") 
[0.479s] -- Found ament_cmake_ros: 0.9.2 (/opt/ros/galactic/share/ament_cmake_ros/cmake)
[0.598s] -- Using all available rosidl_typesupport_c: rosidl_typesupport_fastrtps_c;rosidl_typesupport_introspection_c
[0.620s] -- Using all available rosidl_typesupport_cpp: rosidl_typesupport_fastrtps_cpp;rosidl_typesupport_introspection_cpp
[0.644s] -- Found PythonInterp: /usr/bin/python3 (found suitable version "3.8.10", minimum required is "3.5") 
[0.644s] -- Found python_cmake_module: 0.8.1 (/opt/ros/galactic/share/python_cmake_module/cmake)
[0.665s] -- Using PYTHON_EXECUTABLE: /usr/bin/python3
[0.665s] -- Using PYTHON_INCLUDE_DIRS: /usr/include/python3.8
[0.665s] -- Using PYTHON_LIBRARIES: /usr/lib/x86_64-linux-gnu/libpython3.8.so
[0.688s] -- Found ament_lint_auto: 0.10.6 (/opt/ros/galactic/share/ament_lint_auto/cmake)
[0.697s] -- Added test 'copyright' to check source files copyright and LICENSE
[0.699s] -- Added test 'lint_cmake' to check CMake code style
[0.700s] -- Added test 'xmllint' to check XML markup files
[0.703s] -- Configuring done
[0.766s] -- Generating done
[0.772s] -- Build files have been written to: /home/ghani/my_ws/build/customized_srv_msg
[0.800s] [  1%] [34m[1mGenerating C code for ROS interfaces[0m
[0.800s] [35m[1mScanning dependencies of target customized_srv_msg__cpp[0m
[0.816s] [  3%] [34m[1mGenerating C++ code for ROS interfaces[0m
[1.407s] [35m[1mScanning dependencies of target customized_srv_msg__rosidl_generator_c[0m
[1.422s] [  9%] [32mBuilding C object CMakeFiles/customized_srv_msg__rosidl_generator_c.dir/rosidl_generator_c/customized_srv_msg/msg/detail/num__functions.c.o[0m
[1.423s] [  9%] [32mBuilding C object CMakeFiles/customized_srv_msg__rosidl_generator_c.dir/rosidl_generator_c/customized_srv_msg/action/detail/goal__functions.c.o[0m
[1.423s] [  9%] [32mBuilding C object CMakeFiles/customized_srv_msg__rosidl_generator_c.dir/rosidl_generator_c/customized_srv_msg/srv/detail/add_three_ints__functions.c.o[0m
[1.423s] [ 10%] [32mBuilding C object CMakeFiles/customized_srv_msg__rosidl_generator_c.dir/rosidl_generator_c/customized_srv_msg/action/detail/fibonacci__functions.c.o[0m
[1.493s] [ 10%] Built target customized_srv_msg__cpp
[1.506s] [ 12%] [34m[1mGenerating C++ type support for eProsima Fast-RTPS[0m
[1.507s] [ 14%] [34m[1mGenerating C++ type support dispatch for ROS interfaces[0m
[1.630s] [ 16%] [34m[1mGenerating C++ introspection for ROS interfaces[0m
[1.665s] [ 18%] [32m[1mLinking C shared library libcustomized_srv_msg__rosidl_generator_c.so[0m
[1.708s] [ 18%] Built target customized_srv_msg__rosidl_generator_c
[1.719s] [ 20%] [34m[1mGenerating C type support dispatch for ROS interfaces[0m
[1.721s] [ 21%] [34m[1mGenerating C introspection for ROS interfaces[0m
[1.891s] [35m[1mScanning dependencies of target customized_srv_msg__rosidl_typesupport_cpp[0m
[1.909s] [ 23%] [32mBuilding CXX object CMakeFiles/customized_srv_msg__rosidl_typesupport_cpp.dir/rosidl_typesupport_cpp/customized_srv_msg/msg/num__type_support.cpp.o[0m
[1.913s] [ 25%] [32mBuilding CXX object CMakeFiles/customized_srv_msg__rosidl_typesupport_cpp.dir/rosidl_typesupport_cpp/customized_srv_msg/srv/add_three_ints__type_support.cpp.o[0m
[2.125s] [35m[1mScanning dependencies of target customized_srv_msg__rosidl_typesupport_c[0m
[2.142s] [ 27%] [32mBuilding CXX object CMakeFiles/customized_srv_msg__rosidl_typesupport_c.dir/rosidl_typesupport_c/customized_srv_msg/msg/num__type_support.cpp.o[0m
[2.152s] [35m[1mScanning dependencies of target customized_srv_msg__rosidl_typesupport_introspection_cpp[0m
[2.173s] [ 29%] [32mBuilding CXX object CMakeFiles/customized_srv_msg__rosidl_typesupport_introspection_cpp.dir/rosidl_typesupport_introspection_cpp/customized_srv_msg/msg/detail/num__type_support.cpp.o[0m
[2.177s] [35m[1mScanning dependencies of target customized_srv_msg__rosidl_typesupport_fastrtps_cpp[0m
[2.179s] [ 30%] [32mBuilding CXX object CMakeFiles/customized_srv_msg__rosidl_typesupport_c.dir/rosidl_typesupport_c/customized_srv_msg/srv/add_three_ints__type_support.cpp.o[0m
[2.212s] [ 32%] [32mBuilding CXX object CMakeFiles/customized_srv_msg__rosidl_typesupport_fastrtps_cpp.dir/rosidl_typesupport_fastrtps_cpp/customized_srv_msg/msg/detail/dds_fastrtps/num__type_support.cpp.o[0m
[2.247s] [ 34%] [32mBuilding CXX object CMakeFiles/customized_srv_msg__rosidl_typesupport_c.dir/rosidl_typesupport_c/customized_srv_msg/action/fibonacci__type_support.cpp.o[0m
[2.273s] [ 36%] [32mBuilding CXX object CMakeFiles/customized_srv_msg__rosidl_typesupport_cpp.dir/rosidl_typesupport_cpp/customized_srv_msg/action/fibonacci__type_support.cpp.o[0m
[2.276s] [ 38%] [32mBuilding CXX object CMakeFiles/customized_srv_msg__rosidl_typesupport_cpp.dir/rosidl_typesupport_cpp/customized_srv_msg/action/goal__type_support.cpp.o[0m
[2.306s] [ 40%] [32mBuilding CXX object CMakeFiles/customized_srv_msg__rosidl_typesupport_c.dir/rosidl_typesupport_c/customized_srv_msg/action/goal__type_support.cpp.o[0m
[2.307s] [35m[1mScanning dependencies of target customized_srv_msg__rosidl_typesupport_introspection_c[0m
[2.325s] [ 41%] [32mBuilding C object CMakeFiles/customized_srv_msg__rosidl_typesupport_introspection_c.dir/rosidl_typesupport_introspection_c/customized_srv_msg/msg/detail/num__type_support.c.o[0m
[2.360s] [ 43%] [32m[1mLinking CXX shared library libcustomized_srv_msg__rosidl_typesupport_c.so[0m
[2.364s] [ 45%] [32mBuilding C object CMakeFiles/customized_srv_msg__rosidl_typesupport_introspection_c.dir/rosidl_typesupport_introspection_c/customized_srv_msg/srv/detail/add_three_ints__type_support.c.o[0m
[2.418s] [ 47%] [32mBuilding C object CMakeFiles/customized_srv_msg__rosidl_typesupport_introspection_c.dir/rosidl_typesupport_introspection_c/customized_srv_msg/action/detail/fibonacci__type_support.c.o[0m
[2.426s] [ 47%] Built target customized_srv_msg__rosidl_typesupport_c
[2.445s] [ 49%] [32mBuilding C object CMakeFiles/customized_srv_msg__rosidl_typesupport_introspection_c.dir/rosidl_typesupport_introspection_c/customized_srv_msg/action/detail/goal__type_support.c.o[0m
[2.557s] [ 52%] [32mBuilding CXX object CMakeFiles/customized_srv_msg__rosidl_typesupport_fastrtps_cpp.dir/rosidl_typesupport_fastrtps_cpp/customized_srv_msg/srv/detail/dds_fastrtps/add_three_ints__type_support.cpp.o[0m
[2.557s] [ 52%] [32m[1mLinking C shared library libcustomized_srv_msg__rosidl_typesupport_introspection_c.so[0m
[2.629s] [ 52%] Built target customized_srv_msg__rosidl_typesupport_introspection_c
[2.632s] [ 54%] [32mBuilding CXX object CMakeFiles/customized_srv_msg__rosidl_typesupport_introspection_cpp.dir/rosidl_typesupport_introspection_cpp/customized_srv_msg/srv/detail/add_three_ints__type_support.cpp.o[0m
[2.640s] [ 56%] [32mBuilding CXX object CMakeFiles/customized_srv_msg__rosidl_typesupport_introspection_cpp.dir/rosidl_typesupport_introspection_cpp/customized_srv_msg/action/detail/fibonacci__type_support.cpp.o[0m
[3.090s] [ 58%] [32mBuilding CXX object CMakeFiles/customized_srv_msg__rosidl_typesupport_fastrtps_cpp.dir/rosidl_typesupport_fastrtps_cpp/customized_srv_msg/action/detail/dds_fastrtps/fibonacci__type_support.cpp.o[0m
[3.113s] In file included from [01m[K/home/ghani/my_ws/build/customized_srv_msg/rosidl_typesupport_cpp/customized_srv_msg/action/goal__type_support.cpp:7[m[K:
[3.113s] [01m[K/home/ghani/my_ws/build/customized_srv_msg/rosidl_generator_cpp/customized_srv_msg/action/detail/goal__struct.hpp:1026:53:[m[K [01;31m[Kerror: [m[KISO C++ forbids nested type ‘[01m[KGoal[m[K’ with same name as enclosing class [[01;31m[K-fpermissive[m[K]
[3.113s]  1026 |   using Goal = customized_srv_msg::action::Goal_Goal[01;31m[K;[m[K
[3.113s]       |                                                     [01;31m[K^[m[K
[3.113s] [01m[K/home/ghani/my_ws/build/customized_srv_msg/rosidl_generator_cpp/customized_srv_msg/action/detail/goal__struct.hpp:1026:53:[m[K [01;31m[Kerror: [m[K‘[01m[Kusing Goal = using Goal_Goal = struct customized_srv_msg::action::Goal_Goal_<std::allocator<void> >[m[K’ has the same name as the class in which it is declared
[3.231s] make[2]: *** [CMakeFiles/customized_srv_msg__rosidl_typesupport_cpp.dir/build.make:131: CMakeFiles/customized_srv_msg__rosidl_typesupport_cpp.dir/rosidl_typesupport_cpp/customized_srv_msg/action/goal__type_support.cpp.o] Error 1
[3.231s] make[2]: *** Waiting for unfinished jobs....
[3.237s] make[1]: *** [CMakeFiles/Makefile2:526: CMakeFiles/customized_srv_msg__rosidl_typesupport_cpp.dir/all] Error 2
[3.238s] make[1]: *** Waiting for unfinished jobs....
[3.245s] [ 60%] [32mBuilding CXX object CMakeFiles/customized_srv_msg__rosidl_typesupport_fastrtps_cpp.dir/rosidl_typesupport_fastrtps_cpp/customized_srv_msg/action/detail/dds_fastrtps/goal__type_support.cpp.o[0m
[3.250s] [ 61%] [32mBuilding CXX object CMakeFiles/customized_srv_msg__rosidl_typesupport_introspection_cpp.dir/rosidl_typesupport_introspection_cpp/customized_srv_msg/action/detail/goal__type_support.cpp.o[0m
[3.640s] In file included from [01m[K/home/ghani/my_ws/build/customized_srv_msg/rosidl_typesupport_fastrtps_cpp/customized_srv_msg/action/detail/goal__rosidl_typesupport_fastrtps_cpp.hpp:11[m[K,
[3.640s]                  from [01m[K/home/ghani/my_ws/build/customized_srv_msg/rosidl_typesupport_fastrtps_cpp/customized_srv_msg/action/detail/dds_fastrtps/goal__type_support.cpp:4[m[K:
[3.640s] [01m[K/home/ghani/my_ws/build/customized_srv_msg/rosidl_generator_cpp/customized_srv_msg/action/detail/goal__struct.hpp:1026:53:[m[K [01;31m[Kerror: [m[KISO C++ forbids nested type ‘[01m[KGoal[m[K’ with same name as enclosing class [[01;31m[K-fpermissive[m[K]
[3.640s]  1026 |   using Goal = customized_srv_msg::action::Goal_Goal[01;31m[K;[m[K
[3.641s]       |                                                     [01;31m[K^[m[K
[3.641s] [01m[K/home/ghani/my_ws/build/customized_srv_msg/rosidl_generator_cpp/customized_srv_msg/action/detail/goal__struct.hpp:1026:53:[m[K [01;31m[Kerror: [m[K‘[01m[Kusing Goal = using Goal_Goal = struct customized_srv_msg::action::Goal_Goal_<std::allocator<void> >[m[K’ has the same name as the class in which it is declared
[3.641s] In file included from [01m[K/home/ghani/my_ws/build/customized_srv_msg/rosidl_typesupport_introspection_cpp/customized_srv_msg/action/detail/goal__type_support.cpp:12[m[K:
[3.641s] [01m[K/home/ghani/my_ws/build/customized_srv_msg/rosidl_generator_cpp/customized_srv_msg/action/detail/goal__struct.hpp:1026:53:[m[K [01;31m[Kerror: [m[KISO C++ forbids nested type ‘[01m[KGoal[m[K’ with same name as enclosing class [[01;31m[K-fpermissive[m[K]
[3.641s]  1026 |   using Goal = customized_srv_msg::action::Goal_Goal[01;31m[K;[m[K
[3.641s]       |                                                     [01;31m[K^[m[K
[3.641s] [01m[K/home/ghani/my_ws/build/customized_srv_msg/rosidl_generator_cpp/customized_srv_msg/action/detail/goal__struct.hpp:1026:53:[m[K [01;31m[Kerror: [m[K‘[01m[Kusing Goal = using Goal_Goal = struct customized_srv_msg::action::Goal_Goal_<std::allocator<void> >[m[K’ has the same name as the class in which it is declared
[3.715s] make[2]: *** [CMakeFiles/customized_srv_msg__rosidl_typesupport_introspection_cpp.dir/build.make:145: CMakeFiles/customized_srv_msg__rosidl_typesupport_introspection_cpp.dir/rosidl_typesupport_introspection_cpp/customized_srv_msg/action/detail/goal__type_support.cpp.o] Error 1
[3.716s] make[1]: *** [CMakeFiles/Makefile2:499: CMakeFiles/customized_srv_msg__rosidl_typesupport_introspection_cpp.dir/all] Error 2
[3.765s] make[2]: *** [CMakeFiles/customized_srv_msg__rosidl_typesupport_fastrtps_cpp.dir/build.make:145: CMakeFiles/customized_srv_msg__rosidl_typesupport_fastrtps_cpp.dir/rosidl_typesupport_fastrtps_cpp/customized_srv_msg/action/detail/dds_fastrtps/goal__type_support.cpp.o] Error 1
[3.765s] make[1]: *** [CMakeFiles/Makefile2:380: CMakeFiles/customized_srv_msg__rosidl_typesupport_fastrtps_cpp.dir/all] Error 2
[3.765s] make: *** [Makefile:141: all] Error 2
[3.770s] Invoked command in '/home/ghani/my_ws/build/customized_srv_msg' returned '2': CMAKE_PREFIX_PATH=/opt/ros/galactic /usr/bin/cmake --build /home/ghani/my_ws/build/customized_srv_msg -- -j6 -l6
