[1.194s] Invoking command in '/home/ghani/my_ws/py_package': PYTHONPATH=/home/ghani/my_ws/install/py_package/lib/python3.8/site-packages:${PYTHONPATH} /usr/bin/python3 setup.py egg_info --egg-base ../build/py_package build --build-base /home/ghani/my_ws/build/py_package/build install --prefix /home/ghani/my_ws/install/py_package --record /home/ghani/my_ws/build/py_package/install.log --single-version-externally-managed
[1.533s] running egg_info
[1.534s] writing ../build/py_package/py_package.egg-info/PKG-INFO
[1.536s] writing dependency_links to ../build/py_package/py_package.egg-info/dependency_links.txt
[1.536s] writing entry points to ../build/py_package/py_package.egg-info/entry_points.txt
[1.538s] writing requirements to ../build/py_package/py_package.egg-info/requires.txt
[1.538s] writing top-level names to ../build/py_package/py_package.egg-info/top_level.txt
[1.611s] reading manifest file '../build/py_package/py_package.egg-info/SOURCES.txt'
[1.612s] writing manifest file '../build/py_package/py_package.egg-info/SOURCES.txt'
[1.612s] running build
[1.613s] running build_py
[1.613s] running install
[1.615s] running install_lib
[1.617s] running install_data
[1.618s] running install_egg_info
[1.621s] removing '/home/ghani/my_ws/install/py_package/lib/python3.8/site-packages/py_package-0.0.0-py3.8.egg-info' (and everything under it)
[1.621s] Copying ../build/py_package/py_package.egg-info to /home/ghani/my_ws/install/py_package/lib/python3.8/site-packages/py_package-0.0.0-py3.8.egg-info
[1.622s] running install_scripts
[1.648s] writing list of installed files to '/home/ghani/my_ws/build/py_package/install.log'
[1.687s] Invoked command in '/home/ghani/my_ws/py_package' returned '0': PYTHONPATH=/home/ghani/my_ws/install/py_package/lib/python3.8/site-packages:${PYTHONPATH} /usr/bin/python3 setup.py egg_info --egg-base ../build/py_package build --build-base /home/ghani/my_ws/build/py_package/build install --prefix /home/ghani/my_ws/install/py_package --record /home/ghani/my_ws/build/py_package/install.log --single-version-externally-managed
