[0.807s] Invoking command in '/home/ghani/my_ws/src/py_package': PYTHONPATH=/home/ghani/my_ws/install/py_package/lib/python3.8/site-packages:${PYTHONPATH} /usr/bin/python3 setup.py egg_info --egg-base ../../build/py_package build --build-base /home/ghani/my_ws/build/py_package/build install --prefix /home/ghani/my_ws/install/py_package --record /home/ghani/my_ws/build/py_package/install.log --single-version-externally-managed
[0.986s] running egg_info
[0.987s] writing ../../build/py_package/py_package.egg-info/PKG-INFO
[0.992s] writing dependency_links to ../../build/py_package/py_package.egg-info/dependency_links.txt
[0.992s] writing entry points to ../../build/py_package/py_package.egg-info/entry_points.txt
[0.992s] writing requirements to ../../build/py_package/py_package.egg-info/requires.txt
[0.992s] writing top-level names to ../../build/py_package/py_package.egg-info/top_level.txt
[1.029s] reading manifest file '../../build/py_package/py_package.egg-info/SOURCES.txt'
[1.030s] writing manifest file '../../build/py_package/py_package.egg-info/SOURCES.txt'
[1.030s] running build
[1.031s] running build_py
[1.032s] running install
[1.033s] running install_lib
[1.037s] byte-compiling /home/ghani/my_ws/install/py_package/lib/python3.8/site-packages/py_package/controller.py to controller.cpython-38.pyc
[1.038s] Sorry: TabError: inconsistent use of tabs and spaces in indentation (controller.py, line 22)
[1.039s] running install_data
[1.039s] running install_egg_info
[1.040s] removing '/home/ghani/my_ws/install/py_package/lib/python3.8/site-packages/py_package-0.0.0-py3.8.egg-info' (and everything under it)
[1.042s] Copying ../../build/py_package/py_package.egg-info to /home/ghani/my_ws/install/py_package/lib/python3.8/site-packages/py_package-0.0.0-py3.8.egg-info
[1.044s] running install_scripts
[1.060s] Installing exersice script to /home/ghani/my_ws/install/py_package/lib/py_package
[1.061s] Installing listner script to /home/ghani/my_ws/install/py_package/lib/py_package
[1.061s] Installing talker script to /home/ghani/my_ws/install/py_package/lib/py_package
[1.062s] writing list of installed files to '/home/ghani/my_ws/build/py_package/install.log'
[1.088s] Invoked command in '/home/ghani/my_ws/src/py_package' returned '0': PYTHONPATH=/home/ghani/my_ws/install/py_package/lib/python3.8/site-packages:${PYTHONPATH} /usr/bin/python3 setup.py egg_info --egg-base ../../build/py_package build --build-base /home/ghani/my_ws/build/py_package/build install --prefix /home/ghani/my_ws/install/py_package --record /home/ghani/my_ws/build/py_package/install.log --single-version-externally-managed
