[1.415s] Invoking command in '/home/ghani/my_ws/src/controller_py': PYTHONPATH=/home/ghani/my_ws/install/controller_py/lib/python3.8/site-packages:${PYTHONPATH} /usr/bin/python3 setup.py egg_info --egg-base ../../build/controller_py build --build-base /home/ghani/my_ws/build/controller_py/build install --prefix /home/ghani/my_ws/install/controller_py --record /home/ghani/my_ws/build/controller_py/install.log --single-version-externally-managed
[1.953s] running egg_info
[1.954s] writing ../../build/controller_py/controller_py.egg-info/PKG-INFO
[1.955s] writing dependency_links to ../../build/controller_py/controller_py.egg-info/dependency_links.txt
[1.956s] writing entry points to ../../build/controller_py/controller_py.egg-info/entry_points.txt
[1.957s] writing requirements to ../../build/controller_py/controller_py.egg-info/requires.txt
[1.957s] writing top-level names to ../../build/controller_py/controller_py.egg-info/top_level.txt
[2.034s] reading manifest file '../../build/controller_py/controller_py.egg-info/SOURCES.txt'
[2.036s] writing manifest file '../../build/controller_py/controller_py.egg-info/SOURCES.txt'
[2.037s] running build
[2.037s] running build_py
[2.038s] copying controller_py/client.py -> /home/ghani/my_ws/build/controller_py/build/lib/controller_py
[2.038s] running install
[2.040s] running install_lib
[2.042s] copying /home/ghani/my_ws/build/controller_py/build/lib/controller_py/client.py -> /home/ghani/my_ws/install/controller_py/lib/python3.8/site-packages/controller_py
[2.044s] byte-compiling /home/ghani/my_ws/install/controller_py/lib/python3.8/site-packages/controller_py/client.py to client.cpython-38.pyc
[2.047s] running install_data
[2.048s] running install_egg_info
[2.052s] removing '/home/ghani/my_ws/install/controller_py/lib/python3.8/site-packages/controller_py-0.0.0-py3.8.egg-info' (and everything under it)
[2.052s] Copying ../../build/controller_py/controller_py.egg-info to /home/ghani/my_ws/install/controller_py/lib/python3.8/site-packages/controller_py-0.0.0-py3.8.egg-info
[2.053s] running install_scripts
[2.079s] Installing py_action_controller script to /home/ghani/my_ws/install/controller_py/lib/controller_py
[2.080s] Installing py_client script to /home/ghani/my_ws/install/controller_py/lib/controller_py
[2.081s] Installing py_controller script to /home/ghani/my_ws/install/controller_py/lib/controller_py
[2.082s] writing list of installed files to '/home/ghani/my_ws/build/controller_py/install.log'
[2.129s] Invoked command in '/home/ghani/my_ws/src/controller_py' returned '0': PYTHONPATH=/home/ghani/my_ws/install/controller_py/lib/python3.8/site-packages:${PYTHONPATH} /usr/bin/python3 setup.py egg_info --egg-base ../../build/controller_py build --build-base /home/ghani/my_ws/build/controller_py/build install --prefix /home/ghani/my_ws/install/controller_py --record /home/ghani/my_ws/build/controller_py/install.log --single-version-externally-managed
