[1.347s] Invoking command in '/home/ghani/my_ws/src/py_srvcli': PYTHONPATH=/home/ghani/my_ws/install/py_srvcli/lib/python3.8/site-packages:${PYTHONPATH} /usr/bin/python3 setup.py egg_info --egg-base ../../build/py_srvcli build --build-base /home/ghani/my_ws/build/py_srvcli/build install --prefix /home/ghani/my_ws/install/py_srvcli --record /home/ghani/my_ws/build/py_srvcli/install.log --single-version-externally-managed
[1.529s] running egg_info
[1.529s] creating ../../build/py_srvcli/py_srvcli.egg-info
[1.529s] writing ../../build/py_srvcli/py_srvcli.egg-info/PKG-INFO
[1.530s] writing dependency_links to ../../build/py_srvcli/py_srvcli.egg-info/dependency_links.txt
[1.530s] writing entry points to ../../build/py_srvcli/py_srvcli.egg-info/entry_points.txt
[1.530s] writing requirements to ../../build/py_srvcli/py_srvcli.egg-info/requires.txt
[1.530s] writing top-level names to ../../build/py_srvcli/py_srvcli.egg-info/top_level.txt
[1.531s] writing manifest file '../../build/py_srvcli/py_srvcli.egg-info/SOURCES.txt'
[1.560s] reading manifest file '../../build/py_srvcli/py_srvcli.egg-info/SOURCES.txt'
[1.561s] writing manifest file '../../build/py_srvcli/py_srvcli.egg-info/SOURCES.txt'
[1.561s] running build
[1.562s] running build_py
[1.562s] creating /home/ghani/my_ws/build/py_srvcli/build
[1.562s] creating /home/ghani/my_ws/build/py_srvcli/build/lib
[1.563s] creating /home/ghani/my_ws/build/py_srvcli/build/lib/py_srvcli
[1.563s] copying py_srvcli/__init__.py -> /home/ghani/my_ws/build/py_srvcli/build/lib/py_srvcli
[1.563s] copying py_srvcli/server.py -> /home/ghani/my_ws/build/py_srvcli/build/lib/py_srvcli
[1.563s] running install
[1.563s] running install_lib
[1.563s] creating /home/ghani/my_ws/install/py_srvcli/lib/python3.8/site-packages/py_srvcli
[1.564s] copying /home/ghani/my_ws/build/py_srvcli/build/lib/py_srvcli/__init__.py -> /home/ghani/my_ws/install/py_srvcli/lib/python3.8/site-packages/py_srvcli
[1.564s] copying /home/ghani/my_ws/build/py_srvcli/build/lib/py_srvcli/server.py -> /home/ghani/my_ws/install/py_srvcli/lib/python3.8/site-packages/py_srvcli
[1.564s] byte-compiling /home/ghani/my_ws/install/py_srvcli/lib/python3.8/site-packages/py_srvcli/__init__.py to __init__.cpython-38.pyc
[1.566s] byte-compiling /home/ghani/my_ws/install/py_srvcli/lib/python3.8/site-packages/py_srvcli/server.py to server.cpython-38.pyc
[1.566s] running install_data
[1.567s] creating /home/ghani/my_ws/install/py_srvcli/share/ament_index
[1.567s] creating /home/ghani/my_ws/install/py_srvcli/share/ament_index/resource_index
[1.567s] creating /home/ghani/my_ws/install/py_srvcli/share/ament_index/resource_index/packages
[1.567s] copying resource/py_srvcli -> /home/ghani/my_ws/install/py_srvcli/share/ament_index/resource_index/packages
[1.567s] copying package.xml -> /home/ghani/my_ws/install/py_srvcli/share/py_srvcli
[1.567s] running install_egg_info
[1.569s] Copying ../../build/py_srvcli/py_srvcli.egg-info to /home/ghani/my_ws/install/py_srvcli/lib/python3.8/site-packages/py_srvcli-0.0.0-py3.8.egg-info
[1.569s] running install_scripts
[1.584s] Installing service script to /home/ghani/my_ws/install/py_srvcli/lib/py_srvcli
[1.585s] writing list of installed files to '/home/ghani/my_ws/build/py_srvcli/install.log'
[1.613s] Invoked command in '/home/ghani/my_ws/src/py_srvcli' returned '0': PYTHONPATH=/home/ghani/my_ws/install/py_srvcli/lib/python3.8/site-packages:${PYTHONPATH} /usr/bin/python3 setup.py egg_info --egg-base ../../build/py_srvcli build --build-base /home/ghani/my_ws/build/py_srvcli/build install --prefix /home/ghani/my_ws/install/py_srvcli --record /home/ghani/my_ws/build/py_srvcli/install.log --single-version-externally-managed
