[0.019s] Invoking command in '/home/ghani/my_ws/build/final_package': CMAKE_PREFIX_PATH=/opt/ros/galactic /usr/bin/cmake --build /home/ghani/my_ws/build/final_package -- -j6 -l6
[0.063s] [35m[1mScanning dependencies of target controllercpp[0m
[0.087s] [ 50%] [32mBuilding CXX object CMakeFiles/controllercpp.dir/src/controller.cpp.o[0m
[2.013s] [01m[K/home/ghani/my_ws/src/final_package/src/controller.cpp:[m[K In member function ‘[01m[Kvoid MinimalSubscriber::topic_callback(turtlesim::msg::Pose_<std::allocator<void> >::SharedPtr) const[m[K’:
[2.013s] [01m[K/home/ghani/my_ws/src/final_package/src/controller.cpp:101:19:[m[K [01;31m[Kerror: [m[Kpassing ‘[01m[Kconst MinimalSubscriber[m[K’ as ‘[01m[Kthis[m[K’ argument discards qualifiers [[01;31m[K-fpermissive[m[K]
[2.013s]   101 |       setVelocity([01;31m[K)[m[K;
[2.013s]       |                   [01;31m[K^[m[K
[2.013s] [01m[K/home/ghani/my_ws/src/final_package/src/controller.cpp:44:8:[m[K [01;36m[Knote: [m[K  in call to ‘[01m[Kvoid MinimalSubscriber::setVelocity()[m[K’
[2.013s]    44 |   void [01;36m[KsetVelocity[m[K() {
[2.013s]       |        [01;36m[K^~~~~~~~~~~[m[K
[2.020s] [01m[K/home/ghani/my_ws/src/final_package/src/controller.cpp:111:64:[m[K [01;31m[Kerror: [m[Kpassing ‘[01m[Kconst MinimalSubscriber[m[K’ as ‘[01m[Kthis[m[K’ argument discards qualifiers [[01;31m[K-fpermissive[m[K]
[2.020s]   111 |          << "Distance to Waypoint = " << getDistanceToWaypoint([01;31m[K)[m[K << " m"
[2.020s]       |                                                                [01;31m[K^[m[K
[2.020s] [01m[K/home/ghani/my_ws/src/final_package/src/controller.cpp:86:11:[m[K [01;36m[Knote: [m[K  in call to ‘[01m[Kdouble MinimalSubscriber::getDistanceToWaypoint()[m[K’
[2.020s]    86 |    double [01;36m[KgetDistanceToWaypoint[m[K() {
[2.020s]       |           [01;36m[K^~~~~~~~~~~~~~~~~~~~~[m[K
[4.142s] make[2]: *** [CMakeFiles/controllercpp.dir/build.make:63: CMakeFiles/controllercpp.dir/src/controller.cpp.o] Error 1
[4.142s] make[1]: *** [CMakeFiles/Makefile2:78: CMakeFiles/controllercpp.dir/all] Error 2
[4.143s] make: *** [Makefile:141: all] Error 2
[4.146s] Invoked command in '/home/ghani/my_ws/build/final_package' returned '2': CMAKE_PREFIX_PATH=/opt/ros/galactic /usr/bin/cmake --build /home/ghani/my_ws/build/final_package -- -j6 -l6
