[0.019s] Invoking command in '/home/ghani/my_ws/build/final_package': CMAKE_PREFIX_PATH=/opt/ros/galactic /usr/bin/cmake --build /home/ghani/my_ws/build/final_package -- -j6 -l6
[0.064s] [35m[1mScanning dependencies of target controllercpp[0m
[0.090s] [ 50%] [32mBuilding CXX object CMakeFiles/controllercpp.dir/src/controller.cpp.o[0m
[1.797s] [01m[K/home/ghani/my_ws/src/final_package/src/controller.cpp:[m[K In function ‘[01m[Kvoid setVelocity()[m[K’:
[1.797s] [01m[K/home/ghani/my_ws/src/final_package/src/controller.cpp:76:18:[m[K [01;35m[Kwarning: [m[Kstatement has no effect [[01;35m[K-Wunused-value[m[K]
[1.797s]    76 |     [01;35m[KgoToWaypoint == false[m[K;
[1.797s]       |     [01;35m[K~~~~~~~~~~~~~^~~~~~~~[m[K
[7.435s] [100%] [32m[1mLinking CXX executable controllercpp[0m
[7.788s] [100%] Built target controllercpp
[7.800s] Invoked command in '/home/ghani/my_ws/build/final_package' returned '0': CMAKE_PREFIX_PATH=/opt/ros/galactic /usr/bin/cmake --build /home/ghani/my_ws/build/final_package -- -j6 -l6
[7.848s] Invoking command in '/home/ghani/my_ws/build/final_package': CMAKE_PREFIX_PATH=/opt/ros/galactic /usr/bin/cmake --install /home/ghani/my_ws/build/final_package
[7.856s] -- Install configuration: ""
[7.856s] -- Installing: /home/ghani/my_ws/install/final_package/lib/final_package/controllercpp
[7.859s] -- Set runtime path of "/home/ghani/my_ws/install/final_package/lib/final_package/controllercpp" to ""
[7.860s] -- Up-to-date: /home/ghani/my_ws/install/final_package/share/ament_index/resource_index/package_run_dependencies/final_package
[7.860s] -- Up-to-date: /home/ghani/my_ws/install/final_package/share/ament_index/resource_index/parent_prefix_path/final_package
[7.860s] -- Up-to-date: /home/ghani/my_ws/install/final_package/share/final_package/environment/ament_prefix_path.sh
[7.860s] -- Up-to-date: /home/ghani/my_ws/install/final_package/share/final_package/environment/ament_prefix_path.dsv
[7.860s] -- Up-to-date: /home/ghani/my_ws/install/final_package/share/final_package/environment/path.sh
[7.861s] -- Up-to-date: /home/ghani/my_ws/install/final_package/share/final_package/environment/path.dsv
[7.861s] -- Up-to-date: /home/ghani/my_ws/install/final_package/share/final_package/local_setup.bash
[7.861s] -- Up-to-date: /home/ghani/my_ws/install/final_package/share/final_package/local_setup.sh
[7.861s] -- Up-to-date: /home/ghani/my_ws/install/final_package/share/final_package/local_setup.zsh
[7.861s] -- Up-to-date: /home/ghani/my_ws/install/final_package/share/final_package/local_setup.dsv
[7.861s] -- Installing: /home/ghani/my_ws/install/final_package/share/final_package/package.dsv
[7.861s] -- Up-to-date: /home/ghani/my_ws/install/final_package/share/ament_index/resource_index/packages/final_package
[7.861s] -- Up-to-date: /home/ghani/my_ws/install/final_package/share/final_package/cmake/final_packageConfig.cmake
[7.861s] -- Up-to-date: /home/ghani/my_ws/install/final_package/share/final_package/cmake/final_packageConfig-version.cmake
[7.861s] -- Up-to-date: /home/ghani/my_ws/install/final_package/share/final_package/package.xml
[7.863s] Invoked command in '/home/ghani/my_ws/build/final_package' returned '0': CMAKE_PREFIX_PATH=/opt/ros/galactic /usr/bin/cmake --install /home/ghani/my_ws/build/final_package
