/home/ghani/my_ws/install/py_package/lib/python3.8/site-packages/py_package/publisher.py
/home/ghani/my_ws/install/py_package/lib/python3.8/site-packages/py_package/publisher_member_function.py
/home/ghani/my_ws/install/py_package/lib/python3.8/site-packages/py_package/__init__.py
/home/ghani/my_ws/install/py_package/lib/python3.8/site-packages/py_package/subsciber.py
/home/ghani/my_ws/install/py_package/lib/python3.8/site-packages/py_package/__pycache__/publisher.cpython-38.pyc
/home/ghani/my_ws/install/py_package/lib/python3.8/site-packages/py_package/__pycache__/publisher_member_function.cpython-38.pyc
/home/ghani/my_ws/install/py_package/lib/python3.8/site-packages/py_package/__pycache__/__init__.cpython-38.pyc
/home/ghani/my_ws/install/py_package/lib/python3.8/site-packages/py_package/__pycache__/subsciber.cpython-38.pyc
/home/ghani/my_ws/install/py_package/share/ament_index/resource_index/packages/py_package
/home/ghani/my_ws/install/py_package/share/py_package/package.xml
/home/ghani/my_ws/install/py_package/lib/python3.8/site-packages/py_package-0.0.0-py3.8.egg-info/PKG-INFO
/home/ghani/my_ws/install/py_package/lib/python3.8/site-packages/py_package-0.0.0-py3.8.egg-info/SOURCES.txt
/home/ghani/my_ws/install/py_package/lib/python3.8/site-packages/py_package-0.0.0-py3.8.egg-info/dependency_links.txt
/home/ghani/my_ws/install/py_package/lib/python3.8/site-packages/py_package-0.0.0-py3.8.egg-info/zip-safe
/home/ghani/my_ws/install/py_package/lib/python3.8/site-packages/py_package-0.0.0-py3.8.egg-info/top_level.txt
/home/ghani/my_ws/install/py_package/lib/python3.8/site-packages/py_package-0.0.0-py3.8.egg-info/requires.txt
/home/ghani/my_ws/install/py_package/lib/python3.8/site-packages/py_package-0.0.0-py3.8.egg-info/entry_points.txt
/home/ghani/my_ws/install/py_package/lib/py_package/exersice
/home/ghani/my_ws/install/py_package/lib/py_package/listner
/home/ghani/my_ws/install/py_package/lib/py_package/talker
