[0.022s] Invoking command in '/home/ghani/my_ws/build/customized_srv_msg': CMAKE_PREFIX_PATH=/opt/ros/galactic /usr/bin/cmake --build /home/ghani/my_ws/build/customized_srv_msg -- -j6 -l6
[0.048s] -- Found ament_cmake: 1.1.5 (/opt/ros/galactic/share/ament_cmake/cmake)
[0.068s] -- Found PythonInterp: /usr/bin/python3 (found suitable version "3.8.10", minimum required is "3") 
[0.068s] -- Using PYTHON_EXECUTABLE: /usr/bin/python3
[0.125s] -- Found rosidl_default_generators: 1.1.1 (/opt/ros/galactic/share/rosidl_default_generators/cmake)
[0.126s] -- Using all available rosidl_typesupport_c: rosidl_typesupport_fastrtps_c;rosidl_typesupport_introspection_c
[0.130s] -- Found rosidl_adapter: 2.2.1 (/opt/ros/galactic/share/rosidl_adapter/cmake)
[0.256s] -- Using all available rosidl_typesupport_cpp: rosidl_typesupport_fastrtps_cpp;rosidl_typesupport_introspection_cpp
[0.297s] -- Found PythonInterp: /usr/bin/python3 (found version "3.8.10") 
[0.489s] CMake Error at /opt/ros/galactic/share/rosidl_adapter/cmake/rosidl_adapt_interfaces.cmake:60 (message):
[0.489s]   execute_process(/usr/bin/python3 -m rosidl_adapter --package-name
[0.489s]   customized_srv_msg --arguments-file
[0.489s]   /home/ghani/my_ws/build/customized_srv_msg/rosidl_adapter__arguments__customized_srv_msg.json
[0.489s]   --output-dir
[0.490s]   /home/ghani/my_ws/build/customized_srv_msg/rosidl_adapter/customized_srv_msg
[0.490s]   --output-file
[0.490s]   /home/ghani/my_ws/build/customized_srv_msg/rosidl_adapter/customized_srv_msg.idls)
[0.491s]   returned error code 1:
[0.491s] 
[0.491s]   Error processing 'bool32 status' of 'customized_srv_msg/Control_Result':
[0.491s]   ''bool32' is an invalid message name.  It should have the pattern
[0.491s]   '^[A-Z][A-Za-z0-9]*$''
[0.491s] 
[0.491s]   Traceback (most recent call last):
[0.491s] 
[0.491s]     File "/usr/lib/python3.8/runpy.py", line 194, in _run_module_as_main
[0.491s]       return _run_code(code, main_globals, None,
[0.491s]     File "/usr/lib/python3.8/runpy.py", line 87, in _run_code
[0.491s]       exec(code, run_globals)
[0.491s]     File "/opt/ros/galactic/lib/python3.8/site-packages/rosidl_adapter/__main__.py", line 19, in <module>
[0.491s]       sys.exit(main())
[0.491s]     File "/opt/ros/galactic/lib/python3.8/site-packages/rosidl_adapter/main.py", line 53, in main
[0.491s]       abs_idl_file = convert_to_idl(
[0.491s]     File "/opt/ros/galactic/lib/python3.8/site-packages/rosidl_adapter/__init__.py", line 29, in convert_to_idl
[0.492s]       return convert_action_to_idl(
[0.492s]     File "/opt/ros/galactic/lib/python3.8/site-packages/rosidl_adapter/action/__init__.py", line 28, in convert_action_to_idl
[0.492s]       action = parse_action_string(package_name, input_file.stem, content)
[0.492s]     File "/opt/ros/galactic/lib/python3.8/site-packages/rosidl_adapter/parser.py", line 894, in parse_action_string
[0.492s]       result_message = parse_message_string(
[0.492s]     File "/opt/ros/galactic/lib/python3.8/site-packages/rosidl_adapter/parser.py", line 516, in parse_message_string
[0.492s]       Type(type_string, context_package_name=pkg_name),
[0.492s]     File "/opt/ros/galactic/lib/python3.8/site-packages/rosidl_adapter/parser.py", line 276, in __init__
[0.492s]       super(Type, self).__init__(
[0.492s]     File "/opt/ros/galactic/lib/python3.8/site-packages/rosidl_adapter/parser.py", line 204, in __init__
[0.492s]       raise InvalidResourceName(
[0.492s] 
[0.492s]   rosidl_adapter.parser.InvalidResourceName: 'bool32' is an invalid message
[0.492s]   name.  It should have the pattern '^[A-Z][A-Za-z0-9]*$'
[0.492s] 
[0.492s] Call Stack (most recent call first):
[0.492s]   /opt/ros/galactic/share/rosidl_cmake/cmake/rosidl_generate_interfaces.cmake:130 (rosidl_adapt_interfaces)
[0.492s]   CMakeLists.txt:12 (rosidl_generate_interfaces)
[0.492s] 
[0.492s] 
[0.493s] -- Configuring incomplete, errors occurred!
[0.493s] See also "/home/ghani/my_ws/build/customized_srv_msg/CMakeFiles/CMakeOutput.log".
[0.495s] make: *** [Makefile:1468: cmake_check_build_system] Error 1
[0.501s] Invoked command in '/home/ghani/my_ws/build/customized_srv_msg' returned '2': CMAKE_PREFIX_PATH=/opt/ros/galactic /usr/bin/cmake --build /home/ghani/my_ws/build/customized_srv_msg -- -j6 -l6
