[0.734s] Invoking command in '/home/ghani/my_ws/src/py_package': PYTHONPATH=/home/ghani/my_ws/install/py_package/lib/python3.8/site-packages:${PYTHONPATH} /usr/bin/python3 setup.py egg_info --egg-base ../../build/py_package build --build-base /home/ghani/my_ws/build/py_package/build install --prefix /home/ghani/my_ws/install/py_package --record /home/ghani/my_ws/build/py_package/install.log --single-version-externally-managed
[0.913s] running egg_info
[0.913s] writing ../../build/py_package/py_package.egg-info/PKG-INFO
[0.913s] writing dependency_links to ../../build/py_package/py_package.egg-info/dependency_links.txt
[0.913s] writing entry points to ../../build/py_package/py_package.egg-info/entry_points.txt
[0.913s] writing requirements to ../../build/py_package/py_package.egg-info/requires.txt
[0.914s] writing top-level names to ../../build/py_package/py_package.egg-info/top_level.txt
[0.944s] reading manifest file '../../build/py_package/py_package.egg-info/SOURCES.txt'
[0.945s] writing manifest file '../../build/py_package/py_package.egg-info/SOURCES.txt'
[0.945s] running build
[0.945s] running build_py
[0.945s] copying py_package/controller.py -> /home/ghani/my_ws/build/py_package/build/lib/py_package
[0.945s] running install
[0.946s] running install_lib
[0.947s] copying /home/ghani/my_ws/build/py_package/build/lib/py_package/controller.py -> /home/ghani/my_ws/install/py_package/lib/python3.8/site-packages/py_package
[0.947s] byte-compiling /home/ghani/my_ws/install/py_package/lib/python3.8/site-packages/py_package/controller.py to controller.cpython-38.pyc
[0.948s] Sorry: TabError: inconsistent use of tabs and spaces in indentation (controller.py, line 21)
[0.949s] running install_data
[0.949s] running install_egg_info
[0.950s] removing '/home/ghani/my_ws/install/py_package/lib/python3.8/site-packages/py_package-0.0.0-py3.8.egg-info' (and everything under it)
[0.951s] Copying ../../build/py_package/py_package.egg-info to /home/ghani/my_ws/install/py_package/lib/python3.8/site-packages/py_package-0.0.0-py3.8.egg-info
[0.951s] running install_scripts
[0.967s] Installing LISTNER script to /home/ghani/my_ws/install/py_package/lib/py_package
[0.967s] Installing controller script to /home/ghani/my_ws/install/py_package/lib/py_package
[0.967s] Installing talker script to /home/ghani/my_ws/install/py_package/lib/py_package
[0.968s] writing list of installed files to '/home/ghani/my_ws/build/py_package/install.log'
[0.993s] Invoked command in '/home/ghani/my_ws/src/py_package' returned '0': PYTHONPATH=/home/ghani/my_ws/install/py_package/lib/python3.8/site-packages:${PYTHONPATH} /usr/bin/python3 setup.py egg_info --egg-base ../../build/py_package build --build-base /home/ghani/my_ws/build/py_package/build install --prefix /home/ghani/my_ws/install/py_package --record /home/ghani/my_ws/build/py_package/install.log --single-version-externally-managed
