[0.016s] Invoking command in '/home/ghani/my_ws/build/final_package': CMAKE_PREFIX_PATH=/opt/ros/galactic /usr/bin/cmake --build /home/ghani/my_ws/build/final_package -- -j6 -l6
[0.062s] [35m[1mScanning dependencies of target controllercpp[0m
[0.087s] [ 50%] [32mBuilding CXX object CMakeFiles/controllercpp.dir/src/controller.cpp.o[0m
[1.965s] [01m[K/home/ghani/my_ws/src/final_package/src/controller.cpp:[m[K In member function ‘[01m[Kvoid MinimalSubscriber::topic_callback(turtlesim::msg::Pose_<std::allocator<void> >::SharedPtr) const[m[K’:
[1.965s] [01m[K/home/ghani/my_ws/src/final_package/src/controller.cpp:30:13:[m[K [01;35m[Kwarning: [m[Kvariable ‘[01m[Kgoal[m[K’ set but not used [[01;35m[K-Wunused-but-set-variable[m[K]
[1.965s]    30 |        auto [01;35m[Kgoal[m[K = turtlesim::msg::Pose();
[1.965s]       |             [01;35m[K^~~~[m[K
[7.094s] [100%] [32m[1mLinking CXX executable controllercpp[0m
[7.423s] [100%] Built target controllercpp
[7.436s] Invoked command in '/home/ghani/my_ws/build/final_package' returned '0': CMAKE_PREFIX_PATH=/opt/ros/galactic /usr/bin/cmake --build /home/ghani/my_ws/build/final_package -- -j6 -l6
[7.483s] Invoking command in '/home/ghani/my_ws/build/final_package': CMAKE_PREFIX_PATH=/opt/ros/galactic /usr/bin/cmake --install /home/ghani/my_ws/build/final_package
[7.492s] -- Install configuration: ""
[7.492s] -- Installing: /home/ghani/my_ws/install/final_package/lib/final_package/controllercpp
[7.495s] -- Set runtime path of "/home/ghani/my_ws/install/final_package/lib/final_package/controllercpp" to ""
[7.495s] -- Up-to-date: /home/ghani/my_ws/install/final_package/share/ament_index/resource_index/package_run_dependencies/final_package
[7.496s] -- Up-to-date: /home/ghani/my_ws/install/final_package/share/ament_index/resource_index/parent_prefix_path/final_package
[7.496s] -- Up-to-date: /home/ghani/my_ws/install/final_package/share/final_package/environment/ament_prefix_path.sh
[7.496s] -- Up-to-date: /home/ghani/my_ws/install/final_package/share/final_package/environment/ament_prefix_path.dsv
[7.496s] -- Up-to-date: /home/ghani/my_ws/install/final_package/share/final_package/environment/path.sh
[7.496s] -- Up-to-date: /home/ghani/my_ws/install/final_package/share/final_package/environment/path.dsv
[7.496s] -- Up-to-date: /home/ghani/my_ws/install/final_package/share/final_package/local_setup.bash
[7.496s] -- Up-to-date: /home/ghani/my_ws/install/final_package/share/final_package/local_setup.sh
[7.496s] -- Up-to-date: /home/ghani/my_ws/install/final_package/share/final_package/local_setup.zsh
[7.496s] -- Up-to-date: /home/ghani/my_ws/install/final_package/share/final_package/local_setup.dsv
[7.496s] -- Installing: /home/ghani/my_ws/install/final_package/share/final_package/package.dsv
[7.496s] -- Up-to-date: /home/ghani/my_ws/install/final_package/share/ament_index/resource_index/packages/final_package
[7.496s] -- Up-to-date: /home/ghani/my_ws/install/final_package/share/final_package/cmake/final_packageConfig.cmake
[7.496s] -- Up-to-date: /home/ghani/my_ws/install/final_package/share/final_package/cmake/final_packageConfig-version.cmake
[7.497s] -- Up-to-date: /home/ghani/my_ws/install/final_package/share/final_package/package.xml
[7.498s] Invoked command in '/home/ghani/my_ws/build/final_package' returned '0': CMAKE_PREFIX_PATH=/opt/ros/galactic /usr/bin/cmake --install /home/ghani/my_ws/build/final_package
