[0.575s] Invoking command in '/home/ghani/my_ws/src/py_package': PYTHONPATH=/home/ghani/my_ws/install/py_package/lib/python3.8/site-packages:${PYTHONPATH} /usr/bin/python3 setup.py egg_info --egg-base ../../build/py_package build --build-base /home/ghani/my_ws/build/py_package/build install --prefix /home/ghani/my_ws/install/py_package --record /home/ghani/my_ws/build/py_package/install.log --single-version-externally-managed
[0.773s] running egg_info
[0.774s] writing ../../build/py_package/py_package.egg-info/PKG-INFO
[0.774s] writing dependency_links to ../../build/py_package/py_package.egg-info/dependency_links.txt
[0.774s] writing entry points to ../../build/py_package/py_package.egg-info/entry_points.txt
[0.776s] writing requirements to ../../build/py_package/py_package.egg-info/requires.txt
[0.776s] writing top-level names to ../../build/py_package/py_package.egg-info/top_level.txt
[0.806s] reading manifest file '../../build/py_package/py_package.egg-info/SOURCES.txt'
[0.807s] writing manifest file '../../build/py_package/py_package.egg-info/SOURCES.txt'
[0.808s] running build
[0.808s] running build_py
[0.808s] copying py_package/controller.py -> /home/ghani/my_ws/build/py_package/build/lib/py_package
[0.808s] running install
[0.808s] running install_lib
[0.809s] copying /home/ghani/my_ws/build/py_package/build/lib/py_package/controller.py -> /home/ghani/my_ws/install/py_package/lib/python3.8/site-packages/py_package
[0.810s] byte-compiling /home/ghani/my_ws/install/py_package/lib/python3.8/site-packages/py_package/controller.py to controller.cpython-38.pyc
[0.811s] Sorry: TabError: inconsistent use of tabs and spaces in indentation (controller.py, line 22)
[0.811s] running install_data
[0.811s] running install_egg_info
[0.813s] removing '/home/ghani/my_ws/install/py_package/lib/python3.8/site-packages/py_package-0.0.0-py3.8.egg-info' (and everything under it)
[0.813s] Copying ../../build/py_package/py_package.egg-info to /home/ghani/my_ws/install/py_package/lib/python3.8/site-packages/py_package-0.0.0-py3.8.egg-info
[0.814s] running install_scripts
[0.831s] Installing LISTNER script to /home/ghani/my_ws/install/py_package/lib/py_package
[0.831s] Installing controller script to /home/ghani/my_ws/install/py_package/lib/py_package
[0.832s] Installing talker script to /home/ghani/my_ws/install/py_package/lib/py_package
[0.833s] writing list of installed files to '/home/ghani/my_ws/build/py_package/install.log'
[0.859s] Invoked command in '/home/ghani/my_ws/src/py_package' returned '0': PYTHONPATH=/home/ghani/my_ws/install/py_package/lib/python3.8/site-packages:${PYTHONPATH} /usr/bin/python3 setup.py egg_info --egg-base ../../build/py_package build --build-base /home/ghani/my_ws/build/py_package/build install --prefix /home/ghani/my_ws/install/py_package --record /home/ghani/my_ws/build/py_package/install.log --single-version-externally-managed
