running egg_info
creating ../../build/controller_py/controller_py.egg-info
writing ../../build/controller_py/controller_py.egg-info/PKG-INFO
writing dependency_links to ../../build/controller_py/controller_py.egg-info/dependency_links.txt
writing entry points to ../../build/controller_py/controller_py.egg-info/entry_points.txt
writing requirements to ../../build/controller_py/controller_py.egg-info/requires.txt
writing top-level names to ../../build/controller_py/controller_py.egg-info/top_level.txt
writing manifest file '../../build/controller_py/controller_py.egg-info/SOURCES.txt'
reading manifest file '../../build/controller_py/controller_py.egg-info/SOURCES.txt'
writing manifest file '../../build/controller_py/controller_py.egg-info/SOURCES.txt'
running build
running build_py
creating /home/ghani/my_ws/build/controller_py/build
creating /home/ghani/my_ws/build/controller_py/build/lib
creating /home/ghani/my_ws/build/controller_py/build/lib/controller_py
copying controller_py/controller.py -> /home/ghani/my_ws/build/controller_py/build/lib/controller_py
copying controller_py/__init__.py -> /home/ghani/my_ws/build/controller_py/build/lib/controller_py
running install
running install_lib
creating /home/ghani/my_ws/install/controller_py/lib/python3.8/site-packages/controller_py
copying /home/ghani/my_ws/build/controller_py/build/lib/controller_py/controller.py -> /home/ghani/my_ws/install/controller_py/lib/python3.8/site-packages/controller_py
copying /home/ghani/my_ws/build/controller_py/build/lib/controller_py/__init__.py -> /home/ghani/my_ws/install/controller_py/lib/python3.8/site-packages/controller_py
byte-compiling /home/ghani/my_ws/install/controller_py/lib/python3.8/site-packages/controller_py/controller.py to controller.cpython-38.pyc
byte-compiling /home/ghani/my_ws/install/controller_py/lib/python3.8/site-packages/controller_py/__init__.py to __init__.cpython-38.pyc
running install_data
creating /home/ghani/my_ws/install/controller_py/share/ament_index
creating /home/ghani/my_ws/install/controller_py/share/ament_index/resource_index
creating /home/ghani/my_ws/install/controller_py/share/ament_index/resource_index/packages
copying resource/controller_py -> /home/ghani/my_ws/install/controller_py/share/ament_index/resource_index/packages
copying package.xml -> /home/ghani/my_ws/install/controller_py/share/controller_py
running install_egg_info
Copying ../../build/controller_py/controller_py.egg-info to /home/ghani/my_ws/install/controller_py/lib/python3.8/site-packages/controller_py-0.0.0-py3.8.egg-info
running install_scripts
Installing py_controller script to /home/ghani/my_ws/install/controller_py/lib/controller_py
writing list of installed files to '/home/ghani/my_ws/build/controller_py/install.log'
