[1.104s] Invoking command in '/home/ghani/my_ws/src/srevices_exercise': PYTHONPATH=/home/ghani/my_ws/install/srevices_exercise/lib/python3.8/site-packages:${PYTHONPATH} /usr/bin/python3 setup.py egg_info --egg-base ../../build/srevices_exercise build --build-base /home/ghani/my_ws/build/srevices_exercise/build install --prefix /home/ghani/my_ws/install/srevices_exercise --record /home/ghani/my_ws/build/srevices_exercise/install.log --single-version-externally-managed
[1.543s] running egg_info
[1.544s] writing ../../build/srevices_exercise/srevices_exercise.egg-info/PKG-INFO
[1.545s] writing dependency_links to ../../build/srevices_exercise/srevices_exercise.egg-info/dependency_links.txt
[1.546s] writing entry points to ../../build/srevices_exercise/srevices_exercise.egg-info/entry_points.txt
[1.548s] writing requirements to ../../build/srevices_exercise/srevices_exercise.egg-info/requires.txt
[1.548s] writing top-level names to ../../build/srevices_exercise/srevices_exercise.egg-info/top_level.txt
[1.621s] reading manifest file '../../build/srevices_exercise/srevices_exercise.egg-info/SOURCES.txt'
[1.623s] writing manifest file '../../build/srevices_exercise/srevices_exercise.egg-info/SOURCES.txt'
[1.624s] running build
[1.625s] running build_py
[1.626s] copying srevices_exercise/spawn_client.py -> /home/ghani/my_ws/build/srevices_exercise/build/lib/srevices_exercise
[1.626s] running install
[1.629s] running install_lib
[1.631s] copying /home/ghani/my_ws/build/srevices_exercise/build/lib/srevices_exercise/spawn_client.py -> /home/ghani/my_ws/install/srevices_exercise/lib/python3.8/site-packages/srevices_exercise
[1.632s] byte-compiling /home/ghani/my_ws/install/srevices_exercise/lib/python3.8/site-packages/srevices_exercise/spawn_client.py to spawn_client.cpython-38.pyc
[1.637s] running install_data
[1.638s] running install_egg_info
[1.643s] removing '/home/ghani/my_ws/install/srevices_exercise/lib/python3.8/site-packages/srevices_exercise-0.0.0-py3.8.egg-info' (and everything under it)
[1.643s] Copying ../../build/srevices_exercise/srevices_exercise.egg-info to /home/ghani/my_ws/install/srevices_exercise/lib/python3.8/site-packages/srevices_exercise-0.0.0-py3.8.egg-info
[1.644s] running install_scripts
[1.681s] Installing kill_client script to /home/ghani/my_ws/install/srevices_exercise/lib/srevices_exercise
[1.681s] Installing spawn_client script to /home/ghani/my_ws/install/srevices_exercise/lib/srevices_exercise
[1.683s] writing list of installed files to '/home/ghani/my_ws/build/srevices_exercise/install.log'
[1.721s] Invoked command in '/home/ghani/my_ws/src/srevices_exercise' returned '0': PYTHONPATH=/home/ghani/my_ws/install/srevices_exercise/lib/python3.8/site-packages:${PYTHONPATH} /usr/bin/python3 setup.py egg_info --egg-base ../../build/srevices_exercise build --build-base /home/ghani/my_ws/build/srevices_exercise/build install --prefix /home/ghani/my_ws/install/srevices_exercise --record /home/ghani/my_ws/build/srevices_exercise/install.log --single-version-externally-managed
