-- Found ament_cmake: 1.1.5 (/opt/ros/galactic/share/ament_cmake/cmake)
-- Using PYTHON_EXECUTABLE: /usr/bin/python3
-- Found rclcpp: 9.2.0 (/opt/ros/galactic/share/rclcpp/cmake)
-- Using all available rosidl_typesupport_c: rosidl_typesupport_fastrtps_c;rosidl_typesupport_introspection_c
-- Found rosidl_adapter: 2.2.1 (/opt/ros/galactic/share/rosidl_adapter/cmake)
-- Using all available rosidl_typesupport_cpp: rosidl_typesupport_fastrtps_cpp;rosidl_typesupport_introspection_cpp
-- Found rmw_implementation_cmake: 3.3.1 (/opt/ros/galactic/share/rmw_implementation_cmake/cmake)
-- Found rmw_cyclonedds_cpp: 0.22.4 (/opt/ros/galactic/share/rmw_cyclonedds_cpp/cmake)
-- Using RMW implementation 'rmw_cyclonedds_cpp' as default
-- Found turtlesim: 1.3.3 (/opt/ros/galactic/share/turtlesim/cmake)
-- Found ament_lint_auto: 0.10.6 (/opt/ros/galactic/share/ament_lint_auto/cmake)
-- Added test 'copyright' to check source files copyright and LICENSE
-- Added test 'cppcheck' to perform static code analysis on C / C++ code
-- Configured cppcheck include dirs: 
-- Configured cppcheck exclude dirs and/or files: 
-- Added test 'cpplint' to check C / C++ code against the Google style
-- Configured cpplint exclude dirs and/or files: 
-- Added test 'lint_cmake' to check CMake code style
-- Added test 'uncrustify' to check C / C++ code style
-- Configured uncrustify additional arguments: 
-- Added test 'xmllint' to check XML markup files
-- Configuring done
-- Generating done
-- Build files have been written to: /home/ghani/my_ws/build/newcpppackage
[35m[1mScanning dependencies of target listnercpp[0m
[ 50%] [32mBuilding CXX object CMakeFiles/listnercpp.dir/src/sub.cpp.o[0m
[100%] [32m[1mLinking CXX executable listnercpp[0m
[100%] Built target listnercpp
-- Install configuration: ""
-- Installing: /home/ghani/my_ws/install/newcpppackage/lib/newcpppackage/listnercpp
-- Set runtime path of "/home/ghani/my_ws/install/newcpppackage/lib/newcpppackage/listnercpp" to ""
-- Installing: /home/ghani/my_ws/install/newcpppackage/share/ament_index/resource_index/package_run_dependencies/newcpppackage
-- Installing: /home/ghani/my_ws/install/newcpppackage/share/ament_index/resource_index/parent_prefix_path/newcpppackage
-- Installing: /home/ghani/my_ws/install/newcpppackage/share/newcpppackage/environment/ament_prefix_path.sh
-- Installing: /home/ghani/my_ws/install/newcpppackage/share/newcpppackage/environment/ament_prefix_path.dsv
-- Installing: /home/ghani/my_ws/install/newcpppackage/share/newcpppackage/environment/path.sh
-- Installing: /home/ghani/my_ws/install/newcpppackage/share/newcpppackage/environment/path.dsv
-- Installing: /home/ghani/my_ws/install/newcpppackage/share/newcpppackage/local_setup.bash
-- Installing: /home/ghani/my_ws/install/newcpppackage/share/newcpppackage/local_setup.sh
-- Installing: /home/ghani/my_ws/install/newcpppackage/share/newcpppackage/local_setup.zsh
-- Installing: /home/ghani/my_ws/install/newcpppackage/share/newcpppackage/local_setup.dsv
-- Installing: /home/ghani/my_ws/install/newcpppackage/share/newcpppackage/package.dsv
-- Installing: /home/ghani/my_ws/install/newcpppackage/share/ament_index/resource_index/packages/newcpppackage
-- Installing: /home/ghani/my_ws/install/newcpppackage/share/newcpppackage/cmake/newcpppackageConfig.cmake
-- Installing: /home/ghani/my_ws/install/newcpppackage/share/newcpppackage/cmake/newcpppackageConfig-version.cmake
-- Installing: /home/ghani/my_ws/install/newcpppackage/share/newcpppackage/package.xml
