[0.016s] Invoking command in '/home/ghani/my_ws/build/newcpppackage': CMAKE_PREFIX_PATH=/opt/ros/galactic /usr/bin/cmake /home/ghani/my_ws/src/newcpppackage -DCMAKE_INSTALL_PREFIX=/home/ghani/my_ws/install/newcpppackage
[0.029s] -- Found ament_cmake: 1.1.5 (/opt/ros/galactic/share/ament_cmake/cmake)
[0.048s] -- Using PYTHON_EXECUTABLE: /usr/bin/python3
[0.103s] -- Found rclcpp: 9.2.0 (/opt/ros/galactic/share/rclcpp/cmake)
[0.135s] -- Using all available rosidl_typesupport_c: rosidl_typesupport_fastrtps_c;rosidl_typesupport_introspection_c
[0.138s] -- Found rosidl_adapter: 2.2.1 (/opt/ros/galactic/share/rosidl_adapter/cmake)
[0.250s] -- Using all available rosidl_typesupport_cpp: rosidl_typesupport_fastrtps_cpp;rosidl_typesupport_introspection_cpp
[0.299s] -- Found rmw_implementation_cmake: 3.3.1 (/opt/ros/galactic/share/rmw_implementation_cmake/cmake)
[0.301s] -- Found rmw_cyclonedds_cpp: 0.22.4 (/opt/ros/galactic/share/rmw_cyclonedds_cpp/cmake)
[0.322s] -- Using RMW implementation 'rmw_cyclonedds_cpp' as default
[0.448s] -- Found turtlesim: 1.3.3 (/opt/ros/galactic/share/turtlesim/cmake)
[0.541s] -- Found ament_lint_auto: 0.10.6 (/opt/ros/galactic/share/ament_lint_auto/cmake)
[0.597s] -- Added test 'copyright' to check source files copyright and LICENSE
[0.598s] -- Added test 'cppcheck' to perform static code analysis on C / C++ code
[0.598s] -- Configured cppcheck include dirs: 
[0.598s] -- Configured cppcheck exclude dirs and/or files: 
[0.598s] -- Added test 'cpplint' to check C / C++ code against the Google style
[0.598s] -- Configured cpplint exclude dirs and/or files: 
[0.599s] -- Added test 'lint_cmake' to check CMake code style
[0.600s] -- Added test 'uncrustify' to check C / C++ code style
[0.600s] -- Configured uncrustify additional arguments: 
[0.600s] -- Added test 'xmllint' to check XML markup files
[0.602s] -- Configuring done
[0.610s] -- Generating done
[0.612s] -- Build files have been written to: /home/ghani/my_ws/build/newcpppackage
[0.617s] Invoked command in '/home/ghani/my_ws/build/newcpppackage' returned '0': CMAKE_PREFIX_PATH=/opt/ros/galactic /usr/bin/cmake /home/ghani/my_ws/src/newcpppackage -DCMAKE_INSTALL_PREFIX=/home/ghani/my_ws/install/newcpppackage
[0.621s] Invoking command in '/home/ghani/my_ws/build/newcpppackage': CMAKE_PREFIX_PATH=/opt/ros/galactic /usr/bin/cmake --build /home/ghani/my_ws/build/newcpppackage -- -j6 -l6
[0.664s] [35m[1mScanning dependencies of target listnercpp[0m
[0.696s] [ 50%] [32mBuilding CXX object CMakeFiles/listnercpp.dir/src/sub.cpp.o[0m
[2.562s] [01m[K/home/ghani/my_ws/src/newcpppackage/src/sub.cpp:[m[K In member function ‘[01m[Kvoid MinimalSubscriber::topic_callback(turtlesim::msg::Pose_<std::allocator<void> >::SharedPtr) const[m[K’:
[2.562s] [01m[K/home/ghani/my_ws/src/newcpppackage/src/sub.cpp:19:63:[m[K [01;35m[Kwarning: [m[Kunused parameter ‘[01m[Kmsg[m[K’ [[01;35m[K-Wunused-parameter[m[K]
[2.563s]    19 |     void topic_callback([01;35m[Kconst turtlesim::msg::Pose::SharedPtr msg[m[K) const
[2.563s]       |                         [01;35m[K~~~~~~~~~~~~~~~~~~~~~~~~~~~~~~~~~~~~~~^~~[m[K
[7.278s] [100%] [32m[1mLinking CXX executable listnercpp[0m
[7.578s] [100%] Built target listnercpp
[7.590s] Invoked command in '/home/ghani/my_ws/build/newcpppackage' returned '0': CMAKE_PREFIX_PATH=/opt/ros/galactic /usr/bin/cmake --build /home/ghani/my_ws/build/newcpppackage -- -j6 -l6
[7.637s] Invoking command in '/home/ghani/my_ws/build/newcpppackage': CMAKE_PREFIX_PATH=/opt/ros/galactic /usr/bin/cmake --install /home/ghani/my_ws/build/newcpppackage
[7.646s] -- Install configuration: ""
[7.646s] -- Installing: /home/ghani/my_ws/install/newcpppackage/lib/newcpppackage/listnercpp
[7.648s] -- Set runtime path of "/home/ghani/my_ws/install/newcpppackage/lib/newcpppackage/listnercpp" to ""
[7.648s] -- Installing: /home/ghani/my_ws/install/newcpppackage/share/ament_index/resource_index/package_run_dependencies/newcpppackage
[7.649s] -- Installing: /home/ghani/my_ws/install/newcpppackage/share/ament_index/resource_index/parent_prefix_path/newcpppackage
[7.649s] -- Installing: /home/ghani/my_ws/install/newcpppackage/share/newcpppackage/environment/ament_prefix_path.sh
[7.649s] -- Installing: /home/ghani/my_ws/install/newcpppackage/share/newcpppackage/environment/ament_prefix_path.dsv
[7.650s] -- Installing: /home/ghani/my_ws/install/newcpppackage/share/newcpppackage/environment/path.sh
[7.650s] -- Installing: /home/ghani/my_ws/install/newcpppackage/share/newcpppackage/environment/path.dsv
[7.650s] -- Installing: /home/ghani/my_ws/install/newcpppackage/share/newcpppackage/local_setup.bash
[7.650s] -- Installing: /home/ghani/my_ws/install/newcpppackage/share/newcpppackage/local_setup.sh
[7.650s] -- Installing: /home/ghani/my_ws/install/newcpppackage/share/newcpppackage/local_setup.zsh
[7.650s] -- Installing: /home/ghani/my_ws/install/newcpppackage/share/newcpppackage/local_setup.dsv
[7.650s] -- Installing: /home/ghani/my_ws/install/newcpppackage/share/newcpppackage/package.dsv
[7.650s] -- Installing: /home/ghani/my_ws/install/newcpppackage/share/ament_index/resource_index/packages/newcpppackage
[7.650s] -- Installing: /home/ghani/my_ws/install/newcpppackage/share/newcpppackage/cmake/newcpppackageConfig.cmake
[7.650s] -- Installing: /home/ghani/my_ws/install/newcpppackage/share/newcpppackage/cmake/newcpppackageConfig-version.cmake
[7.650s] -- Installing: /home/ghani/my_ws/install/newcpppackage/share/newcpppackage/package.xml
[7.653s] Invoked command in '/home/ghani/my_ws/build/newcpppackage' returned '0': CMAKE_PREFIX_PATH=/opt/ros/galactic /usr/bin/cmake --install /home/ghani/my_ws/build/newcpppackage
