[0.570s] Invoking command in '/home/ghani/my_ws/src/action_py': PYTHONPATH=/home/ghani/my_ws/install/action_py/lib/python3.8/site-packages:${PYTHONPATH} /usr/bin/python3 setup.py egg_info --egg-base ../../build/action_py build --build-base /home/ghani/my_ws/build/action_py/build install --prefix /home/ghani/my_ws/install/action_py --record /home/ghani/my_ws/build/action_py/install.log --single-version-externally-managed
[0.759s] running egg_info
[0.759s] creating ../../build/action_py/action_py.egg-info
[0.759s] writing ../../build/action_py/action_py.egg-info/PKG-INFO
[0.760s] writing dependency_links to ../../build/action_py/action_py.egg-info/dependency_links.txt
[0.760s] writing entry points to ../../build/action_py/action_py.egg-info/entry_points.txt
[0.760s] writing requirements to ../../build/action_py/action_py.egg-info/requires.txt
[0.760s] writing top-level names to ../../build/action_py/action_py.egg-info/top_level.txt
[0.761s] writing manifest file '../../build/action_py/action_py.egg-info/SOURCES.txt'
[0.790s] reading manifest file '../../build/action_py/action_py.egg-info/SOURCES.txt'
[0.791s] writing manifest file '../../build/action_py/action_py.egg-info/SOURCES.txt'
[0.791s] running build
[0.791s] running build_py
[0.792s] creating /home/ghani/my_ws/build/action_py/build
[0.792s] creating /home/ghani/my_ws/build/action_py/build/lib
[0.792s] creating /home/ghani/my_ws/build/action_py/build/lib/action_py
[0.792s] copying action_py/__init__.py -> /home/ghani/my_ws/build/action_py/build/lib/action_py
[0.792s] running install
[0.792s] running install_lib
[0.793s] creating /home/ghani/my_ws/install/action_py/lib/python3.8/site-packages/action_py
[0.793s] copying /home/ghani/my_ws/build/action_py/build/lib/action_py/__init__.py -> /home/ghani/my_ws/install/action_py/lib/python3.8/site-packages/action_py
[0.794s] byte-compiling /home/ghani/my_ws/install/action_py/lib/python3.8/site-packages/action_py/__init__.py to __init__.cpython-38.pyc
[0.795s] running install_data
[0.795s] creating /home/ghani/my_ws/install/action_py/share/ament_index
[0.795s] creating /home/ghani/my_ws/install/action_py/share/ament_index/resource_index
[0.795s] creating /home/ghani/my_ws/install/action_py/share/ament_index/resource_index/packages
[0.796s] copying resource/action_py -> /home/ghani/my_ws/install/action_py/share/ament_index/resource_index/packages
[0.796s] copying package.xml -> /home/ghani/my_ws/install/action_py/share/action_py
[0.796s] running install_egg_info
[0.797s] Copying ../../build/action_py/action_py.egg-info to /home/ghani/my_ws/install/action_py/lib/python3.8/site-packages/action_py-0.0.0-py3.8.egg-info
[0.798s] running install_scripts
[0.813s] Installing action_server script to /home/ghani/my_ws/install/action_py/lib/action_py
[0.813s] writing list of installed files to '/home/ghani/my_ws/build/action_py/install.log'
[0.837s] Invoked command in '/home/ghani/my_ws/src/action_py' returned '0': PYTHONPATH=/home/ghani/my_ws/install/action_py/lib/python3.8/site-packages:${PYTHONPATH} /usr/bin/python3 setup.py egg_info --egg-base ../../build/action_py build --build-base /home/ghani/my_ws/build/action_py/build install --prefix /home/ghani/my_ws/install/action_py --record /home/ghani/my_ws/build/action_py/install.log --single-version-externally-managed
