running egg_info
writing ../../build/action_py/action_py.egg-info/PKG-INFO
writing dependency_links to ../../build/action_py/action_py.egg-info/dependency_links.txt
writing entry points to ../../build/action_py/action_py.egg-info/entry_points.txt
writing requirements to ../../build/action_py/action_py.egg-info/requires.txt
writing top-level names to ../../build/action_py/action_py.egg-info/top_level.txt
reading manifest file '../../build/action_py/action_py.egg-info/SOURCES.txt'
writing manifest file '../../build/action_py/action_py.egg-info/SOURCES.txt'
running build
running build_py
copying action_py/fibonacci_action_server.py -> /home/ghani/my_ws/build/action_py/build/lib/action_py
copying action_py/fibonacci_client.py -> /home/ghani/my_ws/build/action_py/build/lib/action_py
running install
running install_lib
copying /home/ghani/my_ws/build/action_py/build/lib/action_py/fibonacci_action_server.py -> /home/ghani/my_ws/install/action_py/lib/python3.8/site-packages/action_py
copying /home/ghani/my_ws/build/action_py/build/lib/action_py/fibonacci_client.py -> /home/ghani/my_ws/install/action_py/lib/python3.8/site-packages/action_py
byte-compiling /home/ghani/my_ws/install/action_py/lib/python3.8/site-packages/action_py/fibonacci_action_server.py to fibonacci_action_server.cpython-38.pyc
byte-compiling /home/ghani/my_ws/install/action_py/lib/python3.8/site-packages/action_py/fibonacci_client.py to fibonacci_client.cpython-38.pyc
running install_data
running install_egg_info
removing '/home/ghani/my_ws/install/action_py/lib/python3.8/site-packages/action_py-0.0.0-py3.8.egg-info' (and everything under it)
Copying ../../build/action_py/action_py.egg-info to /home/ghani/my_ws/install/action_py/lib/python3.8/site-packages/action_py-0.0.0-py3.8.egg-info
running install_scripts
Installing action_client script to /home/ghani/my_ws/install/action_py/lib/action_py
Installing action_server script to /home/ghani/my_ws/install/action_py/lib/action_py
writing list of installed files to '/home/ghani/my_ws/build/action_py/install.log'
