[1.378s] Invoking command in '/home/ghani/my_ws/src/action_py': PYTHONPATH=/home/ghani/my_ws/install/action_py/lib/python3.8/site-packages:${PYTHONPATH} /usr/bin/python3 setup.py egg_info --egg-base ../../build/action_py build --build-base /home/ghani/my_ws/build/action_py/build install --prefix /home/ghani/my_ws/install/action_py --record /home/ghani/my_ws/build/action_py/install.log --single-version-externally-managed
[1.882s] running egg_info
[1.884s] writing ../../build/action_py/action_py.egg-info/PKG-INFO
[1.885s] writing dependency_links to ../../build/action_py/action_py.egg-info/dependency_links.txt
[1.886s] writing entry points to ../../build/action_py/action_py.egg-info/entry_points.txt
[1.888s] writing requirements to ../../build/action_py/action_py.egg-info/requires.txt
[1.889s] writing top-level names to ../../build/action_py/action_py.egg-info/top_level.txt
[1.988s] reading manifest file '../../build/action_py/action_py.egg-info/SOURCES.txt'
[1.991s] writing manifest file '../../build/action_py/action_py.egg-info/SOURCES.txt'
[1.992s] running build
[1.992s] running build_py
[1.994s] copying action_py/fibonacci_action_server.py -> /home/ghani/my_ws/build/action_py/build/lib/action_py
[1.994s] copying action_py/fibonacci_client.py -> /home/ghani/my_ws/build/action_py/build/lib/action_py
[1.995s] running install
[1.997s] running install_lib
[2.000s] copying /home/ghani/my_ws/build/action_py/build/lib/action_py/fibonacci_action_server.py -> /home/ghani/my_ws/install/action_py/lib/python3.8/site-packages/action_py
[2.000s] copying /home/ghani/my_ws/build/action_py/build/lib/action_py/fibonacci_client.py -> /home/ghani/my_ws/install/action_py/lib/python3.8/site-packages/action_py
[2.001s] byte-compiling /home/ghani/my_ws/install/action_py/lib/python3.8/site-packages/action_py/fibonacci_action_server.py to fibonacci_action_server.cpython-38.pyc
[2.006s] byte-compiling /home/ghani/my_ws/install/action_py/lib/python3.8/site-packages/action_py/fibonacci_client.py to fibonacci_client.cpython-38.pyc
[2.009s] running install_data
[2.010s] running install_egg_info
[2.014s] removing '/home/ghani/my_ws/install/action_py/lib/python3.8/site-packages/action_py-0.0.0-py3.8.egg-info' (and everything under it)
[2.017s] Copying ../../build/action_py/action_py.egg-info to /home/ghani/my_ws/install/action_py/lib/python3.8/site-packages/action_py-0.0.0-py3.8.egg-info
[2.020s] running install_scripts
[2.068s] Installing action_client script to /home/ghani/my_ws/install/action_py/lib/action_py
[2.069s] Installing action_server script to /home/ghani/my_ws/install/action_py/lib/action_py
[2.071s] writing list of installed files to '/home/ghani/my_ws/build/action_py/install.log'
[2.127s] Invoked command in '/home/ghani/my_ws/src/action_py' returned '0': PYTHONPATH=/home/ghani/my_ws/install/action_py/lib/python3.8/site-packages:${PYTHONPATH} /usr/bin/python3 setup.py egg_info --egg-base ../../build/action_py build --build-base /home/ghani/my_ws/build/action_py/build install --prefix /home/ghani/my_ws/install/action_py --record /home/ghani/my_ws/build/action_py/install.log --single-version-externally-managed
