[0.555s] Invoking command in '/home/ghani/my_ws/src/py_param': PYTHONPATH=/home/ghani/my_ws/install/py_param/lib/python3.8/site-packages:${PYTHONPATH} /usr/bin/python3 setup.py egg_info --egg-base ../../build/py_param build --build-base /home/ghani/my_ws/build/py_param/build install --prefix /home/ghani/my_ws/install/py_param --record /home/ghani/my_ws/build/py_param/install.log --single-version-externally-managed
[0.736s] running egg_info
[0.737s] writing ../../build/py_param/py_param.egg-info/PKG-INFO
[0.737s] writing dependency_links to ../../build/py_param/py_param.egg-info/dependency_links.txt
[0.737s] writing entry points to ../../build/py_param/py_param.egg-info/entry_points.txt
[0.738s] writing requirements to ../../build/py_param/py_param.egg-info/requires.txt
[0.738s] writing top-level names to ../../build/py_param/py_param.egg-info/top_level.txt
[0.768s] reading manifest file '../../build/py_param/py_param.egg-info/SOURCES.txt'
[0.769s] writing manifest file '../../build/py_param/py_param.egg-info/SOURCES.txt'
[0.769s] running build
[0.769s] running build_py
[0.769s] copying py_param/parameter.py -> /home/ghani/my_ws/build/py_param/build/lib/py_param
[0.770s] running install
[0.770s] running install_lib
[0.771s] copying /home/ghani/my_ws/build/py_param/build/lib/py_param/parameter.py -> /home/ghani/my_ws/install/py_param/lib/python3.8/site-packages/py_param
[0.772s] byte-compiling /home/ghani/my_ws/install/py_param/lib/python3.8/site-packages/py_param/parameter.py to parameter.cpython-38.pyc
[0.773s] running install_data
[0.774s]   File "/home/ghani/my_ws/install/py_param/lib/python3.8/site-packages/py_param/parameter.py", line 17
[0.774s]     self.get_logger().info('first param %s!   second param %s' % my_param, %my_param2)
[0.774s]                                                                            ^
[0.774s] SyntaxError: invalid syntax
[0.774s] 
[0.774s] running install_egg_info
[0.776s] removing '/home/ghani/my_ws/install/py_param/lib/python3.8/site-packages/py_param-0.0.0-py3.8.egg-info' (and everything under it)
[0.776s] Copying ../../build/py_param/py_param.egg-info to /home/ghani/my_ws/install/py_param/lib/python3.8/site-packages/py_param-0.0.0-py3.8.egg-info
[0.776s] running install_scripts
[0.792s] Installing parameter script to /home/ghani/my_ws/install/py_param/lib/py_param
[0.793s] Installing talker script to /home/ghani/my_ws/install/py_param/lib/py_param
[0.793s] writing list of installed files to '/home/ghani/my_ws/build/py_param/install.log'
[0.818s] Invoked command in '/home/ghani/my_ws/src/py_param' returned '0': PYTHONPATH=/home/ghani/my_ws/install/py_param/lib/python3.8/site-packages:${PYTHONPATH} /usr/bin/python3 setup.py egg_info --egg-base ../../build/py_param build --build-base /home/ghani/my_ws/build/py_param/build install --prefix /home/ghani/my_ws/install/py_param --record /home/ghani/my_ws/build/py_param/install.log --single-version-externally-managed
