running egg_info
writing ../../build/py_srvcli/py_srvcli.egg-info/PKG-INFO
writing dependency_links to ../../build/py_srvcli/py_srvcli.egg-info/dependency_links.txt
writing entry points to ../../build/py_srvcli/py_srvcli.egg-info/entry_points.txt
writing requirements to ../../build/py_srvcli/py_srvcli.egg-info/requires.txt
writing top-level names to ../../build/py_srvcli/py_srvcli.egg-info/top_level.txt
reading manifest file '../../build/py_srvcli/py_srvcli.egg-info/SOURCES.txt'
writing manifest file '../../build/py_srvcli/py_srvcli.egg-info/SOURCES.txt'
running build
running build_py
copying py_srvcli/__init__.py -> /home/ghani/my_ws/build/py_srvcli/build/lib/py_srvcli
copying py_srvcli/server.py -> /home/ghani/my_ws/build/py_srvcli/build/lib/py_srvcli
running install
running install_lib
copying /home/ghani/my_ws/build/py_srvcli/build/lib/py_srvcli/__init__.py -> /home/ghani/my_ws/install/py_srvcli/lib/python3.8/site-packages/py_srvcli
copying /home/ghani/my_ws/build/py_srvcli/build/lib/py_srvcli/server.py -> /home/ghani/my_ws/install/py_srvcli/lib/python3.8/site-packages/py_srvcli
byte-compiling /home/ghani/my_ws/install/py_srvcli/lib/python3.8/site-packages/py_srvcli/__init__.py to __init__.cpython-38.pyc
byte-compiling /home/ghani/my_ws/install/py_srvcli/lib/python3.8/site-packages/py_srvcli/server.py to server.cpython-38.pyc
running install_data
copying resource/py_srvcli -> /home/ghani/my_ws/install/py_srvcli/share/ament_index/resource_index/packages
copying package.xml -> /home/ghani/my_ws/install/py_srvcli/share/py_srvcli
running install_egg_info
removing '/home/ghani/my_ws/install/py_srvcli/lib/python3.8/site-packages/py_srvcli-0.0.0-py3.8.egg-info' (and everything under it)
Copying ../../build/py_srvcli/py_srvcli.egg-info to /home/ghani/my_ws/install/py_srvcli/lib/python3.8/site-packages/py_srvcli-0.0.0-py3.8.egg-info
running install_scripts
Installing service script to /home/ghani/my_ws/install/py_srvcli/lib/py_srvcli
writing list of installed files to '/home/ghani/my_ws/build/py_srvcli/install.log'
