[0.605s] Invoking command in '/home/ghani/my_ws/src/py_package': PYTHONPATH=/home/ghani/my_ws/install/py_package/lib/python3.8/site-packages:${PYTHONPATH} /usr/bin/python3 setup.py egg_info --egg-base ../../build/py_package build --build-base /home/ghani/my_ws/build/py_package/build install --prefix /home/ghani/my_ws/install/py_package --record /home/ghani/my_ws/build/py_package/install.log --single-version-externally-managed
[0.779s] running egg_info
[0.780s] writing ../../build/py_package/py_package.egg-info/PKG-INFO
[0.780s] writing dependency_links to ../../build/py_package/py_package.egg-info/dependency_links.txt
[0.781s] writing entry points to ../../build/py_package/py_package.egg-info/entry_points.txt
[0.781s] writing requirements to ../../build/py_package/py_package.egg-info/requires.txt
[0.781s] writing top-level names to ../../build/py_package/py_package.egg-info/top_level.txt
[0.817s] reading manifest file '../../build/py_package/py_package.egg-info/SOURCES.txt'
[0.817s] writing manifest file '../../build/py_package/py_package.egg-info/SOURCES.txt'
[0.817s] running build
[0.817s] running build_py
[0.817s] copying py_package/publisher_member_function.py -> /home/ghani/my_ws/build/py_package/build/lib/py_package
[0.817s] running install
[0.818s] running install_lib
[0.819s] copying /home/ghani/my_ws/build/py_package/build/lib/py_package/publisher_member_function.py -> /home/ghani/my_ws/install/py_package/lib/python3.8/site-packages/py_package
[0.820s] byte-compiling /home/ghani/my_ws/install/py_package/lib/python3.8/site-packages/py_package/publisher_member_function.py to publisher_member_function.cpython-38.pyc
[0.822s] running install_data
[0.822s] running install_egg_info
[0.824s] removing '/home/ghani/my_ws/install/py_package/lib/python3.8/site-packages/py_package-0.0.0-py3.8.egg-info' (and everything under it)
[0.824s] Copying ../../build/py_package/py_package.egg-info to /home/ghani/my_ws/install/py_package/lib/python3.8/site-packages/py_package-0.0.0-py3.8.egg-info
[0.825s] running install_scripts
[0.843s] Installing controller script to /home/ghani/my_ws/install/py_package/lib/py_package
[0.843s] Installing exersice script to /home/ghani/my_ws/install/py_package/lib/py_package
[0.843s] Installing listner script to /home/ghani/my_ws/install/py_package/lib/py_package
[0.844s] Installing talker script to /home/ghani/my_ws/install/py_package/lib/py_package
[0.844s] writing list of installed files to '/home/ghani/my_ws/build/py_package/install.log'
[0.873s] Invoked command in '/home/ghani/my_ws/src/py_package' returned '0': PYTHONPATH=/home/ghani/my_ws/install/py_package/lib/python3.8/site-packages:${PYTHONPATH} /usr/bin/python3 setup.py egg_info --egg-base ../../build/py_package build --build-base /home/ghani/my_ws/build/py_package/build install --prefix /home/ghani/my_ws/install/py_package --record /home/ghani/my_ws/build/py_package/install.log --single-version-externally-managed
