[0.129s] DEBUG:colcon:Command line arguments: ['/usr/bin/colcon', 'build', '--packages-select', 'final_package']
[0.129s] DEBUG:colcon:Parsed command line arguments: Namespace(allow_overriding=[], ament_cmake_args=None, base_paths=['.'], build_base='build', catkin_cmake_args=None, catkin_skip_building_tests=False, cmake_args=None, cmake_clean_cache=False, cmake_clean_first=False, cmake_force_configure=False, cmake_target=None, cmake_target_skip_unavailable=False, continue_on_error=False, event_handlers=None, executor='parallel', ignore_user_meta=False, install_base='install', log_base=None, log_level=None, main=<bound method BuildVerb.main of <colcon_core.verb.build.BuildVerb object at 0x7f0a3cb9a790>>, merge_install=False, metas=['./colcon.meta'], packages_above=None, packages_above_and_dependencies=None, packages_above_depth=None, packages_end=None, packages_ignore=None, packages_ignore_regex=None, packages_select=['final_package'], packages_select_build_failed=False, packages_select_by_dep=None, packages_select_regex=None, packages_select_test_failures=False, packages_skip=None, packages_skip_build_finished=False, packages_skip_by_dep=None, packages_skip_regex=None, packages_skip_test_passed=False, packages_skip_up_to=None, packages_start=None, packages_up_to=None, packages_up_to_regex=None, parallel_workers=6, paths=None, symlink_install=False, test_result_base=None, verb_extension=<colcon_core.verb.build.BuildVerb object at 0x7f0a3cb9a790>, verb_name='build', verb_parser=<colcon_defaults.argument_parser.defaults.DefaultArgumentsDecorator object at 0x7f0a3cb9ad00>)
[0.133s] Level 1:colcon.colcon_core.package_discovery:discover_packages(colcon_meta) check parameters
[0.133s] Level 1:colcon.colcon_core.package_discovery:discover_packages(recursive) check parameters
[0.134s] Level 1:colcon.colcon_core.package_discovery:discover_packages(ignore) check parameters
[0.134s] Level 1:colcon.colcon_core.package_discovery:discover_packages(path) check parameters
[0.134s] Level 1:colcon.colcon_core.package_discovery:discover_packages(colcon_meta) discover
[0.134s] Level 1:colcon.colcon_core.package_discovery:discover_packages(recursive) discover
[0.134s] INFO:colcon.colcon_core.package_discovery:Crawling recursively for packages in '/home/ghani/my_ws'
[0.134s] Level 1:colcon.colcon_core.package_identification:_identify(.) by extensions ['ignore', 'ignore_ament_install']
[0.134s] Level 1:colcon.colcon_core.package_identification:_identify(.) by extension 'ignore'
[0.134s] Level 1:colcon.colcon_core.package_identification:_identify(.) by extension 'ignore_ament_install'
[0.134s] Level 1:colcon.colcon_core.package_identification:_identify(.) by extensions ['colcon_pkg']
[0.134s] Level 1:colcon.colcon_core.package_identification:_identify(.) by extension 'colcon_pkg'
[0.134s] Level 1:colcon.colcon_core.package_identification:_identify(.) by extensions ['colcon_meta']
[0.134s] Level 1:colcon.colcon_core.package_identification:_identify(.) by extension 'colcon_meta'
[0.134s] Level 1:colcon.colcon_core.package_identification:_identify(.) by extensions ['ros']
[0.134s] Level 1:colcon.colcon_core.package_identification:_identify(.) by extension 'ros'
[0.145s] Level 1:colcon.colcon_core.package_identification:_identify(.) by extensions ['cmake', 'python']
[0.145s] Level 1:colcon.colcon_core.package_identification:_identify(.) by extension 'cmake'
[0.145s] Level 1:colcon.colcon_core.package_identification:_identify(.) by extension 'python'
[0.145s] Level 1:colcon.colcon_core.package_identification:_identify(.) by extensions ['python_setup_py']
[0.145s] Level 1:colcon.colcon_core.package_identification:_identify(.) by extension 'python_setup_py'
[0.145s] Level 1:colcon.colcon_core.package_identification:_identify(build) by extensions ['ignore', 'ignore_ament_install']
[0.145s] Level 1:colcon.colcon_core.package_identification:_identify(build) by extension 'ignore'
[0.145s] Level 1:colcon.colcon_core.package_identification:_identify(build) ignored
[0.146s] Level 1:colcon.colcon_core.package_identification:_identify(install) by extensions ['ignore', 'ignore_ament_install']
[0.146s] Level 1:colcon.colcon_core.package_identification:_identify(install) by extension 'ignore'
[0.146s] Level 1:colcon.colcon_core.package_identification:_identify(install) ignored
[0.146s] Level 1:colcon.colcon_core.package_identification:_identify(log) by extensions ['ignore', 'ignore_ament_install']
[0.146s] Level 1:colcon.colcon_core.package_identification:_identify(log) by extension 'ignore'
[0.146s] Level 1:colcon.colcon_core.package_identification:_identify(log) ignored
[0.146s] Level 1:colcon.colcon_core.package_identification:_identify(src) by extensions ['ignore', 'ignore_ament_install']
[0.146s] Level 1:colcon.colcon_core.package_identification:_identify(src) by extension 'ignore'
[0.146s] Level 1:colcon.colcon_core.package_identification:_identify(src) by extension 'ignore_ament_install'
[0.146s] Level 1:colcon.colcon_core.package_identification:_identify(src) by extensions ['colcon_pkg']
[0.146s] Level 1:colcon.colcon_core.package_identification:_identify(src) by extension 'colcon_pkg'
[0.146s] Level 1:colcon.colcon_core.package_identification:_identify(src) by extensions ['colcon_meta']
[0.146s] Level 1:colcon.colcon_core.package_identification:_identify(src) by extension 'colcon_meta'
[0.147s] Level 1:colcon.colcon_core.package_identification:_identify(src) by extensions ['ros']
[0.147s] Level 1:colcon.colcon_core.package_identification:_identify(src) by extension 'ros'
[0.147s] Level 1:colcon.colcon_core.package_identification:_identify(src) by extensions ['cmake', 'python']
[0.147s] Level 1:colcon.colcon_core.package_identification:_identify(src) by extension 'cmake'
[0.147s] Level 1:colcon.colcon_core.package_identification:_identify(src) by extension 'python'
[0.147s] Level 1:colcon.colcon_core.package_identification:_identify(src) by extensions ['python_setup_py']
[0.147s] Level 1:colcon.colcon_core.package_identification:_identify(src) by extension 'python_setup_py'
[0.147s] Level 1:colcon.colcon_core.package_identification:_identify(src/cpp_package) by extensions ['ignore', 'ignore_ament_install']
[0.147s] Level 1:colcon.colcon_core.package_identification:_identify(src/cpp_package) by extension 'ignore'
[0.147s] Level 1:colcon.colcon_core.package_identification:_identify(src/cpp_package) by extension 'ignore_ament_install'
[0.147s] Level 1:colcon.colcon_core.package_identification:_identify(src/cpp_package) by extensions ['colcon_pkg']
[0.147s] Level 1:colcon.colcon_core.package_identification:_identify(src/cpp_package) by extension 'colcon_pkg'
[0.147s] Level 1:colcon.colcon_core.package_identification:_identify(src/cpp_package) by extensions ['colcon_meta']
[0.147s] Level 1:colcon.colcon_core.package_identification:_identify(src/cpp_package) by extension 'colcon_meta'
[0.147s] Level 1:colcon.colcon_core.package_identification:_identify(src/cpp_package) by extensions ['ros']
[0.147s] Level 1:colcon.colcon_core.package_identification:_identify(src/cpp_package) by extension 'ros'
[0.149s] DEBUG:colcon.colcon_core.package_identification:Package 'src/cpp_package' with type 'ros.ament_cmake' and name 'cpp_package'
[0.149s] Level 1:colcon.colcon_core.package_identification:_identify(src/final_package) by extensions ['ignore', 'ignore_ament_install']
[0.150s] Level 1:colcon.colcon_core.package_identification:_identify(src/final_package) by extension 'ignore'
[0.150s] Level 1:colcon.colcon_core.package_identification:_identify(src/final_package) by extension 'ignore_ament_install'
[0.150s] Level 1:colcon.colcon_core.package_identification:_identify(src/final_package) by extensions ['colcon_pkg']
[0.150s] Level 1:colcon.colcon_core.package_identification:_identify(src/final_package) by extension 'colcon_pkg'
[0.150s] Level 1:colcon.colcon_core.package_identification:_identify(src/final_package) by extensions ['colcon_meta']
[0.150s] Level 1:colcon.colcon_core.package_identification:_identify(src/final_package) by extension 'colcon_meta'
[0.150s] Level 1:colcon.colcon_core.package_identification:_identify(src/final_package) by extensions ['ros']
[0.150s] Level 1:colcon.colcon_core.package_identification:_identify(src/final_package) by extension 'ros'
[0.151s] DEBUG:colcon.colcon_core.package_identification:Package 'src/final_package' with type 'ros.ament_cmake' and name 'final_package'
[0.151s] Level 1:colcon.colcon_core.package_identification:_identify(src/newcpppackage) by extensions ['ignore', 'ignore_ament_install']
[0.151s] Level 1:colcon.colcon_core.package_identification:_identify(src/newcpppackage) by extension 'ignore'
[0.151s] Level 1:colcon.colcon_core.package_identification:_identify(src/newcpppackage) by extension 'ignore_ament_install'
[0.151s] Level 1:colcon.colcon_core.package_identification:_identify(src/newcpppackage) by extensions ['colcon_pkg']
[0.151s] Level 1:colcon.colcon_core.package_identification:_identify(src/newcpppackage) by extension 'colcon_pkg'
[0.151s] Level 1:colcon.colcon_core.package_identification:_identify(src/newcpppackage) by extensions ['colcon_meta']
[0.151s] Level 1:colcon.colcon_core.package_identification:_identify(src/newcpppackage) by extension 'colcon_meta'
[0.151s] Level 1:colcon.colcon_core.package_identification:_identify(src/newcpppackage) by extensions ['ros']
[0.151s] Level 1:colcon.colcon_core.package_identification:_identify(src/newcpppackage) by extension 'ros'
[0.152s] DEBUG:colcon.colcon_core.package_identification:Package 'src/newcpppackage' with type 'ros.ament_cmake' and name 'newcpppackage'
[0.152s] Level 1:colcon.colcon_core.package_identification:_identify(src/py_package) by extensions ['ignore', 'ignore_ament_install']
[0.152s] Level 1:colcon.colcon_core.package_identification:_identify(src/py_package) by extension 'ignore'
[0.152s] Level 1:colcon.colcon_core.package_identification:_identify(src/py_package) by extension 'ignore_ament_install'
[0.152s] Level 1:colcon.colcon_core.package_identification:_identify(src/py_package) by extensions ['colcon_pkg']
[0.152s] Level 1:colcon.colcon_core.package_identification:_identify(src/py_package) by extension 'colcon_pkg'
[0.152s] Level 1:colcon.colcon_core.package_identification:_identify(src/py_package) by extensions ['colcon_meta']
[0.152s] Level 1:colcon.colcon_core.package_identification:_identify(src/py_package) by extension 'colcon_meta'
[0.152s] Level 1:colcon.colcon_core.package_identification:_identify(src/py_package) by extensions ['ros']
[0.152s] Level 1:colcon.colcon_core.package_identification:_identify(src/py_package) by extension 'ros'
[0.153s] DEBUG:colcon.colcon_core.package_identification:Package 'src/py_package' with type 'ros.ament_python' and name 'py_package'
[0.153s] Level 1:colcon.colcon_core.package_discovery:discover_packages(recursive) using defaults
[0.153s] Level 1:colcon.colcon_core.package_discovery:discover_packages(ignore) discover
[0.153s] Level 1:colcon.colcon_core.package_discovery:discover_packages(ignore) using defaults
[0.153s] Level 1:colcon.colcon_core.package_discovery:discover_packages(path) discover
[0.153s] Level 1:colcon.colcon_core.package_discovery:discover_packages(path) using defaults
[0.169s] INFO:colcon.colcon_core.package_selection:Skipping not selected package 'cpp_package' in 'src/cpp_package'
[0.169s] INFO:colcon.colcon_core.package_selection:Skipping not selected package 'newcpppackage' in 'src/newcpppackage'
[0.169s] INFO:colcon.colcon_core.package_selection:Skipping not selected package 'py_package' in 'src/py_package'
[0.170s] Level 5:colcon.colcon_core.verb:set package 'final_package' build argument 'cmake_args' from command line to 'None'
[0.170s] Level 5:colcon.colcon_core.verb:set package 'final_package' build argument 'cmake_target' from command line to 'None'
[0.170s] Level 5:colcon.colcon_core.verb:set package 'final_package' build argument 'cmake_target_skip_unavailable' from command line to 'False'
[0.170s] Level 5:colcon.colcon_core.verb:set package 'final_package' build argument 'cmake_clean_cache' from command line to 'False'
[0.170s] Level 5:colcon.colcon_core.verb:set package 'final_package' build argument 'cmake_clean_first' from command line to 'False'
[0.170s] Level 5:colcon.colcon_core.verb:set package 'final_package' build argument 'cmake_force_configure' from command line to 'False'
[0.170s] Level 5:colcon.colcon_core.verb:set package 'final_package' build argument 'ament_cmake_args' from command line to 'None'
[0.170s] Level 5:colcon.colcon_core.verb:set package 'final_package' build argument 'catkin_cmake_args' from command line to 'None'
[0.170s] Level 5:colcon.colcon_core.verb:set package 'final_package' build argument 'catkin_skip_building_tests' from command line to 'False'
[0.170s] DEBUG:colcon.colcon_core.verb:Building package 'final_package' with the following arguments: {'ament_cmake_args': None, 'build_base': '/home/ghani/my_ws/build/final_package', 'catkin_cmake_args': None, 'catkin_skip_building_tests': False, 'cmake_args': None, 'cmake_clean_cache': False, 'cmake_clean_first': False, 'cmake_force_configure': False, 'cmake_target': None, 'cmake_target_skip_unavailable': False, 'install_base': '/home/ghani/my_ws/install/final_package', 'merge_install': False, 'path': '/home/ghani/my_ws/src/final_package', 'symlink_install': False, 'test_result_base': None}
[0.173s] INFO:colcon.colcon_core.executor:Executing jobs using 'parallel' executor
[0.175s] DEBUG:colcon.colcon_parallel_executor.executor.parallel:run_until_complete
[0.176s] INFO:colcon.colcon_ros.task.ament_cmake.build:Building ROS package in '/home/ghani/my_ws/src/final_package' with build type 'ament_cmake'
[0.176s] INFO:colcon.colcon_cmake.task.cmake.build:Building CMake package in '/home/ghani/my_ws/src/final_package'
[0.179s] INFO:colcon.colcon_core.plugin_system:Skipping extension 'colcon_core.shell.bat': Not used on non-Windows systems
[0.180s] INFO:colcon.colcon_core.shell:Skip shell extension 'powershell' for command environment: Not usable outside of PowerShell
[0.180s] DEBUG:colcon.colcon_core.shell:Skip shell extension 'dsv' for command environment
[0.196s] DEBUG:colcon.colcon_core.event_handler.log_command:Invoking command in '/home/ghani/my_ws/build/final_package': CMAKE_PREFIX_PATH=/opt/ros/galactic /usr/bin/cmake --build /home/ghani/my_ws/build/final_package -- -j6 -l6
[7.977s] DEBUG:colcon.colcon_core.event_handler.log_command:Invoked command in '/home/ghani/my_ws/build/final_package' returned '0': CMAKE_PREFIX_PATH=/opt/ros/galactic /usr/bin/cmake --build /home/ghani/my_ws/build/final_package -- -j6 -l6
[8.025s] DEBUG:colcon.colcon_core.event_handler.log_command:Invoking command in '/home/ghani/my_ws/build/final_package': CMAKE_PREFIX_PATH=/opt/ros/galactic /usr/bin/cmake --install /home/ghani/my_ws/build/final_package
[8.039s] Level 1:colcon.colcon_core.environment:create_environment_scripts_only(final_package)
[8.040s] DEBUG:colcon.colcon_core.event_handler.log_command:Invoked command in '/home/ghani/my_ws/build/final_package' returned '0': CMAKE_PREFIX_PATH=/opt/ros/galactic /usr/bin/cmake --install /home/ghani/my_ws/build/final_package
[8.043s] Level 1:colcon.colcon_core.environment:checking '/home/ghani/my_ws/install/final_package' for CMake module files
[8.043s] Level 1:colcon.colcon_core.environment:checking '/home/ghani/my_ws/install/final_package' for CMake config files
[8.044s] Level 1:colcon.colcon_core.shell:create_environment_hook('final_package', 'cmake_prefix_path')
[8.044s] INFO:colcon.colcon_core.shell:Creating environment hook '/home/ghani/my_ws/install/final_package/share/final_package/hook/cmake_prefix_path.ps1'
[8.045s] INFO:colcon.colcon_core.shell:Creating environment descriptor '/home/ghani/my_ws/install/final_package/share/final_package/hook/cmake_prefix_path.dsv'
[8.045s] INFO:colcon.colcon_core.shell:Creating environment hook '/home/ghani/my_ws/install/final_package/share/final_package/hook/cmake_prefix_path.sh'
[8.047s] Level 1:colcon.colcon_core.environment:checking '/home/ghani/my_ws/install/final_package/lib'
[8.047s] Level 1:colcon.colcon_core.environment:checking '/home/ghani/my_ws/install/final_package/bin'
[8.047s] Level 1:colcon.colcon_core.environment:checking '/home/ghani/my_ws/install/final_package/lib/pkgconfig/final_package.pc'
[8.047s] Level 1:colcon.colcon_core.environment:checking '/home/ghani/my_ws/install/final_package/lib/python3.8/site-packages'
[8.048s] INFO:colcon.colcon_core.shell:Creating package script '/home/ghani/my_ws/install/final_package/share/final_package/package.ps1'
[8.048s] INFO:colcon.colcon_core.shell:Creating package descriptor '/home/ghani/my_ws/install/final_package/share/final_package/package.dsv'
[8.049s] INFO:colcon.colcon_core.shell:Creating package script '/home/ghani/my_ws/install/final_package/share/final_package/package.sh'
[8.050s] INFO:colcon.colcon_core.shell:Creating package script '/home/ghani/my_ws/install/final_package/share/final_package/package.bash'
[8.051s] INFO:colcon.colcon_core.shell:Creating package script '/home/ghani/my_ws/install/final_package/share/final_package/package.zsh'
[8.052s] Level 1:colcon.colcon_core.environment:create_file_with_runtime_dependencies(/home/ghani/my_ws/install/final_package/share/colcon-core/packages/final_package)
[8.089s] Level 1:colcon.colcon_core.environment:create_environment_scripts_only(final_package)
[8.090s] Level 1:colcon.colcon_core.environment:checking '/home/ghani/my_ws/install/final_package' for CMake module files
[8.090s] Level 1:colcon.colcon_core.environment:checking '/home/ghani/my_ws/install/final_package' for CMake config files
[8.090s] Level 1:colcon.colcon_core.shell:create_environment_hook('final_package', 'cmake_prefix_path')
[8.091s] INFO:colcon.colcon_core.shell:Creating environment hook '/home/ghani/my_ws/install/final_package/share/final_package/hook/cmake_prefix_path.ps1'
[8.092s] INFO:colcon.colcon_core.shell:Creating environment descriptor '/home/ghani/my_ws/install/final_package/share/final_package/hook/cmake_prefix_path.dsv'
[8.092s] INFO:colcon.colcon_core.shell:Creating environment hook '/home/ghani/my_ws/install/final_package/share/final_package/hook/cmake_prefix_path.sh'
[8.093s] Level 1:colcon.colcon_core.environment:checking '/home/ghani/my_ws/install/final_package/lib'
[8.093s] Level 1:colcon.colcon_core.environment:checking '/home/ghani/my_ws/install/final_package/bin'
[8.093s] Level 1:colcon.colcon_core.environment:checking '/home/ghani/my_ws/install/final_package/lib/pkgconfig/final_package.pc'
[8.093s] Level 1:colcon.colcon_core.environment:checking '/home/ghani/my_ws/install/final_package/lib/python3.8/site-packages'
[8.094s] INFO:colcon.colcon_core.shell:Creating package script '/home/ghani/my_ws/install/final_package/share/final_package/package.ps1'
[8.095s] INFO:colcon.colcon_core.shell:Creating package descriptor '/home/ghani/my_ws/install/final_package/share/final_package/package.dsv'
[8.095s] INFO:colcon.colcon_core.shell:Creating package script '/home/ghani/my_ws/install/final_package/share/final_package/package.sh'
[8.096s] INFO:colcon.colcon_core.shell:Creating package script '/home/ghani/my_ws/install/final_package/share/final_package/package.bash'
[8.096s] INFO:colcon.colcon_core.shell:Creating package script '/home/ghani/my_ws/install/final_package/share/final_package/package.zsh'
[8.097s] Level 1:colcon.colcon_core.environment:create_file_with_runtime_dependencies(/home/ghani/my_ws/install/final_package/share/colcon-core/packages/final_package)
[8.097s] DEBUG:colcon.colcon_parallel_executor.executor.parallel:closing loop
[8.098s] DEBUG:colcon.colcon_parallel_executor.executor.parallel:loop closed
[8.098s] DEBUG:colcon.colcon_parallel_executor.executor.parallel:run_until_complete finished with '0'
[8.099s] DEBUG:colcon.colcon_core.event_reactor:joining thread
[8.104s] INFO:colcon.colcon_core.plugin_system:Skipping extension 'colcon_notification.desktop_notification.terminal_notifier': Not used on non-Darwin systems
[8.105s] INFO:colcon.colcon_core.plugin_system:Skipping extension 'colcon_notification.desktop_notification.win32': Not used on non-Windows systems
[8.105s] INFO:colcon.colcon_notification.desktop_notification:Sending desktop notification using 'notify2'
[8.124s] DEBUG:colcon.colcon_core.event_reactor:joined thread
[8.125s] INFO:colcon.colcon_core.shell:Creating prefix script '/home/ghani/my_ws/install/local_setup.ps1'
[8.126s] INFO:colcon.colcon_core.shell:Creating prefix util module '/home/ghani/my_ws/install/_local_setup_util_ps1.py'
[8.128s] INFO:colcon.colcon_core.shell:Creating prefix chain script '/home/ghani/my_ws/install/setup.ps1'
[8.130s] INFO:colcon.colcon_core.shell:Creating prefix script '/home/ghani/my_ws/install/local_setup.sh'
[8.131s] INFO:colcon.colcon_core.shell:Creating prefix util module '/home/ghani/my_ws/install/_local_setup_util_sh.py'
[8.132s] INFO:colcon.colcon_core.shell:Creating prefix chain script '/home/ghani/my_ws/install/setup.sh'
[8.134s] INFO:colcon.colcon_core.shell:Creating prefix script '/home/ghani/my_ws/install/local_setup.bash'
[8.134s] INFO:colcon.colcon_core.shell:Creating prefix chain script '/home/ghani/my_ws/install/setup.bash'
[8.136s] INFO:colcon.colcon_core.shell:Creating prefix script '/home/ghani/my_ws/install/local_setup.zsh'
[8.136s] INFO:colcon.colcon_core.shell:Creating prefix chain script '/home/ghani/my_ws/install/setup.zsh'
