[0.018s] Invoking command in '/home/ghani/my_ws/build/customized_srv_msg': CMAKE_PREFIX_PATH=/opt/ros/galactic /usr/bin/cmake --build /home/ghani/my_ws/build/customized_srv_msg -- -j6 -l6
[0.046s] -- Found ament_cmake: 1.1.5 (/opt/ros/galactic/share/ament_cmake/cmake)
[0.064s] -- Found PythonInterp: /usr/bin/python3 (found suitable version "3.8.10", minimum required is "3") 
[0.064s] -- Using PYTHON_EXECUTABLE: /usr/bin/python3
[0.119s] -- Found rosidl_default_generators: 1.1.1 (/opt/ros/galactic/share/rosidl_default_generators/cmake)
[0.121s] -- Using all available rosidl_typesupport_c: rosidl_typesupport_fastrtps_c;rosidl_typesupport_introspection_c
[0.124s] -- Found rosidl_adapter: 2.2.1 (/opt/ros/galactic/share/rosidl_adapter/cmake)
[0.255s] -- Using all available rosidl_typesupport_cpp: rosidl_typesupport_fastrtps_cpp;rosidl_typesupport_introspection_cpp
[0.297s] -- Found PythonInterp: /usr/bin/python3 (found version "3.8.10") 
[0.475s] -- Found ament_cmake_ros: 0.9.2 (/opt/ros/galactic/share/ament_cmake_ros/cmake)
[0.592s] -- Using all available rosidl_typesupport_c: rosidl_typesupport_fastrtps_c;rosidl_typesupport_introspection_c
[0.613s] -- Using all available rosidl_typesupport_cpp: rosidl_typesupport_fastrtps_cpp;rosidl_typesupport_introspection_cpp
[0.638s] -- Found PythonInterp: /usr/bin/python3 (found suitable version "3.8.10", minimum required is "3.5") 
[0.638s] -- Found python_cmake_module: 0.8.1 (/opt/ros/galactic/share/python_cmake_module/cmake)
[0.661s] -- Using PYTHON_EXECUTABLE: /usr/bin/python3
[0.661s] -- Using PYTHON_INCLUDE_DIRS: /usr/include/python3.8
[0.661s] -- Using PYTHON_LIBRARIES: /usr/lib/x86_64-linux-gnu/libpython3.8.so
[0.685s] -- Found ament_lint_auto: 0.10.6 (/opt/ros/galactic/share/ament_lint_auto/cmake)
[0.697s] -- Added test 'copyright' to check source files copyright and LICENSE
[0.699s] -- Added test 'lint_cmake' to check CMake code style
[0.700s] -- Added test 'xmllint' to check XML markup files
[0.705s] -- Configuring done
[0.763s] -- Generating done
[0.770s] -- Build files have been written to: /home/ghani/my_ws/build/customized_srv_msg
[0.802s] [  2%] [34m[1mGenerating C code for ROS interfaces[0m
[0.814s] [  4%] [34m[1mGenerating C++ code for ROS interfaces[0m
[1.246s] [35m[1mScanning dependencies of target customized_srv_msg__rosidl_generator_c[0m
[1.262s] [  6%] [32mBuilding C object CMakeFiles/customized_srv_msg__rosidl_generator_c.dir/rosidl_generator_c/customized_srv_msg/msg/detail/num__functions.c.o[0m
[1.263s] [  8%] [32mBuilding C object CMakeFiles/customized_srv_msg__rosidl_generator_c.dir/rosidl_generator_c/customized_srv_msg/srv/detail/add_three_ints__functions.c.o[0m
[1.270s] [ 10%] [32mBuilding C object CMakeFiles/customized_srv_msg__rosidl_generator_c.dir/rosidl_generator_c/customized_srv_msg/action/detail/fibonacci__functions.c.o[0m
[1.283s] [ 10%] Built target customized_srv_msg__cpp
[1.299s] [ 12%] [34m[1mGenerating C++ type support dispatch for ROS interfaces[0m
[1.299s] [ 14%] [34m[1mGenerating C++ type support for eProsima Fast-RTPS[0m
[1.301s] [ 17%] [34m[1mGenerating C++ introspection for ROS interfaces[0m
[1.362s] [ 19%] [32m[1mLinking C shared library libcustomized_srv_msg__rosidl_generator_c.so[0m
[1.403s] [ 19%] Built target customized_srv_msg__rosidl_generator_c
[1.415s] [ 21%] [34m[1mGenerating C introspection for ROS interfaces[0m
[1.417s] [ 23%] [34m[1mGenerating C type support dispatch for ROS interfaces[0m
[1.590s] [35m[1mScanning dependencies of target customized_srv_msg__rosidl_typesupport_cpp[0m
[1.606s] [ 27%] [32mBuilding CXX object CMakeFiles/customized_srv_msg__rosidl_typesupport_cpp.dir/rosidl_typesupport_cpp/customized_srv_msg/srv/add_three_ints__type_support.cpp.o[0m
[1.606s] [ 27%] [32mBuilding CXX object CMakeFiles/customized_srv_msg__rosidl_typesupport_cpp.dir/rosidl_typesupport_cpp/customized_srv_msg/msg/num__type_support.cpp.o[0m
[1.694s] [35m[1mScanning dependencies of target customized_srv_msg__rosidl_typesupport_introspection_cpp[0m
[1.711s] [ 29%] [32mBuilding CXX object CMakeFiles/customized_srv_msg__rosidl_typesupport_introspection_cpp.dir/rosidl_typesupport_introspection_cpp/customized_srv_msg/msg/detail/num__type_support.cpp.o[0m
[1.742s] [35m[1mScanning dependencies of target customized_srv_msg__rosidl_typesupport_c[0m
[1.758s] [ 31%] [32mBuilding CXX object CMakeFiles/customized_srv_msg__rosidl_typesupport_c.dir/rosidl_typesupport_c/customized_srv_msg/msg/num__type_support.cpp.o[0m
[1.759s] [35m[1mScanning dependencies of target customized_srv_msg__rosidl_typesupport_fastrtps_cpp[0m
[1.785s] [ 34%] [32mBuilding CXX object CMakeFiles/customized_srv_msg__rosidl_typesupport_fastrtps_cpp.dir/rosidl_typesupport_fastrtps_cpp/customized_srv_msg/msg/detail/dds_fastrtps/num__type_support.cpp.o[0m
[1.796s] [ 36%] [32mBuilding CXX object CMakeFiles/customized_srv_msg__rosidl_typesupport_c.dir/rosidl_typesupport_c/customized_srv_msg/srv/add_three_ints__type_support.cpp.o[0m
[1.828s] [ 38%] [32mBuilding CXX object CMakeFiles/customized_srv_msg__rosidl_typesupport_c.dir/rosidl_typesupport_c/customized_srv_msg/action/fibonacci__type_support.cpp.o[0m
[1.838s] [35m[1mScanning dependencies of target customized_srv_msg__rosidl_typesupport_introspection_c[0m
[1.856s] [ 40%] [32mBuilding C object CMakeFiles/customized_srv_msg__rosidl_typesupport_introspection_c.dir/rosidl_typesupport_introspection_c/customized_srv_msg/msg/detail/num__type_support.c.o[0m
[1.879s] [ 42%] [32m[1mLinking CXX shared library libcustomized_srv_msg__rosidl_typesupport_c.so[0m
[1.887s] [ 44%] [32mBuilding C object CMakeFiles/customized_srv_msg__rosidl_typesupport_introspection_c.dir/rosidl_typesupport_introspection_c/customized_srv_msg/srv/detail/add_three_ints__type_support.c.o[0m
[1.915s] [ 46%] [32mBuilding CXX object CMakeFiles/customized_srv_msg__rosidl_typesupport_cpp.dir/rosidl_typesupport_cpp/customized_srv_msg/action/fibonacci__type_support.cpp.o[0m
[1.925s] [ 48%] [32mBuilding C object CMakeFiles/customized_srv_msg__rosidl_typesupport_introspection_c.dir/rosidl_typesupport_introspection_c/customized_srv_msg/action/detail/fibonacci__type_support.c.o[0m
[1.928s] [ 51%] [32mBuilding CXX object CMakeFiles/customized_srv_msg__rosidl_typesupport_fastrtps_cpp.dir/rosidl_typesupport_fastrtps_cpp/customized_srv_msg/srv/detail/dds_fastrtps/add_three_ints__type_support.cpp.o[0m
[1.935s] [ 51%] Built target customized_srv_msg__rosidl_typesupport_c
[1.949s] [ 53%] [32mBuilding CXX object CMakeFiles/customized_srv_msg__rosidl_typesupport_fastrtps_cpp.dir/rosidl_typesupport_fastrtps_cpp/customized_srv_msg/action/detail/dds_fastrtps/fibonacci__type_support.cpp.o[0m
[1.979s] [ 55%] [32m[1mLinking C shared library libcustomized_srv_msg__rosidl_typesupport_introspection_c.so[0m
[2.024s] [ 55%] Built target customized_srv_msg__rosidl_typesupport_introspection_c
[2.032s] [ 57%] [32mBuilding CXX object CMakeFiles/customized_srv_msg__rosidl_typesupport_introspection_cpp.dir/rosidl_typesupport_introspection_cpp/customized_srv_msg/srv/detail/add_three_ints__type_support.cpp.o[0m
[2.036s] [ 59%] [32mBuilding CXX object CMakeFiles/customized_srv_msg__rosidl_typesupport_introspection_cpp.dir/rosidl_typesupport_introspection_cpp/customized_srv_msg/action/detail/fibonacci__type_support.cpp.o[0m
[2.447s] [ 61%] [32m[1mLinking CXX shared library libcustomized_srv_msg__rosidl_typesupport_cpp.so[0m
[2.492s] [ 61%] Built target customized_srv_msg__rosidl_typesupport_cpp
[2.622s] [ 63%] [32m[1mLinking CXX shared library libcustomized_srv_msg__rosidl_typesupport_introspection_cpp.so[0m
[2.630s] [ 65%] [32m[1mLinking CXX shared library libcustomized_srv_msg__rosidl_typesupport_fastrtps_cpp.so[0m
[2.715s] [ 65%] Built target customized_srv_msg__rosidl_typesupport_introspection_cpp
[2.738s] [ 65%] Built target customized_srv_msg__rosidl_typesupport_fastrtps_cpp
[2.751s] [ 68%] [34m[1mGenerating C type support for eProsima Fast-RTPS[0m
[3.127s] [35m[1mScanning dependencies of target customized_srv_msg__rosidl_typesupport_fastrtps_c[0m
[3.147s] [ 70%] [32mBuilding CXX object CMakeFiles/customized_srv_msg__rosidl_typesupport_fastrtps_c.dir/rosidl_typesupport_fastrtps_c/customized_srv_msg/msg/detail/num__type_support_c.cpp.o[0m
[3.148s] [ 72%] [32mBuilding CXX object CMakeFiles/customized_srv_msg__rosidl_typesupport_fastrtps_c.dir/rosidl_typesupport_fastrtps_c/customized_srv_msg/action/detail/fibonacci__type_support_c.cpp.o[0m
[3.148s] [ 74%] [32mBuilding CXX object CMakeFiles/customized_srv_msg__rosidl_typesupport_fastrtps_c.dir/rosidl_typesupport_fastrtps_c/customized_srv_msg/srv/detail/add_three_ints__type_support_c.cpp.o[0m
[3.529s] [ 76%] [32m[1mLinking CXX shared library libcustomized_srv_msg__rosidl_typesupport_fastrtps_c.so[0m
[3.631s] [ 76%] Built target customized_srv_msg__rosidl_typesupport_fastrtps_c
[3.654s] [ 76%] Built target customized_srv_msg
[3.679s] [ 78%] [34m[1mGenerating Python code for ROS interfaces[0m
[4.552s] [ 78%] Built target customized_srv_msg__py
[4.566s] [35m[1mScanning dependencies of target customized_srv_msg__python[0m
[4.585s] [ 80%] [32mBuilding C object CMakeFiles/customized_srv_msg__python.dir/rosidl_generator_py/customized_srv_msg/msg/_num_s.c.o[0m
[4.586s] [ 85%] [32mBuilding C object CMakeFiles/customized_srv_msg__python.dir/rosidl_generator_py/customized_srv_msg/srv/_add_three_ints_s.c.o[0m
[4.586s] [ 85%] [32mBuilding C object CMakeFiles/customized_srv_msg__python.dir/rosidl_generator_py/customized_srv_msg/action/_fibonacci_s.c.o[0m
[4.719s] [ 87%] [32m[1mLinking C shared library rosidl_generator_py/customized_srv_msg/libcustomized_srv_msg__python.so[0m
[4.766s] [ 87%] Built target customized_srv_msg__python
[4.778s] [35m[1mScanning dependencies of target customized_srv_msg__rosidl_typesupport_c__pyext[0m
[4.779s] [35m[1mScanning dependencies of target customized_srv_msg__rosidl_typesupport_introspection_c__pyext[0m
[4.779s] [35m[1mScanning dependencies of target customized_srv_msg__rosidl_typesupport_fastrtps_c__pyext[0m
[4.795s] [ 89%] [32mBuilding C object CMakeFiles/customized_srv_msg__rosidl_typesupport_c__pyext.dir/rosidl_generator_py/customized_srv_msg/_customized_srv_msg_s.ep.rosidl_typesupport_c.c.o[0m
[4.795s] [ 91%] [32mBuilding C object CMakeFiles/customized_srv_msg__rosidl_typesupport_introspection_c__pyext.dir/rosidl_generator_py/customized_srv_msg/_customized_srv_msg_s.ep.rosidl_typesupport_introspection_c.c.o[0m
[4.797s] [ 93%] [32mBuilding C object CMakeFiles/customized_srv_msg__rosidl_typesupport_fastrtps_c__pyext.dir/rosidl_generator_py/customized_srv_msg/_customized_srv_msg_s.ep.rosidl_typesupport_fastrtps_c.c.o[0m
[4.904s] [ 95%] [32m[1mLinking C shared library rosidl_generator_py/customized_srv_msg/customized_srv_msg_s__rosidl_typesupport_introspection_c.cpython-38-x86_64-linux-gnu.so[0m
[4.904s] [ 97%] [32m[1mLinking C shared library rosidl_generator_py/customized_srv_msg/customized_srv_msg_s__rosidl_typesupport_c.cpython-38-x86_64-linux-gnu.so[0m
[4.909s] [100%] [32m[1mLinking CXX shared library rosidl_generator_py/customized_srv_msg/customized_srv_msg_s__rosidl_typesupport_fastrtps_c.cpython-38-x86_64-linux-gnu.so[0m
[4.945s] [100%] Built target customized_srv_msg__rosidl_typesupport_introspection_c__pyext
[4.945s] [100%] Built target customized_srv_msg__rosidl_typesupport_c__pyext
[4.977s] [100%] Built target customized_srv_msg__rosidl_typesupport_fastrtps_c__pyext
[4.989s] Invoked command in '/home/ghani/my_ws/build/customized_srv_msg' returned '0': CMAKE_PREFIX_PATH=/opt/ros/galactic /usr/bin/cmake --build /home/ghani/my_ws/build/customized_srv_msg -- -j6 -l6
[5.155s] Invoking command in '/home/ghani/my_ws/build/customized_srv_msg': CMAKE_PREFIX_PATH=/opt/ros/galactic /usr/bin/cmake --install /home/ghani/my_ws/build/customized_srv_msg
[5.164s] -- Install configuration: ""
[5.164s] -- Up-to-date: /home/ghani/my_ws/install/customized_srv_msg/share/ament_index/resource_index/rosidl_interfaces/customized_srv_msg
[5.164s] -- Up-to-date: /home/ghani/my_ws/install/customized_srv_msg/include/customized_srv_msg
[5.166s] -- Up-to-date: /home/ghani/my_ws/install/customized_srv_msg/include/customized_srv_msg/srv
[5.166s] -- Installing: /home/ghani/my_ws/install/customized_srv_msg/include/customized_srv_msg/srv/add_three_ints.h
[5.167s] -- Up-to-date: /home/ghani/my_ws/install/customized_srv_msg/include/customized_srv_msg/srv/detail
[5.167s] -- Installing: /home/ghani/my_ws/install/customized_srv_msg/include/customized_srv_msg/srv/detail/add_three_ints__functions.h
[5.168s] -- Installing: /home/ghani/my_ws/install/customized_srv_msg/include/customized_srv_msg/srv/detail/add_three_ints__functions.c
[5.168s] -- Installing: /home/ghani/my_ws/install/customized_srv_msg/include/customized_srv_msg/srv/detail/add_three_ints__type_support.h
[5.168s] -- Installing: /home/ghani/my_ws/install/customized_srv_msg/include/customized_srv_msg/srv/detail/add_three_ints__struct.h
[5.168s] -- Up-to-date: /home/ghani/my_ws/install/customized_srv_msg/include/customized_srv_msg/action
[5.168s] -- Up-to-date: /home/ghani/my_ws/install/customized_srv_msg/include/customized_srv_msg/action/goal.h
[5.168s] -- Installing: /home/ghani/my_ws/install/customized_srv_msg/include/customized_srv_msg/action/fibonacci.h
[5.169s] -- Up-to-date: /home/ghani/my_ws/install/customized_srv_msg/include/customized_srv_msg/action/detail
[5.169s] -- Up-to-date: /home/ghani/my_ws/install/customized_srv_msg/include/customized_srv_msg/action/detail/goal__functions.h
[5.169s] -- Installing: /home/ghani/my_ws/install/customized_srv_msg/include/customized_srv_msg/action/detail/fibonacci__functions.c
[5.170s] -- Installing: /home/ghani/my_ws/install/customized_srv_msg/include/customized_srv_msg/action/detail/fibonacci__type_support.h
[5.170s] -- Up-to-date: /home/ghani/my_ws/install/customized_srv_msg/include/customized_srv_msg/action/detail/goal__functions.c
[5.170s] -- Up-to-date: /home/ghani/my_ws/install/customized_srv_msg/include/customized_srv_msg/action/detail/goal__struct.h
[5.170s] -- Installing: /home/ghani/my_ws/install/customized_srv_msg/include/customized_srv_msg/action/detail/fibonacci__functions.h
[5.170s] -- Installing: /home/ghani/my_ws/install/customized_srv_msg/include/customized_srv_msg/action/detail/fibonacci__struct.h
[5.171s] -- Up-to-date: /home/ghani/my_ws/install/customized_srv_msg/include/customized_srv_msg/action/detail/goal__type_support.h
[5.171s] -- Up-to-date: /home/ghani/my_ws/install/customized_srv_msg/include/customized_srv_msg/msg
[5.171s] -- Up-to-date: /home/ghani/my_ws/install/customized_srv_msg/include/customized_srv_msg/msg/rosidl_generator_c__visibility_control.h
[5.171s] -- Installing: /home/ghani/my_ws/install/customized_srv_msg/include/customized_srv_msg/msg/num.h
[5.171s] -- Up-to-date: /home/ghani/my_ws/install/customized_srv_msg/include/customized_srv_msg/msg/detail
[5.171s] -- Installing: /home/ghani/my_ws/install/customized_srv_msg/include/customized_srv_msg/msg/detail/num__struct.h
[5.171s] -- Installing: /home/ghani/my_ws/install/customized_srv_msg/include/customized_srv_msg/msg/detail/num__type_support.h
[5.171s] -- Installing: /home/ghani/my_ws/install/customized_srv_msg/include/customized_srv_msg/msg/detail/num__functions.c
[5.172s] -- Installing: /home/ghani/my_ws/install/customized_srv_msg/include/customized_srv_msg/msg/detail/num__functions.h
[5.172s] -- Up-to-date: /home/ghani/my_ws/install/customized_srv_msg/share/customized_srv_msg/environment/library_path.sh
[5.172s] -- Installing: /home/ghani/my_ws/install/customized_srv_msg/share/customized_srv_msg/environment/library_path.dsv
[5.172s] -- Installing: /home/ghani/my_ws/install/customized_srv_msg/lib/libcustomized_srv_msg__rosidl_generator_c.so
[5.172s] -- Set runtime path of "/home/ghani/my_ws/install/customized_srv_msg/lib/libcustomized_srv_msg__rosidl_generator_c.so" to ""
[5.172s] -- Up-to-date: /home/ghani/my_ws/install/customized_srv_msg/include/customized_srv_msg
[5.172s] -- Up-to-date: /home/ghani/my_ws/install/customized_srv_msg/include/customized_srv_msg/srv
[5.172s] -- Up-to-date: /home/ghani/my_ws/install/customized_srv_msg/include/customized_srv_msg/srv/detail
[5.172s] -- Installing: /home/ghani/my_ws/install/customized_srv_msg/include/customized_srv_msg/srv/detail/add_three_ints__rosidl_typesupport_fastrtps_c.h
[5.173s] -- Up-to-date: /home/ghani/my_ws/install/customized_srv_msg/include/customized_srv_msg/action
[5.173s] -- Up-to-date: /home/ghani/my_ws/install/customized_srv_msg/include/customized_srv_msg/action/detail
[5.173s] -- Installing: /home/ghani/my_ws/install/customized_srv_msg/include/customized_srv_msg/action/detail/fibonacci__rosidl_typesupport_fastrtps_c.h
[5.173s] -- Up-to-date: /home/ghani/my_ws/install/customized_srv_msg/include/customized_srv_msg/msg
[5.173s] -- Up-to-date: /home/ghani/my_ws/install/customized_srv_msg/include/customized_srv_msg/msg/rosidl_typesupport_fastrtps_c__visibility_control.h
[5.174s] -- Up-to-date: /home/ghani/my_ws/install/customized_srv_msg/include/customized_srv_msg/msg/detail
[5.174s] -- Installing: /home/ghani/my_ws/install/customized_srv_msg/include/customized_srv_msg/msg/detail/num__rosidl_typesupport_fastrtps_c.h
[5.174s] -- Installing: /home/ghani/my_ws/install/customized_srv_msg/lib/libcustomized_srv_msg__rosidl_typesupport_fastrtps_c.so
[5.174s] -- Set runtime path of "/home/ghani/my_ws/install/customized_srv_msg/lib/libcustomized_srv_msg__rosidl_typesupport_fastrtps_c.so" to ""
[5.174s] -- Up-to-date: /home/ghani/my_ws/install/customized_srv_msg/include/customized_srv_msg
[5.174s] -- Up-to-date: /home/ghani/my_ws/install/customized_srv_msg/include/customized_srv_msg/srv
[5.175s] -- Up-to-date: /home/ghani/my_ws/install/customized_srv_msg/include/customized_srv_msg/srv/detail
[5.175s] -- Up-to-date: /home/ghani/my_ws/install/customized_srv_msg/include/customized_srv_msg/srv/detail/dds_fastrtps
[5.175s] -- Installing: /home/ghani/my_ws/install/customized_srv_msg/include/customized_srv_msg/srv/detail/add_three_ints__rosidl_typesupport_fastrtps_cpp.hpp
[5.175s] -- Up-to-date: /home/ghani/my_ws/install/customized_srv_msg/include/customized_srv_msg/action
[5.175s] -- Up-to-date: /home/ghani/my_ws/install/customized_srv_msg/include/customized_srv_msg/action/detail
[5.176s] -- Up-to-date: /home/ghani/my_ws/install/customized_srv_msg/include/customized_srv_msg/action/detail/dds_fastrtps
[5.176s] -- Up-to-date: /home/ghani/my_ws/install/customized_srv_msg/include/customized_srv_msg/action/detail/goal__rosidl_typesupport_fastrtps_cpp.hpp
[5.176s] -- Installing: /home/ghani/my_ws/install/customized_srv_msg/include/customized_srv_msg/action/detail/fibonacci__rosidl_typesupport_fastrtps_cpp.hpp
[5.176s] -- Up-to-date: /home/ghani/my_ws/install/customized_srv_msg/include/customized_srv_msg/msg
[5.176s] -- Up-to-date: /home/ghani/my_ws/install/customized_srv_msg/include/customized_srv_msg/msg/rosidl_typesupport_fastrtps_cpp__visibility_control.h
[5.177s] -- Up-to-date: /home/ghani/my_ws/install/customized_srv_msg/include/customized_srv_msg/msg/detail
[5.177s] -- Installing: /home/ghani/my_ws/install/customized_srv_msg/include/customized_srv_msg/msg/detail/num__rosidl_typesupport_fastrtps_cpp.hpp
[5.177s] -- Up-to-date: /home/ghani/my_ws/install/customized_srv_msg/include/customized_srv_msg/msg/detail/dds_fastrtps
[5.177s] -- Installing: /home/ghani/my_ws/install/customized_srv_msg/lib/libcustomized_srv_msg__rosidl_typesupport_fastrtps_cpp.so
[5.177s] -- Set runtime path of "/home/ghani/my_ws/install/customized_srv_msg/lib/libcustomized_srv_msg__rosidl_typesupport_fastrtps_cpp.so" to ""
[5.177s] -- Up-to-date: /home/ghani/my_ws/install/customized_srv_msg/include/customized_srv_msg
[5.177s] -- Up-to-date: /home/ghani/my_ws/install/customized_srv_msg/include/customized_srv_msg/srv
[5.177s] -- Up-to-date: /home/ghani/my_ws/install/customized_srv_msg/include/customized_srv_msg/srv/detail
[5.178s] -- Installing: /home/ghani/my_ws/install/customized_srv_msg/include/customized_srv_msg/srv/detail/add_three_ints__rosidl_typesupport_introspection_c.h
[5.178s] -- Installing: /home/ghani/my_ws/install/customized_srv_msg/include/customized_srv_msg/srv/detail/add_three_ints__type_support.c
[5.178s] -- Up-to-date: /home/ghani/my_ws/install/customized_srv_msg/include/customized_srv_msg/action
[5.178s] -- Up-to-date: /home/ghani/my_ws/install/customized_srv_msg/include/customized_srv_msg/action/detail
[5.178s] -- Up-to-date: /home/ghani/my_ws/install/customized_srv_msg/include/customized_srv_msg/action/detail/goal__rosidl_typesupport_introspection_c.h
[5.178s] -- Up-to-date: /home/ghani/my_ws/install/customized_srv_msg/include/customized_srv_msg/action/detail/goal__type_support.c
[5.178s] -- Installing: /home/ghani/my_ws/install/customized_srv_msg/include/customized_srv_msg/action/detail/fibonacci__type_support.c
[5.178s] -- Installing: /home/ghani/my_ws/install/customized_srv_msg/include/customized_srv_msg/action/detail/fibonacci__rosidl_typesupport_introspection_c.h
[5.178s] -- Up-to-date: /home/ghani/my_ws/install/customized_srv_msg/include/customized_srv_msg/msg
[5.178s] -- Up-to-date: /home/ghani/my_ws/install/customized_srv_msg/include/customized_srv_msg/msg/rosidl_typesupport_introspection_c__visibility_control.h
[5.178s] -- Up-to-date: /home/ghani/my_ws/install/customized_srv_msg/include/customized_srv_msg/msg/detail
[5.178s] -- Installing: /home/ghani/my_ws/install/customized_srv_msg/include/customized_srv_msg/msg/detail/num__type_support.c
[5.178s] -- Installing: /home/ghani/my_ws/install/customized_srv_msg/include/customized_srv_msg/msg/detail/num__rosidl_typesupport_introspection_c.h
[5.178s] -- Installing: /home/ghani/my_ws/install/customized_srv_msg/lib/libcustomized_srv_msg__rosidl_typesupport_introspection_c.so
[5.178s] -- Set runtime path of "/home/ghani/my_ws/install/customized_srv_msg/lib/libcustomized_srv_msg__rosidl_typesupport_introspection_c.so" to ""
[5.178s] -- Installing: /home/ghani/my_ws/install/customized_srv_msg/lib/libcustomized_srv_msg__rosidl_typesupport_c.so
[5.179s] -- Set runtime path of "/home/ghani/my_ws/install/customized_srv_msg/lib/libcustomized_srv_msg__rosidl_typesupport_c.so" to ""
[5.179s] -- Up-to-date: /home/ghani/my_ws/install/customized_srv_msg/include/customized_srv_msg
[5.179s] -- Up-to-date: /home/ghani/my_ws/install/customized_srv_msg/include/customized_srv_msg/srv
[5.179s] -- Installing: /home/ghani/my_ws/install/customized_srv_msg/include/customized_srv_msg/srv/add_three_ints.hpp
[5.179s] -- Up-to-date: /home/ghani/my_ws/install/customized_srv_msg/include/customized_srv_msg/srv/detail
[5.179s] -- Installing: /home/ghani/my_ws/install/customized_srv_msg/include/customized_srv_msg/srv/detail/add_three_ints__builder.hpp
[5.179s] -- Installing: /home/ghani/my_ws/install/customized_srv_msg/include/customized_srv_msg/srv/detail/add_three_ints__struct.hpp
[5.179s] -- Installing: /home/ghani/my_ws/install/customized_srv_msg/include/customized_srv_msg/srv/detail/add_three_ints__traits.hpp
[5.179s] -- Up-to-date: /home/ghani/my_ws/install/customized_srv_msg/include/customized_srv_msg/action
[5.179s] -- Installing: /home/ghani/my_ws/install/customized_srv_msg/include/customized_srv_msg/action/fibonacci.hpp
[5.179s] -- Up-to-date: /home/ghani/my_ws/install/customized_srv_msg/include/customized_srv_msg/action/goal.hpp
[5.179s] -- Up-to-date: /home/ghani/my_ws/install/customized_srv_msg/include/customized_srv_msg/action/detail
[5.179s] -- Up-to-date: /home/ghani/my_ws/install/customized_srv_msg/include/customized_srv_msg/action/detail/goal__builder.hpp
[5.179s] -- Up-to-date: /home/ghani/my_ws/install/customized_srv_msg/include/customized_srv_msg/action/detail/goal__traits.hpp
[5.179s] -- Installing: /home/ghani/my_ws/install/customized_srv_msg/include/customized_srv_msg/action/detail/fibonacci__struct.hpp
[5.179s] -- Installing: /home/ghani/my_ws/install/customized_srv_msg/include/customized_srv_msg/action/detail/fibonacci__traits.hpp
[5.179s] -- Installing: /home/ghani/my_ws/install/customized_srv_msg/include/customized_srv_msg/action/detail/fibonacci__builder.hpp
[5.179s] -- Up-to-date: /home/ghani/my_ws/install/customized_srv_msg/include/customized_srv_msg/action/detail/goal__struct.hpp
[5.179s] -- Up-to-date: /home/ghani/my_ws/install/customized_srv_msg/include/customized_srv_msg/msg
[5.179s] -- Installing: /home/ghani/my_ws/install/customized_srv_msg/include/customized_srv_msg/msg/num.hpp
[5.180s] -- Up-to-date: /home/ghani/my_ws/install/customized_srv_msg/include/customized_srv_msg/msg/detail
[5.180s] -- Installing: /home/ghani/my_ws/install/customized_srv_msg/include/customized_srv_msg/msg/detail/num__struct.hpp
[5.180s] -- Installing: /home/ghani/my_ws/install/customized_srv_msg/include/customized_srv_msg/msg/detail/num__builder.hpp
[5.180s] -- Installing: /home/ghani/my_ws/install/customized_srv_msg/include/customized_srv_msg/msg/detail/num__traits.hpp
[5.180s] -- Up-to-date: /home/ghani/my_ws/install/customized_srv_msg/include/customized_srv_msg
[5.180s] -- Up-to-date: /home/ghani/my_ws/install/customized_srv_msg/include/customized_srv_msg/srv
[5.180s] -- Up-to-date: /home/ghani/my_ws/install/customized_srv_msg/include/customized_srv_msg/srv/detail
[5.180s] -- Installing: /home/ghani/my_ws/install/customized_srv_msg/include/customized_srv_msg/srv/detail/add_three_ints__rosidl_typesupport_introspection_cpp.hpp
[5.180s] -- Installing: /home/ghani/my_ws/install/customized_srv_msg/include/customized_srv_msg/srv/detail/add_three_ints__type_support.cpp
[5.180s] -- Up-to-date: /home/ghani/my_ws/install/customized_srv_msg/include/customized_srv_msg/action
[5.180s] -- Up-to-date: /home/ghani/my_ws/install/customized_srv_msg/include/customized_srv_msg/action/detail
[5.180s] -- Up-to-date: /home/ghani/my_ws/install/customized_srv_msg/include/customized_srv_msg/action/detail/goal__type_support.cpp
[5.180s] -- Installing: /home/ghani/my_ws/install/customized_srv_msg/include/customized_srv_msg/action/detail/fibonacci__type_support.cpp
[5.180s] -- Installing: /home/ghani/my_ws/install/customized_srv_msg/include/customized_srv_msg/action/detail/fibonacci__rosidl_typesupport_introspection_cpp.hpp
[5.180s] -- Up-to-date: /home/ghani/my_ws/install/customized_srv_msg/include/customized_srv_msg/action/detail/goal__rosidl_typesupport_introspection_cpp.hpp
[5.180s] -- Up-to-date: /home/ghani/my_ws/install/customized_srv_msg/include/customized_srv_msg/msg
[5.180s] -- Up-to-date: /home/ghani/my_ws/install/customized_srv_msg/include/customized_srv_msg/msg/detail
[5.180s] -- Installing: /home/ghani/my_ws/install/customized_srv_msg/include/customized_srv_msg/msg/detail/num__type_support.cpp
[5.180s] -- Installing: /home/ghani/my_ws/install/customized_srv_msg/include/customized_srv_msg/msg/detail/num__rosidl_typesupport_introspection_cpp.hpp
[5.180s] -- Installing: /home/ghani/my_ws/install/customized_srv_msg/lib/libcustomized_srv_msg__rosidl_typesupport_introspection_cpp.so
[5.181s] -- Set runtime path of "/home/ghani/my_ws/install/customized_srv_msg/lib/libcustomized_srv_msg__rosidl_typesupport_introspection_cpp.so" to ""
[5.181s] -- Installing: /home/ghani/my_ws/install/customized_srv_msg/lib/libcustomized_srv_msg__rosidl_typesupport_cpp.so
[5.181s] -- Set runtime path of "/home/ghani/my_ws/install/customized_srv_msg/lib/libcustomized_srv_msg__rosidl_typesupport_cpp.so" to ""
[5.181s] -- Up-to-date: /home/ghani/my_ws/install/customized_srv_msg/share/customized_srv_msg/environment/pythonpath.sh
[5.181s] -- Installing: /home/ghani/my_ws/install/customized_srv_msg/share/customized_srv_msg/environment/pythonpath.dsv
[5.181s] -- Installing: /home/ghani/my_ws/install/customized_srv_msg/lib/python3.8/site-packages/customized_srv_msg/__init__.py
[5.205s] Compiling '/home/ghani/my_ws/install/customized_srv_msg/lib/python3.8/site-packages/customized_srv_msg/__init__.py'...
[5.210s] -- Up-to-date: /home/ghani/my_ws/install/customized_srv_msg/lib/python3.8/site-packages/customized_srv_msg/msg
[5.210s] -- Installing: /home/ghani/my_ws/install/customized_srv_msg/lib/python3.8/site-packages/customized_srv_msg/msg/_num_s.c
[5.210s] -- Installing: /home/ghani/my_ws/install/customized_srv_msg/lib/python3.8/site-packages/customized_srv_msg/msg/__init__.py
[5.210s] -- Installing: /home/ghani/my_ws/install/customized_srv_msg/lib/python3.8/site-packages/customized_srv_msg/msg/_num.py
[5.210s] -- Up-to-date: /home/ghani/my_ws/install/customized_srv_msg/lib/python3.8/site-packages/customized_srv_msg/srv
[5.211s] -- Installing: /home/ghani/my_ws/install/customized_srv_msg/lib/python3.8/site-packages/customized_srv_msg/srv/_add_three_ints.py
[5.211s] -- Installing: /home/ghani/my_ws/install/customized_srv_msg/lib/python3.8/site-packages/customized_srv_msg/srv/__init__.py
[5.211s] -- Installing: /home/ghani/my_ws/install/customized_srv_msg/lib/python3.8/site-packages/customized_srv_msg/srv/_add_three_ints_s.c
[5.211s] -- Up-to-date: /home/ghani/my_ws/install/customized_srv_msg/lib/python3.8/site-packages/customized_srv_msg/action
[5.211s] -- Installing: /home/ghani/my_ws/install/customized_srv_msg/lib/python3.8/site-packages/customized_srv_msg/action/__init__.py
[5.211s] -- Installing: /home/ghani/my_ws/install/customized_srv_msg/lib/python3.8/site-packages/customized_srv_msg/action/_fibonacci_s.c
[5.211s] -- Installing: /home/ghani/my_ws/install/customized_srv_msg/lib/python3.8/site-packages/customized_srv_msg/action/_fibonacci.py
[5.212s] -- Installing: /home/ghani/my_ws/install/customized_srv_msg/lib/python3.8/site-packages/customized_srv_msg/customized_srv_msg_s__rosidl_typesupport_fastrtps_c.cpython-38-x86_64-linux-gnu.so
[5.212s] -- Set runtime path of "/home/ghani/my_ws/install/customized_srv_msg/lib/python3.8/site-packages/customized_srv_msg/customized_srv_msg_s__rosidl_typesupport_fastrtps_c.cpython-38-x86_64-linux-gnu.so" to ""
[5.212s] -- Installing: /home/ghani/my_ws/install/customized_srv_msg/lib/python3.8/site-packages/customized_srv_msg/customized_srv_msg_s__rosidl_typesupport_introspection_c.cpython-38-x86_64-linux-gnu.so
[5.213s] -- Set runtime path of "/home/ghani/my_ws/install/customized_srv_msg/lib/python3.8/site-packages/customized_srv_msg/customized_srv_msg_s__rosidl_typesupport_introspection_c.cpython-38-x86_64-linux-gnu.so" to ""
[5.213s] -- Installing: /home/ghani/my_ws/install/customized_srv_msg/lib/python3.8/site-packages/customized_srv_msg/customized_srv_msg_s__rosidl_typesupport_c.cpython-38-x86_64-linux-gnu.so
[5.214s] -- Set runtime path of "/home/ghani/my_ws/install/customized_srv_msg/lib/python3.8/site-packages/customized_srv_msg/customized_srv_msg_s__rosidl_typesupport_c.cpython-38-x86_64-linux-gnu.so" to ""
[5.214s] -- Installing: /home/ghani/my_ws/install/customized_srv_msg/lib/libcustomized_srv_msg__python.so
[5.214s] -- Set runtime path of "/home/ghani/my_ws/install/customized_srv_msg/lib/libcustomized_srv_msg__python.so" to ""
[5.215s] -- Up-to-date: /home/ghani/my_ws/install/customized_srv_msg/share/customized_srv_msg/msg/Num.idl
[5.215s] -- Up-to-date: /home/ghani/my_ws/install/customized_srv_msg/share/customized_srv_msg/srv/AddThreeInts.idl
[5.215s] -- Installing: /home/ghani/my_ws/install/customized_srv_msg/share/customized_srv_msg/action/Fibonacci.idl
[5.215s] -- Up-to-date: /home/ghani/my_ws/install/customized_srv_msg/share/customized_srv_msg/msg/Num.msg
[5.215s] -- Up-to-date: /home/ghani/my_ws/install/customized_srv_msg/share/customized_srv_msg/srv/AddThreeInts.srv
[5.215s] -- Up-to-date: /home/ghani/my_ws/install/customized_srv_msg/share/customized_srv_msg/srv/AddThreeInts_Request.msg
[5.215s] -- Up-to-date: /home/ghani/my_ws/install/customized_srv_msg/share/customized_srv_msg/srv/AddThreeInts_Response.msg
[5.216s] -- Installing: /home/ghani/my_ws/install/customized_srv_msg/share/customized_srv_msg/action/Fibonacci.action
[5.216s] -- Up-to-date: /home/ghani/my_ws/install/customized_srv_msg/share/ament_index/resource_index/package_run_dependencies/customized_srv_msg
[5.216s] -- Up-to-date: /home/ghani/my_ws/install/customized_srv_msg/share/ament_index/resource_index/parent_prefix_path/customized_srv_msg
[5.216s] -- Up-to-date: /home/ghani/my_ws/install/customized_srv_msg/share/customized_srv_msg/environment/ament_prefix_path.sh
[5.216s] -- Installing: /home/ghani/my_ws/install/customized_srv_msg/share/customized_srv_msg/environment/ament_prefix_path.dsv
[5.216s] -- Up-to-date: /home/ghani/my_ws/install/customized_srv_msg/share/customized_srv_msg/environment/path.sh
[5.216s] -- Installing: /home/ghani/my_ws/install/customized_srv_msg/share/customized_srv_msg/environment/path.dsv
[5.216s] -- Up-to-date: /home/ghani/my_ws/install/customized_srv_msg/share/customized_srv_msg/local_setup.bash
[5.216s] -- Up-to-date: /home/ghani/my_ws/install/customized_srv_msg/share/customized_srv_msg/local_setup.sh
[5.216s] -- Up-to-date: /home/ghani/my_ws/install/customized_srv_msg/share/customized_srv_msg/local_setup.zsh
[5.217s] -- Installing: /home/ghani/my_ws/install/customized_srv_msg/share/customized_srv_msg/local_setup.dsv
[5.217s] -- Installing: /home/ghani/my_ws/install/customized_srv_msg/share/customized_srv_msg/package.dsv
[5.217s] -- Up-to-date: /home/ghani/my_ws/install/customized_srv_msg/share/ament_index/resource_index/packages/customized_srv_msg
[5.217s] -- Up-to-date: /home/ghani/my_ws/install/customized_srv_msg/share/customized_srv_msg/cmake/customized_srv_msg__rosidl_generator_cExport.cmake
[5.217s] -- Installing: /home/ghani/my_ws/install/customized_srv_msg/share/customized_srv_msg/cmake/customized_srv_msg__rosidl_generator_cExport-noconfig.cmake
[5.217s] -- Up-to-date: /home/ghani/my_ws/install/customized_srv_msg/share/customized_srv_msg/cmake/customized_srv_msg__rosidl_typesupport_introspection_cExport.cmake
[5.217s] -- Installing: /home/ghani/my_ws/install/customized_srv_msg/share/customized_srv_msg/cmake/customized_srv_msg__rosidl_typesupport_introspection_cExport-noconfig.cmake
[5.217s] -- Up-to-date: /home/ghani/my_ws/install/customized_srv_msg/share/customized_srv_msg/cmake/customized_srv_msg__rosidl_typesupport_cExport.cmake
[5.217s] -- Installing: /home/ghani/my_ws/install/customized_srv_msg/share/customized_srv_msg/cmake/customized_srv_msg__rosidl_typesupport_cExport-noconfig.cmake
[5.218s] -- Up-to-date: /home/ghani/my_ws/install/customized_srv_msg/share/customized_srv_msg/cmake/customized_srv_msg__rosidl_generator_cppExport.cmake
[5.218s] -- Up-to-date: /home/ghani/my_ws/install/customized_srv_msg/share/customized_srv_msg/cmake/customized_srv_msg__rosidl_typesupport_introspection_cppExport.cmake
[5.218s] -- Installing: /home/ghani/my_ws/install/customized_srv_msg/share/customized_srv_msg/cmake/customized_srv_msg__rosidl_typesupport_introspection_cppExport-noconfig.cmake
[5.218s] -- Up-to-date: /home/ghani/my_ws/install/customized_srv_msg/share/customized_srv_msg/cmake/customized_srv_msg__rosidl_typesupport_cppExport.cmake
[5.218s] -- Installing: /home/ghani/my_ws/install/customized_srv_msg/share/customized_srv_msg/cmake/customized_srv_msg__rosidl_typesupport_cppExport-noconfig.cmake
[5.219s] -- Up-to-date: /home/ghani/my_ws/install/customized_srv_msg/share/customized_srv_msg/cmake/rosidl_cmake-extras.cmake
[5.219s] -- Up-to-date: /home/ghani/my_ws/install/customized_srv_msg/share/customized_srv_msg/cmake/ament_cmake_export_dependencies-extras.cmake
[5.219s] -- Up-to-date: /home/ghani/my_ws/install/customized_srv_msg/share/customized_srv_msg/cmake/ament_cmake_export_libraries-extras.cmake
[5.219s] -- Up-to-date: /home/ghani/my_ws/install/customized_srv_msg/share/customized_srv_msg/cmake/ament_cmake_export_targets-extras.cmake
[5.219s] -- Up-to-date: /home/ghani/my_ws/install/customized_srv_msg/share/customized_srv_msg/cmake/ament_cmake_export_include_directories-extras.cmake
[5.219s] -- Up-to-date: /home/ghani/my_ws/install/customized_srv_msg/share/customized_srv_msg/cmake/rosidl_cmake_export_typesupport_libraries-extras.cmake
[5.219s] -- Up-to-date: /home/ghani/my_ws/install/customized_srv_msg/share/customized_srv_msg/cmake/rosidl_cmake_export_typesupport_targets-extras.cmake
[5.219s] -- Up-to-date: /home/ghani/my_ws/install/customized_srv_msg/share/customized_srv_msg/cmake/customized_srv_msgConfig.cmake
[5.219s] -- Up-to-date: /home/ghani/my_ws/install/customized_srv_msg/share/customized_srv_msg/cmake/customized_srv_msgConfig-version.cmake
[5.219s] -- Up-to-date: /home/ghani/my_ws/install/customized_srv_msg/share/customized_srv_msg/package.xml
[5.223s] Invoked command in '/home/ghani/my_ws/build/customized_srv_msg' returned '0': CMAKE_PREFIX_PATH=/opt/ros/galactic /usr/bin/cmake --install /home/ghani/my_ws/build/customized_srv_msg
