[0.580s] Invoking command in '/home/ghani/my_ws/src/controller_py': PYTHONPATH=/home/ghani/my_ws/install/controller_py/lib/python3.8/site-packages:${PYTHONPATH} /usr/bin/python3 setup.py egg_info --egg-base ../../build/controller_py build --build-base /home/ghani/my_ws/build/controller_py/build install --prefix /home/ghani/my_ws/install/controller_py --record /home/ghani/my_ws/build/controller_py/install.log --single-version-externally-managed
[0.766s] running egg_info
[0.766s] writing ../../build/controller_py/controller_py.egg-info/PKG-INFO
[0.767s] writing dependency_links to ../../build/controller_py/controller_py.egg-info/dependency_links.txt
[0.767s] writing entry points to ../../build/controller_py/controller_py.egg-info/entry_points.txt
[0.768s] writing requirements to ../../build/controller_py/controller_py.egg-info/requires.txt
[0.768s] writing top-level names to ../../build/controller_py/controller_py.egg-info/top_level.txt
[0.799s] reading manifest file '../../build/controller_py/controller_py.egg-info/SOURCES.txt'
[0.800s] writing manifest file '../../build/controller_py/controller_py.egg-info/SOURCES.txt'
[0.801s] running build
[0.801s] running build_py
[0.801s] copying controller_py/action_controller.py -> /home/ghani/my_ws/build/controller_py/build/lib/controller_py
[0.802s] running install
[0.802s] running install_lib
[0.803s] copying /home/ghani/my_ws/build/controller_py/build/lib/controller_py/action_controller.py -> /home/ghani/my_ws/install/controller_py/lib/python3.8/site-packages/controller_py
[0.803s] byte-compiling /home/ghani/my_ws/install/controller_py/lib/python3.8/site-packages/controller_py/action_controller.py to action_controller.cpython-38.pyc
[0.805s] running install_data
[0.806s] running install_egg_info
[0.808s] removing '/home/ghani/my_ws/install/controller_py/lib/python3.8/site-packages/controller_py-0.0.0-py3.8.egg-info' (and everything under it)
[0.808s] Copying ../../build/controller_py/controller_py.egg-info to /home/ghani/my_ws/install/controller_py/lib/python3.8/site-packages/controller_py-0.0.0-py3.8.egg-info
[0.808s] running install_scripts
[0.824s] Installing py_action_controller script to /home/ghani/my_ws/install/controller_py/lib/controller_py
[0.825s] Installing py_controller script to /home/ghani/my_ws/install/controller_py/lib/controller_py
[0.826s] writing list of installed files to '/home/ghani/my_ws/build/controller_py/install.log'
[0.853s] Invoked command in '/home/ghani/my_ws/src/controller_py' returned '0': PYTHONPATH=/home/ghani/my_ws/install/controller_py/lib/python3.8/site-packages:${PYTHONPATH} /usr/bin/python3 setup.py egg_info --egg-base ../../build/controller_py build --build-base /home/ghani/my_ws/build/controller_py/build install --prefix /home/ghani/my_ws/install/controller_py --record /home/ghani/my_ws/build/controller_py/install.log --single-version-externally-managed
