[35m[1mScanning dependencies of target talkercpp[0m
[ 50%] [32mBuilding CXX object CMakeFiles/talkercpp.dir/src/publisher_member_function.cpp.o[0m
[100%] [32m[1mLinking CXX executable talkercpp[0m
[100%] Built target talkercpp
-- Install configuration: ""
-- Installing: /home/ghani/my_ws/install/cpp_package/lib/cpp_package/talkercpp
-- Set runtime path of "/home/ghani/my_ws/install/cpp_package/lib/cpp_package/talkercpp" to ""
-- Installing: /home/ghani/my_ws/install/cpp_package/share/ament_index/resource_index/package_run_dependencies/cpp_package
-- Installing: /home/ghani/my_ws/install/cpp_package/share/ament_index/resource_index/parent_prefix_path/cpp_package
-- Up-to-date: /home/ghani/my_ws/install/cpp_package/share/cpp_package/environment/ament_prefix_path.sh
-- Installing: /home/ghani/my_ws/install/cpp_package/share/cpp_package/environment/ament_prefix_path.dsv
-- Up-to-date: /home/ghani/my_ws/install/cpp_package/share/cpp_package/environment/path.sh
-- Installing: /home/ghani/my_ws/install/cpp_package/share/cpp_package/environment/path.dsv
-- Up-to-date: /home/ghani/my_ws/install/cpp_package/share/cpp_package/local_setup.bash
-- Up-to-date: /home/ghani/my_ws/install/cpp_package/share/cpp_package/local_setup.sh
-- Up-to-date: /home/ghani/my_ws/install/cpp_package/share/cpp_package/local_setup.zsh
-- Installing: /home/ghani/my_ws/install/cpp_package/share/cpp_package/local_setup.dsv
-- Installing: /home/ghani/my_ws/install/cpp_package/share/cpp_package/package.dsv
-- Up-to-date: /home/ghani/my_ws/install/cpp_package/share/ament_index/resource_index/packages/cpp_package
-- Up-to-date: /home/ghani/my_ws/install/cpp_package/share/cpp_package/cmake/cpp_packageConfig.cmake
-- Up-to-date: /home/ghani/my_ws/install/cpp_package/share/cpp_package/cmake/cpp_packageConfig-version.cmake
-- Installing: /home/ghani/my_ws/install/cpp_package/share/cpp_package/package.xml
