[0.016s] Invoking command in '/home/ghani/my_ws/build/newcpppackage': CMAKE_PREFIX_PATH=/opt/ros/galactic /usr/bin/cmake --build /home/ghani/my_ws/build/newcpppackage -- -j6 -l6
[0.061s] [35m[1mScanning dependencies of target listnercpp[0m
[0.085s] [ 50%] [32mBuilding CXX object CMakeFiles/listnercpp.dir/src/sub.cpp.o[0m
[1.936s] In file included from [01m[K/opt/ros/galactic/include/rclcpp/client.hpp:40[m[K,
[1.936s]                  from [01m[K/opt/ros/galactic/include/rclcpp/callback_group.hpp:23[m[K,
[1.936s]                  from [01m[K/opt/ros/galactic/include/rclcpp/any_executable.hpp:20[m[K,
[1.936s]                  from [01m[K/opt/ros/galactic/include/rclcpp/memory_strategy.hpp:25[m[K,
[1.936s]                  from [01m[K/opt/ros/galactic/include/rclcpp/memory_strategies.hpp:18[m[K,
[1.936s]                  from [01m[K/opt/ros/galactic/include/rclcpp/executor_options.hpp:20[m[K,
[1.936s]                  from [01m[K/opt/ros/galactic/include/rclcpp/executor.hpp:36[m[K,
[1.936s]                  from [01m[K/opt/ros/galactic/include/rclcpp/executors/multi_threaded_executor.hpp:26[m[K,
[1.936s]                  from [01m[K/opt/ros/galactic/include/rclcpp/executors.hpp:21[m[K,
[1.936s]                  from [01m[K/opt/ros/galactic/include/rclcpp/rclcpp.hpp:156[m[K,
[1.936s]                  from [01m[K/home/ghani/my_ws/src/newcpppackage/src/sub.cpp:3[m[K:
[1.936s] [01m[K/home/ghani/my_ws/src/newcpppackage/src/sub.cpp:[m[K In member function ‘[01m[Kvoid MinimalSubscriber::topic_callback(turtlesim::msg::Pose_<std::allocator<void> >::SharedPtr) const[m[K’:
[1.936s] [01m[K/home/ghani/my_ws/src/newcpppackage/src/sub.cpp:21:40:[m[K [01;35m[Kwarning: [m[Kformat ‘[01m[K%s[m[K’ expects argument of type ‘[01m[Kchar*[m[K’, but argument 5 has type ‘[01m[Kdouble[m[K’ [[01;35m[K-Wformat=[m[K]
[1.936s]    21 |        RCLCPP_INFO(this->get_logger(), [01;35m[K"I heard: '%s'"[m[K, [32m[Kmsg->x[m[K);
[1.936s]       |                                        [01;35m[K^~~~~~~~~~~~~~~[m[K  [32m[K~~~~~~[m[K
[1.936s]       |                                                              [32m[K|[m[K
[1.936s]       |                                                              [32m[Kdouble[m[K
[1.936s] [01m[K/home/ghani/my_ws/src/newcpppackage/src/sub.cpp:21:52:[m[K [01;36m[Knote: [m[Kformat string is defined here
[1.937s]    21 |        RCLCPP_INFO(this->get_logger(), "I heard: '[01;36m[K%s[m[K'", msg->x);
[1.937s]       |                                                   [01;36m[K~^[m[K
[1.937s]       |                                                    [01;36m[K|[m[K
[1.937s]       |                                                    [01;36m[Kchar*[m[K
[1.937s]       |                                                   [32m[K%f[m[K
[6.653s] [100%] [32m[1mLinking CXX executable listnercpp[0m
[6.952s] [100%] Built target listnercpp
[6.964s] Invoked command in '/home/ghani/my_ws/build/newcpppackage' returned '0': CMAKE_PREFIX_PATH=/opt/ros/galactic /usr/bin/cmake --build /home/ghani/my_ws/build/newcpppackage -- -j6 -l6
[7.009s] Invoking command in '/home/ghani/my_ws/build/newcpppackage': CMAKE_PREFIX_PATH=/opt/ros/galactic /usr/bin/cmake --install /home/ghani/my_ws/build/newcpppackage
[7.017s] -- Install configuration: ""
[7.017s] -- Installing: /home/ghani/my_ws/install/newcpppackage/lib/newcpppackage/listnercpp
[7.020s] -- Set runtime path of "/home/ghani/my_ws/install/newcpppackage/lib/newcpppackage/listnercpp" to ""
[7.020s] -- Up-to-date: /home/ghani/my_ws/install/newcpppackage/share/ament_index/resource_index/package_run_dependencies/newcpppackage
[7.020s] -- Up-to-date: /home/ghani/my_ws/install/newcpppackage/share/ament_index/resource_index/parent_prefix_path/newcpppackage
[7.020s] -- Up-to-date: /home/ghani/my_ws/install/newcpppackage/share/newcpppackage/environment/ament_prefix_path.sh
[7.020s] -- Up-to-date: /home/ghani/my_ws/install/newcpppackage/share/newcpppackage/environment/ament_prefix_path.dsv
[7.020s] -- Up-to-date: /home/ghani/my_ws/install/newcpppackage/share/newcpppackage/environment/path.sh
[7.020s] -- Up-to-date: /home/ghani/my_ws/install/newcpppackage/share/newcpppackage/environment/path.dsv
[7.021s] -- Up-to-date: /home/ghani/my_ws/install/newcpppackage/share/newcpppackage/local_setup.bash
[7.021s] -- Up-to-date: /home/ghani/my_ws/install/newcpppackage/share/newcpppackage/local_setup.sh
[7.021s] -- Up-to-date: /home/ghani/my_ws/install/newcpppackage/share/newcpppackage/local_setup.zsh
[7.022s] -- Up-to-date: /home/ghani/my_ws/install/newcpppackage/share/newcpppackage/local_setup.dsv
[7.022s] -- Installing: /home/ghani/my_ws/install/newcpppackage/share/newcpppackage/package.dsv
[7.023s] -- Up-to-date: /home/ghani/my_ws/install/newcpppackage/share/ament_index/resource_index/packages/newcpppackage
[7.024s] -- Up-to-date: /home/ghani/my_ws/install/newcpppackage/share/newcpppackage/cmake/newcpppackageConfig.cmake
[7.024s] -- Up-to-date: /home/ghani/my_ws/install/newcpppackage/share/newcpppackage/cmake/newcpppackageConfig-version.cmake
[7.026s] -- Up-to-date: /home/ghani/my_ws/install/newcpppackage/share/newcpppackage/package.xml
[7.026s] Invoked command in '/home/ghani/my_ws/build/newcpppackage' returned '0': CMAKE_PREFIX_PATH=/opt/ros/galactic /usr/bin/cmake --install /home/ghani/my_ws/build/newcpppackage
