[0.595s] Invoking command in '/home/ghani/my_ws/src/py_package': PYTHONPATH=/home/ghani/my_ws/install/py_package/lib/python3.8/site-packages:${PYTHONPATH} /usr/bin/python3 setup.py egg_info --egg-base ../../build/py_package build --build-base /home/ghani/my_ws/build/py_package/build install --prefix /home/ghani/my_ws/install/py_package --record /home/ghani/my_ws/build/py_package/install.log --single-version-externally-managed
[0.774s] running egg_info
[0.774s] writing ../../build/py_package/py_package.egg-info/PKG-INFO
[0.775s] writing dependency_links to ../../build/py_package/py_package.egg-info/dependency_links.txt
[0.775s] writing entry points to ../../build/py_package/py_package.egg-info/entry_points.txt
[0.776s] writing requirements to ../../build/py_package/py_package.egg-info/requires.txt
[0.777s] writing top-level names to ../../build/py_package/py_package.egg-info/top_level.txt
[0.810s] reading manifest file '../../build/py_package/py_package.egg-info/SOURCES.txt'
[0.810s] writing manifest file '../../build/py_package/py_package.egg-info/SOURCES.txt'
[0.811s] running build
[0.811s] running build_py
[0.811s] copying py_package/publisher_member_function.py -> /home/ghani/my_ws/build/py_package/build/lib/py_package
[0.812s] running install
[0.813s] running install_lib
[0.814s] copying /home/ghani/my_ws/build/py_package/build/lib/py_package/publisher_member_function.py -> /home/ghani/my_ws/install/py_package/lib/python3.8/site-packages/py_package
[0.814s] byte-compiling /home/ghani/my_ws/install/py_package/lib/python3.8/site-packages/py_package/publisher_member_function.py to publisher_member_function.cpython-38.pyc
[0.816s] running install_data
[0.817s] running install_egg_info
[0.819s] removing '/home/ghani/my_ws/install/py_package/lib/python3.8/site-packages/py_package-0.0.0-py3.8.egg-info' (and everything under it)
[0.819s] Copying ../../build/py_package/py_package.egg-info to /home/ghani/my_ws/install/py_package/lib/python3.8/site-packages/py_package-0.0.0-py3.8.egg-info
[0.819s] running install_scripts
[0.836s] Installing controller script to /home/ghani/my_ws/install/py_package/lib/py_package
[0.837s] Installing exersice script to /home/ghani/my_ws/install/py_package/lib/py_package
[0.837s] Installing listner script to /home/ghani/my_ws/install/py_package/lib/py_package
[0.838s] Installing talker script to /home/ghani/my_ws/install/py_package/lib/py_package
[0.838s] writing list of installed files to '/home/ghani/my_ws/build/py_package/install.log'
[0.867s] Invoked command in '/home/ghani/my_ws/src/py_package' returned '0': PYTHONPATH=/home/ghani/my_ws/install/py_package/lib/python3.8/site-packages:${PYTHONPATH} /usr/bin/python3 setup.py egg_info --egg-base ../../build/py_package build --build-base /home/ghani/my_ws/build/py_package/build install --prefix /home/ghani/my_ws/install/py_package --record /home/ghani/my_ws/build/py_package/install.log --single-version-externally-managed
