[0.595s] Invoking command in '/home/ghani/my_ws/src/controller_py': PYTHONPATH=/home/ghani/my_ws/install/controller_py/lib/python3.8/site-packages:${PYTHONPATH} /usr/bin/python3 setup.py egg_info --egg-base ../../build/controller_py build --build-base /home/ghani/my_ws/build/controller_py/build install --prefix /home/ghani/my_ws/install/controller_py --record /home/ghani/my_ws/build/controller_py/install.log --single-version-externally-managed
[0.777s] running egg_info
[0.778s] writing ../../build/controller_py/controller_py.egg-info/PKG-INFO
[0.778s] writing dependency_links to ../../build/controller_py/controller_py.egg-info/dependency_links.txt
[0.780s] writing entry points to ../../build/controller_py/controller_py.egg-info/entry_points.txt
[0.780s] writing requirements to ../../build/controller_py/controller_py.egg-info/requires.txt
[0.780s] writing top-level names to ../../build/controller_py/controller_py.egg-info/top_level.txt
[0.810s] reading manifest file '../../build/controller_py/controller_py.egg-info/SOURCES.txt'
[0.811s] writing manifest file '../../build/controller_py/controller_py.egg-info/SOURCES.txt'
[0.812s] running build
[0.812s] running build_py
[0.812s] copying controller_py/action_controller.py -> /home/ghani/my_ws/build/controller_py/build/lib/controller_py
[0.812s] copying controller_py/client.py -> /home/ghani/my_ws/build/controller_py/build/lib/controller_py
[0.813s] running install
[0.813s] running install_lib
[0.814s] copying /home/ghani/my_ws/build/controller_py/build/lib/controller_py/action_controller.py -> /home/ghani/my_ws/install/controller_py/lib/python3.8/site-packages/controller_py
[0.814s] copying /home/ghani/my_ws/build/controller_py/build/lib/controller_py/client.py -> /home/ghani/my_ws/install/controller_py/lib/python3.8/site-packages/controller_py
[0.815s] byte-compiling /home/ghani/my_ws/install/controller_py/lib/python3.8/site-packages/controller_py/action_controller.py to action_controller.cpython-38.pyc
[0.817s] Sorry: TabError: inconsistent use of tabs and spaces in indentation (client.py, line 13)
[0.817s] byte-compiling /home/ghani/my_ws/install/controller_py/lib/python3.8/site-packages/controller_py/client.py to client.cpython-38.pyc
[0.817s] running install_data
[0.818s] running install_egg_info
[0.819s] removing '/home/ghani/my_ws/install/controller_py/lib/python3.8/site-packages/controller_py-0.0.0-py3.8.egg-info' (and everything under it)
[0.819s] Copying ../../build/controller_py/controller_py.egg-info to /home/ghani/my_ws/install/controller_py/lib/python3.8/site-packages/controller_py-0.0.0-py3.8.egg-info
[0.820s] running install_scripts
[0.837s] Installing py_action_controller script to /home/ghani/my_ws/install/controller_py/lib/controller_py
[0.838s] Installing py_client script to /home/ghani/my_ws/install/controller_py/lib/controller_py
[0.838s] Installing py_controller script to /home/ghani/my_ws/install/controller_py/lib/controller_py
[0.838s] writing list of installed files to '/home/ghani/my_ws/build/controller_py/install.log'
[0.868s] Invoked command in '/home/ghani/my_ws/src/controller_py' returned '0': PYTHONPATH=/home/ghani/my_ws/install/controller_py/lib/python3.8/site-packages:${PYTHONPATH} /usr/bin/python3 setup.py egg_info --egg-base ../../build/controller_py build --build-base /home/ghani/my_ws/build/controller_py/build install --prefix /home/ghani/my_ws/install/controller_py --record /home/ghani/my_ws/build/controller_py/install.log --single-version-externally-managed
