[0.025s] Invoking command in '/home/ghani/my_ws/build/cpp_package': CMAKE_PREFIX_PATH=/opt/ros/galactic /usr/bin/cmake --build /home/ghani/my_ws/build/cpp_package -- -j6 -l6
[0.052s] -- Found ament_cmake: 1.1.5 (/opt/ros/galactic/share/ament_cmake/cmake)
[0.072s] -- Using PYTHON_EXECUTABLE: /usr/bin/python3
[0.128s] -- Found rclcpp: 9.2.0 (/opt/ros/galactic/share/rclcpp/cmake)
[0.161s] -- Using all available rosidl_typesupport_c: rosidl_typesupport_fastrtps_c;rosidl_typesupport_introspection_c
[0.164s] -- Found rosidl_adapter: 2.2.1 (/opt/ros/galactic/share/rosidl_adapter/cmake)
[0.279s] -- Using all available rosidl_typesupport_cpp: rosidl_typesupport_fastrtps_cpp;rosidl_typesupport_introspection_cpp
[0.329s] -- Found rmw_implementation_cmake: 3.3.1 (/opt/ros/galactic/share/rmw_implementation_cmake/cmake)
[0.330s] -- Found rmw_cyclonedds_cpp: 0.22.4 (/opt/ros/galactic/share/rmw_cyclonedds_cpp/cmake)
[0.347s] -- Using RMW implementation 'rmw_cyclonedds_cpp' as default
[0.474s] -- Found geometry_msgs: 2.2.4 (/opt/ros/galactic/share/geometry_msgs/cmake)
[0.504s] -- Found turtlesim: 1.3.3 (/opt/ros/galactic/share/turtlesim/cmake)
[0.598s] CMake Error at /opt/ros/galactic/share/ament_cmake_target_dependencies/cmake/ament_target_dependencies.cmake:77 (message):
[0.598s]   ament_target_dependencies() the passed package name 'turlesim' was not
[0.598s]   found before
[0.598s] Call Stack (most recent call first):
[0.598s]   CMakeLists.txt:18 (ament_target_dependencies)
[0.598s] 
[0.598s] 
[0.599s] -- Configuring incomplete, errors occurred!
[0.599s] See also "/home/ghani/my_ws/build/cpp_package/CMakeFiles/CMakeOutput.log".
[0.599s] See also "/home/ghani/my_ws/build/cpp_package/CMakeFiles/CMakeError.log".
[0.605s] make: *** [Makefile:266: cmake_check_build_system] Error 1
[0.607s] Invoked command in '/home/ghani/my_ws/build/cpp_package' returned '2': CMAKE_PREFIX_PATH=/opt/ros/galactic /usr/bin/cmake --build /home/ghani/my_ws/build/cpp_package -- -j6 -l6
