[0.594s] Invoking command in '/home/ghani/my_ws/src/py_package': PYTHONPATH=/home/ghani/my_ws/install/py_package/lib/python3.8/site-packages:${PYTHONPATH} /usr/bin/python3 setup.py egg_info --egg-base ../../build/py_package build --build-base /home/ghani/my_ws/build/py_package/build install --prefix /home/ghani/my_ws/install/py_package --record /home/ghani/my_ws/build/py_package/install.log --single-version-externally-managed
[0.769s] running egg_info
[0.769s] writing ../../build/py_package/py_package.egg-info/PKG-INFO
[0.769s] writing dependency_links to ../../build/py_package/py_package.egg-info/dependency_links.txt
[0.770s] writing entry points to ../../build/py_package/py_package.egg-info/entry_points.txt
[0.770s] writing requirements to ../../build/py_package/py_package.egg-info/requires.txt
[0.770s] writing top-level names to ../../build/py_package/py_package.egg-info/top_level.txt
[0.801s] reading manifest file '../../build/py_package/py_package.egg-info/SOURCES.txt'
[0.802s] writing manifest file '../../build/py_package/py_package.egg-info/SOURCES.txt'
[0.802s] running build
[0.802s] running build_py
[0.802s] copying py_package/publisher_member_function.py -> /home/ghani/my_ws/build/py_package/build/lib/py_package
[0.803s] running install
[0.803s] running install_lib
[0.804s] copying /home/ghani/my_ws/build/py_package/build/lib/py_package/publisher_member_function.py -> /home/ghani/my_ws/install/py_package/lib/python3.8/site-packages/py_package
[0.805s] byte-compiling /home/ghani/my_ws/install/py_package/lib/python3.8/site-packages/py_package/publisher_member_function.py to publisher_member_function.cpython-38.pyc
[0.806s] running install_data
[0.807s] running install_egg_info
[0.808s] removing '/home/ghani/my_ws/install/py_package/lib/python3.8/site-packages/py_package-0.0.0-py3.8.egg-info' (and everything under it)
[0.809s] Copying ../../build/py_package/py_package.egg-info to /home/ghani/my_ws/install/py_package/lib/python3.8/site-packages/py_package-0.0.0-py3.8.egg-info
[0.809s] running install_scripts
[0.824s] Installing controller script to /home/ghani/my_ws/install/py_package/lib/py_package
[0.824s] Installing exersice script to /home/ghani/my_ws/install/py_package/lib/py_package
[0.825s] Installing listner script to /home/ghani/my_ws/install/py_package/lib/py_package
[0.825s] Installing talker script to /home/ghani/my_ws/install/py_package/lib/py_package
[0.826s] writing list of installed files to '/home/ghani/my_ws/build/py_package/install.log'
[0.853s] Invoked command in '/home/ghani/my_ws/src/py_package' returned '0': PYTHONPATH=/home/ghani/my_ws/install/py_package/lib/python3.8/site-packages:${PYTHONPATH} /usr/bin/python3 setup.py egg_info --egg-base ../../build/py_package build --build-base /home/ghani/my_ws/build/py_package/build install --prefix /home/ghani/my_ws/install/py_package --record /home/ghani/my_ws/build/py_package/install.log --single-version-externally-managed
