[0.021s] Invoking command in '/home/ghani/my_ws/build/cpp_package': CMAKE_PREFIX_PATH=/opt/ros/galactic /usr/bin/cmake /home/ghani/my_ws/src/cpp_package -DCMAKE_INSTALL_PREFIX=/home/ghani/my_ws/install/cpp_package
[0.088s] -- The C compiler identification is GNU 9.3.0
[0.149s] -- The CXX compiler identification is GNU 9.3.0
[0.153s] -- Check for working C compiler: /usr/bin/cc
[0.225s] -- Check for working C compiler: /usr/bin/cc -- works
[0.226s] -- Detecting C compiler ABI info
[0.301s] -- Detecting C compiler ABI info - done
[0.312s] -- Detecting C compile features
[0.312s] -- Detecting C compile features - done
[0.314s] -- Check for working CXX compiler: /usr/bin/c++
[0.400s] -- Check for working CXX compiler: /usr/bin/c++ -- works
[0.401s] -- Detecting CXX compiler ABI info
[0.485s] -- Detecting CXX compiler ABI info - done
[0.496s] -- Detecting CXX compile features
[0.497s] -- Detecting CXX compile features - done
[0.498s] -- Found ament_cmake: 1.1.5 (/opt/ros/galactic/share/ament_cmake/cmake)
[0.521s] -- Found PythonInterp: /usr/bin/python3 (found suitable version "3.8.10", minimum required is "3") 
[0.521s] -- Using PYTHON_EXECUTABLE: /usr/bin/python3
[0.590s] -- Found ament_lint_auto: 0.10.6 (/opt/ros/galactic/share/ament_lint_auto/cmake)
[0.656s] -- Added test 'copyright' to check source files copyright and LICENSE
[0.657s] -- Added test 'cppcheck' to perform static code analysis on C / C++ code
[0.657s] -- Configured cppcheck include dirs: 
[0.657s] -- Configured cppcheck exclude dirs and/or files: 
[0.658s] -- Added test 'cpplint' to check C / C++ code against the Google style
[0.658s] -- Configured cpplint exclude dirs and/or files: 
[0.659s] -- Added test 'lint_cmake' to check CMake code style
[0.660s] -- Added test 'uncrustify' to check C / C++ code style
[0.660s] -- Configured uncrustify additional arguments: 
[0.660s] -- Added test 'xmllint' to check XML markup files
[0.662s] -- Configuring done
[0.664s] -- Generating done
[0.665s] -- Build files have been written to: /home/ghani/my_ws/build/cpp_package
[0.668s] Invoked command in '/home/ghani/my_ws/build/cpp_package' returned '0': CMAKE_PREFIX_PATH=/opt/ros/galactic /usr/bin/cmake /home/ghani/my_ws/src/cpp_package -DCMAKE_INSTALL_PREFIX=/home/ghani/my_ws/install/cpp_package
[0.672s] Invoking command in '/home/ghani/my_ws/build/cpp_package': CMAKE_PREFIX_PATH=/opt/ros/galactic /usr/bin/cmake --build /home/ghani/my_ws/build/cpp_package -- -j6 -l6
[0.717s] Invoked command in '/home/ghani/my_ws/build/cpp_package' returned '0': CMAKE_PREFIX_PATH=/opt/ros/galactic /usr/bin/cmake --build /home/ghani/my_ws/build/cpp_package -- -j6 -l6
[0.767s] Invoking command in '/home/ghani/my_ws/build/cpp_package': CMAKE_PREFIX_PATH=/opt/ros/galactic /usr/bin/cmake --install /home/ghani/my_ws/build/cpp_package
[0.778s] -- Install configuration: ""
[0.778s] -- Installing: /home/ghani/my_ws/install/cpp_package/share/ament_index/resource_index/package_run_dependencies/cpp_package
[0.779s] -- Installing: /home/ghani/my_ws/install/cpp_package/share/ament_index/resource_index/parent_prefix_path/cpp_package
[0.779s] -- Installing: /home/ghani/my_ws/install/cpp_package/share/cpp_package/environment/ament_prefix_path.sh
[0.779s] -- Installing: /home/ghani/my_ws/install/cpp_package/share/cpp_package/environment/ament_prefix_path.dsv
[0.780s] -- Installing: /home/ghani/my_ws/install/cpp_package/share/cpp_package/environment/path.sh
[0.780s] -- Installing: /home/ghani/my_ws/install/cpp_package/share/cpp_package/environment/path.dsv
[0.780s] -- Installing: /home/ghani/my_ws/install/cpp_package/share/cpp_package/local_setup.bash
[0.780s] -- Installing: /home/ghani/my_ws/install/cpp_package/share/cpp_package/local_setup.sh
[0.780s] -- Installing: /home/ghani/my_ws/install/cpp_package/share/cpp_package/local_setup.zsh
[0.780s] -- Installing: /home/ghani/my_ws/install/cpp_package/share/cpp_package/local_setup.dsv
[0.780s] -- Installing: /home/ghani/my_ws/install/cpp_package/share/cpp_package/package.dsv
[0.781s] -- Installing: /home/ghani/my_ws/install/cpp_package/share/ament_index/resource_index/packages/cpp_package
[0.781s] -- Installing: /home/ghani/my_ws/install/cpp_package/share/cpp_package/cmake/cpp_packageConfig.cmake
[0.781s] -- Installing: /home/ghani/my_ws/install/cpp_package/share/cpp_package/cmake/cpp_packageConfig-version.cmake
[0.781s] -- Installing: /home/ghani/my_ws/install/cpp_package/share/cpp_package/package.xml
[0.785s] Invoked command in '/home/ghani/my_ws/build/cpp_package' returned '0': CMAKE_PREFIX_PATH=/opt/ros/galactic /usr/bin/cmake --install /home/ghani/my_ws/build/cpp_package
