[0.018s] Invoking command in '/home/ghani/my_ws/build/customized_srv_msg': CMAKE_PREFIX_PATH=${CMAKE_PREFIX_PATH}:/home/ghani/my_ws/install/srevices_exercise:/home/ghani/my_ws/install/py_srvcli:/home/ghani/my_ws/install/py_param:/home/ghani/my_ws/install/py_package:/opt/ros/galactic /usr/bin/cmake --build /home/ghani/my_ws/build/customized_srv_msg -- -j6 -l6
[0.091s] -- Found ament_cmake: 1.1.5 (/opt/ros/galactic/share/ament_cmake/cmake)
[0.147s] -- Found PythonInterp: /usr/bin/python3 (found suitable version "3.8.10", minimum required is "3") 
[0.147s] -- Using PYTHON_EXECUTABLE: /usr/bin/python3
[0.303s] -- Found rosidl_default_generators: 1.1.1 (/opt/ros/galactic/share/rosidl_default_generators/cmake)
[0.311s] -- Using all available rosidl_typesupport_c: rosidl_typesupport_fastrtps_c;rosidl_typesupport_introspection_c
[0.322s] -- Found rosidl_adapter: 2.2.1 (/opt/ros/galactic/share/rosidl_adapter/cmake)
[0.580s] -- Using all available rosidl_typesupport_cpp: rosidl_typesupport_fastrtps_cpp;rosidl_typesupport_introspection_cpp
[0.660s] -- Found PythonInterp: /usr/bin/python3 (found version "3.8.10") 
[0.971s] -- Found ament_cmake_ros: 0.9.2 (/opt/ros/galactic/share/ament_cmake_ros/cmake)
[1.113s] -- Using all available rosidl_typesupport_c: rosidl_typesupport_fastrtps_c;rosidl_typesupport_introspection_c
[1.143s] -- Using all available rosidl_typesupport_cpp: rosidl_typesupport_fastrtps_cpp;rosidl_typesupport_introspection_cpp
[1.170s] -- Found PythonInterp: /usr/bin/python3 (found suitable version "3.8.10", minimum required is "3.5") 
[1.171s] -- Found python_cmake_module: 0.8.1 (/opt/ros/galactic/share/python_cmake_module/cmake)
[1.199s] -- Using PYTHON_EXECUTABLE: /usr/bin/python3
[1.199s] -- Using PYTHON_INCLUDE_DIRS: /usr/include/python3.8
[1.199s] -- Using PYTHON_LIBRARIES: /usr/lib/x86_64-linux-gnu/libpython3.8.so
[1.231s] -- Found ament_lint_auto: 0.10.6 (/opt/ros/galactic/share/ament_lint_auto/cmake)
[1.275s] -- Added test 'copyright' to check source files copyright and LICENSE
[1.280s] -- Added test 'lint_cmake' to check CMake code style
[1.282s] -- Added test 'xmllint' to check XML markup files
[1.290s] -- Configuring done
[1.400s] -- Generating done
[1.406s] -- Build files have been written to: /home/ghani/my_ws/build/customized_srv_msg
[1.435s] [35m[1mScanning dependencies of target customized_srv_msg__cpp[0m
[1.436s] [  2%] [34m[1mGenerating C code for ROS interfaces[0m
[1.449s] [  4%] [34m[1mGenerating C++ code for ROS interfaces[0m
[1.929s] [35m[1mScanning dependencies of target customized_srv_msg__rosidl_generator_c[0m
[1.952s] [  6%] [32mBuilding C object CMakeFiles/customized_srv_msg__rosidl_generator_c.dir/rosidl_generator_c/customized_srv_msg/msg/detail/num__functions.c.o[0m
[1.952s] [ 10%] [32mBuilding C object CMakeFiles/customized_srv_msg__rosidl_generator_c.dir/rosidl_generator_c/customized_srv_msg/action/detail/fibonacci__functions.c.o[0m
[1.952s] [ 10%] [32mBuilding C object CMakeFiles/customized_srv_msg__rosidl_generator_c.dir/rosidl_generator_c/customized_srv_msg/srv/detail/add_three_ints__functions.c.o[0m
[1.960s] [ 10%] Built target customized_srv_msg__cpp
[1.972s] [ 12%] [34m[1mGenerating C++ type support dispatch for ROS interfaces[0m
[1.973s] [ 14%] [34m[1mGenerating C++ introspection for ROS interfaces[0m
[1.975s] [ 17%] [34m[1mGenerating C++ type support for eProsima Fast-RTPS[0m
[2.321s] [ 19%] [32m[1mLinking C shared library libcustomized_srv_msg__rosidl_generator_c.so[0m
[2.358s] [35m[1mScanning dependencies of target customized_srv_msg__rosidl_typesupport_cpp[0m
[2.393s] [ 21%] [32mBuilding CXX object CMakeFiles/customized_srv_msg__rosidl_typesupport_cpp.dir/rosidl_typesupport_cpp/customized_srv_msg/srv/add_three_ints__type_support.cpp.o[0m
[2.394s] [ 23%] [32mBuilding CXX object CMakeFiles/customized_srv_msg__rosidl_typesupport_cpp.dir/rosidl_typesupport_cpp/customized_srv_msg/msg/num__type_support.cpp.o[0m
[2.396s] [ 25%] [32mBuilding CXX object CMakeFiles/customized_srv_msg__rosidl_typesupport_cpp.dir/rosidl_typesupport_cpp/customized_srv_msg/action/fibonacci__type_support.cpp.o[0m
[2.414s] [ 25%] Built target customized_srv_msg__rosidl_generator_c
[2.426s] [ 27%] [34m[1mGenerating C type support dispatch for ROS interfaces[0m
[2.462s] [35m[1mScanning dependencies of target customized_srv_msg__rosidl_typesupport_introspection_cpp[0m
[2.481s] [ 29%] [32mBuilding CXX object CMakeFiles/customized_srv_msg__rosidl_typesupport_introspection_cpp.dir/rosidl_typesupport_introspection_cpp/customized_srv_msg/msg/detail/num__type_support.cpp.o[0m
[2.742s] [35m[1mScanning dependencies of target customized_srv_msg__rosidl_typesupport_fastrtps_cpp[0m
[2.773s] [ 31%] [32mBuilding CXX object CMakeFiles/customized_srv_msg__rosidl_typesupport_fastrtps_cpp.dir/rosidl_typesupport_fastrtps_cpp/customized_srv_msg/msg/detail/dds_fastrtps/num__type_support.cpp.o[0m
[2.787s] [35m[1mScanning dependencies of target customized_srv_msg__rosidl_typesupport_c[0m
[2.816s] [ 34%] [32mBuilding CXX object CMakeFiles/customized_srv_msg__rosidl_typesupport_c.dir/rosidl_typesupport_c/customized_srv_msg/msg/num__type_support.cpp.o[0m
[2.930s] [ 36%] [32mBuilding CXX object CMakeFiles/customized_srv_msg__rosidl_typesupport_c.dir/rosidl_typesupport_c/customized_srv_msg/srv/add_three_ints__type_support.cpp.o[0m
[3.014s] [ 38%] [32mBuilding CXX object CMakeFiles/customized_srv_msg__rosidl_typesupport_c.dir/rosidl_typesupport_c/customized_srv_msg/action/fibonacci__type_support.cpp.o[0m
[3.110s] [ 40%] [32m[1mLinking CXX shared library libcustomized_srv_msg__rosidl_typesupport_c.so[0m
[3.214s] [ 42%] [34m[1mGenerating C introspection for ROS interfaces[0m
[3.217s] [ 44%] [32mBuilding CXX object CMakeFiles/customized_srv_msg__rosidl_typesupport_fastrtps_cpp.dir/rosidl_typesupport_fastrtps_cpp/customized_srv_msg/srv/detail/dds_fastrtps/add_three_ints__type_support.cpp.o[0m
[3.218s] [ 44%] Built target customized_srv_msg__rosidl_typesupport_c
[3.230s] [ 46%] [32mBuilding CXX object CMakeFiles/customized_srv_msg__rosidl_typesupport_introspection_cpp.dir/rosidl_typesupport_introspection_cpp/customized_srv_msg/srv/detail/add_three_ints__type_support.cpp.o[0m
[3.232s] [ 48%] [32mBuilding CXX object CMakeFiles/customized_srv_msg__rosidl_typesupport_introspection_cpp.dir/rosidl_typesupport_introspection_cpp/customized_srv_msg/action/detail/fibonacci__type_support.cpp.o[0m
[3.509s] [ 51%] [32m[1mLinking CXX shared library libcustomized_srv_msg__rosidl_typesupport_cpp.so[0m
[3.522s] [ 53%] [32mBuilding CXX object CMakeFiles/customized_srv_msg__rosidl_typesupport_fastrtps_cpp.dir/rosidl_typesupport_fastrtps_cpp/customized_srv_msg/action/detail/dds_fastrtps/fibonacci__type_support.cpp.o[0m
[3.560s] [ 53%] Built target customized_srv_msg__rosidl_typesupport_cpp
[3.630s] [35m[1mScanning dependencies of target customized_srv_msg__rosidl_typesupport_introspection_c[0m
[3.651s] [ 57%] [32mBuilding C object CMakeFiles/customized_srv_msg__rosidl_typesupport_introspection_c.dir/rosidl_typesupport_introspection_c/customized_srv_msg/msg/detail/num__type_support.c.o[0m
[3.652s] [ 57%] [32mBuilding C object CMakeFiles/customized_srv_msg__rosidl_typesupport_introspection_c.dir/rosidl_typesupport_introspection_c/customized_srv_msg/srv/detail/add_three_ints__type_support.c.o[0m
[3.655s] [ 59%] [32mBuilding C object CMakeFiles/customized_srv_msg__rosidl_typesupport_introspection_c.dir/rosidl_typesupport_introspection_c/customized_srv_msg/action/detail/fibonacci__type_support.c.o[0m
[3.708s] [ 61%] [32m[1mLinking C shared library libcustomized_srv_msg__rosidl_typesupport_introspection_c.so[0m
[3.746s] [ 61%] Built target customized_srv_msg__rosidl_typesupport_introspection_c
[3.870s] [ 63%] [32m[1mLinking CXX shared library libcustomized_srv_msg__rosidl_typesupport_introspection_cpp.so[0m
[3.964s] [ 63%] Built target customized_srv_msg__rosidl_typesupport_introspection_cpp
[4.185s] [ 65%] [32m[1mLinking CXX shared library libcustomized_srv_msg__rosidl_typesupport_fastrtps_cpp.so[0m
[4.303s] [ 65%] Built target customized_srv_msg__rosidl_typesupport_fastrtps_cpp
[4.316s] [ 68%] [34m[1mGenerating C type support for eProsima Fast-RTPS[0m
[4.706s] [35m[1mScanning dependencies of target customized_srv_msg__rosidl_typesupport_fastrtps_c[0m
[4.727s] [ 70%] [32mBuilding CXX object CMakeFiles/customized_srv_msg__rosidl_typesupport_fastrtps_c.dir/rosidl_typesupport_fastrtps_c/customized_srv_msg/msg/detail/num__type_support_c.cpp.o[0m
[4.728s] [ 72%] [32mBuilding CXX object CMakeFiles/customized_srv_msg__rosidl_typesupport_fastrtps_c.dir/rosidl_typesupport_fastrtps_c/customized_srv_msg/srv/detail/add_three_ints__type_support_c.cpp.o[0m
[4.728s] [ 74%] [32mBuilding CXX object CMakeFiles/customized_srv_msg__rosidl_typesupport_fastrtps_c.dir/rosidl_typesupport_fastrtps_c/customized_srv_msg/action/detail/fibonacci__type_support_c.cpp.o[0m
[5.123s] [ 76%] [32m[1mLinking CXX shared library libcustomized_srv_msg__rosidl_typesupport_fastrtps_c.so[0m
[5.233s] [ 76%] Built target customized_srv_msg__rosidl_typesupport_fastrtps_c
[5.255s] [ 76%] Built target customized_srv_msg
[5.267s] [35m[1mScanning dependencies of target customized_srv_msg__py[0m
[5.280s] [ 78%] [34m[1mGenerating Python code for ROS interfaces[0m
[6.269s] [ 78%] Built target customized_srv_msg__py
[6.283s] [35m[1mScanning dependencies of target customized_srv_msg__python[0m
[6.304s] [ 85%] [32mBuilding C object CMakeFiles/customized_srv_msg__python.dir/rosidl_generator_py/customized_srv_msg/srv/_add_three_ints_s.c.o[0m
[6.304s] [ 85%] [32mBuilding C object CMakeFiles/customized_srv_msg__python.dir/rosidl_generator_py/customized_srv_msg/msg/_num_s.c.o[0m
[6.304s] [ 85%] [32mBuilding C object CMakeFiles/customized_srv_msg__python.dir/rosidl_generator_py/customized_srv_msg/action/_fibonacci_s.c.o[0m
[6.546s] [ 87%] [32m[1mLinking C shared library rosidl_generator_py/customized_srv_msg/libcustomized_srv_msg__python.so[0m
[6.598s] [ 87%] Built target customized_srv_msg__python
[6.612s] [35m[1mScanning dependencies of target customized_srv_msg__rosidl_typesupport_c__pyext[0m
[6.612s] [35m[1mScanning dependencies of target customized_srv_msg__rosidl_typesupport_introspection_c__pyext[0m
[6.614s] [35m[1mScanning dependencies of target customized_srv_msg__rosidl_typesupport_fastrtps_c__pyext[0m
[6.630s] [ 89%] [32mBuilding C object CMakeFiles/customized_srv_msg__rosidl_typesupport_introspection_c__pyext.dir/rosidl_generator_py/customized_srv_msg/_customized_srv_msg_s.ep.rosidl_typesupport_introspection_c.c.o[0m
[6.631s] [ 91%] [32mBuilding C object CMakeFiles/customized_srv_msg__rosidl_typesupport_c__pyext.dir/rosidl_generator_py/customized_srv_msg/_customized_srv_msg_s.ep.rosidl_typesupport_c.c.o[0m
[6.635s] [ 93%] [32mBuilding C object CMakeFiles/customized_srv_msg__rosidl_typesupport_fastrtps_c__pyext.dir/rosidl_generator_py/customized_srv_msg/_customized_srv_msg_s.ep.rosidl_typesupport_fastrtps_c.c.o[0m
[6.758s] [ 95%] [32m[1mLinking C shared library rosidl_generator_py/customized_srv_msg/customized_srv_msg_s__rosidl_typesupport_introspection_c.cpython-38-x86_64-linux-gnu.so[0m
[6.760s] [ 97%] [32m[1mLinking C shared library rosidl_generator_py/customized_srv_msg/customized_srv_msg_s__rosidl_typesupport_c.cpython-38-x86_64-linux-gnu.so[0m
[6.764s] [100%] [32m[1mLinking CXX shared library rosidl_generator_py/customized_srv_msg/customized_srv_msg_s__rosidl_typesupport_fastrtps_c.cpython-38-x86_64-linux-gnu.so[0m
[6.801s] [100%] Built target customized_srv_msg__rosidl_typesupport_introspection_c__pyext
[6.801s] [100%] Built target customized_srv_msg__rosidl_typesupport_c__pyext
[6.835s] [100%] Built target customized_srv_msg__rosidl_typesupport_fastrtps_c__pyext
[6.847s] Invoked command in '/home/ghani/my_ws/build/customized_srv_msg' returned '0': CMAKE_PREFIX_PATH=${CMAKE_PREFIX_PATH}:/home/ghani/my_ws/install/srevices_exercise:/home/ghani/my_ws/install/py_srvcli:/home/ghani/my_ws/install/py_param:/home/ghani/my_ws/install/py_package:/opt/ros/galactic /usr/bin/cmake --build /home/ghani/my_ws/build/customized_srv_msg -- -j6 -l6
[7.005s] Invoking command in '/home/ghani/my_ws/build/customized_srv_msg': CMAKE_PREFIX_PATH=${CMAKE_PREFIX_PATH}:/home/ghani/my_ws/install/srevices_exercise:/home/ghani/my_ws/install/py_srvcli:/home/ghani/my_ws/install/py_param:/home/ghani/my_ws/install/py_package:/opt/ros/galactic /usr/bin/cmake --install /home/ghani/my_ws/build/customized_srv_msg
[7.017s] -- Install configuration: ""
[7.017s] -- Installing: /home/ghani/my_ws/install/customized_srv_msg/share/ament_index/resource_index/rosidl_interfaces/customized_srv_msg
[7.018s] -- Up-to-date: /home/ghani/my_ws/install/customized_srv_msg/include/customized_srv_msg
[7.018s] -- Up-to-date: /home/ghani/my_ws/install/customized_srv_msg/include/customized_srv_msg/srv
[7.018s] -- Installing: /home/ghani/my_ws/install/customized_srv_msg/include/customized_srv_msg/srv/add_three_ints.h
[7.018s] -- Up-to-date: /home/ghani/my_ws/install/customized_srv_msg/include/customized_srv_msg/srv/detail
[7.019s] -- Installing: /home/ghani/my_ws/install/customized_srv_msg/include/customized_srv_msg/srv/detail/add_three_ints__functions.h
[7.019s] -- Installing: /home/ghani/my_ws/install/customized_srv_msg/include/customized_srv_msg/srv/detail/add_three_ints__functions.c
[7.019s] -- Installing: /home/ghani/my_ws/install/customized_srv_msg/include/customized_srv_msg/srv/detail/add_three_ints__type_support.h
[7.019s] -- Installing: /home/ghani/my_ws/install/customized_srv_msg/include/customized_srv_msg/srv/detail/add_three_ints__struct.h
[7.019s] -- Installing: /home/ghani/my_ws/install/customized_srv_msg/include/customized_srv_msg/action
[7.019s] -- Installing: /home/ghani/my_ws/install/customized_srv_msg/include/customized_srv_msg/action/fibonacci.h
[7.019s] -- Installing: /home/ghani/my_ws/install/customized_srv_msg/include/customized_srv_msg/action/detail
[7.019s] -- Installing: /home/ghani/my_ws/install/customized_srv_msg/include/customized_srv_msg/action/detail/fibonacci__functions.c
[7.019s] -- Installing: /home/ghani/my_ws/install/customized_srv_msg/include/customized_srv_msg/action/detail/fibonacci__type_support.h
[7.019s] -- Installing: /home/ghani/my_ws/install/customized_srv_msg/include/customized_srv_msg/action/detail/fibonacci__functions.h
[7.020s] -- Installing: /home/ghani/my_ws/install/customized_srv_msg/include/customized_srv_msg/action/detail/fibonacci__struct.h
[7.020s] -- Up-to-date: /home/ghani/my_ws/install/customized_srv_msg/include/customized_srv_msg/msg
[7.020s] -- Up-to-date: /home/ghani/my_ws/install/customized_srv_msg/include/customized_srv_msg/msg/rosidl_generator_c__visibility_control.h
[7.020s] -- Installing: /home/ghani/my_ws/install/customized_srv_msg/include/customized_srv_msg/msg/num.h
[7.020s] -- Up-to-date: /home/ghani/my_ws/install/customized_srv_msg/include/customized_srv_msg/msg/detail
[7.020s] -- Installing: /home/ghani/my_ws/install/customized_srv_msg/include/customized_srv_msg/msg/detail/num__struct.h
[7.020s] -- Installing: /home/ghani/my_ws/install/customized_srv_msg/include/customized_srv_msg/msg/detail/num__type_support.h
[7.020s] -- Installing: /home/ghani/my_ws/install/customized_srv_msg/include/customized_srv_msg/msg/detail/num__functions.c
[7.021s] -- Installing: /home/ghani/my_ws/install/customized_srv_msg/include/customized_srv_msg/msg/detail/num__functions.h
[7.021s] -- Up-to-date: /home/ghani/my_ws/install/customized_srv_msg/share/customized_srv_msg/environment/library_path.sh
[7.021s] -- Installing: /home/ghani/my_ws/install/customized_srv_msg/share/customized_srv_msg/environment/library_path.dsv
[7.021s] -- Installing: /home/ghani/my_ws/install/customized_srv_msg/lib/libcustomized_srv_msg__rosidl_generator_c.so
[7.021s] -- Set runtime path of "/home/ghani/my_ws/install/customized_srv_msg/lib/libcustomized_srv_msg__rosidl_generator_c.so" to ""
[7.021s] -- Up-to-date: /home/ghani/my_ws/install/customized_srv_msg/include/customized_srv_msg
[7.022s] -- Up-to-date: /home/ghani/my_ws/install/customized_srv_msg/include/customized_srv_msg/srv
[7.022s] -- Up-to-date: /home/ghani/my_ws/install/customized_srv_msg/include/customized_srv_msg/srv/detail
[7.022s] -- Installing: /home/ghani/my_ws/install/customized_srv_msg/include/customized_srv_msg/srv/detail/add_three_ints__rosidl_typesupport_fastrtps_c.h
[7.022s] -- Up-to-date: /home/ghani/my_ws/install/customized_srv_msg/include/customized_srv_msg/action
[7.022s] -- Up-to-date: /home/ghani/my_ws/install/customized_srv_msg/include/customized_srv_msg/action/detail
[7.022s] -- Installing: /home/ghani/my_ws/install/customized_srv_msg/include/customized_srv_msg/action/detail/fibonacci__rosidl_typesupport_fastrtps_c.h
[7.022s] -- Up-to-date: /home/ghani/my_ws/install/customized_srv_msg/include/customized_srv_msg/msg
[7.022s] -- Up-to-date: /home/ghani/my_ws/install/customized_srv_msg/include/customized_srv_msg/msg/rosidl_typesupport_fastrtps_c__visibility_control.h
[7.022s] -- Up-to-date: /home/ghani/my_ws/install/customized_srv_msg/include/customized_srv_msg/msg/detail
[7.023s] -- Installing: /home/ghani/my_ws/install/customized_srv_msg/include/customized_srv_msg/msg/detail/num__rosidl_typesupport_fastrtps_c.h
[7.023s] -- Installing: /home/ghani/my_ws/install/customized_srv_msg/lib/libcustomized_srv_msg__rosidl_typesupport_fastrtps_c.so
[7.023s] -- Set runtime path of "/home/ghani/my_ws/install/customized_srv_msg/lib/libcustomized_srv_msg__rosidl_typesupport_fastrtps_c.so" to ""
[7.023s] -- Up-to-date: /home/ghani/my_ws/install/customized_srv_msg/include/customized_srv_msg
[7.023s] -- Up-to-date: /home/ghani/my_ws/install/customized_srv_msg/include/customized_srv_msg/srv
[7.023s] -- Up-to-date: /home/ghani/my_ws/install/customized_srv_msg/include/customized_srv_msg/srv/detail
[7.024s] -- Up-to-date: /home/ghani/my_ws/install/customized_srv_msg/include/customized_srv_msg/srv/detail/dds_fastrtps
[7.024s] -- Installing: /home/ghani/my_ws/install/customized_srv_msg/include/customized_srv_msg/srv/detail/add_three_ints__rosidl_typesupport_fastrtps_cpp.hpp
[7.024s] -- Up-to-date: /home/ghani/my_ws/install/customized_srv_msg/include/customized_srv_msg/action
[7.024s] -- Up-to-date: /home/ghani/my_ws/install/customized_srv_msg/include/customized_srv_msg/action/detail
[7.024s] -- Installing: /home/ghani/my_ws/install/customized_srv_msg/include/customized_srv_msg/action/detail/dds_fastrtps
[7.024s] -- Installing: /home/ghani/my_ws/install/customized_srv_msg/include/customized_srv_msg/action/detail/fibonacci__rosidl_typesupport_fastrtps_cpp.hpp
[7.024s] -- Up-to-date: /home/ghani/my_ws/install/customized_srv_msg/include/customized_srv_msg/msg
[7.024s] -- Up-to-date: /home/ghani/my_ws/install/customized_srv_msg/include/customized_srv_msg/msg/rosidl_typesupport_fastrtps_cpp__visibility_control.h
[7.024s] -- Up-to-date: /home/ghani/my_ws/install/customized_srv_msg/include/customized_srv_msg/msg/detail
[7.024s] -- Installing: /home/ghani/my_ws/install/customized_srv_msg/include/customized_srv_msg/msg/detail/num__rosidl_typesupport_fastrtps_cpp.hpp
[7.024s] -- Up-to-date: /home/ghani/my_ws/install/customized_srv_msg/include/customized_srv_msg/msg/detail/dds_fastrtps
[7.025s] -- Installing: /home/ghani/my_ws/install/customized_srv_msg/lib/libcustomized_srv_msg__rosidl_typesupport_fastrtps_cpp.so
[7.025s] -- Set runtime path of "/home/ghani/my_ws/install/customized_srv_msg/lib/libcustomized_srv_msg__rosidl_typesupport_fastrtps_cpp.so" to ""
[7.025s] -- Up-to-date: /home/ghani/my_ws/install/customized_srv_msg/include/customized_srv_msg
[7.025s] -- Up-to-date: /home/ghani/my_ws/install/customized_srv_msg/include/customized_srv_msg/srv
[7.025s] -- Up-to-date: /home/ghani/my_ws/install/customized_srv_msg/include/customized_srv_msg/srv/detail
[7.025s] -- Installing: /home/ghani/my_ws/install/customized_srv_msg/include/customized_srv_msg/srv/detail/add_three_ints__rosidl_typesupport_introspection_c.h
[7.026s] -- Installing: /home/ghani/my_ws/install/customized_srv_msg/include/customized_srv_msg/srv/detail/add_three_ints__type_support.c
[7.026s] -- Up-to-date: /home/ghani/my_ws/install/customized_srv_msg/include/customized_srv_msg/action
[7.026s] -- Up-to-date: /home/ghani/my_ws/install/customized_srv_msg/include/customized_srv_msg/action/detail
[7.026s] -- Installing: /home/ghani/my_ws/install/customized_srv_msg/include/customized_srv_msg/action/detail/fibonacci__type_support.c
[7.026s] -- Installing: /home/ghani/my_ws/install/customized_srv_msg/include/customized_srv_msg/action/detail/fibonacci__rosidl_typesupport_introspection_c.h
[7.026s] -- Up-to-date: /home/ghani/my_ws/install/customized_srv_msg/include/customized_srv_msg/msg
[7.027s] -- Up-to-date: /home/ghani/my_ws/install/customized_srv_msg/include/customized_srv_msg/msg/rosidl_typesupport_introspection_c__visibility_control.h
[7.027s] -- Up-to-date: /home/ghani/my_ws/install/customized_srv_msg/include/customized_srv_msg/msg/detail
[7.027s] -- Installing: /home/ghani/my_ws/install/customized_srv_msg/include/customized_srv_msg/msg/detail/num__type_support.c
[7.027s] -- Installing: /home/ghani/my_ws/install/customized_srv_msg/include/customized_srv_msg/msg/detail/num__rosidl_typesupport_introspection_c.h
[7.027s] -- Installing: /home/ghani/my_ws/install/customized_srv_msg/lib/libcustomized_srv_msg__rosidl_typesupport_introspection_c.so
[7.027s] -- Set runtime path of "/home/ghani/my_ws/install/customized_srv_msg/lib/libcustomized_srv_msg__rosidl_typesupport_introspection_c.so" to ""
[7.028s] -- Installing: /home/ghani/my_ws/install/customized_srv_msg/lib/libcustomized_srv_msg__rosidl_typesupport_c.so
[7.028s] -- Set runtime path of "/home/ghani/my_ws/install/customized_srv_msg/lib/libcustomized_srv_msg__rosidl_typesupport_c.so" to ""
[7.028s] -- Up-to-date: /home/ghani/my_ws/install/customized_srv_msg/include/customized_srv_msg
[7.028s] -- Up-to-date: /home/ghani/my_ws/install/customized_srv_msg/include/customized_srv_msg/srv
[7.029s] -- Installing: /home/ghani/my_ws/install/customized_srv_msg/include/customized_srv_msg/srv/add_three_ints.hpp
[7.029s] -- Up-to-date: /home/ghani/my_ws/install/customized_srv_msg/include/customized_srv_msg/srv/detail
[7.029s] -- Installing: /home/ghani/my_ws/install/customized_srv_msg/include/customized_srv_msg/srv/detail/add_three_ints__builder.hpp
[7.029s] -- Installing: /home/ghani/my_ws/install/customized_srv_msg/include/customized_srv_msg/srv/detail/add_three_ints__struct.hpp
[7.029s] -- Installing: /home/ghani/my_ws/install/customized_srv_msg/include/customized_srv_msg/srv/detail/add_three_ints__traits.hpp
[7.029s] -- Up-to-date: /home/ghani/my_ws/install/customized_srv_msg/include/customized_srv_msg/action
[7.029s] -- Installing: /home/ghani/my_ws/install/customized_srv_msg/include/customized_srv_msg/action/fibonacci.hpp
[7.030s] -- Up-to-date: /home/ghani/my_ws/install/customized_srv_msg/include/customized_srv_msg/action/detail
[7.030s] -- Installing: /home/ghani/my_ws/install/customized_srv_msg/include/customized_srv_msg/action/detail/fibonacci__struct.hpp
[7.030s] -- Installing: /home/ghani/my_ws/install/customized_srv_msg/include/customized_srv_msg/action/detail/fibonacci__traits.hpp
[7.030s] -- Installing: /home/ghani/my_ws/install/customized_srv_msg/include/customized_srv_msg/action/detail/fibonacci__builder.hpp
[7.030s] -- Up-to-date: /home/ghani/my_ws/install/customized_srv_msg/include/customized_srv_msg/msg
[7.030s] -- Installing: /home/ghani/my_ws/install/customized_srv_msg/include/customized_srv_msg/msg/num.hpp
[7.030s] -- Up-to-date: /home/ghani/my_ws/install/customized_srv_msg/include/customized_srv_msg/msg/detail
[7.030s] -- Installing: /home/ghani/my_ws/install/customized_srv_msg/include/customized_srv_msg/msg/detail/num__struct.hpp
[7.030s] -- Installing: /home/ghani/my_ws/install/customized_srv_msg/include/customized_srv_msg/msg/detail/num__builder.hpp
[7.030s] -- Installing: /home/ghani/my_ws/install/customized_srv_msg/include/customized_srv_msg/msg/detail/num__traits.hpp
[7.030s] -- Up-to-date: /home/ghani/my_ws/install/customized_srv_msg/include/customized_srv_msg
[7.030s] -- Up-to-date: /home/ghani/my_ws/install/customized_srv_msg/include/customized_srv_msg/srv
[7.030s] -- Up-to-date: /home/ghani/my_ws/install/customized_srv_msg/include/customized_srv_msg/srv/detail
[7.030s] -- Installing: /home/ghani/my_ws/install/customized_srv_msg/include/customized_srv_msg/srv/detail/add_three_ints__rosidl_typesupport_introspection_cpp.hpp
[7.031s] -- Installing: /home/ghani/my_ws/install/customized_srv_msg/include/customized_srv_msg/srv/detail/add_three_ints__type_support.cpp
[7.031s] -- Up-to-date: /home/ghani/my_ws/install/customized_srv_msg/include/customized_srv_msg/action
[7.031s] -- Up-to-date: /home/ghani/my_ws/install/customized_srv_msg/include/customized_srv_msg/action/detail
[7.031s] -- Installing: /home/ghani/my_ws/install/customized_srv_msg/include/customized_srv_msg/action/detail/fibonacci__type_support.cpp
[7.031s] -- Installing: /home/ghani/my_ws/install/customized_srv_msg/include/customized_srv_msg/action/detail/fibonacci__rosidl_typesupport_introspection_cpp.hpp
[7.031s] -- Up-to-date: /home/ghani/my_ws/install/customized_srv_msg/include/customized_srv_msg/msg
[7.031s] -- Up-to-date: /home/ghani/my_ws/install/customized_srv_msg/include/customized_srv_msg/msg/detail
[7.031s] -- Installing: /home/ghani/my_ws/install/customized_srv_msg/include/customized_srv_msg/msg/detail/num__type_support.cpp
[7.031s] -- Installing: /home/ghani/my_ws/install/customized_srv_msg/include/customized_srv_msg/msg/detail/num__rosidl_typesupport_introspection_cpp.hpp
[7.031s] -- Installing: /home/ghani/my_ws/install/customized_srv_msg/lib/libcustomized_srv_msg__rosidl_typesupport_introspection_cpp.so
[7.031s] -- Set runtime path of "/home/ghani/my_ws/install/customized_srv_msg/lib/libcustomized_srv_msg__rosidl_typesupport_introspection_cpp.so" to ""
[7.031s] -- Installing: /home/ghani/my_ws/install/customized_srv_msg/lib/libcustomized_srv_msg__rosidl_typesupport_cpp.so
[7.031s] -- Set runtime path of "/home/ghani/my_ws/install/customized_srv_msg/lib/libcustomized_srv_msg__rosidl_typesupport_cpp.so" to ""
[7.031s] -- Up-to-date: /home/ghani/my_ws/install/customized_srv_msg/share/customized_srv_msg/environment/pythonpath.sh
[7.031s] -- Installing: /home/ghani/my_ws/install/customized_srv_msg/share/customized_srv_msg/environment/pythonpath.dsv
[7.031s] -- Installing: /home/ghani/my_ws/install/customized_srv_msg/lib/python3.8/site-packages/customized_srv_msg/__init__.py
[7.058s] Compiling '/home/ghani/my_ws/install/customized_srv_msg/lib/python3.8/site-packages/customized_srv_msg/__init__.py'...
[7.062s] -- Up-to-date: /home/ghani/my_ws/install/customized_srv_msg/lib/python3.8/site-packages/customized_srv_msg/msg
[7.062s] -- Installing: /home/ghani/my_ws/install/customized_srv_msg/lib/python3.8/site-packages/customized_srv_msg/msg/_num_s.c
[7.062s] -- Installing: /home/ghani/my_ws/install/customized_srv_msg/lib/python3.8/site-packages/customized_srv_msg/msg/__init__.py
[7.063s] -- Installing: /home/ghani/my_ws/install/customized_srv_msg/lib/python3.8/site-packages/customized_srv_msg/msg/_num.py
[7.063s] -- Up-to-date: /home/ghani/my_ws/install/customized_srv_msg/lib/python3.8/site-packages/customized_srv_msg/srv
[7.063s] -- Installing: /home/ghani/my_ws/install/customized_srv_msg/lib/python3.8/site-packages/customized_srv_msg/srv/_add_three_ints.py
[7.063s] -- Installing: /home/ghani/my_ws/install/customized_srv_msg/lib/python3.8/site-packages/customized_srv_msg/srv/__init__.py
[7.063s] -- Installing: /home/ghani/my_ws/install/customized_srv_msg/lib/python3.8/site-packages/customized_srv_msg/srv/_add_three_ints_s.c
[7.063s] -- Installing: /home/ghani/my_ws/install/customized_srv_msg/lib/python3.8/site-packages/customized_srv_msg/action
[7.063s] -- Installing: /home/ghani/my_ws/install/customized_srv_msg/lib/python3.8/site-packages/customized_srv_msg/action/__init__.py
[7.063s] -- Installing: /home/ghani/my_ws/install/customized_srv_msg/lib/python3.8/site-packages/customized_srv_msg/action/_fibonacci_s.c
[7.063s] -- Installing: /home/ghani/my_ws/install/customized_srv_msg/lib/python3.8/site-packages/customized_srv_msg/action/_fibonacci.py
[7.064s] -- Installing: /home/ghani/my_ws/install/customized_srv_msg/lib/python3.8/site-packages/customized_srv_msg/customized_srv_msg_s__rosidl_typesupport_fastrtps_c.cpython-38-x86_64-linux-gnu.so
[7.064s] -- Set runtime path of "/home/ghani/my_ws/install/customized_srv_msg/lib/python3.8/site-packages/customized_srv_msg/customized_srv_msg_s__rosidl_typesupport_fastrtps_c.cpython-38-x86_64-linux-gnu.so" to ""
[7.065s] -- Installing: /home/ghani/my_ws/install/customized_srv_msg/lib/python3.8/site-packages/customized_srv_msg/customized_srv_msg_s__rosidl_typesupport_introspection_c.cpython-38-x86_64-linux-gnu.so
[7.065s] -- Set runtime path of "/home/ghani/my_ws/install/customized_srv_msg/lib/python3.8/site-packages/customized_srv_msg/customized_srv_msg_s__rosidl_typesupport_introspection_c.cpython-38-x86_64-linux-gnu.so" to ""
[7.065s] -- Installing: /home/ghani/my_ws/install/customized_srv_msg/lib/python3.8/site-packages/customized_srv_msg/customized_srv_msg_s__rosidl_typesupport_c.cpython-38-x86_64-linux-gnu.so
[7.066s] -- Set runtime path of "/home/ghani/my_ws/install/customized_srv_msg/lib/python3.8/site-packages/customized_srv_msg/customized_srv_msg_s__rosidl_typesupport_c.cpython-38-x86_64-linux-gnu.so" to ""
[7.066s] -- Installing: /home/ghani/my_ws/install/customized_srv_msg/lib/libcustomized_srv_msg__python.so
[7.067s] -- Set runtime path of "/home/ghani/my_ws/install/customized_srv_msg/lib/libcustomized_srv_msg__python.so" to ""
[7.067s] -- Up-to-date: /home/ghani/my_ws/install/customized_srv_msg/share/customized_srv_msg/msg/Num.idl
[7.067s] -- Up-to-date: /home/ghani/my_ws/install/customized_srv_msg/share/customized_srv_msg/srv/AddThreeInts.idl
[7.067s] -- Installing: /home/ghani/my_ws/install/customized_srv_msg/share/customized_srv_msg/action/Fibonacci.idl
[7.067s] -- Up-to-date: /home/ghani/my_ws/install/customized_srv_msg/share/customized_srv_msg/msg/Num.msg
[7.067s] -- Up-to-date: /home/ghani/my_ws/install/customized_srv_msg/share/customized_srv_msg/srv/AddThreeInts.srv
[7.067s] -- Up-to-date: /home/ghani/my_ws/install/customized_srv_msg/share/customized_srv_msg/srv/AddThreeInts_Request.msg
[7.067s] -- Up-to-date: /home/ghani/my_ws/install/customized_srv_msg/share/customized_srv_msg/srv/AddThreeInts_Response.msg
[7.068s] -- Installing: /home/ghani/my_ws/install/customized_srv_msg/share/customized_srv_msg/action/Fibonacci.action
[7.068s] -- Installing: /home/ghani/my_ws/install/customized_srv_msg/share/ament_index/resource_index/package_run_dependencies/customized_srv_msg
[7.069s] -- Installing: /home/ghani/my_ws/install/customized_srv_msg/share/ament_index/resource_index/parent_prefix_path/customized_srv_msg
[7.069s] -- Up-to-date: /home/ghani/my_ws/install/customized_srv_msg/share/customized_srv_msg/environment/ament_prefix_path.sh
[7.069s] -- Installing: /home/ghani/my_ws/install/customized_srv_msg/share/customized_srv_msg/environment/ament_prefix_path.dsv
[7.069s] -- Up-to-date: /home/ghani/my_ws/install/customized_srv_msg/share/customized_srv_msg/environment/path.sh
[7.069s] -- Installing: /home/ghani/my_ws/install/customized_srv_msg/share/customized_srv_msg/environment/path.dsv
[7.069s] -- Up-to-date: /home/ghani/my_ws/install/customized_srv_msg/share/customized_srv_msg/local_setup.bash
[7.069s] -- Up-to-date: /home/ghani/my_ws/install/customized_srv_msg/share/customized_srv_msg/local_setup.sh
[7.070s] -- Up-to-date: /home/ghani/my_ws/install/customized_srv_msg/share/customized_srv_msg/local_setup.zsh
[7.070s] -- Installing: /home/ghani/my_ws/install/customized_srv_msg/share/customized_srv_msg/local_setup.dsv
[7.070s] -- Installing: /home/ghani/my_ws/install/customized_srv_msg/share/customized_srv_msg/package.dsv
[7.070s] -- Up-to-date: /home/ghani/my_ws/install/customized_srv_msg/share/ament_index/resource_index/packages/customized_srv_msg
[7.070s] -- Old export file "/home/ghani/my_ws/install/customized_srv_msg/share/customized_srv_msg/cmake/customized_srv_msg__rosidl_generator_cExport.cmake" will be replaced.  Removing files [/home/ghani/my_ws/install/customized_srv_msg/share/customized_srv_msg/cmake/customized_srv_msg__rosidl_generator_cExport-noconfig.cmake].
[7.070s] -- Installing: /home/ghani/my_ws/install/customized_srv_msg/share/customized_srv_msg/cmake/customized_srv_msg__rosidl_generator_cExport.cmake
[7.070s] -- Installing: /home/ghani/my_ws/install/customized_srv_msg/share/customized_srv_msg/cmake/customized_srv_msg__rosidl_generator_cExport-noconfig.cmake
[7.070s] -- Old export file "/home/ghani/my_ws/install/customized_srv_msg/share/customized_srv_msg/cmake/customized_srv_msg__rosidl_typesupport_introspection_cExport.cmake" will be replaced.  Removing files [/home/ghani/my_ws/install/customized_srv_msg/share/customized_srv_msg/cmake/customized_srv_msg__rosidl_typesupport_introspection_cExport-noconfig.cmake].
[7.071s] -- Installing: /home/ghani/my_ws/install/customized_srv_msg/share/customized_srv_msg/cmake/customized_srv_msg__rosidl_typesupport_introspection_cExport.cmake
[7.071s] -- Installing: /home/ghani/my_ws/install/customized_srv_msg/share/customized_srv_msg/cmake/customized_srv_msg__rosidl_typesupport_introspection_cExport-noconfig.cmake
[7.071s] -- Old export file "/home/ghani/my_ws/install/customized_srv_msg/share/customized_srv_msg/cmake/customized_srv_msg__rosidl_typesupport_cExport.cmake" will be replaced.  Removing files [/home/ghani/my_ws/install/customized_srv_msg/share/customized_srv_msg/cmake/customized_srv_msg__rosidl_typesupport_cExport-noconfig.cmake].
[7.071s] -- Installing: /home/ghani/my_ws/install/customized_srv_msg/share/customized_srv_msg/cmake/customized_srv_msg__rosidl_typesupport_cExport.cmake
[7.071s] -- Installing: /home/ghani/my_ws/install/customized_srv_msg/share/customized_srv_msg/cmake/customized_srv_msg__rosidl_typesupport_cExport-noconfig.cmake
[7.071s] -- Installing: /home/ghani/my_ws/install/customized_srv_msg/share/customized_srv_msg/cmake/customized_srv_msg__rosidl_generator_cppExport.cmake
[7.072s] -- Old export file "/home/ghani/my_ws/install/customized_srv_msg/share/customized_srv_msg/cmake/customized_srv_msg__rosidl_typesupport_introspection_cppExport.cmake" will be replaced.  Removing files [/home/ghani/my_ws/install/customized_srv_msg/share/customized_srv_msg/cmake/customized_srv_msg__rosidl_typesupport_introspection_cppExport-noconfig.cmake].
[7.072s] -- Installing: /home/ghani/my_ws/install/customized_srv_msg/share/customized_srv_msg/cmake/customized_srv_msg__rosidl_typesupport_introspection_cppExport.cmake
[7.072s] -- Installing: /home/ghani/my_ws/install/customized_srv_msg/share/customized_srv_msg/cmake/customized_srv_msg__rosidl_typesupport_introspection_cppExport-noconfig.cmake
[7.072s] -- Old export file "/home/ghani/my_ws/install/customized_srv_msg/share/customized_srv_msg/cmake/customized_srv_msg__rosidl_typesupport_cppExport.cmake" will be replaced.  Removing files [/home/ghani/my_ws/install/customized_srv_msg/share/customized_srv_msg/cmake/customized_srv_msg__rosidl_typesupport_cppExport-noconfig.cmake].
[7.072s] -- Installing: /home/ghani/my_ws/install/customized_srv_msg/share/customized_srv_msg/cmake/customized_srv_msg__rosidl_typesupport_cppExport.cmake
[7.073s] -- Installing: /home/ghani/my_ws/install/customized_srv_msg/share/customized_srv_msg/cmake/customized_srv_msg__rosidl_typesupport_cppExport-noconfig.cmake
[7.073s] -- Installing: /home/ghani/my_ws/install/customized_srv_msg/share/customized_srv_msg/cmake/rosidl_cmake-extras.cmake
[7.073s] -- Installing: /home/ghani/my_ws/install/customized_srv_msg/share/customized_srv_msg/cmake/ament_cmake_export_dependencies-extras.cmake
[7.073s] -- Up-to-date: /home/ghani/my_ws/install/customized_srv_msg/share/customized_srv_msg/cmake/ament_cmake_export_libraries-extras.cmake
[7.073s] -- Up-to-date: /home/ghani/my_ws/install/customized_srv_msg/share/customized_srv_msg/cmake/ament_cmake_export_targets-extras.cmake
[7.074s] -- Up-to-date: /home/ghani/my_ws/install/customized_srv_msg/share/customized_srv_msg/cmake/ament_cmake_export_include_directories-extras.cmake
[7.074s] -- Up-to-date: /home/ghani/my_ws/install/customized_srv_msg/share/customized_srv_msg/cmake/rosidl_cmake_export_typesupport_libraries-extras.cmake
[7.074s] -- Up-to-date: /home/ghani/my_ws/install/customized_srv_msg/share/customized_srv_msg/cmake/rosidl_cmake_export_typesupport_targets-extras.cmake
[7.074s] -- Up-to-date: /home/ghani/my_ws/install/customized_srv_msg/share/customized_srv_msg/cmake/customized_srv_msgConfig.cmake
[7.074s] -- Up-to-date: /home/ghani/my_ws/install/customized_srv_msg/share/customized_srv_msg/cmake/customized_srv_msgConfig-version.cmake
[7.074s] -- Installing: /home/ghani/my_ws/install/customized_srv_msg/share/customized_srv_msg/package.xml
[7.077s] Invoked command in '/home/ghani/my_ws/build/customized_srv_msg' returned '0': CMAKE_PREFIX_PATH=${CMAKE_PREFIX_PATH}:/home/ghani/my_ws/install/srevices_exercise:/home/ghani/my_ws/install/py_srvcli:/home/ghani/my_ws/install/py_param:/home/ghani/my_ws/install/py_package:/opt/ros/galactic /usr/bin/cmake --install /home/ghani/my_ws/build/customized_srv_msg
