[0.143s] DEBUG:colcon:Command line arguments: ['/usr/bin/colcon', 'build', '--packages-select', 'final_package']
[0.143s] DEBUG:colcon:Parsed command line arguments: Namespace(allow_overriding=[], ament_cmake_args=None, base_paths=['.'], build_base='build', catkin_cmake_args=None, catkin_skip_building_tests=False, cmake_args=None, cmake_clean_cache=False, cmake_clean_first=False, cmake_force_configure=False, cmake_target=None, cmake_target_skip_unavailable=False, continue_on_error=False, event_handlers=None, executor='parallel', ignore_user_meta=False, install_base='install', log_base=None, log_level=None, main=<bound method BuildVerb.main of <colcon_core.verb.build.BuildVerb object at 0x7f12379c6760>>, merge_install=False, metas=['./colcon.meta'], packages_above=None, packages_above_and_dependencies=None, packages_above_depth=None, packages_end=None, packages_ignore=None, packages_ignore_regex=None, packages_select=['final_package'], packages_select_build_failed=False, packages_select_by_dep=None, packages_select_regex=None, packages_select_test_failures=False, packages_skip=None, packages_skip_build_finished=False, packages_skip_by_dep=None, packages_skip_regex=None, packages_skip_test_passed=False, packages_skip_up_to=None, packages_start=None, packages_up_to=None, packages_up_to_regex=None, parallel_workers=6, paths=None, symlink_install=False, test_result_base=None, verb_extension=<colcon_core.verb.build.BuildVerb object at 0x7f12379c6760>, verb_name='build', verb_parser=<colcon_defaults.argument_parser.defaults.DefaultArgumentsDecorator object at 0x7f12379c6cd0>)
[0.168s] Level 1:colcon.colcon_core.package_discovery:discover_packages(colcon_meta) check parameters
[0.168s] Level 1:colcon.colcon_core.package_discovery:discover_packages(recursive) check parameters
[0.168s] Level 1:colcon.colcon_core.package_discovery:discover_packages(ignore) check parameters
[0.168s] Level 1:colcon.colcon_core.package_discovery:discover_packages(path) check parameters
[0.168s] Level 1:colcon.colcon_core.package_discovery:discover_packages(colcon_meta) discover
[0.169s] Level 1:colcon.colcon_core.package_discovery:discover_packages(recursive) discover
[0.169s] INFO:colcon.colcon_core.package_discovery:Crawling recursively for packages in '/home/ghani/my_ws'
[0.169s] Level 1:colcon.colcon_core.package_identification:_identify(.) by extensions ['ignore', 'ignore_ament_install']
[0.169s] Level 1:colcon.colcon_core.package_identification:_identify(.) by extension 'ignore'
[0.169s] Level 1:colcon.colcon_core.package_identification:_identify(.) by extension 'ignore_ament_install'
[0.169s] Level 1:colcon.colcon_core.package_identification:_identify(.) by extensions ['colcon_pkg']
[0.169s] Level 1:colcon.colcon_core.package_identification:_identify(.) by extension 'colcon_pkg'
[0.169s] Level 1:colcon.colcon_core.package_identification:_identify(.) by extensions ['colcon_meta']
[0.169s] Level 1:colcon.colcon_core.package_identification:_identify(.) by extension 'colcon_meta'
[0.169s] Level 1:colcon.colcon_core.package_identification:_identify(.) by extensions ['ros']
[0.169s] Level 1:colcon.colcon_core.package_identification:_identify(.) by extension 'ros'
[0.204s] Level 1:colcon.colcon_core.package_identification:_identify(.) by extensions ['cmake', 'python']
[0.204s] Level 1:colcon.colcon_core.package_identification:_identify(.) by extension 'cmake'
[0.204s] Level 1:colcon.colcon_core.package_identification:_identify(.) by extension 'python'
[0.204s] Level 1:colcon.colcon_core.package_identification:_identify(.) by extensions ['python_setup_py']
[0.204s] Level 1:colcon.colcon_core.package_identification:_identify(.) by extension 'python_setup_py'
[0.205s] Level 1:colcon.colcon_core.package_identification:_identify(build) by extensions ['ignore', 'ignore_ament_install']
[0.205s] Level 1:colcon.colcon_core.package_identification:_identify(build) by extension 'ignore'
[0.205s] Level 1:colcon.colcon_core.package_identification:_identify(build) ignored
[0.205s] Level 1:colcon.colcon_core.package_identification:_identify(install) by extensions ['ignore', 'ignore_ament_install']
[0.205s] Level 1:colcon.colcon_core.package_identification:_identify(install) by extension 'ignore'
[0.205s] Level 1:colcon.colcon_core.package_identification:_identify(install) ignored
[0.206s] Level 1:colcon.colcon_core.package_identification:_identify(log) by extensions ['ignore', 'ignore_ament_install']
[0.206s] Level 1:colcon.colcon_core.package_identification:_identify(log) by extension 'ignore'
[0.206s] Level 1:colcon.colcon_core.package_identification:_identify(log) ignored
[0.206s] Level 1:colcon.colcon_core.package_identification:_identify(src) by extensions ['ignore', 'ignore_ament_install']
[0.206s] Level 1:colcon.colcon_core.package_identification:_identify(src) by extension 'ignore'
[0.206s] Level 1:colcon.colcon_core.package_identification:_identify(src) by extension 'ignore_ament_install'
[0.206s] Level 1:colcon.colcon_core.package_identification:_identify(src) by extensions ['colcon_pkg']
[0.206s] Level 1:colcon.colcon_core.package_identification:_identify(src) by extension 'colcon_pkg'
[0.206s] Level 1:colcon.colcon_core.package_identification:_identify(src) by extensions ['colcon_meta']
[0.206s] Level 1:colcon.colcon_core.package_identification:_identify(src) by extension 'colcon_meta'
[0.206s] Level 1:colcon.colcon_core.package_identification:_identify(src) by extensions ['ros']
[0.206s] Level 1:colcon.colcon_core.package_identification:_identify(src) by extension 'ros'
[0.206s] Level 1:colcon.colcon_core.package_identification:_identify(src) by extensions ['cmake', 'python']
[0.206s] Level 1:colcon.colcon_core.package_identification:_identify(src) by extension 'cmake'
[0.206s] Level 1:colcon.colcon_core.package_identification:_identify(src) by extension 'python'
[0.206s] Level 1:colcon.colcon_core.package_identification:_identify(src) by extensions ['python_setup_py']
[0.206s] Level 1:colcon.colcon_core.package_identification:_identify(src) by extension 'python_setup_py'
[0.207s] Level 1:colcon.colcon_core.package_identification:_identify(src/action_py) by extensions ['ignore', 'ignore_ament_install']
[0.207s] Level 1:colcon.colcon_core.package_identification:_identify(src/action_py) by extension 'ignore'
[0.208s] Level 1:colcon.colcon_core.package_identification:_identify(src/action_py) by extension 'ignore_ament_install'
[0.208s] Level 1:colcon.colcon_core.package_identification:_identify(src/action_py) by extensions ['colcon_pkg']
[0.208s] Level 1:colcon.colcon_core.package_identification:_identify(src/action_py) by extension 'colcon_pkg'
[0.208s] Level 1:colcon.colcon_core.package_identification:_identify(src/action_py) by extensions ['colcon_meta']
[0.208s] Level 1:colcon.colcon_core.package_identification:_identify(src/action_py) by extension 'colcon_meta'
[0.208s] Level 1:colcon.colcon_core.package_identification:_identify(src/action_py) by extensions ['ros']
[0.208s] Level 1:colcon.colcon_core.package_identification:_identify(src/action_py) by extension 'ros'
[0.214s] DEBUG:colcon.colcon_core.package_identification:Package 'src/action_py' with type 'ros.ament_python' and name 'action_py'
[0.215s] Level 1:colcon.colcon_core.package_identification:_identify(src/cpp_new) by extensions ['ignore', 'ignore_ament_install']
[0.215s] Level 1:colcon.colcon_core.package_identification:_identify(src/cpp_new) by extension 'ignore'
[0.215s] Level 1:colcon.colcon_core.package_identification:_identify(src/cpp_new) by extension 'ignore_ament_install'
[0.215s] Level 1:colcon.colcon_core.package_identification:_identify(src/cpp_new) by extensions ['colcon_pkg']
[0.216s] Level 1:colcon.colcon_core.package_identification:_identify(src/cpp_new) by extension 'colcon_pkg'
[0.216s] Level 1:colcon.colcon_core.package_identification:_identify(src/cpp_new) by extensions ['colcon_meta']
[0.216s] Level 1:colcon.colcon_core.package_identification:_identify(src/cpp_new) by extension 'colcon_meta'
[0.216s] Level 1:colcon.colcon_core.package_identification:_identify(src/cpp_new) by extensions ['ros']
[0.216s] Level 1:colcon.colcon_core.package_identification:_identify(src/cpp_new) by extension 'ros'
[0.218s] DEBUG:colcon.colcon_core.package_identification:Package 'src/cpp_new' with type 'ros.ament_cmake' and name 'cpp_new'
[0.219s] Level 1:colcon.colcon_core.package_identification:_identify(src/customized_srv_msg) by extensions ['ignore', 'ignore_ament_install']
[0.219s] Level 1:colcon.colcon_core.package_identification:_identify(src/customized_srv_msg) by extension 'ignore'
[0.219s] Level 1:colcon.colcon_core.package_identification:_identify(src/customized_srv_msg) by extension 'ignore_ament_install'
[0.219s] Level 1:colcon.colcon_core.package_identification:_identify(src/customized_srv_msg) by extensions ['colcon_pkg']
[0.219s] Level 1:colcon.colcon_core.package_identification:_identify(src/customized_srv_msg) by extension 'colcon_pkg'
[0.219s] Level 1:colcon.colcon_core.package_identification:_identify(src/customized_srv_msg) by extensions ['colcon_meta']
[0.219s] Level 1:colcon.colcon_core.package_identification:_identify(src/customized_srv_msg) by extension 'colcon_meta'
[0.219s] Level 1:colcon.colcon_core.package_identification:_identify(src/customized_srv_msg) by extensions ['ros']
[0.219s] Level 1:colcon.colcon_core.package_identification:_identify(src/customized_srv_msg) by extension 'ros'
[0.221s] DEBUG:colcon.colcon_core.package_identification:Package 'src/customized_srv_msg' with type 'ros.ament_cmake' and name 'customized_srv_msg'
[0.221s] Level 1:colcon.colcon_core.package_identification:_identify(src/final_package) by extensions ['ignore', 'ignore_ament_install']
[0.221s] Level 1:colcon.colcon_core.package_identification:_identify(src/final_package) by extension 'ignore'
[0.221s] Level 1:colcon.colcon_core.package_identification:_identify(src/final_package) by extension 'ignore_ament_install'
[0.221s] Level 1:colcon.colcon_core.package_identification:_identify(src/final_package) by extensions ['colcon_pkg']
[0.221s] Level 1:colcon.colcon_core.package_identification:_identify(src/final_package) by extension 'colcon_pkg'
[0.221s] Level 1:colcon.colcon_core.package_identification:_identify(src/final_package) by extensions ['colcon_meta']
[0.221s] Level 1:colcon.colcon_core.package_identification:_identify(src/final_package) by extension 'colcon_meta'
[0.221s] Level 1:colcon.colcon_core.package_identification:_identify(src/final_package) by extensions ['ros']
[0.221s] Level 1:colcon.colcon_core.package_identification:_identify(src/final_package) by extension 'ros'
[0.223s] DEBUG:colcon.colcon_core.package_identification:Package 'src/final_package' with type 'ros.ament_cmake' and name 'final_package'
[0.224s] Level 1:colcon.colcon_core.package_identification:_identify(src/py_package) by extensions ['ignore', 'ignore_ament_install']
[0.224s] Level 1:colcon.colcon_core.package_identification:_identify(src/py_package) by extension 'ignore'
[0.224s] Level 1:colcon.colcon_core.package_identification:_identify(src/py_package) by extension 'ignore_ament_install'
[0.224s] Level 1:colcon.colcon_core.package_identification:_identify(src/py_package) by extensions ['colcon_pkg']
[0.224s] Level 1:colcon.colcon_core.package_identification:_identify(src/py_package) by extension 'colcon_pkg'
[0.224s] Level 1:colcon.colcon_core.package_identification:_identify(src/py_package) by extensions ['colcon_meta']
[0.224s] Level 1:colcon.colcon_core.package_identification:_identify(src/py_package) by extension 'colcon_meta'
[0.224s] Level 1:colcon.colcon_core.package_identification:_identify(src/py_package) by extensions ['ros']
[0.224s] Level 1:colcon.colcon_core.package_identification:_identify(src/py_package) by extension 'ros'
[0.226s] DEBUG:colcon.colcon_core.package_identification:Package 'src/py_package' with type 'ros.ament_python' and name 'py_package'
[0.226s] Level 1:colcon.colcon_core.package_identification:_identify(src/py_param) by extensions ['ignore', 'ignore_ament_install']
[0.227s] Level 1:colcon.colcon_core.package_identification:_identify(src/py_param) by extension 'ignore'
[0.227s] Level 1:colcon.colcon_core.package_identification:_identify(src/py_param) by extension 'ignore_ament_install'
[0.227s] Level 1:colcon.colcon_core.package_identification:_identify(src/py_param) by extensions ['colcon_pkg']
[0.227s] Level 1:colcon.colcon_core.package_identification:_identify(src/py_param) by extension 'colcon_pkg'
[0.227s] Level 1:colcon.colcon_core.package_identification:_identify(src/py_param) by extensions ['colcon_meta']
[0.227s] Level 1:colcon.colcon_core.package_identification:_identify(src/py_param) by extension 'colcon_meta'
[0.227s] Level 1:colcon.colcon_core.package_identification:_identify(src/py_param) by extensions ['ros']
[0.227s] Level 1:colcon.colcon_core.package_identification:_identify(src/py_param) by extension 'ros'
[0.229s] DEBUG:colcon.colcon_core.package_identification:Package 'src/py_param' with type 'ros.ament_python' and name 'py_param'
[0.230s] Level 1:colcon.colcon_core.package_identification:_identify(src/py_srvcli) by extensions ['ignore', 'ignore_ament_install']
[0.230s] Level 1:colcon.colcon_core.package_identification:_identify(src/py_srvcli) by extension 'ignore'
[0.230s] Level 1:colcon.colcon_core.package_identification:_identify(src/py_srvcli) by extension 'ignore_ament_install'
[0.230s] Level 1:colcon.colcon_core.package_identification:_identify(src/py_srvcli) by extensions ['colcon_pkg']
[0.230s] Level 1:colcon.colcon_core.package_identification:_identify(src/py_srvcli) by extension 'colcon_pkg'
[0.230s] Level 1:colcon.colcon_core.package_identification:_identify(src/py_srvcli) by extensions ['colcon_meta']
[0.230s] Level 1:colcon.colcon_core.package_identification:_identify(src/py_srvcli) by extension 'colcon_meta'
[0.230s] Level 1:colcon.colcon_core.package_identification:_identify(src/py_srvcli) by extensions ['ros']
[0.230s] Level 1:colcon.colcon_core.package_identification:_identify(src/py_srvcli) by extension 'ros'
[0.232s] DEBUG:colcon.colcon_core.package_identification:Package 'src/py_srvcli' with type 'ros.ament_python' and name 'py_srvcli'
[0.233s] Level 1:colcon.colcon_core.package_identification:_identify(src/srevices_exercise) by extensions ['ignore', 'ignore_ament_install']
[0.233s] Level 1:colcon.colcon_core.package_identification:_identify(src/srevices_exercise) by extension 'ignore'
[0.233s] Level 1:colcon.colcon_core.package_identification:_identify(src/srevices_exercise) by extension 'ignore_ament_install'
[0.233s] Level 1:colcon.colcon_core.package_identification:_identify(src/srevices_exercise) by extensions ['colcon_pkg']
[0.233s] Level 1:colcon.colcon_core.package_identification:_identify(src/srevices_exercise) by extension 'colcon_pkg'
[0.233s] Level 1:colcon.colcon_core.package_identification:_identify(src/srevices_exercise) by extensions ['colcon_meta']
[0.233s] Level 1:colcon.colcon_core.package_identification:_identify(src/srevices_exercise) by extension 'colcon_meta'
[0.233s] Level 1:colcon.colcon_core.package_identification:_identify(src/srevices_exercise) by extensions ['ros']
[0.233s] Level 1:colcon.colcon_core.package_identification:_identify(src/srevices_exercise) by extension 'ros'
[0.235s] DEBUG:colcon.colcon_core.package_identification:Package 'src/srevices_exercise' with type 'ros.ament_python' and name 'srevices_exercise'
[0.235s] Level 1:colcon.colcon_core.package_discovery:discover_packages(recursive) using defaults
[0.235s] Level 1:colcon.colcon_core.package_discovery:discover_packages(ignore) discover
[0.235s] Level 1:colcon.colcon_core.package_discovery:discover_packages(ignore) using defaults
[0.235s] Level 1:colcon.colcon_core.package_discovery:discover_packages(path) discover
[0.235s] Level 1:colcon.colcon_core.package_discovery:discover_packages(path) using defaults
[0.290s] INFO:colcon.colcon_core.package_selection:Skipping not selected package 'action_py' in 'src/action_py'
[0.290s] INFO:colcon.colcon_core.package_selection:Skipping not selected package 'customized_srv_msg' in 'src/customized_srv_msg'
[0.290s] INFO:colcon.colcon_core.package_selection:Skipping not selected package 'py_package' in 'src/py_package'
[0.290s] INFO:colcon.colcon_core.package_selection:Skipping not selected package 'py_param' in 'src/py_param'
[0.290s] INFO:colcon.colcon_core.package_selection:Skipping not selected package 'py_srvcli' in 'src/py_srvcli'
[0.290s] INFO:colcon.colcon_core.package_selection:Skipping not selected package 'srevices_exercise' in 'src/srevices_exercise'
[0.290s] INFO:colcon.colcon_core.package_selection:Skipping not selected package 'cpp_new' in 'src/cpp_new'
[0.291s] Level 5:colcon.colcon_core.verb:set package 'final_package' build argument 'cmake_args' from command line to 'None'
[0.291s] Level 5:colcon.colcon_core.verb:set package 'final_package' build argument 'cmake_target' from command line to 'None'
[0.291s] Level 5:colcon.colcon_core.verb:set package 'final_package' build argument 'cmake_target_skip_unavailable' from command line to 'False'
[0.291s] Level 5:colcon.colcon_core.verb:set package 'final_package' build argument 'cmake_clean_cache' from command line to 'False'
[0.291s] Level 5:colcon.colcon_core.verb:set package 'final_package' build argument 'cmake_clean_first' from command line to 'False'
[0.291s] Level 5:colcon.colcon_core.verb:set package 'final_package' build argument 'cmake_force_configure' from command line to 'False'
[0.291s] Level 5:colcon.colcon_core.verb:set package 'final_package' build argument 'ament_cmake_args' from command line to 'None'
[0.291s] Level 5:colcon.colcon_core.verb:set package 'final_package' build argument 'catkin_cmake_args' from command line to 'None'
[0.291s] Level 5:colcon.colcon_core.verb:set package 'final_package' build argument 'catkin_skip_building_tests' from command line to 'False'
[0.291s] DEBUG:colcon.colcon_core.verb:Building package 'final_package' with the following arguments: {'ament_cmake_args': None, 'build_base': '/home/ghani/my_ws/build/final_package', 'catkin_cmake_args': None, 'catkin_skip_building_tests': False, 'cmake_args': None, 'cmake_clean_cache': False, 'cmake_clean_first': False, 'cmake_force_configure': False, 'cmake_target': None, 'cmake_target_skip_unavailable': False, 'install_base': '/home/ghani/my_ws/install/final_package', 'merge_install': False, 'path': '/home/ghani/my_ws/src/final_package', 'symlink_install': False, 'test_result_base': None}
[0.300s] INFO:colcon.colcon_core.executor:Executing jobs using 'parallel' executor
[0.303s] DEBUG:colcon.colcon_parallel_executor.executor.parallel:run_until_complete
[0.304s] INFO:colcon.colcon_ros.task.ament_cmake.build:Building ROS package in '/home/ghani/my_ws/src/final_package' with build type 'ament_cmake'
[0.304s] INFO:colcon.colcon_cmake.task.cmake.build:Building CMake package in '/home/ghani/my_ws/src/final_package'
[0.322s] INFO:colcon.colcon_core.plugin_system:Skipping extension 'colcon_core.shell.bat': Not used on non-Windows systems
[0.323s] INFO:colcon.colcon_core.shell:Skip shell extension 'powershell' for command environment: Not usable outside of PowerShell
[0.323s] DEBUG:colcon.colcon_core.shell:Skip shell extension 'dsv' for command environment
[0.345s] DEBUG:colcon.colcon_core.event_handler.log_command:Invoking command in '/home/ghani/my_ws/build/final_package': CMAKE_PREFIX_PATH=/opt/ros/galactic /usr/bin/cmake --build /home/ghani/my_ws/build/final_package -- -j6 -l6
[13.996s] DEBUG:colcon.colcon_core.event_handler.log_command:Invoked command in '/home/ghani/my_ws/build/final_package' returned '0': CMAKE_PREFIX_PATH=/opt/ros/galactic /usr/bin/cmake --build /home/ghani/my_ws/build/final_package -- -j6 -l6
[14.043s] DEBUG:colcon.colcon_core.event_handler.log_command:Invoking command in '/home/ghani/my_ws/build/final_package': CMAKE_PREFIX_PATH=/opt/ros/galactic /usr/bin/cmake --install /home/ghani/my_ws/build/final_package
[14.075s] Level 1:colcon.colcon_core.environment:create_environment_scripts_only(final_package)
[14.076s] DEBUG:colcon.colcon_core.event_handler.log_command:Invoked command in '/home/ghani/my_ws/build/final_package' returned '0': CMAKE_PREFIX_PATH=/opt/ros/galactic /usr/bin/cmake --install /home/ghani/my_ws/build/final_package
[14.092s] Level 1:colcon.colcon_core.environment:checking '/home/ghani/my_ws/install/final_package' for CMake module files
[14.092s] Level 1:colcon.colcon_core.environment:checking '/home/ghani/my_ws/install/final_package' for CMake config files
[14.092s] Level 1:colcon.colcon_core.shell:create_environment_hook('final_package', 'cmake_prefix_path')
[14.093s] INFO:colcon.colcon_core.shell:Creating environment hook '/home/ghani/my_ws/install/final_package/share/final_package/hook/cmake_prefix_path.ps1'
[14.096s] INFO:colcon.colcon_core.shell:Creating environment descriptor '/home/ghani/my_ws/install/final_package/share/final_package/hook/cmake_prefix_path.dsv'
[14.097s] INFO:colcon.colcon_core.shell:Creating environment hook '/home/ghani/my_ws/install/final_package/share/final_package/hook/cmake_prefix_path.sh'
[14.099s] Level 1:colcon.colcon_core.environment:checking '/home/ghani/my_ws/install/final_package/lib'
[14.099s] Level 1:colcon.colcon_core.environment:checking '/home/ghani/my_ws/install/final_package/bin'
[14.100s] Level 1:colcon.colcon_core.environment:checking '/home/ghani/my_ws/install/final_package/lib/pkgconfig/final_package.pc'
[14.100s] Level 1:colcon.colcon_core.environment:checking '/home/ghani/my_ws/install/final_package/lib/python3.8/site-packages'
[14.100s] INFO:colcon.colcon_core.shell:Creating package script '/home/ghani/my_ws/install/final_package/share/final_package/package.ps1'
[14.102s] INFO:colcon.colcon_core.shell:Creating package descriptor '/home/ghani/my_ws/install/final_package/share/final_package/package.dsv'
[14.104s] INFO:colcon.colcon_core.shell:Creating package script '/home/ghani/my_ws/install/final_package/share/final_package/package.sh'
[14.105s] INFO:colcon.colcon_core.shell:Creating package script '/home/ghani/my_ws/install/final_package/share/final_package/package.bash'
[14.107s] INFO:colcon.colcon_core.shell:Creating package script '/home/ghani/my_ws/install/final_package/share/final_package/package.zsh'
[14.110s] Level 1:colcon.colcon_core.environment:create_file_with_runtime_dependencies(/home/ghani/my_ws/install/final_package/share/colcon-core/packages/final_package)
[14.147s] Level 1:colcon.colcon_core.environment:create_environment_scripts_only(final_package)
[14.148s] Level 1:colcon.colcon_core.environment:checking '/home/ghani/my_ws/install/final_package' for CMake module files
[14.149s] Level 1:colcon.colcon_core.environment:checking '/home/ghani/my_ws/install/final_package' for CMake config files
[14.149s] Level 1:colcon.colcon_core.shell:create_environment_hook('final_package', 'cmake_prefix_path')
[14.150s] INFO:colcon.colcon_core.shell:Creating environment hook '/home/ghani/my_ws/install/final_package/share/final_package/hook/cmake_prefix_path.ps1'
[14.150s] INFO:colcon.colcon_core.shell:Creating environment descriptor '/home/ghani/my_ws/install/final_package/share/final_package/hook/cmake_prefix_path.dsv'
[14.151s] INFO:colcon.colcon_core.shell:Creating environment hook '/home/ghani/my_ws/install/final_package/share/final_package/hook/cmake_prefix_path.sh'
[14.152s] Level 1:colcon.colcon_core.environment:checking '/home/ghani/my_ws/install/final_package/lib'
[14.153s] Level 1:colcon.colcon_core.environment:checking '/home/ghani/my_ws/install/final_package/bin'
[14.153s] Level 1:colcon.colcon_core.environment:checking '/home/ghani/my_ws/install/final_package/lib/pkgconfig/final_package.pc'
[14.153s] Level 1:colcon.colcon_core.environment:checking '/home/ghani/my_ws/install/final_package/lib/python3.8/site-packages'
[14.153s] INFO:colcon.colcon_core.shell:Creating package script '/home/ghani/my_ws/install/final_package/share/final_package/package.ps1'
[14.154s] INFO:colcon.colcon_core.shell:Creating package descriptor '/home/ghani/my_ws/install/final_package/share/final_package/package.dsv'
[14.155s] INFO:colcon.colcon_core.shell:Creating package script '/home/ghani/my_ws/install/final_package/share/final_package/package.sh'
[14.156s] INFO:colcon.colcon_core.shell:Creating package script '/home/ghani/my_ws/install/final_package/share/final_package/package.bash'
[14.157s] INFO:colcon.colcon_core.shell:Creating package script '/home/ghani/my_ws/install/final_package/share/final_package/package.zsh'
[14.158s] Level 1:colcon.colcon_core.environment:create_file_with_runtime_dependencies(/home/ghani/my_ws/install/final_package/share/colcon-core/packages/final_package)
[14.160s] DEBUG:colcon.colcon_parallel_executor.executor.parallel:closing loop
[14.160s] DEBUG:colcon.colcon_parallel_executor.executor.parallel:loop closed
[14.161s] DEBUG:colcon.colcon_parallel_executor.executor.parallel:run_until_complete finished with '0'
[14.161s] DEBUG:colcon.colcon_core.event_reactor:joining thread
[14.175s] INFO:colcon.colcon_core.plugin_system:Skipping extension 'colcon_notification.desktop_notification.terminal_notifier': Not used on non-Darwin systems
[14.175s] INFO:colcon.colcon_core.plugin_system:Skipping extension 'colcon_notification.desktop_notification.win32': Not used on non-Windows systems
[14.175s] INFO:colcon.colcon_notification.desktop_notification:Sending desktop notification using 'notify2'
[14.202s] DEBUG:colcon.colcon_core.event_reactor:joined thread
[14.203s] INFO:colcon.colcon_core.shell:Creating prefix script '/home/ghani/my_ws/install/local_setup.ps1'
[14.205s] INFO:colcon.colcon_core.shell:Creating prefix util module '/home/ghani/my_ws/install/_local_setup_util_ps1.py'
[14.207s] INFO:colcon.colcon_core.shell:Creating prefix chain script '/home/ghani/my_ws/install/setup.ps1'
[14.209s] INFO:colcon.colcon_core.shell:Creating prefix script '/home/ghani/my_ws/install/local_setup.sh'
[14.211s] INFO:colcon.colcon_core.shell:Creating prefix util module '/home/ghani/my_ws/install/_local_setup_util_sh.py'
[14.212s] INFO:colcon.colcon_core.shell:Creating prefix chain script '/home/ghani/my_ws/install/setup.sh'
[14.215s] INFO:colcon.colcon_core.shell:Creating prefix script '/home/ghani/my_ws/install/local_setup.bash'
[14.217s] INFO:colcon.colcon_core.shell:Creating prefix chain script '/home/ghani/my_ws/install/setup.bash'
[14.218s] INFO:colcon.colcon_core.shell:Creating prefix script '/home/ghani/my_ws/install/local_setup.zsh'
[14.220s] INFO:colcon.colcon_core.shell:Creating prefix chain script '/home/ghani/my_ws/install/setup.zsh'
