[1.383s] Invoking command in '/home/ghani/my_ws/src/controller_py': PYTHONPATH=/home/ghani/my_ws/install/controller_py/lib/python3.8/site-packages:${PYTHONPATH} /usr/bin/python3 setup.py egg_info --egg-base ../../build/controller_py build --build-base /home/ghani/my_ws/build/controller_py/build install --prefix /home/ghani/my_ws/install/controller_py --record /home/ghani/my_ws/build/controller_py/install.log --single-version-externally-managed
[1.898s] running egg_info
[1.900s] writing ../../build/controller_py/controller_py.egg-info/PKG-INFO
[1.902s] writing dependency_links to ../../build/controller_py/controller_py.egg-info/dependency_links.txt
[1.902s] writing entry points to ../../build/controller_py/controller_py.egg-info/entry_points.txt
[1.903s] writing requirements to ../../build/controller_py/controller_py.egg-info/requires.txt
[1.904s] writing top-level names to ../../build/controller_py/controller_py.egg-info/top_level.txt
[1.978s] reading manifest file '../../build/controller_py/controller_py.egg-info/SOURCES.txt'
[1.980s] writing manifest file '../../build/controller_py/controller_py.egg-info/SOURCES.txt'
[1.980s] running build
[1.981s] running build_py
[1.982s] copying controller_py/client.py -> /home/ghani/my_ws/build/controller_py/build/lib/controller_py
[1.983s] running install
[1.985s] running install_lib
[1.987s] copying /home/ghani/my_ws/build/controller_py/build/lib/controller_py/client.py -> /home/ghani/my_ws/install/controller_py/lib/python3.8/site-packages/controller_py
[1.989s] byte-compiling /home/ghani/my_ws/install/controller_py/lib/python3.8/site-packages/controller_py/client.py to client.cpython-38.pyc
[1.993s] running install_data
[1.994s] running install_egg_info
[1.999s] removing '/home/ghani/my_ws/install/controller_py/lib/python3.8/site-packages/controller_py-0.0.0-py3.8.egg-info' (and everything under it)
[1.999s] Copying ../../build/controller_py/controller_py.egg-info to /home/ghani/my_ws/install/controller_py/lib/python3.8/site-packages/controller_py-0.0.0-py3.8.egg-info
[2.002s] running install_scripts
[2.042s] Installing py_action_controller script to /home/ghani/my_ws/install/controller_py/lib/controller_py
[2.043s] Installing py_client script to /home/ghani/my_ws/install/controller_py/lib/controller_py
[2.044s] Installing py_controller script to /home/ghani/my_ws/install/controller_py/lib/controller_py
[2.044s] writing list of installed files to '/home/ghani/my_ws/build/controller_py/install.log'
[2.092s] Invoked command in '/home/ghani/my_ws/src/controller_py' returned '0': PYTHONPATH=/home/ghani/my_ws/install/controller_py/lib/python3.8/site-packages:${PYTHONPATH} /usr/bin/python3 setup.py egg_info --egg-base ../../build/controller_py build --build-base /home/ghani/my_ws/build/controller_py/build install --prefix /home/ghani/my_ws/install/controller_py --record /home/ghani/my_ws/build/controller_py/install.log --single-version-externally-managed
