[1.206s] Invoking command in '/home/ghani/my_ws/src/action_py': PYTHONPATH=/home/ghani/my_ws/install/action_py/lib/python3.8/site-packages:${PYTHONPATH} /usr/bin/python3 setup.py egg_info --egg-base ../../build/action_py build --build-base /home/ghani/my_ws/build/action_py/build install --prefix /home/ghani/my_ws/install/action_py --record /home/ghani/my_ws/build/action_py/install.log --single-version-externally-managed
[1.577s] running egg_info
[1.577s] writing ../../build/action_py/action_py.egg-info/PKG-INFO
[1.578s] writing dependency_links to ../../build/action_py/action_py.egg-info/dependency_links.txt
[1.579s] writing entry points to ../../build/action_py/action_py.egg-info/entry_points.txt
[1.580s] writing requirements to ../../build/action_py/action_py.egg-info/requires.txt
[1.580s] writing top-level names to ../../build/action_py/action_py.egg-info/top_level.txt
[1.635s] reading manifest file '../../build/action_py/action_py.egg-info/SOURCES.txt'
[1.637s] writing manifest file '../../build/action_py/action_py.egg-info/SOURCES.txt'
[1.637s] running build
[1.638s] running build_py
[1.638s] copying action_py/fibonacci_action_server.py -> /home/ghani/my_ws/build/action_py/build/lib/action_py
[1.639s] copying action_py/fibonacci_client.py -> /home/ghani/my_ws/build/action_py/build/lib/action_py
[1.639s] running install
[1.640s] running install_lib
[1.642s] copying /home/ghani/my_ws/build/action_py/build/lib/action_py/fibonacci_action_server.py -> /home/ghani/my_ws/install/action_py/lib/python3.8/site-packages/action_py
[1.642s] copying /home/ghani/my_ws/build/action_py/build/lib/action_py/fibonacci_client.py -> /home/ghani/my_ws/install/action_py/lib/python3.8/site-packages/action_py
[1.643s] byte-compiling /home/ghani/my_ws/install/action_py/lib/python3.8/site-packages/action_py/fibonacci_action_server.py to fibonacci_action_server.cpython-38.pyc
[1.646s] byte-compiling /home/ghani/my_ws/install/action_py/lib/python3.8/site-packages/action_py/fibonacci_client.py to fibonacci_client.cpython-38.pyc
[1.647s] running install_data
[1.648s] running install_egg_info
[1.651s] removing '/home/ghani/my_ws/install/action_py/lib/python3.8/site-packages/action_py-0.0.0-py3.8.egg-info' (and everything under it)
[1.652s] Copying ../../build/action_py/action_py.egg-info to /home/ghani/my_ws/install/action_py/lib/python3.8/site-packages/action_py-0.0.0-py3.8.egg-info
[1.654s] running install_scripts
[1.680s] Installing action_client script to /home/ghani/my_ws/install/action_py/lib/action_py
[1.681s] Installing action_server script to /home/ghani/my_ws/install/action_py/lib/action_py
[1.682s] writing list of installed files to '/home/ghani/my_ws/build/action_py/install.log'
[1.727s] Invoked command in '/home/ghani/my_ws/src/action_py' returned '0': PYTHONPATH=/home/ghani/my_ws/install/action_py/lib/python3.8/site-packages:${PYTHONPATH} /usr/bin/python3 setup.py egg_info --egg-base ../../build/action_py build --build-base /home/ghani/my_ws/build/action_py/build install --prefix /home/ghani/my_ws/install/action_py --record /home/ghani/my_ws/build/action_py/install.log --single-version-externally-managed
