-- Found ament_cmake: 1.1.5 (/opt/ros/galactic/share/ament_cmake/cmake)
-- Found PythonInterp: /usr/bin/python3 (found suitable version "3.8.10", minimum required is "3") 
-- Using PYTHON_EXECUTABLE: /usr/bin/python3
-- Found rosidl_default_generators: 1.1.1 (/opt/ros/galactic/share/rosidl_default_generators/cmake)
-- Using all available rosidl_typesupport_c: rosidl_typesupport_fastrtps_c;rosidl_typesupport_introspection_c
-- Found rosidl_adapter: 2.2.1 (/opt/ros/galactic/share/rosidl_adapter/cmake)
-- Using all available rosidl_typesupport_cpp: rosidl_typesupport_fastrtps_cpp;rosidl_typesupport_introspection_cpp
-- Found PythonInterp: /usr/bin/python3 (found version "3.8.10") 
-- Found ament_cmake_ros: 0.9.2 (/opt/ros/galactic/share/ament_cmake_ros/cmake)
-- Using all available rosidl_typesupport_c: rosidl_typesupport_fastrtps_c;rosidl_typesupport_introspection_c
-- Using all available rosidl_typesupport_cpp: rosidl_typesupport_fastrtps_cpp;rosidl_typesupport_introspection_cpp
-- Found PythonInterp: /usr/bin/python3 (found suitable version "3.8.10", minimum required is "3.5") 
-- Found python_cmake_module: 0.8.1 (/opt/ros/galactic/share/python_cmake_module/cmake)
-- Using PYTHON_EXECUTABLE: /usr/bin/python3
-- Using PYTHON_INCLUDE_DIRS: /usr/include/python3.8
-- Using PYTHON_LIBRARIES: /usr/lib/x86_64-linux-gnu/libpython3.8.so
-- Found ament_lint_auto: 0.10.6 (/opt/ros/galactic/share/ament_lint_auto/cmake)
-- Added test 'copyright' to check source files copyright and LICENSE
-- Added test 'lint_cmake' to check CMake code style
-- Added test 'xmllint' to check XML markup files
-- Configuring done
-- Generating done
-- Build files have been written to: /home/ghani/my_ws/build/customized_srv_msg
[35m[1mScanning dependencies of target customized_srv_msg__cpp[0m
[35m[1mScanning dependencies of target customized_srv_msg__rosidl_generator_c[0m
[  2%] Built target customized_srv_msg__cpp
[  4%] [32m[1mLinking C shared library libcustomized_srv_msg__rosidl_generator_c.so[0m
[35m[1mScanning dependencies of target customized_srv_msg__rosidl_typesupport_cpp[0m
[35m[1mScanning dependencies of target customized_srv_msg__rosidl_typesupport_fastrtps_cpp[0m
[35m[1mScanning dependencies of target customized_srv_msg__rosidl_typesupport_introspection_cpp[0m
[  6%] [32mBuilding CXX object CMakeFiles/customized_srv_msg__rosidl_typesupport_cpp.dir/rosidl_typesupport_cpp/customized_srv_msg/action/goal__type_support.cpp.o[0m
[  8%] [32mBuilding CXX object CMakeFiles/customized_srv_msg__rosidl_typesupport_introspection_cpp.dir/rosidl_typesupport_introspection_cpp/customized_srv_msg/action/detail/goal__type_support.cpp.o[0m
[ 10%] [32mBuilding CXX object CMakeFiles/customized_srv_msg__rosidl_typesupport_fastrtps_cpp.dir/rosidl_typesupport_fastrtps_cpp/customized_srv_msg/action/detail/dds_fastrtps/goal__type_support.cpp.o[0m
[ 19%] Built target customized_srv_msg__rosidl_generator_c
[35m[1mScanning dependencies of target customized_srv_msg__rosidl_typesupport_c[0m
[35m[1mScanning dependencies of target customized_srv_msg__rosidl_typesupport_introspection_c[0m
[ 21%] [32m[1mLinking C shared library libcustomized_srv_msg__rosidl_typesupport_introspection_c.so[0m
[ 23%] [32m[1mLinking CXX shared library libcustomized_srv_msg__rosidl_typesupport_c.so[0m
[ 31%] Built target customized_srv_msg__rosidl_typesupport_introspection_c
[ 40%] Built target customized_srv_msg__rosidl_typesupport_c
In file included from [01m[K/home/ghani/my_ws/build/customized_srv_msg/rosidl_typesupport_cpp/customized_srv_msg/action/goal__type_support.cpp:7[m[K:
[01m[K/home/ghani/my_ws/build/customized_srv_msg/rosidl_generator_cpp/customized_srv_msg/action/detail/goal__struct.hpp:1018:53:[m[K [01;31m[Kerror: [m[KISO C++ forbids nested type ‘[01m[KGoal[m[K’ with same name as enclosing class [[01;31m[K-fpermissive[m[K]
 1018 |   using Goal = customized_srv_msg::action::Goal_Goal[01;31m[K;[m[K
      |                                                     [01;31m[K^[m[K
[01m[K/home/ghani/my_ws/build/customized_srv_msg/rosidl_generator_cpp/customized_srv_msg/action/detail/goal__struct.hpp:1018:53:[m[K [01;31m[Kerror: [m[K‘[01m[Kusing Goal = using Goal_Goal = struct customized_srv_msg::action::Goal_Goal_<std::allocator<void> >[m[K’ has the same name as the class in which it is declared
In file included from [01m[K/home/ghani/my_ws/build/customized_srv_msg/rosidl_typesupport_introspection_cpp/customized_srv_msg/action/detail/goal__type_support.cpp:12[m[K:
[01m[K/home/ghani/my_ws/build/customized_srv_msg/rosidl_generator_cpp/customized_srv_msg/action/detail/goal__struct.hpp:1018:53:[m[K [01;31m[Kerror: [m[KISO C++ forbids nested type ‘[01m[KGoal[m[K’ with same name as enclosing class [[01;31m[K-fpermissive[m[K]
 1018 |   using Goal = customized_srv_msg::action::Goal_Goal[01;31m[K;[m[K
      |                                                     [01;31m[K^[m[K
[01m[K/home/ghani/my_ws/build/customized_srv_msg/rosidl_generator_cpp/customized_srv_msg/action/detail/goal__struct.hpp:1018:53:[m[K [01;31m[Kerror: [m[K‘[01m[Kusing Goal = using Goal_Goal = struct customized_srv_msg::action::Goal_Goal_<std::allocator<void> >[m[K’ has the same name as the class in which it is declared
In file included from [01m[K/home/ghani/my_ws/build/customized_srv_msg/rosidl_typesupport_fastrtps_cpp/customized_srv_msg/action/detail/goal__rosidl_typesupport_fastrtps_cpp.hpp:11[m[K,
                 from [01m[K/home/ghani/my_ws/build/customized_srv_msg/rosidl_typesupport_fastrtps_cpp/customized_srv_msg/action/detail/dds_fastrtps/goal__type_support.cpp:4[m[K:
[01m[K/home/ghani/my_ws/build/customized_srv_msg/rosidl_generator_cpp/customized_srv_msg/action/detail/goal__struct.hpp:1018:53:[m[K [01;31m[Kerror: [m[KISO C++ forbids nested type ‘[01m[KGoal[m[K’ with same name as enclosing class [[01;31m[K-fpermissive[m[K]
 1018 |   using Goal = customized_srv_msg::action::Goal_Goal[01;31m[K;[m[K
      |                                                     [01;31m[K^[m[K
[01m[K/home/ghani/my_ws/build/customized_srv_msg/rosidl_generator_cpp/customized_srv_msg/action/detail/goal__struct.hpp:1018:53:[m[K [01;31m[Kerror: [m[K‘[01m[Kusing Goal = using Goal_Goal = struct customized_srv_msg::action::Goal_Goal_<std::allocator<void> >[m[K’ has the same name as the class in which it is declared
make[2]: *** [CMakeFiles/customized_srv_msg__rosidl_typesupport_cpp.dir/build.make:114: CMakeFiles/customized_srv_msg__rosidl_typesupport_cpp.dir/rosidl_typesupport_cpp/customized_srv_msg/action/goal__type_support.cpp.o] Error 1
make[1]: *** [CMakeFiles/Makefile2:526: CMakeFiles/customized_srv_msg__rosidl_typesupport_cpp.dir/all] Error 2
make[1]: *** Waiting for unfinished jobs....
make[2]: *** [CMakeFiles/customized_srv_msg__rosidl_typesupport_introspection_cpp.dir/build.make:125: CMakeFiles/customized_srv_msg__rosidl_typesupport_introspection_cpp.dir/rosidl_typesupport_introspection_cpp/customized_srv_msg/action/detail/goal__type_support.cpp.o] Error 1
make[1]: *** [CMakeFiles/Makefile2:499: CMakeFiles/customized_srv_msg__rosidl_typesupport_introspection_cpp.dir/all] Error 2
make[2]: *** [CMakeFiles/customized_srv_msg__rosidl_typesupport_fastrtps_cpp.dir/build.make:125: CMakeFiles/customized_srv_msg__rosidl_typesupport_fastrtps_cpp.dir/rosidl_typesupport_fastrtps_cpp/customized_srv_msg/action/detail/dds_fastrtps/goal__type_support.cpp.o] Error 1
make[1]: *** [CMakeFiles/Makefile2:380: CMakeFiles/customized_srv_msg__rosidl_typesupport_fastrtps_cpp.dir/all] Error 2
make: *** [Makefile:141: all] Error 2
