[0.015s] Invoking command in '/home/ghani/my_ws/build/customized_srv_msg': CMAKE_PREFIX_PATH=/opt/ros/galactic /usr/bin/cmake --build /home/ghani/my_ws/build/customized_srv_msg -- -j6 -l6
[0.045s] -- Found ament_cmake: 1.1.5 (/opt/ros/galactic/share/ament_cmake/cmake)
[0.066s] -- Found PythonInterp: /usr/bin/python3 (found suitable version "3.8.10", minimum required is "3") 
[0.066s] -- Using PYTHON_EXECUTABLE: /usr/bin/python3
[0.122s] -- Found rosidl_default_generators: 1.1.1 (/opt/ros/galactic/share/rosidl_default_generators/cmake)
[0.124s] -- Using all available rosidl_typesupport_c: rosidl_typesupport_fastrtps_c;rosidl_typesupport_introspection_c
[0.127s] -- Found rosidl_adapter: 2.2.1 (/opt/ros/galactic/share/rosidl_adapter/cmake)
[0.255s] -- Using all available rosidl_typesupport_cpp: rosidl_typesupport_fastrtps_cpp;rosidl_typesupport_introspection_cpp
[0.296s] -- Found PythonInterp: /usr/bin/python3 (found version "3.8.10") 
[0.475s] -- Found ament_cmake_ros: 0.9.2 (/opt/ros/galactic/share/ament_cmake_ros/cmake)
[0.595s] -- Using all available rosidl_typesupport_c: rosidl_typesupport_fastrtps_c;rosidl_typesupport_introspection_c
[0.616s] -- Using all available rosidl_typesupport_cpp: rosidl_typesupport_fastrtps_cpp;rosidl_typesupport_introspection_cpp
[0.640s] -- Found PythonInterp: /usr/bin/python3 (found suitable version "3.8.10", minimum required is "3.5") 
[0.640s] -- Found python_cmake_module: 0.8.1 (/opt/ros/galactic/share/python_cmake_module/cmake)
[0.663s] -- Using PYTHON_EXECUTABLE: /usr/bin/python3
[0.663s] -- Using PYTHON_INCLUDE_DIRS: /usr/include/python3.8
[0.663s] -- Using PYTHON_LIBRARIES: /usr/lib/x86_64-linux-gnu/libpython3.8.so
[0.684s] -- Found ament_lint_auto: 0.10.6 (/opt/ros/galactic/share/ament_lint_auto/cmake)
[0.693s] -- Added test 'copyright' to check source files copyright and LICENSE
[0.694s] -- Added test 'lint_cmake' to check CMake code style
[0.695s] -- Added test 'xmllint' to check XML markup files
[0.699s] -- Configuring done
[0.759s] -- Generating done
[0.762s] -- Build files have been written to: /home/ghani/my_ws/build/customized_srv_msg
[0.791s] [35m[1mScanning dependencies of target customized_srv_msg__cpp[0m
[0.791s] [35m[1mScanning dependencies of target customized_srv_msg__rosidl_generator_c[0m
[0.803s] [  2%] Built target customized_srv_msg__cpp
[0.805s] [  4%] [32m[1mLinking C shared library libcustomized_srv_msg__rosidl_generator_c.so[0m
[0.815s] [35m[1mScanning dependencies of target customized_srv_msg__rosidl_typesupport_cpp[0m
[0.816s] [35m[1mScanning dependencies of target customized_srv_msg__rosidl_typesupport_fastrtps_cpp[0m
[0.819s] [35m[1mScanning dependencies of target customized_srv_msg__rosidl_typesupport_introspection_cpp[0m
[0.832s] [  6%] [32mBuilding CXX object CMakeFiles/customized_srv_msg__rosidl_typesupport_cpp.dir/rosidl_typesupport_cpp/customized_srv_msg/action/goal__type_support.cpp.o[0m
[0.835s] [  8%] [32mBuilding CXX object CMakeFiles/customized_srv_msg__rosidl_typesupport_introspection_cpp.dir/rosidl_typesupport_introspection_cpp/customized_srv_msg/action/detail/goal__type_support.cpp.o[0m
[0.836s] [ 10%] [32mBuilding CXX object CMakeFiles/customized_srv_msg__rosidl_typesupport_fastrtps_cpp.dir/rosidl_typesupport_fastrtps_cpp/customized_srv_msg/action/detail/dds_fastrtps/goal__type_support.cpp.o[0m
[0.848s] [ 19%] Built target customized_srv_msg__rosidl_generator_c
[0.861s] [35m[1mScanning dependencies of target customized_srv_msg__rosidl_typesupport_c[0m
[0.862s] [35m[1mScanning dependencies of target customized_srv_msg__rosidl_typesupport_introspection_c[0m
[0.879s] [ 21%] [32m[1mLinking C shared library libcustomized_srv_msg__rosidl_typesupport_introspection_c.so[0m
[0.879s] [ 23%] [32m[1mLinking CXX shared library libcustomized_srv_msg__rosidl_typesupport_c.so[0m
[0.916s] [ 31%] Built target customized_srv_msg__rosidl_typesupport_introspection_c
[0.923s] [ 40%] Built target customized_srv_msg__rosidl_typesupport_c
[1.213s] In file included from [01m[K/home/ghani/my_ws/build/customized_srv_msg/rosidl_typesupport_cpp/customized_srv_msg/action/goal__type_support.cpp:7[m[K:
[1.213s] [01m[K/home/ghani/my_ws/build/customized_srv_msg/rosidl_generator_cpp/customized_srv_msg/action/detail/goal__struct.hpp:1018:53:[m[K [01;31m[Kerror: [m[KISO C++ forbids nested type ‘[01m[KGoal[m[K’ with same name as enclosing class [[01;31m[K-fpermissive[m[K]
[1.214s]  1018 |   using Goal = customized_srv_msg::action::Goal_Goal[01;31m[K;[m[K
[1.214s]       |                                                     [01;31m[K^[m[K
[1.214s] [01m[K/home/ghani/my_ws/build/customized_srv_msg/rosidl_generator_cpp/customized_srv_msg/action/detail/goal__struct.hpp:1018:53:[m[K [01;31m[Kerror: [m[K‘[01m[Kusing Goal = using Goal_Goal = struct customized_srv_msg::action::Goal_Goal_<std::allocator<void> >[m[K’ has the same name as the class in which it is declared
[1.214s] In file included from [01m[K/home/ghani/my_ws/build/customized_srv_msg/rosidl_typesupport_introspection_cpp/customized_srv_msg/action/detail/goal__type_support.cpp:12[m[K:
[1.214s] [01m[K/home/ghani/my_ws/build/customized_srv_msg/rosidl_generator_cpp/customized_srv_msg/action/detail/goal__struct.hpp:1018:53:[m[K [01;31m[Kerror: [m[KISO C++ forbids nested type ‘[01m[KGoal[m[K’ with same name as enclosing class [[01;31m[K-fpermissive[m[K]
[1.214s]  1018 |   using Goal = customized_srv_msg::action::Goal_Goal[01;31m[K;[m[K
[1.215s]       |                                                     [01;31m[K^[m[K
[1.215s] [01m[K/home/ghani/my_ws/build/customized_srv_msg/rosidl_generator_cpp/customized_srv_msg/action/detail/goal__struct.hpp:1018:53:[m[K [01;31m[Kerror: [m[K‘[01m[Kusing Goal = using Goal_Goal = struct customized_srv_msg::action::Goal_Goal_<std::allocator<void> >[m[K’ has the same name as the class in which it is declared
[1.249s] In file included from [01m[K/home/ghani/my_ws/build/customized_srv_msg/rosidl_typesupport_fastrtps_cpp/customized_srv_msg/action/detail/goal__rosidl_typesupport_fastrtps_cpp.hpp:11[m[K,
[1.249s]                  from [01m[K/home/ghani/my_ws/build/customized_srv_msg/rosidl_typesupport_fastrtps_cpp/customized_srv_msg/action/detail/dds_fastrtps/goal__type_support.cpp:4[m[K:
[1.249s] [01m[K/home/ghani/my_ws/build/customized_srv_msg/rosidl_generator_cpp/customized_srv_msg/action/detail/goal__struct.hpp:1018:53:[m[K [01;31m[Kerror: [m[KISO C++ forbids nested type ‘[01m[KGoal[m[K’ with same name as enclosing class [[01;31m[K-fpermissive[m[K]
[1.249s]  1018 |   using Goal = customized_srv_msg::action::Goal_Goal[01;31m[K;[m[K
[1.249s]       |                                                     [01;31m[K^[m[K
[1.249s] [01m[K/home/ghani/my_ws/build/customized_srv_msg/rosidl_generator_cpp/customized_srv_msg/action/detail/goal__struct.hpp:1018:53:[m[K [01;31m[Kerror: [m[K‘[01m[Kusing Goal = using Goal_Goal = struct customized_srv_msg::action::Goal_Goal_<std::allocator<void> >[m[K’ has the same name as the class in which it is declared
[1.274s] make[2]: *** [CMakeFiles/customized_srv_msg__rosidl_typesupport_cpp.dir/build.make:114: CMakeFiles/customized_srv_msg__rosidl_typesupport_cpp.dir/rosidl_typesupport_cpp/customized_srv_msg/action/goal__type_support.cpp.o] Error 1
[1.274s] make[1]: *** [CMakeFiles/Makefile2:526: CMakeFiles/customized_srv_msg__rosidl_typesupport_cpp.dir/all] Error 2
[1.274s] make[1]: *** Waiting for unfinished jobs....
[1.288s] make[2]: *** [CMakeFiles/customized_srv_msg__rosidl_typesupport_introspection_cpp.dir/build.make:125: CMakeFiles/customized_srv_msg__rosidl_typesupport_introspection_cpp.dir/rosidl_typesupport_introspection_cpp/customized_srv_msg/action/detail/goal__type_support.cpp.o] Error 1
[1.288s] make[1]: *** [CMakeFiles/Makefile2:499: CMakeFiles/customized_srv_msg__rosidl_typesupport_introspection_cpp.dir/all] Error 2
[1.372s] make[2]: *** [CMakeFiles/customized_srv_msg__rosidl_typesupport_fastrtps_cpp.dir/build.make:125: CMakeFiles/customized_srv_msg__rosidl_typesupport_fastrtps_cpp.dir/rosidl_typesupport_fastrtps_cpp/customized_srv_msg/action/detail/dds_fastrtps/goal__type_support.cpp.o] Error 1
[1.372s] make[1]: *** [CMakeFiles/Makefile2:380: CMakeFiles/customized_srv_msg__rosidl_typesupport_fastrtps_cpp.dir/all] Error 2
[1.373s] make: *** [Makefile:141: all] Error 2
[1.375s] Invoked command in '/home/ghani/my_ws/build/customized_srv_msg' returned '2': CMAKE_PREFIX_PATH=/opt/ros/galactic /usr/bin/cmake --build /home/ghani/my_ws/build/customized_srv_msg -- -j6 -l6
