[0.574s] Invoking command in '/home/ghani/my_ws/src/py_package': PYTHONPATH=/home/ghani/my_ws/install/py_package/lib/python3.8/site-packages:${PYTHONPATH} /usr/bin/python3 setup.py egg_info --egg-base ../../build/py_package build --build-base /home/ghani/my_ws/build/py_package/build install --prefix /home/ghani/my_ws/install/py_package --record /home/ghani/my_ws/build/py_package/install.log --single-version-externally-managed
[0.749s] running egg_info
[0.750s] writing ../../build/py_package/py_package.egg-info/PKG-INFO
[0.750s] writing dependency_links to ../../build/py_package/py_package.egg-info/dependency_links.txt
[0.750s] writing entry points to ../../build/py_package/py_package.egg-info/entry_points.txt
[0.751s] writing requirements to ../../build/py_package/py_package.egg-info/requires.txt
[0.751s] writing top-level names to ../../build/py_package/py_package.egg-info/top_level.txt
[0.781s] reading manifest file '../../build/py_package/py_package.egg-info/SOURCES.txt'
[0.781s] writing manifest file '../../build/py_package/py_package.egg-info/SOURCES.txt'
[0.781s] running build
[0.781s] running build_py
[0.782s] running install
[0.782s] running install_lib
[0.784s] byte-compiling /home/ghani/my_ws/install/py_package/lib/python3.8/site-packages/py_package/controller.py to controller.cpython-38.pyc
[0.785s]   File "/home/ghani/my_ws/install/py_package/lib/python3.8/site-packages/py_package/controller.py", line 21
[0.785s]     self.get_logger().info('I heard: "%s" "%s" "%s"' % msg.x ,%msg.y ,%msg.theta)
[0.785s]                                                               ^
[0.785s] SyntaxError: invalid syntax
[0.785s] 
[0.786s] running install_data
[0.786s] running install_egg_info
[0.787s] removing '/home/ghani/my_ws/install/py_package/lib/python3.8/site-packages/py_package-0.0.0-py3.8.egg-info' (and everything under it)
[0.787s] Copying ../../build/py_package/py_package.egg-info to /home/ghani/my_ws/install/py_package/lib/python3.8/site-packages/py_package-0.0.0-py3.8.egg-info
[0.788s] running install_scripts
[0.804s] Installing LISTNER script to /home/ghani/my_ws/install/py_package/lib/py_package
[0.804s] Installing controller script to /home/ghani/my_ws/install/py_package/lib/py_package
[0.804s] Installing talker script to /home/ghani/my_ws/install/py_package/lib/py_package
[0.805s] writing list of installed files to '/home/ghani/my_ws/build/py_package/install.log'
[0.830s] Invoked command in '/home/ghani/my_ws/src/py_package' returned '0': PYTHONPATH=/home/ghani/my_ws/install/py_package/lib/python3.8/site-packages:${PYTHONPATH} /usr/bin/python3 setup.py egg_info --egg-base ../../build/py_package build --build-base /home/ghani/my_ws/build/py_package/build install --prefix /home/ghani/my_ws/install/py_package --record /home/ghani/my_ws/build/py_package/install.log --single-version-externally-managed
