[0.258s] DEBUG:colcon:Command line arguments: ['/usr/bin/colcon', 'build', '--packages-select', 'action_py']
[0.258s] DEBUG:colcon:Parsed command line arguments: Namespace(allow_overriding=[], ament_cmake_args=None, base_paths=['.'], build_base='build', catkin_cmake_args=None, catkin_skip_building_tests=False, cmake_args=None, cmake_clean_cache=False, cmake_clean_first=False, cmake_force_configure=False, cmake_target=None, cmake_target_skip_unavailable=False, continue_on_error=False, event_handlers=None, executor='parallel', ignore_user_meta=False, install_base='install', log_base=None, log_level=None, main=<bound method BuildVerb.main of <colcon_core.verb.build.BuildVerb object at 0x7f866e0f5490>>, merge_install=False, metas=['./colcon.meta'], packages_above=None, packages_above_and_dependencies=None, packages_above_depth=None, packages_end=None, packages_ignore=None, packages_ignore_regex=None, packages_select=['action_py'], packages_select_build_failed=False, packages_select_by_dep=None, packages_select_regex=None, packages_select_test_failures=False, packages_skip=None, packages_skip_build_finished=False, packages_skip_by_dep=None, packages_skip_regex=None, packages_skip_test_passed=False, packages_skip_up_to=None, packages_start=None, packages_up_to=None, packages_up_to_regex=None, parallel_workers=6, paths=None, symlink_install=False, test_result_base=None, verb_extension=<colcon_core.verb.build.BuildVerb object at 0x7f866e0f5490>, verb_name='build', verb_parser=<colcon_defaults.argument_parser.defaults.DefaultArgumentsDecorator object at 0x7f866e0f59d0>)
[0.266s] Level 1:colcon.colcon_core.package_discovery:discover_packages(colcon_meta) check parameters
[0.267s] Level 1:colcon.colcon_core.package_discovery:discover_packages(recursive) check parameters
[0.267s] Level 1:colcon.colcon_core.package_discovery:discover_packages(ignore) check parameters
[0.267s] Level 1:colcon.colcon_core.package_discovery:discover_packages(path) check parameters
[0.267s] Level 1:colcon.colcon_core.package_discovery:discover_packages(colcon_meta) discover
[0.267s] Level 1:colcon.colcon_core.package_discovery:discover_packages(recursive) discover
[0.267s] INFO:colcon.colcon_core.package_discovery:Crawling recursively for packages in '/home/ghani/my_ws'
[0.267s] Level 1:colcon.colcon_core.package_identification:_identify(.) by extensions ['ignore', 'ignore_ament_install']
[0.267s] Level 1:colcon.colcon_core.package_identification:_identify(.) by extension 'ignore'
[0.267s] Level 1:colcon.colcon_core.package_identification:_identify(.) by extension 'ignore_ament_install'
[0.267s] Level 1:colcon.colcon_core.package_identification:_identify(.) by extensions ['colcon_pkg']
[0.268s] Level 1:colcon.colcon_core.package_identification:_identify(.) by extension 'colcon_pkg'
[0.268s] Level 1:colcon.colcon_core.package_identification:_identify(.) by extensions ['colcon_meta']
[0.268s] Level 1:colcon.colcon_core.package_identification:_identify(.) by extension 'colcon_meta'
[0.268s] Level 1:colcon.colcon_core.package_identification:_identify(.) by extensions ['ros']
[0.268s] Level 1:colcon.colcon_core.package_identification:_identify(.) by extension 'ros'
[0.289s] Level 1:colcon.colcon_core.package_identification:_identify(.) by extensions ['cmake', 'python']
[0.289s] Level 1:colcon.colcon_core.package_identification:_identify(.) by extension 'cmake'
[0.289s] Level 1:colcon.colcon_core.package_identification:_identify(.) by extension 'python'
[0.289s] Level 1:colcon.colcon_core.package_identification:_identify(.) by extensions ['python_setup_py']
[0.290s] Level 1:colcon.colcon_core.package_identification:_identify(.) by extension 'python_setup_py'
[0.290s] Level 1:colcon.colcon_core.package_identification:_identify(build) by extensions ['ignore', 'ignore_ament_install']
[0.290s] Level 1:colcon.colcon_core.package_identification:_identify(build) by extension 'ignore'
[0.291s] Level 1:colcon.colcon_core.package_identification:_identify(build) ignored
[0.291s] Level 1:colcon.colcon_core.package_identification:_identify(install) by extensions ['ignore', 'ignore_ament_install']
[0.291s] Level 1:colcon.colcon_core.package_identification:_identify(install) by extension 'ignore'
[0.291s] Level 1:colcon.colcon_core.package_identification:_identify(install) ignored
[0.292s] Level 1:colcon.colcon_core.package_identification:_identify(log) by extensions ['ignore', 'ignore_ament_install']
[0.292s] Level 1:colcon.colcon_core.package_identification:_identify(log) by extension 'ignore'
[0.292s] Level 1:colcon.colcon_core.package_identification:_identify(log) ignored
[0.292s] Level 1:colcon.colcon_core.package_identification:_identify(src) by extensions ['ignore', 'ignore_ament_install']
[0.292s] Level 1:colcon.colcon_core.package_identification:_identify(src) by extension 'ignore'
[0.292s] Level 1:colcon.colcon_core.package_identification:_identify(src) by extension 'ignore_ament_install'
[0.292s] Level 1:colcon.colcon_core.package_identification:_identify(src) by extensions ['colcon_pkg']
[0.293s] Level 1:colcon.colcon_core.package_identification:_identify(src) by extension 'colcon_pkg'
[0.293s] Level 1:colcon.colcon_core.package_identification:_identify(src) by extensions ['colcon_meta']
[0.293s] Level 1:colcon.colcon_core.package_identification:_identify(src) by extension 'colcon_meta'
[0.293s] Level 1:colcon.colcon_core.package_identification:_identify(src) by extensions ['ros']
[0.293s] Level 1:colcon.colcon_core.package_identification:_identify(src) by extension 'ros'
[0.293s] Level 1:colcon.colcon_core.package_identification:_identify(src) by extensions ['cmake', 'python']
[0.293s] Level 1:colcon.colcon_core.package_identification:_identify(src) by extension 'cmake'
[0.293s] Level 1:colcon.colcon_core.package_identification:_identify(src) by extension 'python'
[0.293s] Level 1:colcon.colcon_core.package_identification:_identify(src) by extensions ['python_setup_py']
[0.293s] Level 1:colcon.colcon_core.package_identification:_identify(src) by extension 'python_setup_py'
[0.293s] Level 1:colcon.colcon_core.package_identification:_identify(src/action_py) by extensions ['ignore', 'ignore_ament_install']
[0.293s] Level 1:colcon.colcon_core.package_identification:_identify(src/action_py) by extension 'ignore'
[0.293s] Level 1:colcon.colcon_core.package_identification:_identify(src/action_py) by extension 'ignore_ament_install'
[0.293s] Level 1:colcon.colcon_core.package_identification:_identify(src/action_py) by extensions ['colcon_pkg']
[0.294s] Level 1:colcon.colcon_core.package_identification:_identify(src/action_py) by extension 'colcon_pkg'
[0.294s] Level 1:colcon.colcon_core.package_identification:_identify(src/action_py) by extensions ['colcon_meta']
[0.294s] Level 1:colcon.colcon_core.package_identification:_identify(src/action_py) by extension 'colcon_meta'
[0.294s] Level 1:colcon.colcon_core.package_identification:_identify(src/action_py) by extensions ['ros']
[0.294s] Level 1:colcon.colcon_core.package_identification:_identify(src/action_py) by extension 'ros'
[0.298s] DEBUG:colcon.colcon_core.package_identification:Package 'src/action_py' with type 'ros.ament_python' and name 'action_py'
[0.299s] Level 1:colcon.colcon_core.package_identification:_identify(src/controller_py) by extensions ['ignore', 'ignore_ament_install']
[0.299s] Level 1:colcon.colcon_core.package_identification:_identify(src/controller_py) by extension 'ignore'
[0.299s] Level 1:colcon.colcon_core.package_identification:_identify(src/controller_py) by extension 'ignore_ament_install'
[0.299s] Level 1:colcon.colcon_core.package_identification:_identify(src/controller_py) by extensions ['colcon_pkg']
[0.299s] Level 1:colcon.colcon_core.package_identification:_identify(src/controller_py) by extension 'colcon_pkg'
[0.299s] Level 1:colcon.colcon_core.package_identification:_identify(src/controller_py) by extensions ['colcon_meta']
[0.299s] Level 1:colcon.colcon_core.package_identification:_identify(src/controller_py) by extension 'colcon_meta'
[0.299s] Level 1:colcon.colcon_core.package_identification:_identify(src/controller_py) by extensions ['ros']
[0.299s] Level 1:colcon.colcon_core.package_identification:_identify(src/controller_py) by extension 'ros'
[0.300s] DEBUG:colcon.colcon_core.package_identification:Package 'src/controller_py' with type 'ros.ament_python' and name 'controller_py'
[0.300s] Level 1:colcon.colcon_core.package_identification:_identify(src/cpp_new) by extensions ['ignore', 'ignore_ament_install']
[0.301s] Level 1:colcon.colcon_core.package_identification:_identify(src/cpp_new) by extension 'ignore'
[0.301s] Level 1:colcon.colcon_core.package_identification:_identify(src/cpp_new) by extension 'ignore_ament_install'
[0.301s] Level 1:colcon.colcon_core.package_identification:_identify(src/cpp_new) by extensions ['colcon_pkg']
[0.301s] Level 1:colcon.colcon_core.package_identification:_identify(src/cpp_new) by extension 'colcon_pkg'
[0.301s] Level 1:colcon.colcon_core.package_identification:_identify(src/cpp_new) by extensions ['colcon_meta']
[0.301s] Level 1:colcon.colcon_core.package_identification:_identify(src/cpp_new) by extension 'colcon_meta'
[0.301s] Level 1:colcon.colcon_core.package_identification:_identify(src/cpp_new) by extensions ['ros']
[0.301s] Level 1:colcon.colcon_core.package_identification:_identify(src/cpp_new) by extension 'ros'
[0.302s] DEBUG:colcon.colcon_core.package_identification:Package 'src/cpp_new' with type 'ros.ament_cmake' and name 'cpp_new'
[0.302s] Level 1:colcon.colcon_core.package_identification:_identify(src/customized_srv_msg) by extensions ['ignore', 'ignore_ament_install']
[0.303s] Level 1:colcon.colcon_core.package_identification:_identify(src/customized_srv_msg) by extension 'ignore'
[0.303s] Level 1:colcon.colcon_core.package_identification:_identify(src/customized_srv_msg) by extension 'ignore_ament_install'
[0.303s] Level 1:colcon.colcon_core.package_identification:_identify(src/customized_srv_msg) by extensions ['colcon_pkg']
[0.303s] Level 1:colcon.colcon_core.package_identification:_identify(src/customized_srv_msg) by extension 'colcon_pkg'
[0.303s] Level 1:colcon.colcon_core.package_identification:_identify(src/customized_srv_msg) by extensions ['colcon_meta']
[0.303s] Level 1:colcon.colcon_core.package_identification:_identify(src/customized_srv_msg) by extension 'colcon_meta'
[0.303s] Level 1:colcon.colcon_core.package_identification:_identify(src/customized_srv_msg) by extensions ['ros']
[0.303s] Level 1:colcon.colcon_core.package_identification:_identify(src/customized_srv_msg) by extension 'ros'
[0.304s] DEBUG:colcon.colcon_core.package_identification:Package 'src/customized_srv_msg' with type 'ros.ament_cmake' and name 'customized_srv_msg'
[0.305s] Level 1:colcon.colcon_core.package_identification:_identify(src/final_package) by extensions ['ignore', 'ignore_ament_install']
[0.305s] Level 1:colcon.colcon_core.package_identification:_identify(src/final_package) by extension 'ignore'
[0.306s] Level 1:colcon.colcon_core.package_identification:_identify(src/final_package) by extension 'ignore_ament_install'
[0.306s] Level 1:colcon.colcon_core.package_identification:_identify(src/final_package) by extensions ['colcon_pkg']
[0.306s] Level 1:colcon.colcon_core.package_identification:_identify(src/final_package) by extension 'colcon_pkg'
[0.306s] Level 1:colcon.colcon_core.package_identification:_identify(src/final_package) by extensions ['colcon_meta']
[0.306s] Level 1:colcon.colcon_core.package_identification:_identify(src/final_package) by extension 'colcon_meta'
[0.306s] Level 1:colcon.colcon_core.package_identification:_identify(src/final_package) by extensions ['ros']
[0.306s] Level 1:colcon.colcon_core.package_identification:_identify(src/final_package) by extension 'ros'
[0.308s] DEBUG:colcon.colcon_core.package_identification:Package 'src/final_package' with type 'ros.ament_cmake' and name 'final_package'
[0.308s] Level 1:colcon.colcon_core.package_identification:_identify(src/py_package) by extensions ['ignore', 'ignore_ament_install']
[0.308s] Level 1:colcon.colcon_core.package_identification:_identify(src/py_package) by extension 'ignore'
[0.308s] Level 1:colcon.colcon_core.package_identification:_identify(src/py_package) by extension 'ignore_ament_install'
[0.309s] Level 1:colcon.colcon_core.package_identification:_identify(src/py_package) by extensions ['colcon_pkg']
[0.309s] Level 1:colcon.colcon_core.package_identification:_identify(src/py_package) by extension 'colcon_pkg'
[0.309s] Level 1:colcon.colcon_core.package_identification:_identify(src/py_package) by extensions ['colcon_meta']
[0.309s] Level 1:colcon.colcon_core.package_identification:_identify(src/py_package) by extension 'colcon_meta'
[0.309s] Level 1:colcon.colcon_core.package_identification:_identify(src/py_package) by extensions ['ros']
[0.309s] Level 1:colcon.colcon_core.package_identification:_identify(src/py_package) by extension 'ros'
[0.310s] DEBUG:colcon.colcon_core.package_identification:Package 'src/py_package' with type 'ros.ament_python' and name 'py_package'
[0.310s] Level 1:colcon.colcon_core.package_identification:_identify(src/py_param) by extensions ['ignore', 'ignore_ament_install']
[0.310s] Level 1:colcon.colcon_core.package_identification:_identify(src/py_param) by extension 'ignore'
[0.310s] Level 1:colcon.colcon_core.package_identification:_identify(src/py_param) by extension 'ignore_ament_install'
[0.311s] Level 1:colcon.colcon_core.package_identification:_identify(src/py_param) by extensions ['colcon_pkg']
[0.311s] Level 1:colcon.colcon_core.package_identification:_identify(src/py_param) by extension 'colcon_pkg'
[0.311s] Level 1:colcon.colcon_core.package_identification:_identify(src/py_param) by extensions ['colcon_meta']
[0.311s] Level 1:colcon.colcon_core.package_identification:_identify(src/py_param) by extension 'colcon_meta'
[0.311s] Level 1:colcon.colcon_core.package_identification:_identify(src/py_param) by extensions ['ros']
[0.311s] Level 1:colcon.colcon_core.package_identification:_identify(src/py_param) by extension 'ros'
[0.312s] DEBUG:colcon.colcon_core.package_identification:Package 'src/py_param' with type 'ros.ament_python' and name 'py_param'
[0.313s] Level 1:colcon.colcon_core.package_identification:_identify(src/py_srvcli) by extensions ['ignore', 'ignore_ament_install']
[0.313s] Level 1:colcon.colcon_core.package_identification:_identify(src/py_srvcli) by extension 'ignore'
[0.313s] Level 1:colcon.colcon_core.package_identification:_identify(src/py_srvcli) by extension 'ignore_ament_install'
[0.313s] Level 1:colcon.colcon_core.package_identification:_identify(src/py_srvcli) by extensions ['colcon_pkg']
[0.313s] Level 1:colcon.colcon_core.package_identification:_identify(src/py_srvcli) by extension 'colcon_pkg'
[0.313s] Level 1:colcon.colcon_core.package_identification:_identify(src/py_srvcli) by extensions ['colcon_meta']
[0.313s] Level 1:colcon.colcon_core.package_identification:_identify(src/py_srvcli) by extension 'colcon_meta'
[0.313s] Level 1:colcon.colcon_core.package_identification:_identify(src/py_srvcli) by extensions ['ros']
[0.313s] Level 1:colcon.colcon_core.package_identification:_identify(src/py_srvcli) by extension 'ros'
[0.315s] DEBUG:colcon.colcon_core.package_identification:Package 'src/py_srvcli' with type 'ros.ament_python' and name 'py_srvcli'
[0.316s] Level 1:colcon.colcon_core.package_identification:_identify(src/srevices_exercise) by extensions ['ignore', 'ignore_ament_install']
[0.316s] Level 1:colcon.colcon_core.package_identification:_identify(src/srevices_exercise) by extension 'ignore'
[0.316s] Level 1:colcon.colcon_core.package_identification:_identify(src/srevices_exercise) by extension 'ignore_ament_install'
[0.316s] Level 1:colcon.colcon_core.package_identification:_identify(src/srevices_exercise) by extensions ['colcon_pkg']
[0.316s] Level 1:colcon.colcon_core.package_identification:_identify(src/srevices_exercise) by extension 'colcon_pkg'
[0.316s] Level 1:colcon.colcon_core.package_identification:_identify(src/srevices_exercise) by extensions ['colcon_meta']
[0.316s] Level 1:colcon.colcon_core.package_identification:_identify(src/srevices_exercise) by extension 'colcon_meta'
[0.317s] Level 1:colcon.colcon_core.package_identification:_identify(src/srevices_exercise) by extensions ['ros']
[0.317s] Level 1:colcon.colcon_core.package_identification:_identify(src/srevices_exercise) by extension 'ros'
[0.317s] DEBUG:colcon.colcon_core.package_identification:Package 'src/srevices_exercise' with type 'ros.ament_python' and name 'srevices_exercise'
[0.318s] Level 1:colcon.colcon_core.package_discovery:discover_packages(recursive) using defaults
[0.318s] Level 1:colcon.colcon_core.package_discovery:discover_packages(ignore) discover
[0.318s] Level 1:colcon.colcon_core.package_discovery:discover_packages(ignore) using defaults
[0.318s] Level 1:colcon.colcon_core.package_discovery:discover_packages(path) discover
[0.318s] Level 1:colcon.colcon_core.package_discovery:discover_packages(path) using defaults
[0.356s] INFO:colcon.colcon_core.package_selection:Skipping not selected package 'controller_py' in 'src/controller_py'
[0.356s] INFO:colcon.colcon_core.package_selection:Skipping not selected package 'customized_srv_msg' in 'src/customized_srv_msg'
[0.356s] INFO:colcon.colcon_core.package_selection:Skipping not selected package 'final_package' in 'src/final_package'
[0.356s] INFO:colcon.colcon_core.package_selection:Skipping not selected package 'py_package' in 'src/py_package'
[0.356s] INFO:colcon.colcon_core.package_selection:Skipping not selected package 'py_param' in 'src/py_param'
[0.356s] INFO:colcon.colcon_core.package_selection:Skipping not selected package 'py_srvcli' in 'src/py_srvcli'
[0.356s] INFO:colcon.colcon_core.package_selection:Skipping not selected package 'srevices_exercise' in 'src/srevices_exercise'
[0.356s] INFO:colcon.colcon_core.package_selection:Skipping not selected package 'cpp_new' in 'src/cpp_new'
[0.358s] Level 5:colcon.colcon_core.verb:set package 'action_py' build argument 'cmake_args' from command line to 'None'
[0.358s] Level 5:colcon.colcon_core.verb:set package 'action_py' build argument 'cmake_target' from command line to 'None'
[0.358s] Level 5:colcon.colcon_core.verb:set package 'action_py' build argument 'cmake_target_skip_unavailable' from command line to 'False'
[0.358s] Level 5:colcon.colcon_core.verb:set package 'action_py' build argument 'cmake_clean_cache' from command line to 'False'
[0.358s] Level 5:colcon.colcon_core.verb:set package 'action_py' build argument 'cmake_clean_first' from command line to 'False'
[0.358s] Level 5:colcon.colcon_core.verb:set package 'action_py' build argument 'cmake_force_configure' from command line to 'False'
[0.358s] Level 5:colcon.colcon_core.verb:set package 'action_py' build argument 'ament_cmake_args' from command line to 'None'
[0.358s] Level 5:colcon.colcon_core.verb:set package 'action_py' build argument 'catkin_cmake_args' from command line to 'None'
[0.358s] Level 5:colcon.colcon_core.verb:set package 'action_py' build argument 'catkin_skip_building_tests' from command line to 'False'
[0.358s] DEBUG:colcon.colcon_core.verb:Building package 'action_py' with the following arguments: {'ament_cmake_args': None, 'build_base': '/home/ghani/my_ws/build/action_py', 'catkin_cmake_args': None, 'catkin_skip_building_tests': False, 'cmake_args': None, 'cmake_clean_cache': False, 'cmake_clean_first': False, 'cmake_force_configure': False, 'cmake_target': None, 'cmake_target_skip_unavailable': False, 'install_base': '/home/ghani/my_ws/install/action_py', 'merge_install': False, 'path': '/home/ghani/my_ws/src/action_py', 'symlink_install': False, 'test_result_base': None}
[0.363s] INFO:colcon.colcon_core.executor:Executing jobs using 'parallel' executor
[0.367s] DEBUG:colcon.colcon_parallel_executor.executor.parallel:run_until_complete
[0.368s] INFO:colcon.colcon_ros.task.ament_python.build:Building ROS package in '/home/ghani/my_ws/src/action_py' with build type 'ament_python'
[0.368s] Level 1:colcon.colcon_core.shell:create_environment_hook('action_py', 'ament_prefix_path')
[0.377s] INFO:colcon.colcon_core.plugin_system:Skipping extension 'colcon_core.shell.bat': Not used on non-Windows systems
[0.377s] INFO:colcon.colcon_core.shell:Creating environment hook '/home/ghani/my_ws/install/action_py/share/action_py/hook/ament_prefix_path.ps1'
[0.379s] INFO:colcon.colcon_core.shell:Creating environment descriptor '/home/ghani/my_ws/install/action_py/share/action_py/hook/ament_prefix_path.dsv'
[0.380s] INFO:colcon.colcon_core.shell:Creating environment hook '/home/ghani/my_ws/install/action_py/share/action_py/hook/ament_prefix_path.sh'
[0.383s] INFO:colcon.colcon_core.shell:Skip shell extension 'powershell' for command environment: Not usable outside of PowerShell
[0.383s] DEBUG:colcon.colcon_core.shell:Skip shell extension 'dsv' for command environment
[0.878s] INFO:colcon.colcon_core.task.python.build:Building Python package in '/home/ghani/my_ws/src/action_py'
[0.879s] INFO:colcon.colcon_core.shell:Skip shell extension 'powershell' for command environment: Not usable outside of PowerShell
[0.880s] DEBUG:colcon.colcon_core.shell:Skip shell extension 'dsv' for command environment
[1.577s] DEBUG:colcon.colcon_core.event_handler.log_command:Invoking command in '/home/ghani/my_ws/src/action_py': PYTHONPATH=/home/ghani/my_ws/install/action_py/lib/python3.8/site-packages:${PYTHONPATH} /usr/bin/python3 setup.py egg_info --egg-base ../../build/action_py build --build-base /home/ghani/my_ws/build/action_py/build install --prefix /home/ghani/my_ws/install/action_py --record /home/ghani/my_ws/build/action_py/install.log --single-version-externally-managed
[2.098s] DEBUG:colcon.colcon_core.event_handler.log_command:Invoked command in '/home/ghani/my_ws/src/action_py' returned '0': PYTHONPATH=/home/ghani/my_ws/install/action_py/lib/python3.8/site-packages:${PYTHONPATH} /usr/bin/python3 setup.py egg_info --egg-base ../../build/action_py build --build-base /home/ghani/my_ws/build/action_py/build install --prefix /home/ghani/my_ws/install/action_py --record /home/ghani/my_ws/build/action_py/install.log --single-version-externally-managed
[2.104s] Level 1:colcon.colcon_core.environment:checking '/home/ghani/my_ws/install/action_py' for CMake module files
[2.105s] Level 1:colcon.colcon_core.environment:checking '/home/ghani/my_ws/install/action_py' for CMake config files
[2.107s] Level 1:colcon.colcon_core.environment:checking '/home/ghani/my_ws/install/action_py/lib'
[2.107s] Level 1:colcon.colcon_core.environment:checking '/home/ghani/my_ws/install/action_py/bin'
[2.108s] Level 1:colcon.colcon_core.environment:checking '/home/ghani/my_ws/install/action_py/lib/pkgconfig/action_py.pc'
[2.108s] Level 1:colcon.colcon_core.environment:checking '/home/ghani/my_ws/install/action_py/lib/python3.8/site-packages'
[2.108s] Level 1:colcon.colcon_core.shell:create_environment_hook('action_py', 'pythonpath')
[2.109s] INFO:colcon.colcon_core.shell:Creating environment hook '/home/ghani/my_ws/install/action_py/share/action_py/hook/pythonpath.ps1'
[2.111s] INFO:colcon.colcon_core.shell:Creating environment descriptor '/home/ghani/my_ws/install/action_py/share/action_py/hook/pythonpath.dsv'
[2.112s] INFO:colcon.colcon_core.shell:Creating environment hook '/home/ghani/my_ws/install/action_py/share/action_py/hook/pythonpath.sh'
[2.113s] Level 1:colcon.colcon_core.environment:create_environment_scripts_only(action_py)
[2.114s] INFO:colcon.colcon_core.shell:Creating package script '/home/ghani/my_ws/install/action_py/share/action_py/package.ps1'
[2.116s] INFO:colcon.colcon_core.shell:Creating package descriptor '/home/ghani/my_ws/install/action_py/share/action_py/package.dsv'
[2.118s] INFO:colcon.colcon_core.shell:Creating package script '/home/ghani/my_ws/install/action_py/share/action_py/package.sh'
[2.120s] INFO:colcon.colcon_core.shell:Creating package script '/home/ghani/my_ws/install/action_py/share/action_py/package.bash'
[2.121s] INFO:colcon.colcon_core.shell:Creating package script '/home/ghani/my_ws/install/action_py/share/action_py/package.zsh'
[2.123s] Level 1:colcon.colcon_core.environment:create_file_with_runtime_dependencies(/home/ghani/my_ws/install/action_py/share/colcon-core/packages/action_py)
[2.124s] DEBUG:colcon.colcon_parallel_executor.executor.parallel:closing loop
[2.125s] DEBUG:colcon.colcon_parallel_executor.executor.parallel:loop closed
[2.125s] DEBUG:colcon.colcon_parallel_executor.executor.parallel:run_until_complete finished with '0'
[2.125s] DEBUG:colcon.colcon_core.event_reactor:joining thread
[2.137s] INFO:colcon.colcon_core.plugin_system:Skipping extension 'colcon_notification.desktop_notification.terminal_notifier': Not used on non-Darwin systems
[2.138s] INFO:colcon.colcon_core.plugin_system:Skipping extension 'colcon_notification.desktop_notification.win32': Not used on non-Windows systems
[2.138s] INFO:colcon.colcon_notification.desktop_notification:Sending desktop notification using 'notify2'
[2.178s] DEBUG:colcon.colcon_core.event_reactor:joined thread
[2.180s] INFO:colcon.colcon_core.shell:Creating prefix script '/home/ghani/my_ws/install/local_setup.ps1'
[2.181s] INFO:colcon.colcon_core.shell:Creating prefix util module '/home/ghani/my_ws/install/_local_setup_util_ps1.py'
[2.184s] INFO:colcon.colcon_core.shell:Creating prefix chain script '/home/ghani/my_ws/install/setup.ps1'
[2.186s] INFO:colcon.colcon_core.shell:Creating prefix script '/home/ghani/my_ws/install/local_setup.sh'
[2.189s] INFO:colcon.colcon_core.shell:Creating prefix util module '/home/ghani/my_ws/install/_local_setup_util_sh.py'
[2.191s] INFO:colcon.colcon_core.shell:Creating prefix chain script '/home/ghani/my_ws/install/setup.sh'
[2.193s] INFO:colcon.colcon_core.shell:Creating prefix script '/home/ghani/my_ws/install/local_setup.bash'
[2.195s] INFO:colcon.colcon_core.shell:Creating prefix chain script '/home/ghani/my_ws/install/setup.bash'
[2.197s] INFO:colcon.colcon_core.shell:Creating prefix script '/home/ghani/my_ws/install/local_setup.zsh'
[2.199s] INFO:colcon.colcon_core.shell:Creating prefix chain script '/home/ghani/my_ws/install/setup.zsh'
