[0.159s] DEBUG:colcon:Command line arguments: ['/usr/bin/colcon', 'build', '--packages-select', 'customized_srv_msg']
[0.159s] DEBUG:colcon:Parsed command line arguments: Namespace(allow_overriding=[], ament_cmake_args=None, base_paths=['.'], build_base='build', catkin_cmake_args=None, catkin_skip_building_tests=False, cmake_args=None, cmake_clean_cache=False, cmake_clean_first=False, cmake_force_configure=False, cmake_target=None, cmake_target_skip_unavailable=False, continue_on_error=False, event_handlers=None, executor='parallel', ignore_user_meta=False, install_base='install', log_base=None, log_level=None, main=<bound method BuildVerb.main of <colcon_core.verb.build.BuildVerb object at 0x7f2b4ff373d0>>, merge_install=False, metas=['./colcon.meta'], packages_above=None, packages_above_and_dependencies=None, packages_above_depth=None, packages_end=None, packages_ignore=None, packages_ignore_regex=None, packages_select=['customized_srv_msg'], packages_select_build_failed=False, packages_select_by_dep=None, packages_select_regex=None, packages_select_test_failures=False, packages_skip=None, packages_skip_build_finished=False, packages_skip_by_dep=None, packages_skip_regex=None, packages_skip_test_passed=False, packages_skip_up_to=None, packages_start=None, packages_up_to=None, packages_up_to_regex=None, parallel_workers=6, paths=None, symlink_install=False, test_result_base=None, verb_extension=<colcon_core.verb.build.BuildVerb object at 0x7f2b4ff373d0>, verb_name='build', verb_parser=<colcon_defaults.argument_parser.defaults.DefaultArgumentsDecorator object at 0x7f2b4ff37910>)
[0.164s] Level 1:colcon.colcon_core.package_discovery:discover_packages(colcon_meta) check parameters
[0.165s] Level 1:colcon.colcon_core.package_discovery:discover_packages(recursive) check parameters
[0.165s] Level 1:colcon.colcon_core.package_discovery:discover_packages(ignore) check parameters
[0.165s] Level 1:colcon.colcon_core.package_discovery:discover_packages(path) check parameters
[0.165s] Level 1:colcon.colcon_core.package_discovery:discover_packages(colcon_meta) discover
[0.165s] Level 1:colcon.colcon_core.package_discovery:discover_packages(recursive) discover
[0.165s] INFO:colcon.colcon_core.package_discovery:Crawling recursively for packages in '/home/ghani/my_ws'
[0.165s] Level 1:colcon.colcon_core.package_identification:_identify(.) by extensions ['ignore', 'ignore_ament_install']
[0.165s] Level 1:colcon.colcon_core.package_identification:_identify(.) by extension 'ignore'
[0.165s] Level 1:colcon.colcon_core.package_identification:_identify(.) by extension 'ignore_ament_install'
[0.165s] Level 1:colcon.colcon_core.package_identification:_identify(.) by extensions ['colcon_pkg']
[0.165s] Level 1:colcon.colcon_core.package_identification:_identify(.) by extension 'colcon_pkg'
[0.165s] Level 1:colcon.colcon_core.package_identification:_identify(.) by extensions ['colcon_meta']
[0.165s] Level 1:colcon.colcon_core.package_identification:_identify(.) by extension 'colcon_meta'
[0.165s] Level 1:colcon.colcon_core.package_identification:_identify(.) by extensions ['ros']
[0.165s] Level 1:colcon.colcon_core.package_identification:_identify(.) by extension 'ros'
[0.177s] Level 1:colcon.colcon_core.package_identification:_identify(.) by extensions ['cmake', 'python']
[0.178s] Level 1:colcon.colcon_core.package_identification:_identify(.) by extension 'cmake'
[0.178s] Level 1:colcon.colcon_core.package_identification:_identify(.) by extension 'python'
[0.178s] Level 1:colcon.colcon_core.package_identification:_identify(.) by extensions ['python_setup_py']
[0.178s] Level 1:colcon.colcon_core.package_identification:_identify(.) by extension 'python_setup_py'
[0.178s] Level 1:colcon.colcon_core.package_identification:_identify(build) by extensions ['ignore', 'ignore_ament_install']
[0.178s] Level 1:colcon.colcon_core.package_identification:_identify(build) by extension 'ignore'
[0.178s] Level 1:colcon.colcon_core.package_identification:_identify(build) ignored
[0.179s] Level 1:colcon.colcon_core.package_identification:_identify(install) by extensions ['ignore', 'ignore_ament_install']
[0.179s] Level 1:colcon.colcon_core.package_identification:_identify(install) by extension 'ignore'
[0.179s] Level 1:colcon.colcon_core.package_identification:_identify(install) ignored
[0.179s] Level 1:colcon.colcon_core.package_identification:_identify(log) by extensions ['ignore', 'ignore_ament_install']
[0.179s] Level 1:colcon.colcon_core.package_identification:_identify(log) by extension 'ignore'
[0.180s] Level 1:colcon.colcon_core.package_identification:_identify(log) ignored
[0.180s] Level 1:colcon.colcon_core.package_identification:_identify(src) by extensions ['ignore', 'ignore_ament_install']
[0.180s] Level 1:colcon.colcon_core.package_identification:_identify(src) by extension 'ignore'
[0.180s] Level 1:colcon.colcon_core.package_identification:_identify(src) by extension 'ignore_ament_install'
[0.180s] Level 1:colcon.colcon_core.package_identification:_identify(src) by extensions ['colcon_pkg']
[0.180s] Level 1:colcon.colcon_core.package_identification:_identify(src) by extension 'colcon_pkg'
[0.180s] Level 1:colcon.colcon_core.package_identification:_identify(src) by extensions ['colcon_meta']
[0.180s] Level 1:colcon.colcon_core.package_identification:_identify(src) by extension 'colcon_meta'
[0.180s] Level 1:colcon.colcon_core.package_identification:_identify(src) by extensions ['ros']
[0.180s] Level 1:colcon.colcon_core.package_identification:_identify(src) by extension 'ros'
[0.180s] Level 1:colcon.colcon_core.package_identification:_identify(src) by extensions ['cmake', 'python']
[0.180s] Level 1:colcon.colcon_core.package_identification:_identify(src) by extension 'cmake'
[0.180s] Level 1:colcon.colcon_core.package_identification:_identify(src) by extension 'python'
[0.180s] Level 1:colcon.colcon_core.package_identification:_identify(src) by extensions ['python_setup_py']
[0.180s] Level 1:colcon.colcon_core.package_identification:_identify(src) by extension 'python_setup_py'
[0.180s] Level 1:colcon.colcon_core.package_identification:_identify(src/action_py) by extensions ['ignore', 'ignore_ament_install']
[0.180s] Level 1:colcon.colcon_core.package_identification:_identify(src/action_py) by extension 'ignore'
[0.181s] Level 1:colcon.colcon_core.package_identification:_identify(src/action_py) by extension 'ignore_ament_install'
[0.181s] Level 1:colcon.colcon_core.package_identification:_identify(src/action_py) by extensions ['colcon_pkg']
[0.181s] Level 1:colcon.colcon_core.package_identification:_identify(src/action_py) by extension 'colcon_pkg'
[0.181s] Level 1:colcon.colcon_core.package_identification:_identify(src/action_py) by extensions ['colcon_meta']
[0.181s] Level 1:colcon.colcon_core.package_identification:_identify(src/action_py) by extension 'colcon_meta'
[0.181s] Level 1:colcon.colcon_core.package_identification:_identify(src/action_py) by extensions ['ros']
[0.181s] Level 1:colcon.colcon_core.package_identification:_identify(src/action_py) by extension 'ros'
[0.183s] DEBUG:colcon.colcon_core.package_identification:Package 'src/action_py' with type 'ros.ament_python' and name 'action_py'
[0.183s] Level 1:colcon.colcon_core.package_identification:_identify(src/controller_py) by extensions ['ignore', 'ignore_ament_install']
[0.184s] Level 1:colcon.colcon_core.package_identification:_identify(src/controller_py) by extension 'ignore'
[0.184s] Level 1:colcon.colcon_core.package_identification:_identify(src/controller_py) by extension 'ignore_ament_install'
[0.184s] Level 1:colcon.colcon_core.package_identification:_identify(src/controller_py) by extensions ['colcon_pkg']
[0.184s] Level 1:colcon.colcon_core.package_identification:_identify(src/controller_py) by extension 'colcon_pkg'
[0.184s] Level 1:colcon.colcon_core.package_identification:_identify(src/controller_py) by extensions ['colcon_meta']
[0.184s] Level 1:colcon.colcon_core.package_identification:_identify(src/controller_py) by extension 'colcon_meta'
[0.184s] Level 1:colcon.colcon_core.package_identification:_identify(src/controller_py) by extensions ['ros']
[0.184s] Level 1:colcon.colcon_core.package_identification:_identify(src/controller_py) by extension 'ros'
[0.184s] DEBUG:colcon.colcon_core.package_identification:Package 'src/controller_py' with type 'ros.ament_python' and name 'controller_py'
[0.185s] Level 1:colcon.colcon_core.package_identification:_identify(src/cpp_new) by extensions ['ignore', 'ignore_ament_install']
[0.185s] Level 1:colcon.colcon_core.package_identification:_identify(src/cpp_new) by extension 'ignore'
[0.185s] Level 1:colcon.colcon_core.package_identification:_identify(src/cpp_new) by extension 'ignore_ament_install'
[0.185s] Level 1:colcon.colcon_core.package_identification:_identify(src/cpp_new) by extensions ['colcon_pkg']
[0.185s] Level 1:colcon.colcon_core.package_identification:_identify(src/cpp_new) by extension 'colcon_pkg'
[0.185s] Level 1:colcon.colcon_core.package_identification:_identify(src/cpp_new) by extensions ['colcon_meta']
[0.185s] Level 1:colcon.colcon_core.package_identification:_identify(src/cpp_new) by extension 'colcon_meta'
[0.185s] Level 1:colcon.colcon_core.package_identification:_identify(src/cpp_new) by extensions ['ros']
[0.185s] Level 1:colcon.colcon_core.package_identification:_identify(src/cpp_new) by extension 'ros'
[0.186s] DEBUG:colcon.colcon_core.package_identification:Package 'src/cpp_new' with type 'ros.ament_cmake' and name 'cpp_new'
[0.186s] Level 1:colcon.colcon_core.package_identification:_identify(src/customized_srv_msg) by extensions ['ignore', 'ignore_ament_install']
[0.186s] Level 1:colcon.colcon_core.package_identification:_identify(src/customized_srv_msg) by extension 'ignore'
[0.186s] Level 1:colcon.colcon_core.package_identification:_identify(src/customized_srv_msg) by extension 'ignore_ament_install'
[0.186s] Level 1:colcon.colcon_core.package_identification:_identify(src/customized_srv_msg) by extensions ['colcon_pkg']
[0.186s] Level 1:colcon.colcon_core.package_identification:_identify(src/customized_srv_msg) by extension 'colcon_pkg'
[0.186s] Level 1:colcon.colcon_core.package_identification:_identify(src/customized_srv_msg) by extensions ['colcon_meta']
[0.187s] Level 1:colcon.colcon_core.package_identification:_identify(src/customized_srv_msg) by extension 'colcon_meta'
[0.187s] Level 1:colcon.colcon_core.package_identification:_identify(src/customized_srv_msg) by extensions ['ros']
[0.187s] Level 1:colcon.colcon_core.package_identification:_identify(src/customized_srv_msg) by extension 'ros'
[0.187s] DEBUG:colcon.colcon_core.package_identification:Package 'src/customized_srv_msg' with type 'ros.ament_cmake' and name 'customized_srv_msg'
[0.187s] Level 1:colcon.colcon_core.package_identification:_identify(src/final_package) by extensions ['ignore', 'ignore_ament_install']
[0.187s] Level 1:colcon.colcon_core.package_identification:_identify(src/final_package) by extension 'ignore'
[0.187s] Level 1:colcon.colcon_core.package_identification:_identify(src/final_package) by extension 'ignore_ament_install'
[0.187s] Level 1:colcon.colcon_core.package_identification:_identify(src/final_package) by extensions ['colcon_pkg']
[0.188s] Level 1:colcon.colcon_core.package_identification:_identify(src/final_package) by extension 'colcon_pkg'
[0.188s] Level 1:colcon.colcon_core.package_identification:_identify(src/final_package) by extensions ['colcon_meta']
[0.188s] Level 1:colcon.colcon_core.package_identification:_identify(src/final_package) by extension 'colcon_meta'
[0.188s] Level 1:colcon.colcon_core.package_identification:_identify(src/final_package) by extensions ['ros']
[0.188s] Level 1:colcon.colcon_core.package_identification:_identify(src/final_package) by extension 'ros'
[0.188s] DEBUG:colcon.colcon_core.package_identification:Package 'src/final_package' with type 'ros.ament_cmake' and name 'final_package'
[0.189s] Level 1:colcon.colcon_core.package_identification:_identify(src/py_package) by extensions ['ignore', 'ignore_ament_install']
[0.189s] Level 1:colcon.colcon_core.package_identification:_identify(src/py_package) by extension 'ignore'
[0.189s] Level 1:colcon.colcon_core.package_identification:_identify(src/py_package) by extension 'ignore_ament_install'
[0.189s] Level 1:colcon.colcon_core.package_identification:_identify(src/py_package) by extensions ['colcon_pkg']
[0.189s] Level 1:colcon.colcon_core.package_identification:_identify(src/py_package) by extension 'colcon_pkg'
[0.189s] Level 1:colcon.colcon_core.package_identification:_identify(src/py_package) by extensions ['colcon_meta']
[0.189s] Level 1:colcon.colcon_core.package_identification:_identify(src/py_package) by extension 'colcon_meta'
[0.189s] Level 1:colcon.colcon_core.package_identification:_identify(src/py_package) by extensions ['ros']
[0.189s] Level 1:colcon.colcon_core.package_identification:_identify(src/py_package) by extension 'ros'
[0.189s] DEBUG:colcon.colcon_core.package_identification:Package 'src/py_package' with type 'ros.ament_python' and name 'py_package'
[0.190s] Level 1:colcon.colcon_core.package_identification:_identify(src/py_param) by extensions ['ignore', 'ignore_ament_install']
[0.190s] Level 1:colcon.colcon_core.package_identification:_identify(src/py_param) by extension 'ignore'
[0.190s] Level 1:colcon.colcon_core.package_identification:_identify(src/py_param) by extension 'ignore_ament_install'
[0.190s] Level 1:colcon.colcon_core.package_identification:_identify(src/py_param) by extensions ['colcon_pkg']
[0.190s] Level 1:colcon.colcon_core.package_identification:_identify(src/py_param) by extension 'colcon_pkg'
[0.190s] Level 1:colcon.colcon_core.package_identification:_identify(src/py_param) by extensions ['colcon_meta']
[0.190s] Level 1:colcon.colcon_core.package_identification:_identify(src/py_param) by extension 'colcon_meta'
[0.190s] Level 1:colcon.colcon_core.package_identification:_identify(src/py_param) by extensions ['ros']
[0.190s] Level 1:colcon.colcon_core.package_identification:_identify(src/py_param) by extension 'ros'
[0.191s] DEBUG:colcon.colcon_core.package_identification:Package 'src/py_param' with type 'ros.ament_python' and name 'py_param'
[0.191s] Level 1:colcon.colcon_core.package_identification:_identify(src/py_srvcli) by extensions ['ignore', 'ignore_ament_install']
[0.191s] Level 1:colcon.colcon_core.package_identification:_identify(src/py_srvcli) by extension 'ignore'
[0.191s] Level 1:colcon.colcon_core.package_identification:_identify(src/py_srvcli) by extension 'ignore_ament_install'
[0.191s] Level 1:colcon.colcon_core.package_identification:_identify(src/py_srvcli) by extensions ['colcon_pkg']
[0.191s] Level 1:colcon.colcon_core.package_identification:_identify(src/py_srvcli) by extension 'colcon_pkg'
[0.191s] Level 1:colcon.colcon_core.package_identification:_identify(src/py_srvcli) by extensions ['colcon_meta']
[0.191s] Level 1:colcon.colcon_core.package_identification:_identify(src/py_srvcli) by extension 'colcon_meta'
[0.191s] Level 1:colcon.colcon_core.package_identification:_identify(src/py_srvcli) by extensions ['ros']
[0.191s] Level 1:colcon.colcon_core.package_identification:_identify(src/py_srvcli) by extension 'ros'
[0.192s] DEBUG:colcon.colcon_core.package_identification:Package 'src/py_srvcli' with type 'ros.ament_python' and name 'py_srvcli'
[0.192s] Level 1:colcon.colcon_core.package_identification:_identify(src/srevices_exercise) by extensions ['ignore', 'ignore_ament_install']
[0.192s] Level 1:colcon.colcon_core.package_identification:_identify(src/srevices_exercise) by extension 'ignore'
[0.193s] Level 1:colcon.colcon_core.package_identification:_identify(src/srevices_exercise) by extension 'ignore_ament_install'
[0.193s] Level 1:colcon.colcon_core.package_identification:_identify(src/srevices_exercise) by extensions ['colcon_pkg']
[0.193s] Level 1:colcon.colcon_core.package_identification:_identify(src/srevices_exercise) by extension 'colcon_pkg'
[0.193s] Level 1:colcon.colcon_core.package_identification:_identify(src/srevices_exercise) by extensions ['colcon_meta']
[0.193s] Level 1:colcon.colcon_core.package_identification:_identify(src/srevices_exercise) by extension 'colcon_meta'
[0.193s] Level 1:colcon.colcon_core.package_identification:_identify(src/srevices_exercise) by extensions ['ros']
[0.193s] Level 1:colcon.colcon_core.package_identification:_identify(src/srevices_exercise) by extension 'ros'
[0.193s] DEBUG:colcon.colcon_core.package_identification:Package 'src/srevices_exercise' with type 'ros.ament_python' and name 'srevices_exercise'
[0.193s] Level 1:colcon.colcon_core.package_discovery:discover_packages(recursive) using defaults
[0.193s] Level 1:colcon.colcon_core.package_discovery:discover_packages(ignore) discover
[0.194s] Level 1:colcon.colcon_core.package_discovery:discover_packages(ignore) using defaults
[0.194s] Level 1:colcon.colcon_core.package_discovery:discover_packages(path) discover
[0.194s] Level 1:colcon.colcon_core.package_discovery:discover_packages(path) using defaults
[0.214s] INFO:colcon.colcon_core.package_selection:Skipping not selected package 'action_py' in 'src/action_py'
[0.214s] INFO:colcon.colcon_core.package_selection:Skipping not selected package 'controller_py' in 'src/controller_py'
[0.214s] INFO:colcon.colcon_core.package_selection:Skipping not selected package 'final_package' in 'src/final_package'
[0.214s] INFO:colcon.colcon_core.package_selection:Skipping not selected package 'py_package' in 'src/py_package'
[0.214s] INFO:colcon.colcon_core.package_selection:Skipping not selected package 'py_param' in 'src/py_param'
[0.214s] INFO:colcon.colcon_core.package_selection:Skipping not selected package 'py_srvcli' in 'src/py_srvcli'
[0.214s] INFO:colcon.colcon_core.package_selection:Skipping not selected package 'srevices_exercise' in 'src/srevices_exercise'
[0.214s] INFO:colcon.colcon_core.package_selection:Skipping not selected package 'cpp_new' in 'src/cpp_new'
[0.215s] Level 5:colcon.colcon_core.verb:set package 'customized_srv_msg' build argument 'cmake_args' from command line to 'None'
[0.215s] Level 5:colcon.colcon_core.verb:set package 'customized_srv_msg' build argument 'cmake_target' from command line to 'None'
[0.215s] Level 5:colcon.colcon_core.verb:set package 'customized_srv_msg' build argument 'cmake_target_skip_unavailable' from command line to 'False'
[0.215s] Level 5:colcon.colcon_core.verb:set package 'customized_srv_msg' build argument 'cmake_clean_cache' from command line to 'False'
[0.215s] Level 5:colcon.colcon_core.verb:set package 'customized_srv_msg' build argument 'cmake_clean_first' from command line to 'False'
[0.215s] Level 5:colcon.colcon_core.verb:set package 'customized_srv_msg' build argument 'cmake_force_configure' from command line to 'False'
[0.215s] Level 5:colcon.colcon_core.verb:set package 'customized_srv_msg' build argument 'ament_cmake_args' from command line to 'None'
[0.215s] Level 5:colcon.colcon_core.verb:set package 'customized_srv_msg' build argument 'catkin_cmake_args' from command line to 'None'
[0.215s] Level 5:colcon.colcon_core.verb:set package 'customized_srv_msg' build argument 'catkin_skip_building_tests' from command line to 'False'
[0.215s] DEBUG:colcon.colcon_core.verb:Building package 'customized_srv_msg' with the following arguments: {'ament_cmake_args': None, 'build_base': '/home/ghani/my_ws/build/customized_srv_msg', 'catkin_cmake_args': None, 'catkin_skip_building_tests': False, 'cmake_args': None, 'cmake_clean_cache': False, 'cmake_clean_first': False, 'cmake_force_configure': False, 'cmake_target': None, 'cmake_target_skip_unavailable': False, 'install_base': '/home/ghani/my_ws/install/customized_srv_msg', 'merge_install': False, 'path': '/home/ghani/my_ws/src/customized_srv_msg', 'symlink_install': False, 'test_result_base': None}
[0.218s] INFO:colcon.colcon_core.executor:Executing jobs using 'parallel' executor
[0.220s] DEBUG:colcon.colcon_parallel_executor.executor.parallel:run_until_complete
[0.220s] INFO:colcon.colcon_ros.task.ament_cmake.build:Building ROS package in '/home/ghani/my_ws/src/customized_srv_msg' with build type 'ament_cmake'
[0.221s] INFO:colcon.colcon_cmake.task.cmake.build:Building CMake package in '/home/ghani/my_ws/src/customized_srv_msg'
[0.225s] INFO:colcon.colcon_core.plugin_system:Skipping extension 'colcon_core.shell.bat': Not used on non-Windows systems
[0.225s] INFO:colcon.colcon_core.shell:Skip shell extension 'powershell' for command environment: Not usable outside of PowerShell
[0.226s] DEBUG:colcon.colcon_core.shell:Skip shell extension 'dsv' for command environment
[0.244s] DEBUG:colcon.colcon_core.event_handler.log_command:Invoking command in '/home/ghani/my_ws/build/customized_srv_msg': CMAKE_PREFIX_PATH=/opt/ros/galactic /usr/bin/cmake --build /home/ghani/my_ws/build/customized_srv_msg -- -j6 -l6
[0.524s] DEBUG:colcon.colcon_core.event_handler.log_command:Invoked command in '/home/ghani/my_ws/build/customized_srv_msg' returned '0': CMAKE_PREFIX_PATH=/opt/ros/galactic /usr/bin/cmake --build /home/ghani/my_ws/build/customized_srv_msg -- -j6 -l6
[0.717s] DEBUG:colcon.colcon_core.event_handler.log_command:Invoking command in '/home/ghani/my_ws/build/customized_srv_msg': CMAKE_PREFIX_PATH=/opt/ros/galactic /usr/bin/cmake --install /home/ghani/my_ws/build/customized_srv_msg
[0.776s] Level 1:colcon.colcon_core.environment:create_environment_scripts_only(customized_srv_msg)
[0.777s] DEBUG:colcon.colcon_core.event_handler.log_command:Invoked command in '/home/ghani/my_ws/build/customized_srv_msg' returned '0': CMAKE_PREFIX_PATH=/opt/ros/galactic /usr/bin/cmake --install /home/ghani/my_ws/build/customized_srv_msg
[0.781s] Level 1:colcon.colcon_core.environment:checking '/home/ghani/my_ws/install/customized_srv_msg' for CMake module files
[0.781s] Level 1:colcon.colcon_core.environment:checking '/home/ghani/my_ws/install/customized_srv_msg' for CMake config files
[0.782s] Level 1:colcon.colcon_core.shell:create_environment_hook('customized_srv_msg', 'cmake_prefix_path')
[0.783s] INFO:colcon.colcon_core.shell:Creating environment hook '/home/ghani/my_ws/install/customized_srv_msg/share/customized_srv_msg/hook/cmake_prefix_path.ps1'
[0.784s] INFO:colcon.colcon_core.shell:Creating environment descriptor '/home/ghani/my_ws/install/customized_srv_msg/share/customized_srv_msg/hook/cmake_prefix_path.dsv'
[0.785s] INFO:colcon.colcon_core.shell:Creating environment hook '/home/ghani/my_ws/install/customized_srv_msg/share/customized_srv_msg/hook/cmake_prefix_path.sh'
[0.786s] Level 1:colcon.colcon_core.environment:checking '/home/ghani/my_ws/install/customized_srv_msg/lib'
[0.786s] Level 1:colcon.colcon_core.shell:create_environment_hook('customized_srv_msg', 'ld_library_path_lib')
[0.787s] INFO:colcon.colcon_core.shell:Creating environment hook '/home/ghani/my_ws/install/customized_srv_msg/share/customized_srv_msg/hook/ld_library_path_lib.ps1'
[0.787s] INFO:colcon.colcon_core.shell:Creating environment descriptor '/home/ghani/my_ws/install/customized_srv_msg/share/customized_srv_msg/hook/ld_library_path_lib.dsv'
[0.788s] INFO:colcon.colcon_core.shell:Creating environment hook '/home/ghani/my_ws/install/customized_srv_msg/share/customized_srv_msg/hook/ld_library_path_lib.sh'
[0.788s] Level 1:colcon.colcon_core.environment:checking '/home/ghani/my_ws/install/customized_srv_msg/bin'
[0.788s] Level 1:colcon.colcon_core.environment:checking '/home/ghani/my_ws/install/customized_srv_msg/lib/pkgconfig/customized_srv_msg.pc'
[0.788s] Level 1:colcon.colcon_core.environment:checking '/home/ghani/my_ws/install/customized_srv_msg/lib/python3.8/site-packages'
[0.788s] Level 1:colcon.colcon_core.shell:create_environment_hook('customized_srv_msg', 'pythonpath')
[0.789s] INFO:colcon.colcon_core.shell:Creating environment hook '/home/ghani/my_ws/install/customized_srv_msg/share/customized_srv_msg/hook/pythonpath.ps1'
[0.790s] INFO:colcon.colcon_core.shell:Creating environment descriptor '/home/ghani/my_ws/install/customized_srv_msg/share/customized_srv_msg/hook/pythonpath.dsv'
[0.790s] INFO:colcon.colcon_core.shell:Creating environment hook '/home/ghani/my_ws/install/customized_srv_msg/share/customized_srv_msg/hook/pythonpath.sh'
[0.792s] INFO:colcon.colcon_core.shell:Creating package script '/home/ghani/my_ws/install/customized_srv_msg/share/customized_srv_msg/package.ps1'
[0.793s] INFO:colcon.colcon_core.shell:Creating package descriptor '/home/ghani/my_ws/install/customized_srv_msg/share/customized_srv_msg/package.dsv'
[0.794s] INFO:colcon.colcon_core.shell:Creating package script '/home/ghani/my_ws/install/customized_srv_msg/share/customized_srv_msg/package.sh'
[0.795s] INFO:colcon.colcon_core.shell:Creating package script '/home/ghani/my_ws/install/customized_srv_msg/share/customized_srv_msg/package.bash'
[0.796s] INFO:colcon.colcon_core.shell:Creating package script '/home/ghani/my_ws/install/customized_srv_msg/share/customized_srv_msg/package.zsh'
[0.797s] Level 1:colcon.colcon_core.environment:create_file_with_runtime_dependencies(/home/ghani/my_ws/install/customized_srv_msg/share/colcon-core/packages/customized_srv_msg)
[0.988s] Level 1:colcon.colcon_core.environment:create_environment_scripts_only(customized_srv_msg)
[0.988s] Level 1:colcon.colcon_core.environment:checking '/home/ghani/my_ws/install/customized_srv_msg' for CMake module files
[0.989s] Level 1:colcon.colcon_core.environment:checking '/home/ghani/my_ws/install/customized_srv_msg' for CMake config files
[0.989s] Level 1:colcon.colcon_core.shell:create_environment_hook('customized_srv_msg', 'cmake_prefix_path')
[0.990s] INFO:colcon.colcon_core.shell:Creating environment hook '/home/ghani/my_ws/install/customized_srv_msg/share/customized_srv_msg/hook/cmake_prefix_path.ps1'
[0.991s] INFO:colcon.colcon_core.shell:Creating environment descriptor '/home/ghani/my_ws/install/customized_srv_msg/share/customized_srv_msg/hook/cmake_prefix_path.dsv'
[0.991s] INFO:colcon.colcon_core.shell:Creating environment hook '/home/ghani/my_ws/install/customized_srv_msg/share/customized_srv_msg/hook/cmake_prefix_path.sh'
[0.992s] Level 1:colcon.colcon_core.environment:checking '/home/ghani/my_ws/install/customized_srv_msg/lib'
[0.992s] Level 1:colcon.colcon_core.shell:create_environment_hook('customized_srv_msg', 'ld_library_path_lib')
[0.993s] INFO:colcon.colcon_core.shell:Creating environment hook '/home/ghani/my_ws/install/customized_srv_msg/share/customized_srv_msg/hook/ld_library_path_lib.ps1'
[0.993s] INFO:colcon.colcon_core.shell:Creating environment descriptor '/home/ghani/my_ws/install/customized_srv_msg/share/customized_srv_msg/hook/ld_library_path_lib.dsv'
[0.994s] INFO:colcon.colcon_core.shell:Creating environment hook '/home/ghani/my_ws/install/customized_srv_msg/share/customized_srv_msg/hook/ld_library_path_lib.sh'
[0.995s] Level 1:colcon.colcon_core.environment:checking '/home/ghani/my_ws/install/customized_srv_msg/bin'
[0.995s] Level 1:colcon.colcon_core.environment:checking '/home/ghani/my_ws/install/customized_srv_msg/lib/pkgconfig/customized_srv_msg.pc'
[0.996s] Level 1:colcon.colcon_core.environment:checking '/home/ghani/my_ws/install/customized_srv_msg/lib/python3.8/site-packages'
[0.996s] Level 1:colcon.colcon_core.shell:create_environment_hook('customized_srv_msg', 'pythonpath')
[0.996s] INFO:colcon.colcon_core.shell:Creating environment hook '/home/ghani/my_ws/install/customized_srv_msg/share/customized_srv_msg/hook/pythonpath.ps1'
[0.997s] INFO:colcon.colcon_core.shell:Creating environment descriptor '/home/ghani/my_ws/install/customized_srv_msg/share/customized_srv_msg/hook/pythonpath.dsv'
[0.997s] INFO:colcon.colcon_core.shell:Creating environment hook '/home/ghani/my_ws/install/customized_srv_msg/share/customized_srv_msg/hook/pythonpath.sh'
[0.998s] INFO:colcon.colcon_core.shell:Creating package script '/home/ghani/my_ws/install/customized_srv_msg/share/customized_srv_msg/package.ps1'
[0.999s] INFO:colcon.colcon_core.shell:Creating package descriptor '/home/ghani/my_ws/install/customized_srv_msg/share/customized_srv_msg/package.dsv'
[1.000s] INFO:colcon.colcon_core.shell:Creating package script '/home/ghani/my_ws/install/customized_srv_msg/share/customized_srv_msg/package.sh'
[1.001s] INFO:colcon.colcon_core.shell:Creating package script '/home/ghani/my_ws/install/customized_srv_msg/share/customized_srv_msg/package.bash'
[1.001s] INFO:colcon.colcon_core.shell:Creating package script '/home/ghani/my_ws/install/customized_srv_msg/share/customized_srv_msg/package.zsh'
[1.002s] Level 1:colcon.colcon_core.environment:create_file_with_runtime_dependencies(/home/ghani/my_ws/install/customized_srv_msg/share/colcon-core/packages/customized_srv_msg)
[1.003s] DEBUG:colcon.colcon_parallel_executor.executor.parallel:closing loop
[1.003s] DEBUG:colcon.colcon_parallel_executor.executor.parallel:loop closed
[1.004s] DEBUG:colcon.colcon_parallel_executor.executor.parallel:run_until_complete finished with '0'
[1.004s] DEBUG:colcon.colcon_core.event_reactor:joining thread
[1.010s] INFO:colcon.colcon_core.plugin_system:Skipping extension 'colcon_notification.desktop_notification.terminal_notifier': Not used on non-Darwin systems
[1.010s] INFO:colcon.colcon_core.plugin_system:Skipping extension 'colcon_notification.desktop_notification.win32': Not used on non-Windows systems
[1.010s] INFO:colcon.colcon_notification.desktop_notification:Sending desktop notification using 'notify2'
[1.033s] DEBUG:colcon.colcon_core.event_reactor:joined thread
[1.034s] INFO:colcon.colcon_core.shell:Creating prefix script '/home/ghani/my_ws/install/local_setup.ps1'
[1.035s] INFO:colcon.colcon_core.shell:Creating prefix util module '/home/ghani/my_ws/install/_local_setup_util_ps1.py'
[1.037s] INFO:colcon.colcon_core.shell:Creating prefix chain script '/home/ghani/my_ws/install/setup.ps1'
[1.038s] INFO:colcon.colcon_core.shell:Creating prefix script '/home/ghani/my_ws/install/local_setup.sh'
[1.039s] INFO:colcon.colcon_core.shell:Creating prefix util module '/home/ghani/my_ws/install/_local_setup_util_sh.py'
[1.040s] INFO:colcon.colcon_core.shell:Creating prefix chain script '/home/ghani/my_ws/install/setup.sh'
[1.041s] INFO:colcon.colcon_core.shell:Creating prefix script '/home/ghani/my_ws/install/local_setup.bash'
[1.042s] INFO:colcon.colcon_core.shell:Creating prefix chain script '/home/ghani/my_ws/install/setup.bash'
[1.044s] INFO:colcon.colcon_core.shell:Creating prefix script '/home/ghani/my_ws/install/local_setup.zsh'
[1.045s] INFO:colcon.colcon_core.shell:Creating prefix chain script '/home/ghani/my_ws/install/setup.zsh'
