[0.029s] Invoking command in '/home/ghani/my_ws/build/cpp_package': CMAKE_PREFIX_PATH=/opt/ros/galactic /usr/bin/cmake --build /home/ghani/my_ws/build/cpp_package -- -j6 -l6
[0.072s] [35m[1mScanning dependencies of target talkercpp[0m
[0.098s] [ 50%] [32mBuilding CXX object CMakeFiles/talkercpp.dir/src/publisher_member_function.cpp.o[0m
[1.773s] [01m[K/home/ghani/my_ws/src/cpp_package/src/publisher_member_function.cpp:52:10:[m[K [01;31m[Kerror: [m[Kexpected ‘[01m[K;[m[K’ at end of member declaration
[1.773s]    52 |   size_t [01;31m[Kcount_cd[m[K ..;
[1.773s]       |          [01;31m[K^~~~~~~~[m[K
[1.773s]       |                  [32m[K;[m[K
[1.773s] [01m[K/home/ghani/my_ws/src/cpp_package/src/publisher_member_function.cpp:52:19:[m[K [01;31m[Kerror: [m[Kexpected unqualified-id before ‘[01m[K.[m[K’ token
[1.773s]    52 |   size_t count_cd [01;31m[K.[m[K.;
[1.773s]       |                   [01;31m[K^[m[K
[1.773s] [01m[K/home/ghani/my_ws/src/cpp_package/src/publisher_member_function.cpp:[m[K In constructor ‘[01m[KClassName2::ClassName2()[m[K’:
[1.773s] [01m[K/home/ghani/my_ws/src/cpp_package/src/publisher_member_function.cpp:34:23:[m[K [01;31m[Kerror: [m[Kclass ‘[01m[KClassName2[m[K’ does not have any field named ‘[01m[Kcount_[m[K’
[1.774s]    34 |   : Node("pub_node"), [01;31m[Kcount_[m[K(0)
[1.774s]       |                       [01;31m[K^~~~~~[m[K
[1.781s] [01m[K/home/ghani/my_ws/src/cpp_package/src/publisher_member_function.cpp:36:93:[m[K [01;31m[Kerror: [m[Kno match for ‘[01m[Koperator=[m[K’ (operand types are ‘[01m[Krclcpp::Publisher<std_msgs::msg::String_<std::allocator<void> > >::SharedPtr[m[K’ {aka ‘[01m[Kstd::shared_ptr<rclcpp::Publisher<std_msgs::msg::String_<std::allocator<void> > > >[m[K’} and ‘[01m[Kstd::shared_ptr<rclcpp::Publisher<geometry_msgs::msg::Twist_<std::allocator<void> >, std::allocator<void> > >[m[K’)
[1.781s]    36 | reate_publisher<geometry_msgs::msg::Twist>("turtle1/cmd_vel", 10[01;31m[K)[m[K;
[1.781s]       |                                                                 [01;31m[K^[m[K
[1.781s] 
[1.781s] In file included from [01m[K/usr/include/c++/9/memory:81[m[K,
[1.781s]                  from [01m[K/home/ghani/my_ws/src/cpp_package/src/publisher_member_function.cpp:17[m[K:
[1.781s] [01m[K/usr/include/c++/9/bits/shared_ptr.h:309:19:[m[K [01;36m[Knote: [m[Kcandidate: ‘[01m[Kstd::shared_ptr<_Tp>& std::shared_ptr<_Tp>::operator=(const std::shared_ptr<_Tp>&) [with _Tp = rclcpp::Publisher<std_msgs::msg::String_<std::allocator<void> > >][m[K’
[1.781s]   309 |       shared_ptr& [01;36m[Koperator[m[K=(const shared_ptr&) noexcept = default;
[1.781s]       |                   [01;36m[K^~~~~~~~[m[K
[1.781s] [01m[K/usr/include/c++/9/bits/shared_ptr.h:309:29:[m[K [01;36m[Knote: [m[K  no known conversion for argument 1 from ‘[01m[Kstd::shared_ptr<rclcpp::Publisher<geometry_msgs::msg::Twist_<std::allocator<void> >, std::allocator<void> > >[m[K’ to ‘[01m[Kconst std::shared_ptr<rclcpp::Publisher<std_msgs::msg::String_<std::allocator<void> > > >&[m[K’
[1.782s]   309 |       shared_ptr& operator=([01;36m[Kconst shared_ptr&[m[K) noexcept = default;
[1.782s]       |                             [01;36m[K^~~~~~~~~~~~~~~~~[m[K
[1.782s] [01m[K/usr/include/c++/9/bits/shared_ptr.h:313:2:[m[K [01;36m[Knote: [m[Kcandidate: ‘[01m[Ktemplate<class _Yp> std::shared_ptr<_Tp>::_Assignable<const std::shared_ptr<_Yp>&> std::shared_ptr<_Tp>::operator=(const std::shared_ptr<_Yp>&) [with _Yp = _Yp; _Tp = rclcpp::Publisher<std_msgs::msg::String_<std::allocator<void> > >][m[K’
[1.782s]   313 |  [01;36m[Koperator[m[K=(const shared_ptr<_Yp>& __r) noexcept
[1.782s]       |  [01;36m[K^~~~~~~~[m[K
[1.782s] [01m[K/usr/include/c++/9/bits/shared_ptr.h:313:2:[m[K [01;36m[Knote: [m[K  template argument deduction/substitution failed:
[1.782s] /usr/include/c++/9/bits/shared_ptr.h: In substitution of ‘[01m[Ktemplate<class _Tp> template<class _Arg> using _Assignable = typename std::enable_if<std::is_assignable<std::__shared_ptr<_Tp>&, _Arg>::value, std::shared_ptr<_Tp>&>::type [with _Arg = const std::shared_ptr<rclcpp::Publisher<geometry_msgs::msg::Twist_<std::allocator<void> >, std::allocator<void> > >&; _Tp = rclcpp::Publisher<std_msgs::msg::String_<std::allocator<void> > >][m[K’:
[1.782s] [01m[K/usr/include/c++/9/bits/shared_ptr.h:313:2:[m[K   required by substitution of ‘[01m[Ktemplate<class _Yp> std::shared_ptr<rclcpp::Publisher<std_msgs::msg::String_<std::allocator<void> > > >::_Assignable<const std::shared_ptr<_Tp>&> std::shared_ptr<rclcpp::Publisher<std_msgs::msg::String_<std::allocator<void> > > >::operator=<_Yp>(const std::shared_ptr<_Tp>&) [with _Yp = rclcpp::Publisher<geometry_msgs::msg::Twist_<std::allocator<void> >, std::allocator<void> >][m[K’
[1.782s] [01m[K/home/ghani/my_ws/src/cpp_package/src/publisher_member_function.cpp:36:93:[m[K   required from here
[1.782s] [01m[K/usr/include/c++/9/bits/shared_ptr.h:111:8:[m[K [01;31m[Kerror: [m[Kno type named ‘[01m[Ktype[m[K’ in ‘[01m[Kstruct std::enable_if<false, std::shared_ptr<rclcpp::Publisher<std_msgs::msg::String_<std::allocator<void> > > >&>[m[K’
[1.782s]   111 |  using [01;31m[K_Assignable[m[K = typename enable_if<
[1.782s]       |        [01;31m[K^~~~~~~~~~~[m[K
[1.782s] [01m[K/usr/include/c++/9/bits/shared_ptr.h:324:2:[m[K [01;36m[Knote: [m[Kcandidate: ‘[01m[Ktemplate<class _Yp> std::shared_ptr<_Tp>::_Assignable<std::auto_ptr<_Up> > std::shared_ptr<_Tp>::operator=(std::auto_ptr<_Up>&&) [with _Yp = _Yp; _Tp = rclcpp::Publisher<std_msgs::msg::String_<std::allocator<void> > >][m[K’
[1.782s]   324 |  [01;36m[Koperator[m[K=(auto_ptr<_Yp>&& __r)
[1.782s]       |  [01;36m[K^~~~~~~~[m[K
[1.782s] [01m[K/usr/include/c++/9/bits/shared_ptr.h:324:2:[m[K [01;36m[Knote: [m[K  template argument deduction/substitution failed:
[1.782s] [01m[K/home/ghani/my_ws/src/cpp_package/src/publisher_member_function.cpp:36:93:[m[K [01;36m[Knote: [m[K  ‘[01m[Kstd::shared_ptr<rclcpp::Publisher<geometry_msgs::msg::Twist_<std::allocator<void> >, std::allocator<void> > >[m[K’ is not derived from ‘[01m[Kstd::auto_ptr<_Up>[m[K’
[1.782s]    36 | reate_publisher<geometry_msgs::msg::Twist>("turtle1/cmd_vel", 10[01;36m[K)[m[K;
[1.782s]       |                                                                 [01;36m[K^[m[K
[1.783s] 
[1.783s] In file included from [01m[K/usr/include/c++/9/memory:81[m[K,
[1.783s]                  from [01m[K/home/ghani/my_ws/src/cpp_package/src/publisher_member_function.cpp:17[m[K:
[1.783s] [01m[K/usr/include/c++/9/bits/shared_ptr.h:333:7:[m[K [01;36m[Knote: [m[Kcandidate: ‘[01m[Kstd::shared_ptr<_Tp>& std::shared_ptr<_Tp>::operator=(std::shared_ptr<_Tp>&&) [with _Tp = rclcpp::Publisher<std_msgs::msg::String_<std::allocator<void> > >][m[K’
[1.783s]   333 |       [01;36m[Koperator[m[K=(shared_ptr&& __r) noexcept
[1.783s]       |       [01;36m[K^~~~~~~~[m[K
[1.783s] [01m[K/usr/include/c++/9/bits/shared_ptr.h:333:30:[m[K [01;36m[Knote: [m[K  no known conversion for argument 1 from ‘[01m[Kstd::shared_ptr<rclcpp::Publisher<geometry_msgs::msg::Twist_<std::allocator<void> >, std::allocator<void> > >[m[K’ to ‘[01m[Kstd::shared_ptr<rclcpp::Publisher<std_msgs::msg::String_<std::allocator<void> > > >&&[m[K’
[1.783s]   333 |       operator=([01;36m[Kshared_ptr&& __r[m[K) noexcept
[1.783s]       |                 [01;36m[K~~~~~~~~~~~~~^~~[m[K
[1.783s] [01m[K/usr/include/c++/9/bits/shared_ptr.h:341:2:[m[K [01;36m[Knote: [m[Kcandidate: ‘[01m[Ktemplate<class _Yp> std::shared_ptr<_Tp>::_Assignable<std::shared_ptr<_Yp> > std::shared_ptr<_Tp>::operator=(std::shared_ptr<_Yp>&&) [with _Yp = _Yp; _Tp = rclcpp::Publisher<std_msgs::msg::String_<std::allocator<void> > >][m[K’
[1.783s]   341 |  [01;36m[Koperator[m[K=(shared_ptr<_Yp>&& __r) noexcept
[1.783s]       |  [01;36m[K^~~~~~~~[m[K
[1.783s] [01m[K/usr/include/c++/9/bits/shared_ptr.h:341:2:[m[K [01;36m[Knote: [m[K  template argument deduction/substitution failed:
[1.783s] /usr/include/c++/9/bits/shared_ptr.h: In substitution of ‘[01m[Ktemplate<class _Tp> template<class _Arg> using _Assignable = typename std::enable_if<std::is_assignable<std::__shared_ptr<_Tp>&, _Arg>::value, std::shared_ptr<_Tp>&>::type [with _Arg = std::shared_ptr<rclcpp::Publisher<geometry_msgs::msg::Twist_<std::allocator<void> >, std::allocator<void> > >; _Tp = rclcpp::Publisher<std_msgs::msg::String_<std::allocator<void> > >][m[K’:
[1.783s] [01m[K/usr/include/c++/9/bits/shared_ptr.h:341:2:[m[K   required by substitution of ‘[01m[Ktemplate<class _Yp> std::shared_ptr<rclcpp::Publisher<std_msgs::msg::String_<std::allocator<void> > > >::_Assignable<std::shared_ptr<_Tp> > std::shared_ptr<rclcpp::Publisher<std_msgs::msg::String_<std::allocator<void> > > >::operator=<_Yp>(std::shared_ptr<_Tp>&&) [with _Yp = rclcpp::Publisher<geometry_msgs::msg::Twist_<std::allocator<void> >, std::allocator<void> >][m[K’
[1.783s] [01m[K/home/ghani/my_ws/src/cpp_package/src/publisher_member_function.cpp:36:93:[m[K   required from here
[1.783s] [01m[K/usr/include/c++/9/bits/shared_ptr.h:111:8:[m[K [01;31m[Kerror: [m[Kno type named ‘[01m[Ktype[m[K’ in ‘[01m[Kstruct std::enable_if<false, std::shared_ptr<rclcpp::Publisher<std_msgs::msg::String_<std::allocator<void> > > >&>[m[K’
[1.783s]   111 |  using [01;31m[K_Assignable[m[K = typename enable_if<
[1.783s]       |        [01;31m[K^~~~~~~~~~~[m[K
[1.783s] [01m[K/usr/include/c++/9/bits/shared_ptr.h:349:2:[m[K [01;36m[Knote: [m[Kcandidate: ‘[01m[Ktemplate<class _Yp, class _Del> std::shared_ptr<_Tp>::_Assignable<std::unique_ptr<_Up, _Ep> > std::shared_ptr<_Tp>::operator=(std::unique_ptr<_Up, _Ep>&&) [with _Yp = _Yp; _Del = _Del; _Tp = rclcpp::Publisher<std_msgs::msg::String_<std::allocator<void> > >][m[K’
[1.784s]   349 |  [01;36m[Koperator[m[K=(unique_ptr<_Yp, _Del>&& __r)
[1.784s]       |  [01;36m[K^~~~~~~~[m[K
[1.784s] [01m[K/usr/include/c++/9/bits/shared_ptr.h:349:2:[m[K [01;36m[Knote: [m[K  template argument deduction/substitution failed:
[1.784s] [01m[K/home/ghani/my_ws/src/cpp_package/src/publisher_member_function.cpp:36:93:[m[K [01;36m[Knote: [m[K  ‘[01m[Kstd::shared_ptr<rclcpp::Publisher<geometry_msgs::msg::Twist_<std::allocator<void> >, std::allocator<void> > >[m[K’ is not derived from ‘[01m[Kstd::unique_ptr<_Tp, _Dp>[m[K’
[1.784s]    36 | reate_publisher<geometry_msgs::msg::Twist>("turtle1/cmd_vel", 10[01;36m[K)[m[K;
[1.784s]       |                                                                 [01;36m[K^[m[K
[1.784s] 
[1.793s] [01m[K/home/ghani/my_ws/src/cpp_package/src/publisher_member_function.cpp:[m[K In member function ‘[01m[Kvoid ClassName2::timer_callback()[m[K’:
[1.793s] [01m[K/home/ghani/my_ws/src/cpp_package/src/publisher_member_function.cpp:47:5:[m[K [01;31m[Kerror: [m[K‘[01m[Kcout[m[K’ was not declared in this scope; did you mean ‘[01m[Kstd::cout[m[K’?
[1.793s]    47 |     [01;31m[Kcout[m[K<<"publishing"<< message.linear.x<<endl;
[1.793s]       |     [01;31m[K^~~~[m[K
[1.793s]       |     [32m[Kstd::cout[m[K
[1.793s] In file included from [01m[K/opt/ros/galactic/include/rclcpp/executor.hpp:22[m[K,
[1.793s]                  from [01m[K/opt/ros/galactic/include/rclcpp/executors/multi_threaded_executor.hpp:26[m[K,
[1.793s]                  from [01m[K/opt/ros/galactic/include/rclcpp/executors.hpp:21[m[K,
[1.793s]                  from [01m[K/opt/ros/galactic/include/rclcpp/rclcpp.hpp:156[m[K,
[1.794s]                  from [01m[K/home/ghani/my_ws/src/cpp_package/src/publisher_member_function.cpp:20[m[K:
[1.794s] [01m[K/usr/include/c++/9/iostream:61:18:[m[K [01;36m[Knote: [m[K‘[01m[Kstd::cout[m[K’ declared here
[1.794s]    61 |   extern ostream [01;36m[Kcout[m[K;  /// Linked to standard output
[1.794s]       |                  [01;36m[K^~~~[m[K
[1.794s] [01m[K/home/ghani/my_ws/src/cpp_package/src/publisher_member_function.cpp:47:44:[m[K [01;31m[Kerror: [m[K‘[01m[Kendl[m[K’ was not declared in this scope; did you mean ‘[01m[Kstd::endl[m[K’?
[1.794s]    47 |     cout<<"publishing"<< message.linear.x<<[01;31m[Kendl[m[K;
[1.794s]       |                                            [01;31m[K^~~~[m[K
[1.794s]       |                                            [32m[Kstd::endl[m[K
[1.794s] In file included from [01m[K/usr/include/c++/9/iostream:39[m[K,
[1.794s]                  from [01m[K/opt/ros/galactic/include/rclcpp/executor.hpp:22[m[K,
[1.794s]                  from [01m[K/opt/ros/galactic/include/rclcpp/executors/multi_threaded_executor.hpp:26[m[K,
[1.794s]                  from [01m[K/opt/ros/galactic/include/rclcpp/executors.hpp:21[m[K,
[1.794s]                  from [01m[K/opt/ros/galactic/include/rclcpp/rclcpp.hpp:156[m[K,
[1.794s]                  from [01m[K/home/ghani/my_ws/src/cpp_package/src/publisher_member_function.cpp:20[m[K:
[1.794s] [01m[K/usr/include/c++/9/ostream:599:5:[m[K [01;36m[Knote: [m[K‘[01m[Kstd::endl[m[K’ declared here
[1.794s]   599 |     [01;36m[Kendl[m[K(basic_ostream<_CharT, _Traits>& __os)
[1.794s]       |     [01;36m[K^~~~[m[K
[1.800s] [01m[K/home/ghani/my_ws/src/cpp_package/src/publisher_member_function.cpp:48:36:[m[K [01;31m[Kerror: [m[Kno matching function for call to ‘[01m[Krclcpp::Publisher<std_msgs::msg::String_<std::allocator<void> > >::publish(geometry_msgs::msg::Twist_<std::allocator<void> >&)[m[K’
[1.800s]    48 |     publishername_->publish(message[01;31m[K)[m[K;
[1.800s]       |                                    [01;31m[K^[m[K
[1.800s] In file included from [01m[K/opt/ros/galactic/include/rclcpp/topic_statistics/subscription_topic_statistics.hpp:31[m[K,
[1.800s]                  from [01m[K/opt/ros/galactic/include/rclcpp/subscription.hpp:50[m[K,
[1.801s]                  from [01m[K/opt/ros/galactic/include/rclcpp/any_executable.hpp:25[m[K,
[1.801s]                  from [01m[K/opt/ros/galactic/include/rclcpp/memory_strategy.hpp:25[m[K,
[1.801s]                  from [01m[K/opt/ros/galactic/include/rclcpp/memory_strategies.hpp:18[m[K,
[1.801s]                  from [01m[K/opt/ros/galactic/include/rclcpp/executor_options.hpp:20[m[K,
[1.801s]                  from [01m[K/opt/ros/galactic/include/rclcpp/executor.hpp:36[m[K,
[1.801s]                  from [01m[K/opt/ros/galactic/include/rclcpp/executors/multi_threaded_executor.hpp:26[m[K,
[1.801s]                  from [01m[K/opt/ros/galactic/include/rclcpp/executors.hpp:21[m[K,
[1.801s]                  from [01m[K/opt/ros/galactic/include/rclcpp/rclcpp.hpp:156[m[K,
[1.801s]                  from [01m[K/home/ghani/my_ws/src/cpp_package/src/publisher_member_function.cpp:20[m[K:
[1.801s] [01m[K/opt/ros/galactic/include/rclcpp/publisher.hpp:187:3:[m[K [01;36m[Knote: [m[Kcandidate: ‘[01m[Kvoid rclcpp::Publisher<MessageT, AllocatorT>::publish(std::unique_ptr<MessageT, typename std::conditional<std::is_same<typename std::allocator_traits<typename std::allocator_traits<_NodeAlloc>::rebind_traits<MessageT>::allocator_type>::rebind_alloc<MessageT>, typename std::allocator<void>::rebind<_Tp1>::other>::value, std::default_delete<_Tp>, rclcpp::allocator::AllocatorDeleter<typename std::allocator_traits<_NodeAlloc>::rebind_traits<MessageT>::allocator_type> >::type>) [with MessageT = std_msgs::msg::String_<std::allocator<void> >; AllocatorT = std::allocator<void>; typename std::conditional<std::is_same<typename std::allocator_traits<typename std::allocator_traits<_NodeAlloc>::rebind_traits<MessageT>::allocator_type>::rebind_alloc<MessageT>, typename std::allocator<void>::rebind<_Tp1>::other>::value, std::default_delete<_Tp>, rclcpp::allocator::AllocatorDeleter<typename std::allocator_traits<_NodeAlloc>::rebind_traits<MessageT>::allocator_type> >::type = std::default_delete<std_msgs::msg::String_<std::allocator<void> > >][m[K’
[1.801s]   187 |   [01;36m[Kpublish[m[K(std::unique_ptr<MessageT, MessageDeleter> msg)
[1.801s]       |   [01;36m[K^~~~~~~[m[K
[1.801s] [01m[K/opt/ros/galactic/include/rclcpp/publisher.hpp:187:53:[m[K [01;36m[Knote: [m[K  no known conversion for argument 1 from ‘[01m[Kgeometry_msgs::msg::Twist_<std::allocator<void> >[m[K’ to ‘[01m[Kstd::unique_ptr<std_msgs::msg::String_<std::allocator<void> >, std::default_delete<std_msgs::msg::String_<std::allocator<void> > > >[m[K’
[1.801s]   187 |   publish([01;36m[Kstd::unique_ptr<MessageT, MessageDeleter> msg[m[K)
[1.801s]       |           [01;36m[K~~~~~~~~~~~~~~~~~~~~~~~~~~~~~~~~~~~~~~~~~~^~~[m[K
[1.801s] [01m[K/opt/ros/galactic/include/rclcpp/publisher.hpp:211:3:[m[K [01;36m[Knote: [m[Kcandidate: ‘[01m[Kvoid rclcpp::Publisher<MessageT, AllocatorT>::publish(const MessageT&) [with MessageT = std_msgs::msg::String_<std::allocator<void> >; AllocatorT = std::allocator<void>][m[K’
[1.802s]   211 |   [01;36m[Kpublish[m[K(const MessageT & msg)
[1.802s]       |   [01;36m[K^~~~~~~[m[K
[1.802s] [01m[K/opt/ros/galactic/include/rclcpp/publisher.hpp:211:28:[m[K [01;36m[Knote: [m[K  no known conversion for argument 1 from ‘[01m[Kgeometry_msgs::msg::Twist_<std::allocator<void> >[m[K’ to ‘[01m[Kconst std_msgs::msg::String_<std::allocator<void> >&[m[K’
[1.802s]   211 |   publish([01;36m[Kconst MessageT & msg[m[K)
[1.802s]       |           [01;36m[K~~~~~~~~~~~~~~~~~^~~[m[K
[1.802s] [01m[K/opt/ros/galactic/include/rclcpp/publisher.hpp:228:3:[m[K [01;36m[Knote: [m[Kcandidate: ‘[01m[Kvoid rclcpp::Publisher<MessageT, AllocatorT>::publish(const rcl_serialized_message_t&) [with MessageT = std_msgs::msg::String_<std::allocator<void> >; AllocatorT = std::allocator<void>; rcl_serialized_message_t = rcutils_uint8_array_t][m[K’
[1.802s]   228 |   [01;36m[Kpublish[m[K(const rcl_serialized_message_t & serialized_msg)
[1.802s]       |   [01;36m[K^~~~~~~[m[K
[1.802s] [01m[K/opt/ros/galactic/include/rclcpp/publisher.hpp:228:44:[m[K [01;36m[Knote: [m[K  no known conversion for argument 1 from ‘[01m[Kgeometry_msgs::msg::Twist_<std::allocator<void> >[m[K’ to ‘[01m[Kconst rcl_serialized_message_t&[m[K’ {aka ‘[01m[Kconst rcutils_uint8_array_t&[m[K’}
[1.802s]   228 |   publish([01;36m[Kconst rcl_serialized_message_t & serialized_msg[m[K)
[1.802s]       |           [01;36m[K~~~~~~~~~~~~~~~~~~~~~~~~~~~~~~~~~^~~~~~~~~~~~~~[m[K
[1.802s] [01m[K/opt/ros/galactic/include/rclcpp/publisher.hpp:234:3:[m[K [01;36m[Knote: [m[Kcandidate: ‘[01m[Kvoid rclcpp::Publisher<MessageT, AllocatorT>::publish(const rclcpp::SerializedMessage&) [with MessageT = std_msgs::msg::String_<std::allocator<void> >; AllocatorT = std::allocator<void>][m[K’
[1.802s]   234 |   [01;36m[Kpublish[m[K(const SerializedMessage & serialized_msg)
[1.802s]       |   [01;36m[K^~~~~~~[m[K
[1.802s] [01m[K/opt/ros/galactic/include/rclcpp/publisher.hpp:234:37:[m[K [01;36m[Knote: [m[K  no known conversion for argument 1 from ‘[01m[Kgeometry_msgs::msg::Twist_<std::allocator<void> >[m[K’ to ‘[01m[Kconst rclcpp::SerializedMessage&[m[K’
[1.802s]   234 |   publish([01;36m[Kconst SerializedMessage & serialized_msg[m[K)
[1.802s]       |           [01;36m[K~~~~~~~~~~~~~~~~~~~~~~~~~~^~~~~~~~~~~~~~[m[K
[1.802s] [01m[K/opt/ros/galactic/include/rclcpp/publisher.hpp:248:3:[m[K [01;36m[Knote: [m[Kcandidate: ‘[01m[Kvoid rclcpp::Publisher<MessageT, AllocatorT>::publish(rclcpp::LoanedMessage<MessageT, AllocatorT>&&) [with MessageT = std_msgs::msg::String_<std::allocator<void> >; AllocatorT = std::allocator<void>][m[K’
[1.802s]   248 |   [01;36m[Kpublish[m[K(rclcpp::LoanedMessage<MessageT, AllocatorT> && loaned_msg)
[1.802s]       |   [01;36m[K^~~~~~~[m[K
[1.803s] [01m[K/opt/ros/galactic/include/rclcpp/publisher.hpp:248:58:[m[K [01;36m[Knote: [m[K  no known conversion for argument 1 from ‘[01m[Kgeometry_msgs::msg::Twist_<std::allocator<void> >[m[K’ to ‘[01m[Krclcpp::LoanedMessage<std_msgs::msg::String_<std::allocator<void> >, std::allocator<void> >&&[m[K’
[1.803s]   248 |   publish([01;36m[Krclcpp::LoanedMessage<MessageT, AllocatorT> && loaned_msg[m[K)
[1.803s]       |           [01;36m[K~~~~~~~~~~~~~~~~~~~~~~~~~~~~~~~~~~~~~~~~~~~~~~~^~~~~~~~~~[m[K
[2.710s] make[2]: *** [CMakeFiles/talkercpp.dir/build.make:63: CMakeFiles/talkercpp.dir/src/publisher_member_function.cpp.o] Error 1
[2.711s] make[1]: *** [CMakeFiles/Makefile2:78: CMakeFiles/talkercpp.dir/all] Error 2
[2.711s] make: *** [Makefile:141: all] Error 2
[2.713s] Invoked command in '/home/ghani/my_ws/build/cpp_package' returned '2': CMAKE_PREFIX_PATH=/opt/ros/galactic /usr/bin/cmake --build /home/ghani/my_ws/build/cpp_package -- -j6 -l6
