-- Found ament_cmake: 1.1.5 (/opt/ros/galactic/share/ament_cmake/cmake)
-- Using PYTHON_EXECUTABLE: /usr/bin/python3
-- Found rclcpp: 9.2.0 (/opt/ros/galactic/share/rclcpp/cmake)
-- Using all available rosidl_typesupport_c: rosidl_typesupport_fastrtps_c;rosidl_typesupport_introspection_c
-- Found rosidl_adapter: 2.2.1 (/opt/ros/galactic/share/rosidl_adapter/cmake)
-- Using all available rosidl_typesupport_cpp: rosidl_typesupport_fastrtps_cpp;rosidl_typesupport_introspection_cpp
-- Found rmw_implementation_cmake: 3.3.1 (/opt/ros/galactic/share/rmw_implementation_cmake/cmake)
-- Found rmw_cyclonedds_cpp: 0.22.4 (/opt/ros/galactic/share/rmw_cyclonedds_cpp/cmake)
-- Using RMW implementation 'rmw_cyclonedds_cpp' as default
-- Found ament_lint_auto: 0.10.6 (/opt/ros/galactic/share/ament_lint_auto/cmake)
-- Added test 'copyright' to check source files copyright and LICENSE
-- Added test 'cppcheck' to perform static code analysis on C / C++ code
-- Configured cppcheck include dirs: 
-- Configured cppcheck exclude dirs and/or files: 
-- Added test 'cpplint' to check C / C++ code against the Google style
-- Configured cpplint exclude dirs and/or files: 
-- Added test 'lint_cmake' to check CMake code style
-- Added test 'uncrustify' to check C / C++ code style
-- Configured uncrustify additional arguments: 
-- Added test 'xmllint' to check XML markup files
-- Configuring done
-- Generating done
-- Build files have been written to: /home/ghani/my_ws/build/cpp_package
[35m[1mScanning dependencies of target talkercpp[0m
[ 50%] [32mBuilding CXX object CMakeFiles/talkercpp.dir/src/publisher_member_function.cpp.o[0m
[100%] [32m[1mLinking CXX executable talkercpp[0m
[100%] Built target talkercpp
-- Install configuration: ""
-- Installing: /home/ghani/my_ws/install/cpp_package/lib/cpp_package/talkercpp
-- Set runtime path of "/home/ghani/my_ws/install/cpp_package/lib/cpp_package/talkercpp" to ""
-- Installing: /home/ghani/my_ws/install/cpp_package/share/ament_index/resource_index/package_run_dependencies/cpp_package
-- Installing: /home/ghani/my_ws/install/cpp_package/share/ament_index/resource_index/parent_prefix_path/cpp_package
-- Up-to-date: /home/ghani/my_ws/install/cpp_package/share/cpp_package/environment/ament_prefix_path.sh
-- Installing: /home/ghani/my_ws/install/cpp_package/share/cpp_package/environment/ament_prefix_path.dsv
-- Up-to-date: /home/ghani/my_ws/install/cpp_package/share/cpp_package/environment/path.sh
-- Installing: /home/ghani/my_ws/install/cpp_package/share/cpp_package/environment/path.dsv
-- Up-to-date: /home/ghani/my_ws/install/cpp_package/share/cpp_package/local_setup.bash
-- Up-to-date: /home/ghani/my_ws/install/cpp_package/share/cpp_package/local_setup.sh
-- Up-to-date: /home/ghani/my_ws/install/cpp_package/share/cpp_package/local_setup.zsh
-- Installing: /home/ghani/my_ws/install/cpp_package/share/cpp_package/local_setup.dsv
-- Installing: /home/ghani/my_ws/install/cpp_package/share/cpp_package/package.dsv
-- Up-to-date: /home/ghani/my_ws/install/cpp_package/share/ament_index/resource_index/packages/cpp_package
-- Up-to-date: /home/ghani/my_ws/install/cpp_package/share/cpp_package/cmake/cpp_packageConfig.cmake
-- Up-to-date: /home/ghani/my_ws/install/cpp_package/share/cpp_package/cmake/cpp_packageConfig-version.cmake
-- Installing: /home/ghani/my_ws/install/cpp_package/share/cpp_package/package.xml
