[0.961s] Invoking command in '/home/ghani/my_ws/src/py_package': PYTHONPATH=/home/ghani/my_ws/install/py_package/lib/python3.8/site-packages:${PYTHONPATH} /usr/bin/python3 setup.py egg_info --egg-base ../../build/py_package build --build-base /home/ghani/my_ws/build/py_package/build install --prefix /home/ghani/my_ws/install/py_package --record /home/ghani/my_ws/build/py_package/install.log --single-version-externally-managed
[1.140s] running egg_info
[1.140s] writing ../../build/py_package/py_package.egg-info/PKG-INFO
[1.154s] writing dependency_links to ../../build/py_package/py_package.egg-info/dependency_links.txt
[1.155s] writing entry points to ../../build/py_package/py_package.egg-info/entry_points.txt
[1.155s] writing requirements to ../../build/py_package/py_package.egg-info/requires.txt
[1.155s] writing top-level names to ../../build/py_package/py_package.egg-info/top_level.txt
[1.199s] reading manifest file '../../build/py_package/py_package.egg-info/SOURCES.txt'
[1.201s] writing manifest file '../../build/py_package/py_package.egg-info/SOURCES.txt'
[1.201s] running build
[1.201s] running build_py
[1.203s] copying py_package/controller.py -> /home/ghani/my_ws/build/py_package/build/lib/py_package
[1.205s] running install
[1.205s] running install_lib
[1.207s] copying /home/ghani/my_ws/build/py_package/build/lib/py_package/controller.py -> /home/ghani/my_ws/install/py_package/lib/python3.8/site-packages/py_package
[1.208s] byte-compiling /home/ghani/my_ws/install/py_package/lib/python3.8/site-packages/py_package/controller.py to controller.cpython-38.pyc
[1.211s] running install_data
[1.213s] running install_egg_info
[1.215s] removing '/home/ghani/my_ws/install/py_package/lib/python3.8/site-packages/py_package-0.0.0-py3.8.egg-info' (and everything under it)
[1.217s] Copying ../../build/py_package/py_package.egg-info to /home/ghani/my_ws/install/py_package/lib/python3.8/site-packages/py_package-0.0.0-py3.8.egg-info
[1.218s] running install_scripts
[1.234s] Installing LISTNER script to /home/ghani/my_ws/install/py_package/lib/py_package
[1.235s] Installing controller script to /home/ghani/my_ws/install/py_package/lib/py_package
[1.236s] Installing talker script to /home/ghani/my_ws/install/py_package/lib/py_package
[1.236s] writing list of installed files to '/home/ghani/my_ws/build/py_package/install.log'
[1.263s] Invoked command in '/home/ghani/my_ws/src/py_package' returned '0': PYTHONPATH=/home/ghani/my_ws/install/py_package/lib/python3.8/site-packages:${PYTHONPATH} /usr/bin/python3 setup.py egg_info --egg-base ../../build/py_package build --build-base /home/ghani/my_ws/build/py_package/build install --prefix /home/ghani/my_ws/install/py_package --record /home/ghani/my_ws/build/py_package/install.log --single-version-externally-managed
