[0.592s] Invoking command in '/home/ghani/my_ws/src/py_package': PYTHONPATH=/home/ghani/my_ws/install/py_package/lib/python3.8/site-packages:${PYTHONPATH} /usr/bin/python3 setup.py egg_info --egg-base ../../build/py_package build --build-base /home/ghani/my_ws/build/py_package/build install --prefix /home/ghani/my_ws/install/py_package --record /home/ghani/my_ws/build/py_package/install.log --single-version-externally-managed
[0.770s] running egg_info
[0.770s] writing ../../build/py_package/py_package.egg-info/PKG-INFO
[0.771s] writing dependency_links to ../../build/py_package/py_package.egg-info/dependency_links.txt
[0.771s] writing entry points to ../../build/py_package/py_package.egg-info/entry_points.txt
[0.772s] writing requirements to ../../build/py_package/py_package.egg-info/requires.txt
[0.772s] writing top-level names to ../../build/py_package/py_package.egg-info/top_level.txt
[0.803s] reading manifest file '../../build/py_package/py_package.egg-info/SOURCES.txt'
[0.804s] writing manifest file '../../build/py_package/py_package.egg-info/SOURCES.txt'
[0.804s] running build
[0.805s] running build_py
[0.805s] copying py_package/publisher.py -> /home/ghani/my_ws/build/py_package/build/lib/py_package
[0.805s] copying py_package/controller.py -> /home/ghani/my_ws/build/py_package/build/lib/py_package
[0.805s] running install
[0.805s] running install_lib
[0.807s] copying /home/ghani/my_ws/build/py_package/build/lib/py_package/publisher.py -> /home/ghani/my_ws/install/py_package/lib/python3.8/site-packages/py_package
[0.807s] copying /home/ghani/my_ws/build/py_package/build/lib/py_package/controller.py -> /home/ghani/my_ws/install/py_package/lib/python3.8/site-packages/py_package
[0.807s] byte-compiling /home/ghani/my_ws/install/py_package/lib/python3.8/site-packages/py_package/publisher.py to publisher.cpython-38.pyc
[0.809s] byte-compiling /home/ghani/my_ws/install/py_package/lib/python3.8/site-packages/py_package/controller.py to controller.cpython-38.pyc
[0.809s] Sorry: TabError: inconsistent use of tabs and spaces in indentation (controller.py, line 22)
[0.810s] running install_data
[0.810s] copying package.xml -> /home/ghani/my_ws/install/py_package/share/py_package
[0.810s] running install_egg_info
[0.811s] removing '/home/ghani/my_ws/install/py_package/lib/python3.8/site-packages/py_package-0.0.0-py3.8.egg-info' (and everything under it)
[0.811s] Copying ../../build/py_package/py_package.egg-info to /home/ghani/my_ws/install/py_package/lib/python3.8/site-packages/py_package-0.0.0-py3.8.egg-info
[0.812s] running install_scripts
[0.828s] Installing LISTNER script to /home/ghani/my_ws/install/py_package/lib/py_package
[0.829s] Installing controller script to /home/ghani/my_ws/install/py_package/lib/py_package
[0.829s] Installing talker script to /home/ghani/my_ws/install/py_package/lib/py_package
[0.830s] writing list of installed files to '/home/ghani/my_ws/build/py_package/install.log'
[0.856s] Invoked command in '/home/ghani/my_ws/src/py_package' returned '0': PYTHONPATH=/home/ghani/my_ws/install/py_package/lib/python3.8/site-packages:${PYTHONPATH} /usr/bin/python3 setup.py egg_info --egg-base ../../build/py_package build --build-base /home/ghani/my_ws/build/py_package/build install --prefix /home/ghani/my_ws/install/py_package --record /home/ghani/my_ws/build/py_package/install.log --single-version-externally-managed
