[0.022s] Invoking command in '/home/ghani/my_ws/build/cpp_new': CMAKE_PREFIX_PATH=/opt/ros/galactic /usr/bin/cmake --build /home/ghani/my_ws/build/cpp_new -- -j6 -l6
[0.044s] -- Found ament_cmake: 1.1.5 (/opt/ros/galactic/share/ament_cmake/cmake)
[0.062s] -- Using PYTHON_EXECUTABLE: /usr/bin/python3
[0.120s] -- Found rclcpp: 9.2.0 (/opt/ros/galactic/share/rclcpp/cmake)
[0.152s] -- Using all available rosidl_typesupport_c: rosidl_typesupport_fastrtps_c;rosidl_typesupport_introspection_c
[0.155s] -- Found rosidl_adapter: 2.2.1 (/opt/ros/galactic/share/rosidl_adapter/cmake)
[0.264s] -- Using all available rosidl_typesupport_cpp: rosidl_typesupport_fastrtps_cpp;rosidl_typesupport_introspection_cpp
[0.315s] -- Found rmw_implementation_cmake: 3.3.1 (/opt/ros/galactic/share/rmw_implementation_cmake/cmake)
[0.317s] -- Found rmw_cyclonedds_cpp: 0.22.4 (/opt/ros/galactic/share/rmw_cyclonedds_cpp/cmake)
[0.335s] -- Using RMW implementation 'rmw_cyclonedds_cpp' as default
[0.465s] -- Found ament_lint_auto: 0.10.6 (/opt/ros/galactic/share/ament_lint_auto/cmake)
[0.520s] -- Added test 'copyright' to check source files copyright and LICENSE
[0.521s] -- Added test 'cppcheck' to perform static code analysis on C / C++ code
[0.522s] -- Configured cppcheck include dirs: 
[0.522s] -- Configured cppcheck exclude dirs and/or files: 
[0.522s] -- Added test 'cpplint' to check C / C++ code against the Google style
[0.523s] -- Configured cpplint exclude dirs and/or files: 
[0.523s] -- Added test 'lint_cmake' to check CMake code style
[0.523s] -- Added test 'uncrustify' to check C / C++ code style
[0.523s] -- Configured uncrustify additional arguments: 
[0.524s] -- Added test 'xmllint' to check XML markup files
[0.526s] -- Configuring done
[0.535s] -- Generating done
[0.538s] -- Build files have been written to: /home/ghani/my_ws/build/cpp_new
[0.566s] [35m[1mScanning dependencies of target talker[0m
[0.860s] [ 50%] [32mBuilding CXX object CMakeFiles/talker.dir/src/publisher.cpp.o[0m
[6.047s] [100%] [32m[1mLinking CXX executable talker[0m
[6.263s] [100%] Built target talker
[6.275s] Invoked command in '/home/ghani/my_ws/build/cpp_new' returned '0': CMAKE_PREFIX_PATH=/opt/ros/galactic /usr/bin/cmake --build /home/ghani/my_ws/build/cpp_new -- -j6 -l6
[6.326s] Invoking command in '/home/ghani/my_ws/build/cpp_new': CMAKE_PREFIX_PATH=/opt/ros/galactic /usr/bin/cmake --install /home/ghani/my_ws/build/cpp_new
[6.335s] -- Install configuration: ""
[6.335s] -- Installing: /home/ghani/my_ws/install/cpp_new/lib/cpp_new/talker
[6.336s] -- Set runtime path of "/home/ghani/my_ws/install/cpp_new/lib/cpp_new/talker" to ""
[6.336s] -- Installing: /home/ghani/my_ws/install/cpp_new/share/ament_index/resource_index/package_run_dependencies/cpp_new
[6.336s] -- Installing: /home/ghani/my_ws/install/cpp_new/share/ament_index/resource_index/parent_prefix_path/cpp_new
[6.336s] -- Up-to-date: /home/ghani/my_ws/install/cpp_new/share/cpp_new/environment/ament_prefix_path.sh
[6.336s] -- Installing: /home/ghani/my_ws/install/cpp_new/share/cpp_new/environment/ament_prefix_path.dsv
[6.337s] -- Up-to-date: /home/ghani/my_ws/install/cpp_new/share/cpp_new/environment/path.sh
[6.337s] -- Installing: /home/ghani/my_ws/install/cpp_new/share/cpp_new/environment/path.dsv
[6.337s] -- Up-to-date: /home/ghani/my_ws/install/cpp_new/share/cpp_new/local_setup.bash
[6.337s] -- Up-to-date: /home/ghani/my_ws/install/cpp_new/share/cpp_new/local_setup.sh
[6.337s] -- Up-to-date: /home/ghani/my_ws/install/cpp_new/share/cpp_new/local_setup.zsh
[6.337s] -- Installing: /home/ghani/my_ws/install/cpp_new/share/cpp_new/local_setup.dsv
[6.337s] -- Installing: /home/ghani/my_ws/install/cpp_new/share/cpp_new/package.dsv
[6.337s] -- Up-to-date: /home/ghani/my_ws/install/cpp_new/share/ament_index/resource_index/packages/cpp_new
[6.337s] -- Up-to-date: /home/ghani/my_ws/install/cpp_new/share/cpp_new/cmake/cpp_newConfig.cmake
[6.338s] -- Up-to-date: /home/ghani/my_ws/install/cpp_new/share/cpp_new/cmake/cpp_newConfig-version.cmake
[6.338s] -- Installing: /home/ghani/my_ws/install/cpp_new/share/cpp_new/package.xml
[6.341s] Invoked command in '/home/ghani/my_ws/build/cpp_new' returned '0': CMAKE_PREFIX_PATH=/opt/ros/galactic /usr/bin/cmake --install /home/ghani/my_ws/build/cpp_new
