[1.501s] Invoking command in '/home/ghani/my_ws/src/py_package': PYTHONPATH=/home/ghani/my_ws/install/py_package/lib/python3.8/site-packages:${PYTHONPATH} /usr/bin/python3 setup.py egg_info --egg-base ../../build/py_package build --build-base /home/ghani/my_ws/build/py_package/build install --prefix /home/ghani/my_ws/install/py_package --record /home/ghani/my_ws/build/py_package/install.log --single-version-externally-managed
[1.908s] running egg_info
[1.910s] writing ../../build/py_package/py_package.egg-info/PKG-INFO
[1.912s] writing dependency_links to ../../build/py_package/py_package.egg-info/dependency_links.txt
[1.913s] writing entry points to ../../build/py_package/py_package.egg-info/entry_points.txt
[1.915s] writing requirements to ../../build/py_package/py_package.egg-info/requires.txt
[1.916s] writing top-level names to ../../build/py_package/py_package.egg-info/top_level.txt
[2.012s] reading manifest file '../../build/py_package/py_package.egg-info/SOURCES.txt'
[2.014s] writing manifest file '../../build/py_package/py_package.egg-info/SOURCES.txt'
[2.014s] running build
[2.014s] running build_py
[2.015s] running install
[2.018s] running install_lib
[2.022s] running install_data
[2.023s] running install_egg_info
[2.029s] removing '/home/ghani/my_ws/install/py_package/lib/python3.8/site-packages/py_package-0.0.0-py3.8.egg-info' (and everything under it)
[2.030s] Copying ../../build/py_package/py_package.egg-info to /home/ghani/my_ws/install/py_package/lib/python3.8/site-packages/py_package-0.0.0-py3.8.egg-info
[2.031s] running install_scripts
[2.075s] writing list of installed files to '/home/ghani/my_ws/build/py_package/install.log'
[2.133s] Invoked command in '/home/ghani/my_ws/src/py_package' returned '0': PYTHONPATH=/home/ghani/my_ws/install/py_package/lib/python3.8/site-packages:${PYTHONPATH} /usr/bin/python3 setup.py egg_info --egg-base ../../build/py_package build --build-base /home/ghani/my_ws/build/py_package/build install --prefix /home/ghani/my_ws/install/py_package --record /home/ghani/my_ws/build/py_package/install.log --single-version-externally-managed
